#
# There is insufficient memory for the Java Runtime Environment to continue.
# Native memory allocation (malloc) failed to allocate 32744 bytes for Chunk::new
# Possible reasons:
#   The system is out of physical RAM or swap space
#   The process is running with CompressedOops enabled, and the Java Heap may be blocking the growth of the native heap
# Possible solutions:
#   Reduce memory load on the system
#   Increase physical memory or swap space
#   Check if swap backing store is full
#   Decrease Java heap size (-Xmx/-Xms)
#   Decrease number of Java threads
#   Decrease Java thread stack sizes (-Xss)
#   Set larger code cache with -XX:ReservedCodeCacheSize=
#   JVM is running with Unscaled Compressed Oops mode in which the Java heap is
#     placed in the first 4GB address space. The Java Heap base address is the
#     maximum limit for the native heap growth. Please use -XX:HeapBaseMinAddress
#     to set the Java Heap base and to place the Java Heap above 4GB virtual address.
# This output file may be truncated or incomplete.
#
#  Out of Memory Error (arena.cpp:184), pid=20948, tid=27804
#
# JRE version: Java(TM) SE Runtime Environment (18.0.2.1+1) (build 18.0.2.1+1-1)
# Java VM: Java HotSpot(TM) 64-Bit Server VM (18.0.2.1+1-1, mixed mode, sharing, tiered, compressed oops, compressed class ptrs, g1 gc, windows-amd64)
# No core dump will be written. Minidumps are not enabled by default on client versions of Windows
#

---------------  S U M M A R Y ------------

Command Line: -XX:MaxMetaspaceSize=512m --add-opens=java.base/java.util=ALL-UNNAMED --add-opens=java.base/java.lang=ALL-UNNAMED --add-opens=java.base/java.lang.invoke=ALL-UNNAMED --add-opens=java.prefs/java.util.prefs=ALL-UNNAMED --add-opens=java.base/java.nio.charset=ALL-UNNAMED --add-opens=java.base/java.net=ALL-UNNAMED --add-opens=java.base/java.util.concurrent.atomic=ALL-UNNAMED -Xmx2048m -Dfile.encoding=UTF-8 -Duser.country=US -Duser.language=en -Duser.variant org.gradle.launcher.daemon.bootstrap.GradleDaemon 8.0.1

Host: Intel(R) Core(TM) i7-10750H CPU @ 2.60GHz, 12 cores, 7G,  Windows 11 , 64 bit Build 22621 (10.0.22621.2428)
Time: Mon Oct 23 11:03:39 2023 SE Asia Standard Time elapsed time: 2.382815 seconds (0d 0h 0m 2s)

---------------  T H R E A D  ---------------

Current thread (0x000001d45b920b60):  JavaThread "C2 CompilerThread0" daemon [_thread_in_native, id=27804, stack(0x00000060bbf00000,0x00000060bc000000)]


Current CompileTask:
C2:   2382 2309   !   4       java.lang.ClassLoader::loadClass (121 bytes)

Stack: [0x00000060bbf00000,0x00000060bc000000]
Native frames: (J=compiled Java code, j=interpreted, Vv=VM code, C=native code)
V  [jvm.dll+0x6993aa]
V  [jvm.dll+0x7f46dd]
V  [jvm.dll+0x7f5fee]
V  [jvm.dll+0x7f66a3]
V  [jvm.dll+0x25cf1f]
V  [jvm.dll+0xb8c2f]
V  [jvm.dll+0xb8fa5]
V  [jvm.dll+0x626220]
V  [jvm.dll+0x62c1b7]
V  [jvm.dll+0x62d112]
V  [jvm.dll+0x62b594]
V  [jvm.dll+0x22ff78]
V  [jvm.dll+0x22f4d1]
V  [jvm.dll+0x1ba01c]
V  [jvm.dll+0x23ee0a]
V  [jvm.dll+0x23d0f5]
V  [jvm.dll+0x7a6dd1]
V  [jvm.dll+0x7a120a]
V  [jvm.dll+0x698255]
C  [ucrtbase.dll+0x29363]
C  [KERNEL32.DLL+0x1257d]
C  [ntdll.dll+0x5aa78]


---------------  P R O C E S S  ---------------

Threads class SMR info:
_java_thread_list=0x000001d4613beed0, length=25, elements={
0x000001d43d268030, 0x000001d45b903420, 0x000001d45b904080, 0x000001d45b918ca0,
0x000001d45b919640, 0x000001d45b919fe0, 0x000001d45b91c990, 0x000001d45b920b60,
0x000001d45b92bb70, 0x000001d45b930570, 0x000001d45fcbcfd0, 0x000001d45fcc02f0,
0x000001d460fb6c70, 0x000001d460ea6a50, 0x000001d4616ac040, 0x000001d4613c45e0,
0x000001d460c50c90, 0x000001d460e93200, 0x000001d4613903a0, 0x000001d461391aa0,
0x000001d46178ee80, 0x000001d46178f350, 0x000001d4617901c0, 0x000001d461790690,
0x000001d46178ccd0
}

Java Threads: ( => current thread )
  0x000001d43d268030 JavaThread "main" [_thread_blocked, id=11908, stack(0x00000060bb200000,0x00000060bb300000)]
  0x000001d45b903420 JavaThread "Reference Handler" daemon [_thread_blocked, id=27284, stack(0x00000060bb900000,0x00000060bba00000)]
  0x000001d45b904080 JavaThread "Finalizer" daemon [_thread_blocked, id=27012, stack(0x00000060bba00000,0x00000060bbb00000)]
  0x000001d45b918ca0 JavaThread "Signal Dispatcher" daemon [_thread_blocked, id=27488, stack(0x00000060bbb00000,0x00000060bbc00000)]
  0x000001d45b919640 JavaThread "Attach Listener" daemon [_thread_blocked, id=25316, stack(0x00000060bbc00000,0x00000060bbd00000)]
  0x000001d45b919fe0 JavaThread "Service Thread" daemon [_thread_blocked, id=15928, stack(0x00000060bbd00000,0x00000060bbe00000)]
  0x000001d45b91c990 JavaThread "Monitor Deflation Thread" daemon [_thread_blocked, id=20352, stack(0x00000060bbe00000,0x00000060bbf00000)]
=>0x000001d45b920b60 JavaThread "C2 CompilerThread0" daemon [_thread_in_native, id=27804, stack(0x00000060bbf00000,0x00000060bc000000)]
  0x000001d45b92bb70 JavaThread "C1 CompilerThread0" daemon [_thread_blocked, id=24876, stack(0x00000060bc000000,0x00000060bc100000)]
  0x000001d45b930570 JavaThread "Sweeper thread" daemon [_thread_blocked, id=26560, stack(0x00000060bc100000,0x00000060bc200000)]
  0x000001d45fcbcfd0 JavaThread "Common-Cleaner" daemon [_thread_blocked, id=26056, stack(0x00000060bc200000,0x00000060bc300000)]
  0x000001d45fcc02f0 JavaThread "Notification Thread" daemon [_thread_blocked, id=28344, stack(0x00000060bc300000,0x00000060bc400000)]
  0x000001d460fb6c70 JavaThread "Daemon health stats" [_thread_blocked, id=22060, stack(0x00000060bc900000,0x00000060bca00000)]
  0x000001d460ea6a50 JavaThread "Incoming local TCP Connector on port 50302" [_thread_in_native, id=25532, stack(0x00000060bca00000,0x00000060bcb00000)]
  0x000001d4616ac040 JavaThread "Daemon periodic checks" [_thread_blocked, id=27404, stack(0x00000060bcb00000,0x00000060bcc00000)]
  0x000001d4613c45e0 JavaThread "Daemon" [_thread_blocked, id=3484, stack(0x00000060bcc00000,0x00000060bcd00000)]
  0x000001d460c50c90 JavaThread "Handler for socket connection from /127.0.0.1:50302 to /127.0.0.1:50303" [_thread_in_native, id=27992, stack(0x00000060bcd00000,0x00000060bce00000)]
  0x000001d460e93200 JavaThread "Cancel handler" [_thread_blocked, id=3868, stack(0x00000060bce00000,0x00000060bcf00000)]
  0x000001d4613903a0 JavaThread "Daemon worker" [_thread_in_vm, id=25480, stack(0x00000060bcf00000,0x00000060bd000000)]
  0x000001d461391aa0 JavaThread "Asynchronous log dispatcher for DefaultDaemonConnection: socket connection from /127.0.0.1:50302 to /127.0.0.1:50303" [_thread_blocked, id=26732, stack(0x00000060bd000000,0x00000060bd100000)]
  0x000001d46178ee80 JavaThread "Stdin handler" [_thread_blocked, id=20552, stack(0x00000060bd100000,0x00000060bd200000)]
  0x000001d46178f350 JavaThread "Daemon client event forwarder" [_thread_blocked, id=5532, stack(0x00000060bd200000,0x00000060bd300000)]
  0x000001d4617901c0 JavaThread "Cache worker for journal cache (C:\Users\LENOVO ideapadGAMING\.gradle\caches\journal-1)" [_thread_blocked, id=27732, stack(0x00000060bd300000,0x00000060bd400000)]
  0x000001d461790690 JavaThread "File lock request listener" [_thread_in_native, id=26848, stack(0x00000060bd400000,0x00000060bd500000)]
  0x000001d46178ccd0 JavaThread "Cache worker for file hash cache (C:\Users\LENOVO ideapadGAMING\.gradle\caches\8.0.1\fileHashes)" [_thread_blocked, id=23036, stack(0x00000060bd500000,0x00000060bd600000)]

Other Threads:
  0x000001d43d2f1950 VMThread "VM Thread" [stack: 0x00000060bb800000,0x00000060bb900000] [id=28112]
  0x000001d45fccfc00 WatcherThread "VM Periodic Task Thread" [stack: 0x00000060bc400000,0x00000060bc500000] [id=24244]
  0x000001d43d2c7790 WorkerThread "GC Thread#0" [stack: 0x00000060bb300000,0x00000060bb400000] [id=24000]
  0x000001d4605c3ea0 WorkerThread "GC Thread#1" [stack: 0x00000060bc500000,0x00000060bc600000] [id=10656]
  0x000001d4605b02e0 WorkerThread "GC Thread#2" [stack: 0x00000060bc600000,0x00000060bc700000] [id=23760]
  0x000001d460614960 WorkerThread "GC Thread#3" [stack: 0x00000060bc700000,0x00000060bc800000] [id=3564]
  0x000001d460644c30 WorkerThread "GC Thread#4" [stack: 0x00000060bc800000,0x00000060bc900000] [id=1992]
  0x000001d43d2d96d0 ConcurrentGCThread "G1 Main Marker" [stack: 0x00000060bb400000,0x00000060bb500000] [id=24720]
  0x000001d43d2da860 WorkerThread "G1 Conc#0" [stack: 0x00000060bb500000,0x00000060bb600000] [id=28500]
  0x000001d43d31e5e0 ConcurrentGCThread "G1 Refine#0" [stack: 0x00000060bb600000,0x00000060bb700000] [id=26540]
  0x000001d45b7b5120 ConcurrentGCThread "G1 Service" [stack: 0x00000060bb700000,0x00000060bb800000] [id=18656]

Threads with active compile tasks:
C2 CompilerThread0     2418 2309   !   4       java.lang.ClassLoader::loadClass (121 bytes)
C1 CompilerThread0     2418 2412   !   3       org.gradle.internal.service.MethodHandleBasedServiceMethodFactory::toServiceMethod (51 bytes)

VM state: not at safepoint (normal execution)

VM Mutex/Monitor currently owned by a thread: None

Heap address: 0x0000000080000000, size: 2048 MB, Compressed Oops mode: 32-bit

CDS archive(s) mapped at: [0x0000000800000000-0x0000000800ba0000-0x0000000800ba0000), size 12189696, SharedBaseAddress: 0x0000000800000000, ArchiveRelocationMode: 0.
Compressed class space mapped at: 0x0000000800c00000-0x000000081a800000, reserved size: 432013312
Narrow klass base: 0x0000000800000000, Narrow klass shift: 0, Narrow klass range: 0x100000000

GC Precious Log:
 CardTable entry size: 512
 Card Set container configuration: InlinePtr #cards 5 size 8 Array Of Cards #cards 12 size 40 Howl #buckets 4 coarsen threshold 1843 Howl Bitmap #cards 512 size 80 coarsen threshold 460 Card regions per heap region 1 cards per card region 2048
 CPUs: 12 total, 12 available
 Memory: 8060M
 Large Page Support: Disabled
 NUMA Support: Disabled
 Compressed Oops: Enabled (32-bit)
 Heap Region Size: 1M
 Heap Min Capacity: 8M
 Heap Initial Capacity: 126M
 Heap Max Capacity: 2G
 Pre-touch: Disabled
 Parallel Workers: 10
 Concurrent Workers: 3
 Concurrent Refinement Workers: 10
 Periodic GC: Disabled

Heap:
 garbage-first heap   total 129024K, used 75712K [0x0000000080000000, 0x0000000100000000)
  region size 1024K, 65 young (66560K), 4 survivors (4096K)
 Metaspace       used 15540K, committed 16064K, reserved 487424K
  class space    used 2182K, committed 2432K, reserved 421888K

Heap Regions: E=young(eden), S=young(survivor), O=old, HS=humongous(starts), HC=humongous(continues), CS=collection set, F=free, OA=open archive, CA=closed archive, TAMS=top-at-mark-start (previous, next)
|   0|0x0000000080000000, 0x0000000080100000, 0x0000000080100000|100%|HS|  |TAMS 0x0000000080000000, 0x0000000080000000| Complete 
|   1|0x0000000080100000, 0x0000000080200000, 0x0000000080200000|100%|HC|  |TAMS 0x0000000080100000, 0x0000000080100000| Complete 
|   2|0x0000000080200000, 0x0000000080300000, 0x0000000080300000|100%|HC|  |TAMS 0x0000000080200000, 0x0000000080200000| Complete 
|   3|0x0000000080300000, 0x0000000080400000, 0x0000000080400000|100%|HC|  |TAMS 0x0000000080300000, 0x0000000080300000| Complete 
|   4|0x0000000080400000, 0x0000000080500000, 0x0000000080500000|100%| O|  |TAMS 0x0000000080400000, 0x0000000080400000| Untracked 
|   5|0x0000000080500000, 0x0000000080600000, 0x0000000080600000|100%| O|  |TAMS 0x0000000080500000, 0x0000000080500000| Untracked 
|   6|0x0000000080600000, 0x0000000080700000, 0x0000000080700000|100%| O|  |TAMS 0x0000000080600000, 0x0000000080600000| Untracked 
|   7|0x0000000080700000, 0x0000000080800000, 0x0000000080800000|100%| O|  |TAMS 0x0000000080700000, 0x0000000080700000| Untracked 
|   8|0x0000000080800000, 0x0000000080800000, 0x0000000080900000|  0%| F|  |TAMS 0x0000000080800000, 0x0000000080800000| Untracked 
|   9|0x0000000080900000, 0x0000000080a00000, 0x0000000080a00000|100%| O|  |TAMS 0x0000000080900000, 0x0000000080900000| Untracked 
|  10|0x0000000080a00000, 0x0000000080b00000, 0x0000000080b00000|100%| O|  |TAMS 0x0000000080a00000, 0x0000000080a00000| Untracked 
|  11|0x0000000080b00000, 0x0000000080b3b800, 0x0000000080c00000| 23%| O|  |TAMS 0x0000000080b00000, 0x0000000080b00000| Untracked 
|  12|0x0000000080c00000, 0x0000000080c00000, 0x0000000080d00000|  0%| F|  |TAMS 0x0000000080c00000, 0x0000000080c00000| Untracked 
|  13|0x0000000080d00000, 0x0000000080d00000, 0x0000000080e00000|  0%| F|  |TAMS 0x0000000080d00000, 0x0000000080d00000| Untracked 
|  14|0x0000000080e00000, 0x0000000080e00000, 0x0000000080f00000|  0%| F|  |TAMS 0x0000000080e00000, 0x0000000080e00000| Untracked 
|  15|0x0000000080f00000, 0x0000000080f00000, 0x0000000081000000|  0%| F|  |TAMS 0x0000000080f00000, 0x0000000080f00000| Untracked 
|  16|0x0000000081000000, 0x0000000081000000, 0x0000000081100000|  0%| F|  |TAMS 0x0000000081000000, 0x0000000081000000| Untracked 
|  17|0x0000000081100000, 0x0000000081100000, 0x0000000081200000|  0%| F|  |TAMS 0x0000000081100000, 0x0000000081100000| Untracked 
|  18|0x0000000081200000, 0x0000000081200000, 0x0000000081300000|  0%| F|  |TAMS 0x0000000081200000, 0x0000000081200000| Untracked 
|  19|0x0000000081300000, 0x0000000081300000, 0x0000000081400000|  0%| F|  |TAMS 0x0000000081300000, 0x0000000081300000| Untracked 
|  20|0x0000000081400000, 0x0000000081400000, 0x0000000081500000|  0%| F|  |TAMS 0x0000000081400000, 0x0000000081400000| Untracked 
|  21|0x0000000081500000, 0x0000000081500000, 0x0000000081600000|  0%| F|  |TAMS 0x0000000081500000, 0x0000000081500000| Untracked 
|  22|0x0000000081600000, 0x0000000081600000, 0x0000000081700000|  0%| F|  |TAMS 0x0000000081600000, 0x0000000081600000| Untracked 
|  23|0x0000000081700000, 0x0000000081700000, 0x0000000081800000|  0%| F|  |TAMS 0x0000000081700000, 0x0000000081700000| Untracked 
|  24|0x0000000081800000, 0x0000000081800000, 0x0000000081900000|  0%| F|  |TAMS 0x0000000081800000, 0x0000000081800000| Untracked 
|  25|0x0000000081900000, 0x0000000081900000, 0x0000000081a00000|  0%| F|  |TAMS 0x0000000081900000, 0x0000000081900000| Untracked 
|  26|0x0000000081a00000, 0x0000000081a00000, 0x0000000081b00000|  0%| F|  |TAMS 0x0000000081a00000, 0x0000000081a00000| Untracked 
|  27|0x0000000081b00000, 0x0000000081b00000, 0x0000000081c00000|  0%| F|  |TAMS 0x0000000081b00000, 0x0000000081b00000| Untracked 
|  28|0x0000000081c00000, 0x0000000081c00000, 0x0000000081d00000|  0%| F|  |TAMS 0x0000000081c00000, 0x0000000081c00000| Untracked 
|  29|0x0000000081d00000, 0x0000000081d00000, 0x0000000081e00000|  0%| F|  |TAMS 0x0000000081d00000, 0x0000000081d00000| Untracked 
|  30|0x0000000081e00000, 0x0000000081e00000, 0x0000000081f00000|  0%| F|  |TAMS 0x0000000081e00000, 0x0000000081e00000| Untracked 
|  31|0x0000000081f00000, 0x0000000081f00000, 0x0000000082000000|  0%| F|  |TAMS 0x0000000081f00000, 0x0000000081f00000| Untracked 
|  32|0x0000000082000000, 0x0000000082000000, 0x0000000082100000|  0%| F|  |TAMS 0x0000000082000000, 0x0000000082000000| Untracked 
|  33|0x0000000082100000, 0x0000000082100000, 0x0000000082200000|  0%| F|  |TAMS 0x0000000082100000, 0x0000000082100000| Untracked 
|  34|0x0000000082200000, 0x0000000082200000, 0x0000000082300000|  0%| F|  |TAMS 0x0000000082200000, 0x0000000082200000| Untracked 
|  35|0x0000000082300000, 0x0000000082300000, 0x0000000082400000|  0%| F|  |TAMS 0x0000000082300000, 0x0000000082300000| Untracked 
|  36|0x0000000082400000, 0x0000000082400000, 0x0000000082500000|  0%| F|  |TAMS 0x0000000082400000, 0x0000000082400000| Untracked 
|  37|0x0000000082500000, 0x0000000082500000, 0x0000000082600000|  0%| F|  |TAMS 0x0000000082500000, 0x0000000082500000| Untracked 
|  38|0x0000000082600000, 0x0000000082600000, 0x0000000082700000|  0%| F|  |TAMS 0x0000000082600000, 0x0000000082600000| Untracked 
|  39|0x0000000082700000, 0x0000000082700000, 0x0000000082800000|  0%| F|  |TAMS 0x0000000082700000, 0x0000000082700000| Untracked 
|  40|0x0000000082800000, 0x0000000082800000, 0x0000000082900000|  0%| F|  |TAMS 0x0000000082800000, 0x0000000082800000| Untracked 
|  41|0x0000000082900000, 0x0000000082900000, 0x0000000082a00000|  0%| F|  |TAMS 0x0000000082900000, 0x0000000082900000| Untracked 
|  42|0x0000000082a00000, 0x0000000082a00000, 0x0000000082b00000|  0%| F|  |TAMS 0x0000000082a00000, 0x0000000082a00000| Untracked 
|  43|0x0000000082b00000, 0x0000000082b00000, 0x0000000082c00000|  0%| F|  |TAMS 0x0000000082b00000, 0x0000000082b00000| Untracked 
|  44|0x0000000082c00000, 0x0000000082c00000, 0x0000000082d00000|  0%| F|  |TAMS 0x0000000082c00000, 0x0000000082c00000| Untracked 
|  45|0x0000000082d00000, 0x0000000082d00000, 0x0000000082e00000|  0%| F|  |TAMS 0x0000000082d00000, 0x0000000082d00000| Untracked 
|  46|0x0000000082e00000, 0x0000000082e00000, 0x0000000082f00000|  0%| F|  |TAMS 0x0000000082e00000, 0x0000000082e00000| Untracked 
|  47|0x0000000082f00000, 0x0000000082f00000, 0x0000000083000000|  0%| F|  |TAMS 0x0000000082f00000, 0x0000000082f00000| Untracked 
|  48|0x0000000083000000, 0x0000000083000000, 0x0000000083100000|  0%| F|  |TAMS 0x0000000083000000, 0x0000000083000000| Untracked 
|  49|0x0000000083100000, 0x0000000083100000, 0x0000000083200000|  0%| F|  |TAMS 0x0000000083100000, 0x0000000083100000| Untracked 
|  50|0x0000000083200000, 0x0000000083200000, 0x0000000083300000|  0%| F|  |TAMS 0x0000000083200000, 0x0000000083200000| Untracked 
|  51|0x0000000083300000, 0x0000000083300000, 0x0000000083400000|  0%| F|  |TAMS 0x0000000083300000, 0x0000000083300000| Untracked 
|  52|0x0000000083400000, 0x0000000083400000, 0x0000000083500000|  0%| F|  |TAMS 0x0000000083400000, 0x0000000083400000| Untracked 
|  53|0x0000000083500000, 0x0000000083500000, 0x0000000083600000|  0%| F|  |TAMS 0x0000000083500000, 0x0000000083500000| Untracked 
|  54|0x0000000083600000, 0x0000000083600000, 0x0000000083700000|  0%| F|  |TAMS 0x0000000083600000, 0x0000000083600000| Untracked 
|  55|0x0000000083700000, 0x0000000083700000, 0x0000000083800000|  0%| F|  |TAMS 0x0000000083700000, 0x0000000083700000| Untracked 
|  56|0x0000000083800000, 0x0000000083800000, 0x0000000083900000|  0%| F|  |TAMS 0x0000000083800000, 0x0000000083800000| Untracked 
|  57|0x0000000083900000, 0x0000000083900000, 0x0000000083a00000|  0%| F|  |TAMS 0x0000000083900000, 0x0000000083900000| Untracked 
|  58|0x0000000083a00000, 0x0000000083a00000, 0x0000000083b00000|  0%| F|  |TAMS 0x0000000083a00000, 0x0000000083a00000| Untracked 
|  59|0x0000000083b00000, 0x0000000083b00000, 0x0000000083c00000|  0%| F|  |TAMS 0x0000000083b00000, 0x0000000083b00000| Untracked 
|  60|0x0000000083c00000, 0x0000000083c14108, 0x0000000083d00000|  7%| E|  |TAMS 0x0000000083c00000, 0x0000000083c00000| Complete 
|  61|0x0000000083d00000, 0x0000000083e00000, 0x0000000083e00000|100%| E|CS|TAMS 0x0000000083d00000, 0x0000000083d00000| Complete 
|  62|0x0000000083e00000, 0x0000000083f00000, 0x0000000083f00000|100%| E|CS|TAMS 0x0000000083e00000, 0x0000000083e00000| Complete 
|  63|0x0000000083f00000, 0x0000000084000000, 0x0000000084000000|100%| E|CS|TAMS 0x0000000083f00000, 0x0000000083f00000| Complete 
|  64|0x0000000084000000, 0x0000000084100000, 0x0000000084100000|100%| E|CS|TAMS 0x0000000084000000, 0x0000000084000000| Complete 
|  65|0x0000000084100000, 0x0000000084200000, 0x0000000084200000|100%| E|CS|TAMS 0x0000000084100000, 0x0000000084100000| Complete 
|  66|0x0000000084200000, 0x0000000084300000, 0x0000000084300000|100%| E|CS|TAMS 0x0000000084200000, 0x0000000084200000| Complete 
|  67|0x0000000084300000, 0x0000000084400000, 0x0000000084400000|100%| E|CS|TAMS 0x0000000084300000, 0x0000000084300000| Complete 
|  68|0x0000000084400000, 0x0000000084500000, 0x0000000084500000|100%| E|CS|TAMS 0x0000000084400000, 0x0000000084400000| Complete 
|  69|0x0000000084500000, 0x0000000084600000, 0x0000000084600000|100%| E|CS|TAMS 0x0000000084500000, 0x0000000084500000| Complete 
|  70|0x0000000084600000, 0x0000000084700000, 0x0000000084700000|100%| E|CS|TAMS 0x0000000084600000, 0x0000000084600000| Complete 
|  71|0x0000000084700000, 0x0000000084800000, 0x0000000084800000|100%| E|CS|TAMS 0x0000000084700000, 0x0000000084700000| Complete 
|  72|0x0000000084800000, 0x0000000084900000, 0x0000000084900000|100%| E|CS|TAMS 0x0000000084800000, 0x0000000084800000| Complete 
|  73|0x0000000084900000, 0x0000000084a00000, 0x0000000084a00000|100%| E|CS|TAMS 0x0000000084900000, 0x0000000084900000| Complete 
|  74|0x0000000084a00000, 0x0000000084b00000, 0x0000000084b00000|100%| E|CS|TAMS 0x0000000084a00000, 0x0000000084a00000| Complete 
|  75|0x0000000084b00000, 0x0000000084c00000, 0x0000000084c00000|100%| E|CS|TAMS 0x0000000084b00000, 0x0000000084b00000| Complete 
|  76|0x0000000084c00000, 0x0000000084d00000, 0x0000000084d00000|100%| E|CS|TAMS 0x0000000084c00000, 0x0000000084c00000| Complete 
|  77|0x0000000084d00000, 0x0000000084e00000, 0x0000000084e00000|100%| E|CS|TAMS 0x0000000084d00000, 0x0000000084d00000| Complete 
|  78|0x0000000084e00000, 0x0000000084f00000, 0x0000000084f00000|100%| E|CS|TAMS 0x0000000084e00000, 0x0000000084e00000| Complete 
|  79|0x0000000084f00000, 0x0000000085000000, 0x0000000085000000|100%| E|CS|TAMS 0x0000000084f00000, 0x0000000084f00000| Complete 
|  80|0x0000000085000000, 0x0000000085100000, 0x0000000085100000|100%| E|CS|TAMS 0x0000000085000000, 0x0000000085000000| Complete 
|  81|0x0000000085100000, 0x0000000085200000, 0x0000000085200000|100%| E|CS|TAMS 0x0000000085100000, 0x0000000085100000| Complete 
|  82|0x0000000085200000, 0x0000000085300000, 0x0000000085300000|100%| E|CS|TAMS 0x0000000085200000, 0x0000000085200000| Complete 
|  83|0x0000000085300000, 0x0000000085400000, 0x0000000085400000|100%| E|CS|TAMS 0x0000000085300000, 0x0000000085300000| Complete 
|  84|0x0000000085400000, 0x0000000085500000, 0x0000000085500000|100%| E|CS|TAMS 0x0000000085400000, 0x0000000085400000| Complete 
|  85|0x0000000085500000, 0x0000000085600000, 0x0000000085600000|100%| E|CS|TAMS 0x0000000085500000, 0x0000000085500000| Complete 
|  86|0x0000000085600000, 0x0000000085700000, 0x0000000085700000|100%| E|CS|TAMS 0x0000000085600000, 0x0000000085600000| Complete 
|  87|0x0000000085700000, 0x0000000085800000, 0x0000000085800000|100%| E|CS|TAMS 0x0000000085700000, 0x0000000085700000| Complete 
|  88|0x0000000085800000, 0x0000000085900000, 0x0000000085900000|100%| E|CS|TAMS 0x0000000085800000, 0x0000000085800000| Complete 
|  89|0x0000000085900000, 0x0000000085a00000, 0x0000000085a00000|100%| E|CS|TAMS 0x0000000085900000, 0x0000000085900000| Complete 
|  90|0x0000000085a00000, 0x0000000085ab4a78, 0x0000000085b00000| 70%| S|CS|TAMS 0x0000000085a00000, 0x0000000085a00000| Complete 
|  91|0x0000000085b00000, 0x0000000085c00000, 0x0000000085c00000|100%| S|CS|TAMS 0x0000000085b00000, 0x0000000085b00000| Complete 
|  92|0x0000000085c00000, 0x0000000085d00000, 0x0000000085d00000|100%| S|CS|TAMS 0x0000000085c00000, 0x0000000085c00000| Complete 
|  93|0x0000000085d00000, 0x0000000085e00000, 0x0000000085e00000|100%| S|CS|TAMS 0x0000000085d00000, 0x0000000085d00000| Complete 
|  94|0x0000000085e00000, 0x0000000085f00000, 0x0000000085f00000|100%| E|CS|TAMS 0x0000000085e00000, 0x0000000085e00000| Complete 
|  95|0x0000000085f00000, 0x0000000086000000, 0x0000000086000000|100%| E|CS|TAMS 0x0000000085f00000, 0x0000000085f00000| Complete 
|  96|0x0000000086000000, 0x0000000086100000, 0x0000000086100000|100%| E|CS|TAMS 0x0000000086000000, 0x0000000086000000| Complete 
|  97|0x0000000086100000, 0x0000000086200000, 0x0000000086200000|100%| E|CS|TAMS 0x0000000086100000, 0x0000000086100000| Complete 
|  98|0x0000000086200000, 0x0000000086300000, 0x0000000086300000|100%| E|CS|TAMS 0x0000000086200000, 0x0000000086200000| Complete 
|  99|0x0000000086300000, 0x0000000086400000, 0x0000000086400000|100%| E|CS|TAMS 0x0000000086300000, 0x0000000086300000| Complete 
| 100|0x0000000086400000, 0x0000000086500000, 0x0000000086500000|100%| E|CS|TAMS 0x0000000086400000, 0x0000000086400000| Complete 
| 101|0x0000000086500000, 0x0000000086600000, 0x0000000086600000|100%| E|CS|TAMS 0x0000000086500000, 0x0000000086500000| Complete 
| 102|0x0000000086600000, 0x0000000086700000, 0x0000000086700000|100%| E|CS|TAMS 0x0000000086600000, 0x0000000086600000| Complete 
| 103|0x0000000086700000, 0x0000000086800000, 0x0000000086800000|100%| E|CS|TAMS 0x0000000086700000, 0x0000000086700000| Complete 
| 104|0x0000000086800000, 0x0000000086900000, 0x0000000086900000|100%| E|CS|TAMS 0x0000000086800000, 0x0000000086800000| Complete 
| 105|0x0000000086900000, 0x0000000086a00000, 0x0000000086a00000|100%| E|CS|TAMS 0x0000000086900000, 0x0000000086900000| Complete 
| 106|0x0000000086a00000, 0x0000000086b00000, 0x0000000086b00000|100%| E|CS|TAMS 0x0000000086a00000, 0x0000000086a00000| Complete 
| 107|0x0000000086b00000, 0x0000000086c00000, 0x0000000086c00000|100%| E|CS|TAMS 0x0000000086b00000, 0x0000000086b00000| Complete 
| 108|0x0000000086c00000, 0x0000000086d00000, 0x0000000086d00000|100%| E|CS|TAMS 0x0000000086c00000, 0x0000000086c00000| Complete 
| 109|0x0000000086d00000, 0x0000000086e00000, 0x0000000086e00000|100%| E|CS|TAMS 0x0000000086d00000, 0x0000000086d00000| Complete 
| 110|0x0000000086e00000, 0x0000000086f00000, 0x0000000086f00000|100%| E|CS|TAMS 0x0000000086e00000, 0x0000000086e00000| Complete 
| 111|0x0000000086f00000, 0x0000000087000000, 0x0000000087000000|100%| E|CS|TAMS 0x0000000086f00000, 0x0000000086f00000| Complete 
| 112|0x0000000087000000, 0x0000000087100000, 0x0000000087100000|100%| E|CS|TAMS 0x0000000087000000, 0x0000000087000000| Complete 
| 113|0x0000000087100000, 0x0000000087200000, 0x0000000087200000|100%| E|CS|TAMS 0x0000000087100000, 0x0000000087100000| Complete 
| 114|0x0000000087200000, 0x0000000087300000, 0x0000000087300000|100%| E|CS|TAMS 0x0000000087200000, 0x0000000087200000| Complete 
| 115|0x0000000087300000, 0x0000000087400000, 0x0000000087400000|100%| E|CS|TAMS 0x0000000087300000, 0x0000000087300000| Complete 
| 116|0x0000000087400000, 0x0000000087500000, 0x0000000087500000|100%| E|CS|TAMS 0x0000000087400000, 0x0000000087400000| Complete 
| 117|0x0000000087500000, 0x0000000087600000, 0x0000000087600000|100%| E|CS|TAMS 0x0000000087500000, 0x0000000087500000| Complete 
| 118|0x0000000087600000, 0x0000000087700000, 0x0000000087700000|100%| E|CS|TAMS 0x0000000087600000, 0x0000000087600000| Complete 
| 119|0x0000000087700000, 0x0000000087800000, 0x0000000087800000|100%| E|CS|TAMS 0x0000000087700000, 0x0000000087700000| Complete 
| 120|0x0000000087800000, 0x0000000087900000, 0x0000000087900000|100%| E|CS|TAMS 0x0000000087800000, 0x0000000087800000| Complete 
| 121|0x0000000087900000, 0x0000000087a00000, 0x0000000087a00000|100%| E|CS|TAMS 0x0000000087900000, 0x0000000087900000| Complete 
| 122|0x0000000087a00000, 0x0000000087b00000, 0x0000000087b00000|100%| E|CS|TAMS 0x0000000087a00000, 0x0000000087a00000| Complete 
| 123|0x0000000087b00000, 0x0000000087c00000, 0x0000000087c00000|100%| E|CS|TAMS 0x0000000087b00000, 0x0000000087b00000| Complete 
| 124|0x0000000087c00000, 0x0000000087d00000, 0x0000000087d00000|100%| E|CS|TAMS 0x0000000087c00000, 0x0000000087c00000| Complete 
| 125|0x0000000087d00000, 0x0000000087e00000, 0x0000000087e00000|100%| E|CS|TAMS 0x0000000087d00000, 0x0000000087d00000| Complete 

Card table byte_map: [0x000001d4544e0000,0x000001d4548e0000] _byte_map_base: 0x000001d4540e0000

Marking Bits (Prev, Next): (CMBitMap*) 0x000001d43d2c7d90, (CMBitMap*) 0x000001d43d2c7dd0
 Prev Bits: [0x000001d454ce0000, 0x000001d456ce0000)
 Next Bits: [0x000001d456ce0000, 0x000001d458ce0000)

Polling page: 0x000001d43b030000

Metaspace:

Usage:
  Non-class:     13.08 MB used.
      Class:      2.13 MB used.
       Both:     15.21 MB used.

Virtual space:
  Non-class space:       64.00 MB reserved,      13.31 MB ( 21%) committed,  1 nodes.
      Class space:      412.00 MB reserved,       2.38 MB ( <1%) committed,  1 nodes.
             Both:      476.00 MB reserved,      15.69 MB (  3%) committed. 

Chunk freelists:
   Non-Class:  1.75 MB
       Class:  1.58 MB
        Both:  3.33 MB

MaxMetaspaceSize: 512.00 MB
CompressedClassSpaceSize: 412.00 MB
Initial GC threshold: 21.00 MB
Current GC threshold: 21.00 MB
CDS: on
MetaspaceReclaimPolicy: balanced
 - commit_granule_bytes: 65536.
 - commit_granule_words: 8192.
 - virtual_space_node_default_size: 8388608.
 - enlarge_chunks_in_place: 1.
 - new_chunks_are_fully_committed: 0.
 - uncommit_free_chunks: 1.
 - use_allocation_guard: 0.


Internal statistics:

num_allocs_failed_limit: 0.
num_arena_births: 684.
num_arena_deaths: 0.
num_vsnodes_births: 2.
num_vsnodes_deaths: 0.
num_space_committed: 251.
num_space_uncommitted: 0.
num_chunks_returned_to_freelist: 0.
num_chunks_taken_from_freelist: 1268.
num_chunk_merges: 0.
num_chunk_splits: 813.
num_chunks_enlarged: 533.
num_inconsistent_stats: 0.

CodeHeap 'non-profiled nmethods': size=120000Kb used=1020Kb max_used=1020Kb free=118979Kb
 bounds [0x000001d44c660000, 0x000001d44c8d0000, 0x000001d453b90000]
CodeHeap 'profiled nmethods': size=120000Kb used=4988Kb max_used=4988Kb free=115011Kb
 bounds [0x000001d445130000, 0x000001d445610000, 0x000001d44c660000]
CodeHeap 'non-nmethods': size=5760Kb used=1245Kb max_used=1272Kb free=4514Kb
 bounds [0x000001d444b90000, 0x000001d444e00000, 0x000001d445130000]
 total_blobs=2944 nmethods=2404 adapters=452
 compilation: enabled
              stopped_count=0, restarted_count=0
 full_count=0

Compilation events (20 events):
Event: 2.346 Thread 0x000001d45b92bb70 2386       1       java.lang.reflect.Constructor::getRoot (5 bytes)
Event: 2.346 Thread 0x000001d45b92bb70 nmethod 2386 0x000001d44c75e190 code [0x000001d44c75e320, 0x000001d44c75e3f8]
Event: 2.350 Thread 0x000001d45b92bb70 2387       3       jdk.internal.org.objectweb.asm.AnnotationWriter::computeAnnotationsSize (42 bytes)
Event: 2.350 Thread 0x000001d45b92bb70 nmethod 2387 0x000001d4455fb490 code [0x000001d4455fb640, 0x000001d4455fb888]
Event: 2.352 Thread 0x000001d45b92bb70 2390       3       java.lang.invoke.LambdaFormEditor::buffer (12 bytes)
Event: 2.352 Thread 0x000001d45b92bb70 nmethod 2390 0x000001d4455fba10 code [0x000001d4455fbbc0, 0x000001d4455fbd68]
Event: 2.352 Thread 0x000001d45b92bb70 2391   !   3       java.lang.invoke.LambdaFormEditor::putInCache (523 bytes)
Event: 2.354 Thread 0x000001d45b92bb70 nmethod 2391 0x000001d4455fbe10 code [0x000001d4455fc280, 0x000001d4455fee48]
Event: 2.354 Thread 0x000001d45b92bb70 2392       3       java.lang.invoke.MethodType::invokers (27 bytes)
Event: 2.354 Thread 0x000001d45b92bb70 nmethod 2392 0x000001d445600010 code [0x000001d4456001c0, 0x000001d445600618]
Event: 2.354 Thread 0x000001d45b92bb70 2393       3       java.lang.invoke.Invokers::cachedInvoker (7 bytes)
Event: 2.354 Thread 0x000001d45b92bb70 nmethod 2393 0x000001d445600710 code [0x000001d4456008a0, 0x000001d4456009d8]
Event: 2.354 Thread 0x000001d45b92bb70 2394       3       java.util.ArrayList::clear (43 bytes)
Event: 2.354 Thread 0x000001d45b92bb70 nmethod 2394 0x000001d445600a90 code [0x000001d445600c40, 0x000001d445600fb8]
Event: 2.355 Thread 0x000001d45b92bb70 2395       3       java.lang.invoke.InvokerBytecodeGenerator::addMethod (725 bytes)
Event: 2.356 Thread 0x000001d45b92bb70 nmethod 2395 0x000001d445601110 code [0x000001d445601640, 0x000001d445603a98]
Event: 2.356 Thread 0x000001d45b92bb70 2396       3       java.lang.invoke.LambdaFormEditor::newSpeciesData (13 bytes)
Event: 2.356 Thread 0x000001d45b92bb70 nmethod 2396 0x000001d445604710 code [0x000001d4456048c0, 0x000001d445604ab8]
Event: 2.360 Thread 0x000001d45b92bb70 2397       3       java.lang.invoke.MethodType::methodType (14 bytes)
Event: 2.360 Thread 0x000001d45b92bb70 nmethod 2397 0x000001d445604c10 code [0x000001d445604dc0, 0x000001d445605108]

GC Heap History (4 events):
Event: 0.450 GC heap before
{Heap before GC invocations=0 (full 0):
 garbage-first heap   total 129024K, used 26624K [0x0000000080000000, 0x0000000100000000)
  region size 1024K, 23 young (23552K), 0 survivors (0K)
 Metaspace       used 3030K, committed 3200K, reserved 487424K
  class space    used 375K, committed 448K, reserved 421888K
}
Event: 0.455 GC heap after
{Heap after GC invocations=1 (full 0):
 garbage-first heap   total 129024K, used 10457K [0x0000000080000000, 0x0000000100000000)
  region size 1024K, 3 young (3072K), 3 survivors (3072K)
 Metaspace       used 3030K, committed 3200K, reserved 487424K
  class space    used 375K, committed 448K, reserved 421888K
}
Event: 0.803 GC heap before
{Heap before GC invocations=1 (full 0):
 garbage-first heap   total 129024K, used 40153K [0x0000000080000000, 0x0000000100000000)
  region size 1024K, 32 young (32768K), 3 survivors (3072K)
 Metaspace       used 3981K, committed 4224K, reserved 487424K
  class space    used 473K, committed 576K, reserved 421888K
}
Event: 0.807 GC heap after
{Heap after GC invocations=2 (full 0):
 garbage-first heap   total 129024K, used 14272K [0x0000000080000000, 0x0000000100000000)
  region size 1024K, 4 young (4096K), 4 survivors (4096K)
 Metaspace       used 3981K, committed 4224K, reserved 487424K
  class space    used 473K, committed 576K, reserved 421888K
}

Deoptimization events (20 events):
Event: 2.117 Thread 0x000001d4613903a0 Uncommon trap: trap_request=0xffffff45 fr.pc=0x000001d44c6cbf28 relative=0x0000000000000608
Event: 2.117 Thread 0x000001d4613903a0 Uncommon trap: reason=unstable_if action=reinterpret pc=0x000001d44c6cbf28 method=java.io.File.getName()Ljava/lang/String; @ 16 c2
Event: 2.117 Thread 0x000001d4613903a0 DEOPT PACKING pc=0x000001d44c6cbf28 sp=0x00000060bcffcef0
Event: 2.117 Thread 0x000001d4613903a0 DEOPT UNPACKING pc=0x000001d444be23a3 sp=0x00000060bcffcec0 mode 2
Event: 2.143 Thread 0x000001d4613903a0 Uncommon trap: trap_request=0xffffffcc fr.pc=0x000001d44c752708 relative=0x0000000000000368
Event: 2.143 Thread 0x000001d4613903a0 Uncommon trap: reason=intrinsic_or_type_checked_inlining action=make_not_entrant pc=0x000001d44c752708 method=java.util.Arrays.copyOf([Ljava/lang/Object;ILjava/lang/Class;)[Ljava/lang/Object; @ 35 c2
Event: 2.143 Thread 0x000001d4613903a0 DEOPT PACKING pc=0x000001d44c752708 sp=0x00000060bcffca00
Event: 2.143 Thread 0x000001d4613903a0 DEOPT UNPACKING pc=0x000001d444be23a3 sp=0x00000060bcffc9a8 mode 2
Event: 2.143 Thread 0x000001d4613903a0 Uncommon trap: trap_request=0xffffff45 fr.pc=0x000001d44c711340 relative=0x00000000000009e0
Event: 2.143 Thread 0x000001d4613903a0 Uncommon trap: reason=unstable_if action=reinterpret pc=0x000001d44c711340 method=jdk.internal.org.objectweb.asm.Frame.execute(IILjdk/internal/org/objectweb/asm/Symbol;Ljdk/internal/org/objectweb/asm/SymbolTable;)V @ 1 c2
Event: 2.143 Thread 0x000001d4613903a0 DEOPT PACKING pc=0x000001d44c711340 sp=0x00000060bcffca70
Event: 2.143 Thread 0x000001d4613903a0 DEOPT UNPACKING pc=0x000001d444be23a3 sp=0x00000060bcffc9d8 mode 2
Event: 2.144 Thread 0x000001d4613903a0 Uncommon trap: trap_request=0xffffff45 fr.pc=0x000001d44c74d750 relative=0x00000000000004f0
Event: 2.144 Thread 0x000001d4613903a0 Uncommon trap: reason=unstable_if action=reinterpret pc=0x000001d44c74d750 method=jdk.internal.org.objectweb.asm.MethodWriter.visitVarInsn(II)V @ 230 c2
Event: 2.144 Thread 0x000001d4613903a0 DEOPT PACKING pc=0x000001d44c74d750 sp=0x00000060bcffcb40
Event: 2.144 Thread 0x000001d4613903a0 DEOPT UNPACKING pc=0x000001d444be23a3 sp=0x00000060bcffcb00 mode 2
Event: 2.192 Thread 0x000001d4613903a0 DEOPT PACKING pc=0x000001d4454faa49 sp=0x00000060bcffc0e0
Event: 2.192 Thread 0x000001d4613903a0 DEOPT UNPACKING pc=0x000001d444be2b43 sp=0x00000060bcffb5f0 mode 0
Event: 2.346 Thread 0x000001d4613903a0 DEOPT PACKING pc=0x000001d4454faa6a sp=0x00000060bcffc4c0
Event: 2.346 Thread 0x000001d4613903a0 DEOPT UNPACKING pc=0x000001d444be2b43 sp=0x00000060bcffb9d0 mode 0

Classes loaded (20 events):
Event: 2.312 Loading class java/nio/file/attribute/PosixFilePermissions$1
Event: 2.312 Loading class java/nio/file/attribute/PosixFilePermissions$1 done
Event: 2.314 Loading class java/util/concurrent/Semaphore
Event: 2.314 Loading class java/util/concurrent/Semaphore done
Event: 2.317 Loading class java/nio/file/FileVisitOption
Event: 2.317 Loading class java/nio/file/FileVisitOption done
Event: 2.320 Loading class java/util/stream/ReduceOps$1
Event: 2.320 Loading class java/util/stream/ReduceOps$1 done
Event: 2.320 Loading class java/util/stream/ReduceOps$1ReducingSink
Event: 2.320 Loading class java/util/stream/ReduceOps$1ReducingSink done
Event: 2.334 Loading class java/io/ObjectOutputStream
Event: 2.335 Loading class java/io/ObjectOutput
Event: 2.335 Loading class java/io/ObjectOutput done
Event: 2.335 Loading class java/io/ObjectStreamConstants
Event: 2.335 Loading class java/io/ObjectStreamConstants done
Event: 2.335 Loading class java/io/ObjectOutputStream done
Event: 2.336 Loading class java/io/ObjectInputStream
Event: 2.336 Loading class java/io/ObjectInput
Event: 2.337 Loading class java/io/ObjectInput done
Event: 2.337 Loading class java/io/ObjectInputStream done

Classes unloaded (0 events):
No events

Classes redefined (0 events):
No events

Internal exceptions (20 events):
Event: 2.059 Thread 0x000001d4613903a0 Exception <a 'java/lang/NoSuchMethodError'{0x0000000084c22338}: 'java.lang.Object java.lang.invoke.DirectMethodHandle$Holder.invokeVirtual(java.lang.Object, java.lang.Object, java.lang.Object, java.lang.Object, java.lang.Object, java.lang.Object, java.lang.Object, java.lang.Object, java.lang.Object, java.lang.Object)'> (0x0000000084c22338) 
thrown [s\open\src\hotspot\share\interpreter\linkResolver.cpp, line 759]
Event: 2.139 Thread 0x000001d4613903a0 Exception <a 'java/lang/NoSuchMethodError'{0x0000000084b81658}: 'java.lang.Object java.lang.invoke.DelegatingMethodHandle$Holder.reinvoke_L(java.lang.Object, java.lang.Object, java.lang.Object, java.lang.Object, java.lang.Object, java.lang.Object, java.lang.Object, java.lang.Object, java.lang.Object, java.lang.Object, java.lang.Object, java.lang.Object, java.lang.Object, java.lang.Object, java.lang.Object, java.lang.Object, java.lang.Object, java.lang.Object, java.lang.Object, java.lang.Object, java.lang.O
Event: 2.144 Thread 0x000001d4613903a0 Exception <a 'java/lang/NoSuchMethodError'{0x0000000084bf5c10}: 'java.lang.Object java.lang.invoke.DirectMethodHandle$Holder.invokeStatic(java.lang.Object, java.lang.Object, java.lang.Object, java.lang.Object, java.lang.Object, java.lang.Object, java.lang.Object, java.lang.Object, java.lang.Object, java.lang.Object, java.lang.Object, java.lang.Object, java.lang.Object, java.lang.Object, java.lang.Object, java.lang.Object, java.lang.Object)'> (0x0000000084bf5c10) 
thrown [s\open\src\hotspot\share\interprete
Event: 2.146 Thread 0x000001d4613903a0 Exception <a 'java/lang/NoSuchMethodError'{0x0000000084a1d890}: 'java.lang.Object java.lang.invoke.DirectMethodHandle$Holder.invokeStatic(java.lang.Object, java.lang.Object, java.lang.Object, java.lang.Object, java.lang.Object, java.lang.Object, java.lang.Object, java.lang.Object, java.lang.Object, java.lang.Object, java.lang.Object, java.lang.Object, java.lang.Object, java.lang.Object, java.lang.Object, java.lang.Object, java.lang.Object, java.lang.Object)'> (0x0000000084a1d890) 
thrown [s\open\src\hotspo
Event: 2.147 Thread 0x000001d4613903a0 Exception <a 'java/lang/NoSuchMethodError'{0x0000000084a46a80}: 'java.lang.Object java.lang.invoke.DirectMethodHandle$Holder.invokeStatic(java.lang.Object, java.lang.Object, java.lang.Object, java.lang.Object, java.lang.Object, java.lang.Object, java.lang.Object, java.lang.Object, java.lang.Object, java.lang.Object, java.lang.Object, java.lang.Object, java.lang.Object, java.lang.Object, java.lang.Object, java.lang.Object, java.lang.Object, java.lang.Object, java.lang.Object)'> (0x0000000084a46a80) 
thrown 
Event: 2.149 Thread 0x000001d4613903a0 Exception <a 'java/lang/NoSuchMethodError'{0x0000000084a70878}: 'java.lang.Object java.lang.invoke.DirectMethodHandle$Holder.invokeStatic(java.lang.Object, java.lang.Object, java.lang.Object, java.lang.Object, java.lang.Object, java.lang.Object, java.lang.Object, java.lang.Object, java.lang.Object, java.lang.Object, java.lang.Object, java.lang.Object, java.lang.Object, java.lang.Object, java.lang.Object, java.lang.Object, java.lang.Object, java.lang.Object, java.lang.Object, java.lang.Object)'> (0x00000000
Event: 2.150 Thread 0x000001d4613903a0 Exception <a 'java/lang/NoSuchMethodError'{0x0000000084a9bf28}: 'java.lang.Object java.lang.invoke.DirectMethodHandle$Holder.invokeStatic(java.lang.Object, java.lang.Object, java.lang.Object, java.lang.Object, java.lang.Object, java.lang.Object, java.lang.Object, java.lang.Object, java.lang.Object, java.lang.Object, java.lang.Object, java.lang.Object, java.lang.Object, java.lang.Object, java.lang.Object, java.lang.Object, java.lang.Object, java.lang.Object, java.lang.Object, java.lang.Object, java.lang.Obj
Event: 2.151 Thread 0x000001d4613903a0 Exception <a 'java/lang/NoSuchMethodError'{0x0000000084ac7788}: 'java.lang.Object java.lang.invoke.DirectMethodHandle$Holder.invokeStatic(java.lang.Object, java.lang.Object, java.lang.Object, java.lang.Object, java.lang.Object, java.lang.Object, java.lang.Object, java.lang.Object, java.lang.Object, java.lang.Object, java.lang.Object, java.lang.Object, java.lang.Object, java.lang.Object, java.lang.Object, java.lang.Object, java.lang.Object, java.lang.Object, java.lang.Object, java.lang.Object, java.lang.Obj
Event: 2.152 Thread 0x000001d4613903a0 Exception <a 'java/lang/NoSuchMethodError'{0x0000000084af3ec8}: 'java.lang.Object java.lang.invoke.DirectMethodHandle$Holder.invokeStatic(java.lang.Object, java.lang.Object, java.lang.Object, java.lang.Object, java.lang.Object, java.lang.Object, java.lang.Object, java.lang.Object, java.lang.Object, java.lang.Object, java.lang.Object, java.lang.Object, java.lang.Object, java.lang.Object, java.lang.Object, java.lang.Object, java.lang.Object, java.lang.Object, java.lang.Object, java.lang.Object, java.lang.Obj
Event: 2.153 Thread 0x000001d4613903a0 Exception <a 'java/lang/NoSuchMethodError'{0x0000000084921a38}: 'java.lang.Object java.lang.invoke.DirectMethodHandle$Holder.invokeStatic(java.lang.Object, java.lang.Object, java.lang.Object, java.lang.Object, java.lang.Object, java.lang.Object, java.lang.Object, java.lang.Object, java.lang.Object, java.lang.Object, java.lang.Object, java.lang.Object, java.lang.Object, java.lang.Object, java.lang.Object, java.lang.Object, java.lang.Object, java.lang.Object, java.lang.Object, java.lang.Object, java.lang.Obj
Event: 2.155 Thread 0x000001d4613903a0 Exception <a 'java/lang/NoSuchMethodError'{0x00000000849507c8}: 'java.lang.Object java.lang.invoke.DirectMethodHandle$Holder.invokeStatic(java.lang.Object, java.lang.Object, java.lang.Object, java.lang.Object, java.lang.Object, java.lang.Object, java.lang.Object, java.lang.Object, java.lang.Object, java.lang.Object, java.lang.Object, java.lang.Object, java.lang.Object, java.lang.Object, java.lang.Object, java.lang.Object, java.lang.Object, java.lang.Object, java.lang.Object, java.lang.Object, java.lang.Obj
Event: 2.258 Thread 0x000001d4613903a0 Exception <a 'java/lang/IncompatibleClassChangeError'{0x00000000845d8ba0}: Found class java.lang.Object, but interface was expected> (0x00000000845d8ba0) 
thrown [s\open\src\hotspot\share\interpreter\linkResolver.cpp, line 826]
Event: 2.318 Thread 0x000001d4613903a0 Exception <a 'java/lang/NoSuchMethodError'{0x00000000842c2678}: 'int java.lang.invoke.DirectMethodHandle$Holder.invokeSpecialIFC(java.lang.Object, java.lang.Object, java.lang.Object, java.lang.Object)'> (0x00000000842c2678) 
thrown [s\open\src\hotspot\share\interpreter\linkResolver.cpp, line 759]
Event: 2.319 Thread 0x000001d4613903a0 Exception <a 'java/lang/NoSuchMethodError'{0x00000000842d1a88}: 'java.lang.Object java.lang.invoke.DirectMethodHandle$Holder.invokeInterface(java.lang.Object, java.lang.Object, java.lang.Object)'> (0x00000000842d1a88) 
thrown [s\open\src\hotspot\share\interpreter\linkResolver.cpp, line 759]
Event: 2.319 Thread 0x000001d4613903a0 Exception <a 'java/lang/IncompatibleClassChangeError'{0x00000000842d5698}: Found class java.lang.Object, but interface was expected> (0x00000000842d5698) 
thrown [s\open\src\hotspot\share\interpreter\linkResolver.cpp, line 826]
Event: 2.321 Thread 0x000001d4613903a0 Exception <a 'java/lang/NoSuchMethodError'{0x00000000842e7a30}: 'java.lang.Object java.lang.invoke.DirectMethodHandle$Holder.newInvokeSpecial(java.lang.Object, java.lang.Object, java.lang.Object, java.lang.Object, java.lang.Object, java.lang.Object, java.lang.Object, java.lang.Object, java.lang.Object, java.lang.Object)'> (0x00000000842e7a30) 
thrown [s\open\src\hotspot\share\interpreter\linkResolver.cpp, line 759]
Event: 2.351 Thread 0x000001d4613903a0 Exception <a 'java/lang/NoSuchMethodError'{0x00000000840030e8}: 'java.lang.Object java.lang.invoke.DirectMethodHandle$Holder.invokeVirtual(java.lang.Object, java.lang.Object, java.lang.Object, java.lang.Object, java.lang.Object, java.lang.Object, java.lang.Object, java.lang.Object, java.lang.Object, java.lang.Object, java.lang.Object, java.lang.Object, java.lang.Object, java.lang.Object, java.lang.Object, java.lang.Object, java.lang.Object, java.lang.Object, java.lang.Object, java.lang.Object, java.lang.Ob
Event: 2.351 Thread 0x000001d4613903a0 Exception <a 'java/lang/NoSuchMethodError'{0x0000000084008f78}: 'java.lang.Object java.lang.invoke.DirectMethodHandle$Holder.invokeSpecial(java.lang.Object, java.lang.Object, java.lang.Object, java.lang.Object, java.lang.Object, java.lang.Object, java.lang.Object, java.lang.Object, java.lang.Object, java.lang.Object, java.lang.Object, java.lang.Object, java.lang.Object, java.lang.Object, java.lang.Object, java.lang.Object, java.lang.Object, java.lang.Object, java.lang.Object, java.lang.Object, java.lang.Ob
Event: 2.352 Thread 0x000001d4613903a0 Exception <a 'java/lang/NoSuchMethodError'{0x000000008400e5b0}: 'java.lang.Object java.lang.invoke.DelegatingMethodHandle$Holder.reinvoke_L(java.lang.Object, java.lang.Object, java.lang.Object, java.lang.Object, java.lang.Object, java.lang.Object, java.lang.Object, java.lang.Object, java.lang.Object, java.lang.Object, java.lang.Object, java.lang.Object, java.lang.Object, java.lang.Object, java.lang.Object, java.lang.Object, java.lang.Object, java.lang.Object, java.lang.Object, java.lang.Object, java.lang.O
Event: 2.360 Thread 0x000001d4613903a0 Exception <a 'java/lang/NoSuchMethodError'{0x00000000840c1448}: 'int java.lang.invoke.DirectMethodHandle$Holder.invokeStatic(java.lang.Object, java.lang.Object, java.lang.Object, java.lang.Object)'> (0x00000000840c1448) 
thrown [s\open\src\hotspot\share\interpreter\linkResolver.cpp, line 759]

VM Operations (20 events):
Event: 0.974 Executing VM operation: HandshakeAllThreads
Event: 0.974 Executing VM operation: HandshakeAllThreads done
Event: 1.036 Executing VM operation: HandshakeAllThreads
Event: 1.036 Executing VM operation: HandshakeAllThreads done
Event: 1.122 Executing VM operation: HandshakeAllThreads
Event: 1.122 Executing VM operation: HandshakeAllThreads done
Event: 1.153 Executing VM operation: HandshakeAllThreads
Event: 1.153 Executing VM operation: HandshakeAllThreads done
Event: 1.169 Executing VM operation: HandshakeAllThreads
Event: 1.169 Executing VM operation: HandshakeAllThreads done
Event: 1.247 Executing VM operation: HandshakeAllThreads
Event: 1.247 Executing VM operation: HandshakeAllThreads done
Event: 1.402 Executing VM operation: HandshakeAllThreads
Event: 1.402 Executing VM operation: HandshakeAllThreads done
Event: 1.920 Executing VM operation: ICBufferFull
Event: 1.921 Executing VM operation: ICBufferFull done
Event: 2.160 Executing VM operation: HandshakeAllThreads
Event: 2.160 Executing VM operation: HandshakeAllThreads done
Event: 2.160 Executing VM operation: HandshakeAllThreads
Event: 2.160 Executing VM operation: HandshakeAllThreads done

Events (20 events):
Event: 0.053 Loaded shared library C:\Program Files\Java\jdk-18.0.2.1\bin\zip.dll
Event: 0.178 Loaded shared library C:\Program Files\Java\jdk-18.0.2.1\bin\jimage.dll
Event: 0.221 Loaded shared library C:\Program Files\Java\jdk-18.0.2.1\bin\verify.dll
Event: 0.334 Loaded shared library C:\Users\LENOVO ideapadGAMING\.gradle\native\68d5fa5c4cc2d200863cafc0d521ce42e7d3e7ee720ec0a83991735586a16f82\windows-amd64\native-platform.dll
Event: 0.346 Loaded shared library C:\Users\LENOVO ideapadGAMING\.gradle\native\e376f236ea51e6404a007f0833ffe2c6e607c4080706a723a18a27aeea778392\windows-amd64\native-platform-file-events.dll
Event: 1.018 Loaded shared library C:\Program Files\Java\jdk-18.0.2.1\bin\management.dll
Event: 1.021 Loaded shared library C:\Program Files\Java\jdk-18.0.2.1\bin\management_ext.dll
Event: 1.075 Thread 0x000001d460fb6c70 Thread added: 0x000001d460fb6c70
Event: 1.379 Thread 0x000001d460ea6a50 Thread added: 0x000001d460ea6a50
Event: 1.435 Thread 0x000001d4616ac040 Thread added: 0x000001d4616ac040
Event: 1.454 Thread 0x000001d4613c45e0 Thread added: 0x000001d4613c45e0
Event: 1.456 Thread 0x000001d460c50c90 Thread added: 0x000001d460c50c90
Event: 1.481 Thread 0x000001d460e93200 Thread added: 0x000001d460e93200
Event: 1.487 Thread 0x000001d4613903a0 Thread added: 0x000001d4613903a0
Event: 1.506 Thread 0x000001d461391aa0 Thread added: 0x000001d461391aa0
Event: 1.510 Thread 0x000001d46178ee80 Thread added: 0x000001d46178ee80
Event: 1.516 Thread 0x000001d46178f350 Thread added: 0x000001d46178f350
Event: 1.883 Thread 0x000001d4617901c0 Thread added: 0x000001d4617901c0
Event: 1.897 Thread 0x000001d461790690 Thread added: 0x000001d461790690
Event: 2.291 Thread 0x000001d46178ccd0 Thread added: 0x000001d46178ccd0


Dynamic libraries:
0x00007ff6739e0000 - 0x00007ff6739f0000 	C:\Program Files\Java\jdk-18.0.2.1\bin\java.exe
0x00007ffe6d0d0000 - 0x00007ffe6d2e7000 	C:\WINDOWS\SYSTEM32\ntdll.dll
0x00007ffe6b500000 - 0x00007ffe6b5c4000 	C:\WINDOWS\System32\KERNEL32.DLL
0x00007ffe6a570000 - 0x00007ffe6a916000 	C:\WINDOWS\System32\KERNELBASE.dll
0x00007ffe6a450000 - 0x00007ffe6a561000 	C:\WINDOWS\System32\ucrtbase.dll
0x00007ffe30330000 - 0x00007ffe30348000 	C:\Program Files\Java\jdk-18.0.2.1\bin\jli.dll
0x00007ffe328a0000 - 0x00007ffe328ba000 	C:\Program Files\Java\jdk-18.0.2.1\bin\VCRUNTIME140.dll
0x00007ffe6ae30000 - 0x00007ffe6aee0000 	C:\WINDOWS\System32\ADVAPI32.dll
0x00007ffe6aee0000 - 0x00007ffe6af87000 	C:\WINDOWS\System32\msvcrt.dll
0x00007ffe6ba70000 - 0x00007ffe6bb16000 	C:\WINDOWS\System32\sechost.dll
0x00007ffe6cbd0000 - 0x00007ffe6cce7000 	C:\WINDOWS\System32\RPCRT4.dll
0x00007ffe6b040000 - 0x00007ffe6b1ed000 	C:\WINDOWS\System32\USER32.dll
0x00007ffe6ad10000 - 0x00007ffe6ad36000 	C:\WINDOWS\System32\win32u.dll
0x00007ffe6c180000 - 0x00007ffe6c1a9000 	C:\WINDOWS\System32\GDI32.dll
0x00007ffe6a920000 - 0x00007ffe6aa38000 	C:\WINDOWS\System32\gdi32full.dll
0x00007ffe54a30000 - 0x00007ffe54cc3000 	C:\WINDOWS\WinSxS\amd64_microsoft.windows.common-controls_6595b64144ccf1df_6.0.22621.2361_none_2712ced57382f843\COMCTL32.dll
0x00007ffe6ac70000 - 0x00007ffe6ad0a000 	C:\WINDOWS\System32\msvcp_win.dll
0x00007ffe61aa0000 - 0x00007ffe61aaa000 	C:\WINDOWS\SYSTEM32\VERSION.dll
0x00007ffe6b4c0000 - 0x00007ffe6b4f1000 	C:\WINDOWS\System32\IMM32.DLL
0x00007ffe4bac0000 - 0x00007ffe4bacc000 	C:\Program Files\Java\jdk-18.0.2.1\bin\vcruntime140_1.dll
0x00007ffe03a80000 - 0x00007ffe03b0d000 	C:\Program Files\Java\jdk-18.0.2.1\bin\msvcp140.dll
0x00007ffbfdc20000 - 0x00007ffbfe831000 	C:\Program Files\Java\jdk-18.0.2.1\bin\server\jvm.dll
0x00007ffe6b340000 - 0x00007ffe6b348000 	C:\WINDOWS\System32\PSAPI.DLL
0x00007ffe62750000 - 0x00007ffe62784000 	C:\WINDOWS\SYSTEM32\WINMM.dll
0x00007ffe51c60000 - 0x00007ffe51c69000 	C:\WINDOWS\SYSTEM32\WSOCK32.dll
0x00007ffe6b650000 - 0x00007ffe6b6c1000 	C:\WINDOWS\System32\WS2_32.dll
0x00007ffe69580000 - 0x00007ffe69598000 	C:\WINDOWS\SYSTEM32\kernel.appcore.dll
0x00007ffe330c0000 - 0x00007ffe330ca000 	C:\Program Files\Java\jdk-18.0.2.1\bin\jimage.dll
0x00007ffe67db0000 - 0x00007ffe67fde000 	C:\WINDOWS\SYSTEM32\DBGHELP.DLL
0x00007ffe6cd00000 - 0x00007ffe6d08a000 	C:\WINDOWS\System32\combase.dll
0x00007ffe6b350000 - 0x00007ffe6b427000 	C:\WINDOWS\System32\OLEAUT32.dll
0x00007ffe50c40000 - 0x00007ffe50c72000 	C:\WINDOWS\SYSTEM32\dbgcore.DLL
0x00007ffe6ad40000 - 0x00007ffe6adba000 	C:\WINDOWS\System32\bcryptPrimitives.dll
0x00007ffe0fe90000 - 0x00007ffe0feb5000 	C:\Program Files\Java\jdk-18.0.2.1\bin\java.dll
0x00007ffddbfc0000 - 0x00007ffddc096000 	C:\Program Files\Java\jdk-18.0.2.1\bin\jsvml.dll
0x00007ffe6c370000 - 0x00007ffe6cbc8000 	C:\WINDOWS\System32\SHELL32.dll
0x00007ffe683c0000 - 0x00007ffe68cb2000 	C:\WINDOWS\SYSTEM32\windows.storage.dll
0x00007ffe68280000 - 0x00007ffe683be000 	C:\WINDOWS\SYSTEM32\wintypes.dll
0x00007ffe6b240000 - 0x00007ffe6b333000 	C:\WINDOWS\System32\SHCORE.dll
0x00007ffe6b5f0000 - 0x00007ffe6b64e000 	C:\WINDOWS\System32\shlwapi.dll
0x00007ffe6a380000 - 0x00007ffe6a3a6000 	C:\WINDOWS\SYSTEM32\profapi.dll
0x00007ffe28520000 - 0x00007ffe28533000 	C:\Program Files\Java\jdk-18.0.2.1\bin\net.dll
0x00007ffe62f00000 - 0x00007ffe63037000 	C:\WINDOWS\SYSTEM32\WINHTTP.dll
0x00007ffe69a00000 - 0x00007ffe69a69000 	C:\WINDOWS\system32\mswsock.dll
0x00007ffe1e5c0000 - 0x00007ffe1e5d6000 	C:\Program Files\Java\jdk-18.0.2.1\bin\nio.dll
0x00007ffe1c180000 - 0x00007ffe1c198000 	C:\Program Files\Java\jdk-18.0.2.1\bin\zip.dll
0x00007ffe32890000 - 0x00007ffe328a0000 	C:\Program Files\Java\jdk-18.0.2.1\bin\verify.dll
0x00007ffe30220000 - 0x00007ffe30247000 	C:\Users\LENOVO ideapadGAMING\.gradle\native\68d5fa5c4cc2d200863cafc0d521ce42e7d3e7ee720ec0a83991735586a16f82\windows-amd64\native-platform.dll
0x00007ffe2c9c0000 - 0x00007ffe2cb04000 	C:\Users\LENOVO ideapadGAMING\.gradle\native\e376f236ea51e6404a007f0833ffe2c6e607c4080706a723a18a27aeea778392\windows-amd64\native-platform-file-events.dll
0x00007ffe31e40000 - 0x00007ffe31e49000 	C:\Program Files\Java\jdk-18.0.2.1\bin\management.dll
0x00007ffe30320000 - 0x00007ffe3032b000 	C:\Program Files\Java\jdk-18.0.2.1\bin\management_ext.dll
0x00007ffe69c50000 - 0x00007ffe69c6b000 	C:\WINDOWS\SYSTEM32\CRYPTSP.dll
0x00007ffe694e0000 - 0x00007ffe69515000 	C:\WINDOWS\system32\rsaenh.dll
0x00007ffe69af0000 - 0x00007ffe69b1c000 	C:\WINDOWS\SYSTEM32\USERENV.dll
0x00007ffe69e10000 - 0x00007ffe69e38000 	C:\WINDOWS\SYSTEM32\bcrypt.dll
0x00007ffe69c70000 - 0x00007ffe69c7c000 	C:\WINDOWS\SYSTEM32\CRYPTBASE.dll
0x00007ffe68f90000 - 0x00007ffe68fbd000 	C:\WINDOWS\SYSTEM32\IPHLPAPI.DLL
0x00007ffe6c170000 - 0x00007ffe6c179000 	C:\WINDOWS\System32\NSI.dll
0x00007ffe62e60000 - 0x00007ffe62e79000 	C:\WINDOWS\SYSTEM32\dhcpcsvc6.DLL
0x00007ffe62c50000 - 0x00007ffe62c6f000 	C:\WINDOWS\SYSTEM32\dhcpcsvc.DLL
0x00007ffe69000000 - 0x00007ffe690f9000 	C:\WINDOWS\SYSTEM32\DNSAPI.dll

dbghelp: loaded successfully - version: 4.0.5 - missing functions: none
symbol engine: initialized successfully - sym options: 0x614 - pdb path: .;C:\Program Files\Java\jdk-18.0.2.1\bin;C:\WINDOWS\SYSTEM32;C:\WINDOWS\WinSxS\amd64_microsoft.windows.common-controls_6595b64144ccf1df_6.0.22621.2361_none_2712ced57382f843;C:\Program Files\Java\jdk-18.0.2.1\bin\server;C:\Users\LENOVO ideapadGAMING\.gradle\native\68d5fa5c4cc2d200863cafc0d521ce42e7d3e7ee720ec0a83991735586a16f82\windows-amd64;C:\Users\LENOVO ideapadGAMING\.gradle\native\e376f236ea51e6404a007f0833ffe2c6e607c4080706a723a18a27aeea778392\windows-amd64

VM Arguments:
jvm_args: -XX:MaxMetaspaceSize=512m --add-opens=java.base/java.util=ALL-UNNAMED --add-opens=java.base/java.lang=ALL-UNNAMED --add-opens=java.base/java.lang.invoke=ALL-UNNAMED --add-opens=java.prefs/java.util.prefs=ALL-UNNAMED --add-opens=java.base/java.nio.charset=ALL-UNNAMED --add-opens=java.base/java.net=ALL-UNNAMED --add-opens=java.base/java.util.concurrent.atomic=ALL-UNNAMED -Xmx2048m -Dfile.encoding=UTF-8 -Duser.country=US -Duser.language=en -Duser.variant 
java_command: org.gradle.launcher.daemon.bootstrap.GradleDaemon 8.0.1
java_class_path (initial): C:\Users\LENOVO ideapadGAMING\.gradle\wrapper\dists\gradle-8.0.1-all\aro4hu1c3oeioove7l0i4i14o\gradle-8.0.1\lib\gradle-launcher-8.0.1.jar
Launcher Type: SUN_STANDARD

[Global flags]
     intx CICompilerCount                          = 4                                         {product} {ergonomic}
   size_t CompressedClassSpaceSize                 = 432013312                                 {product} {ergonomic}
     uint ConcGCThreads                            = 3                                         {product} {ergonomic}
     uint G1ConcRefinementThreads                  = 10                                        {product} {ergonomic}
   size_t G1HeapRegionSize                         = 1048576                                   {product} {ergonomic}
    uintx GCDrainStackTargetSize                   = 64                                        {product} {ergonomic}
   size_t InitialHeapSize                          = 132120576                                 {product} {ergonomic}
   size_t MarkStackSize                            = 4194304                                   {product} {ergonomic}
   size_t MaxHeapSize                              = 2147483648                                {product} {command line}
   size_t MaxMetaspaceSize                         = 536870912                                 {product} {command line}
   size_t MaxNewSize                               = 1287651328                                {product} {ergonomic}
   size_t MinHeapDeltaBytes                        = 1048576                                   {product} {ergonomic}
   size_t MinHeapSize                              = 8388608                                   {product} {ergonomic}
    uintx NonNMethodCodeHeapSize                   = 5839372                                {pd product} {ergonomic}
    uintx NonProfiledCodeHeapSize                  = 122909434                              {pd product} {ergonomic}
    uintx ProfiledCodeHeapSize                     = 122909434                              {pd product} {ergonomic}
    uintx ReservedCodeCacheSize                    = 251658240                              {pd product} {ergonomic}
     bool SegmentedCodeCache                       = true                                      {product} {ergonomic}
   size_t SoftMaxHeapSize                          = 2147483648                             {manageable} {ergonomic}
     bool UseCompressedClassPointers               = true                           {product lp64_product} {ergonomic}
     bool UseCompressedOops                        = true                           {product lp64_product} {ergonomic}
     bool UseG1GC                                  = true                                      {product} {ergonomic}
     bool UseLargePagesIndividualAllocation        = false                                  {pd product} {ergonomic}

Logging:
Log output configuration:
 #0: stdout all=warning uptime,level,tags foldmultilines=false
 #1: stderr all=off uptime,level,tags foldmultilines=false

Environment Variables:
JAVA_HOME=C:\Program Files\Java\jdk-18.0.2.1
CLASSPATH=D:\KULIAH\SMT 5\PGPBL\Acara7\AwesomeProject\android\\gradle\wrapper\gradle-wrapper.jar
PATH=D:\KULIAH\SMT 5\PGPBL\Acara7\AwesomeProject\node_modules\.bin;D:\KULIAH\SMT 5\PGPBL\Acara7\node_modules\.bin;D:\KULIAH\SMT 5\PGPBL\node_modules\.bin;D:\KULIAH\SMT 5\node_modules\.bin;D:\KULIAH\node_modules\.bin;D:\node_modules\.bin;C:\Program Files\nodejs\node_modules\npm\node_modules\@npmcli\run-script\lib\node-gyp-bin;C:\Program Files (x86)\Common Files\Intel\Shared Libraries\redist\intel64\compiler;C:\Python27;C:\PCI Geomatics\Geomatica 2015\exe;C:\Program Files\Common Files\Oracle\Java\javapath;C:\Program Files (x86)\Common Files\Oracle\Java\javapath;C:\Program Files (x86)\Common Files\Intel\Shared Files\cpp\bin\Intel64;C:\Windows\system32;C:\Windows;C:\Windows\System32\Wbem;C:\Windows\System32\WindowsPowerShell\v1.0\;C:\Windows\System32\OpenSSH\;C:\Program Files (x86)\NVIDIA Corporation\PhysX\Common;C:\Program Files\NVIDIA Corporation\NVIDIA NvDLISR;C:\WINDOWS\system32;C:\WINDOWS;C:\WINDOWS\System32\Wbem;C:\WINDOWS\System32\WindowsPowerShell\v1.0\;C:\WINDOWS\System32\OpenSSH\;C:\Anaconda3;C:\Anaconda3\Scripts;C:\Program Files\dotnet\;C:\dev\MapWinGIS;C:\ProgramData\ComposerSetup\bin;C:\xampp\php;C:\WINDOWS\system32;C:\WINDOWS;C:\WINDOWS\System32\Wbem;C:\WINDOWS\System32\WindowsPowerShell\v1.0\;C:\WINDOWS\System32\OpenSSH\;C:\Program Files\Git\cmd;C:\ProgramData\chocolatey\bin;C:\Program Files\nodejs\;C:\Users\LENOVO ideapadGAMING\AppData\Local\Programs\Python\Python39\;C:\Users\LENOVO ideapadGAMING\AppData\Local\Programs\Python\Python39\Scripts;C:\Program Files\MySQL\MySQL Shell 8.0\bin\;C:\Users\LENOVO ideapadGAMING\AppData\Local\Microsoft\WindowsApps;C:\Users\LENOVO ideapadGAMING\.dotnet\tools;C:\Users\LENOVO ideapadGAMING\AppData\Local\Programs\Microsoft VS Code\bin;C:\Users\LENOVO ideapadGAMING\AppData\Roaming\Composer\vendor\bin;C:\xampp\php;C:\Program Files\Git\bin\;C:\Program Files\Gitcmd\;C:\Users\LENOVO ideapadGAMING\AppData\Local\GitHubDesktop\bin;C:\Users\LENOVO ideapadGAMING\AppData\Roaming\npm
USERNAME=LENOVO ideapadGAMING
LANG=en_US.UTF-8
OS=Windows_NT
PROCESSOR_IDENTIFIER=Intel64 Family 6 Model 165 Stepping 2, GenuineIntel



---------------  S Y S T E M  ---------------

OS:
 Windows 11 , 64 bit Build 22621 (10.0.22621.2428)
OS uptime: 0 days 2:24 hours

CPU: total 12 (initial active 12) (6 cores per cpu, 2 threads per core) family 6 model 165 stepping 2 microcode 0xe0, cx8, cmov, fxsr, ht, mmx, 3dnowpref, sse, sse2, sse3, ssse3, sse4.1, sse4.2, popcnt, lzcnt, tsc, tscinvbit, avx, avx2, aes, erms, clmul, bmi1, bmi2, adx, fma, vzeroupper, clflush, clflushopt

Memory: 4k page, system-wide physical 8060M (33M free)
TotalPageFile size 32636M (AvailPageFile size 0M)
current process WorkingSet (physical memory assigned to process): 154M, peak: 158M
current process commit charge ("private bytes"): 267M, peak: 267M

vm_info: Java HotSpot(TM) 64-Bit Server VM (18.0.2.1+1-1) for windows-amd64 JRE (18.0.2.1+1-1), built on Aug 16 2022 01:46:33 by "mach5one" with MS VC++ 16.8 / 16.9 (VS2019)

END.
