#
# There is insufficient memory for the Java Runtime Environment to continue.
# Native memory allocation (mmap) failed to map 65536 bytes for Failed to commit metaspace.
# Possible reasons:
#   The system is out of physical RAM or swap space
#   The process is running with CompressedOops enabled, and the Java Heap may be blocking the growth of the native heap
# Possible solutions:
#   Reduce memory load on the system
#   Increase physical memory or swap space
#   Check if swap backing store is full
#   Decrease Java heap size (-Xmx/-Xms)
#   Decrease number of Java threads
#   Decrease Java thread stack sizes (-Xss)
#   Set larger code cache with -XX:ReservedCodeCacheSize=
#   JVM is running with Unscaled Compressed Oops mode in which the Java heap is
#     placed in the first 4GB address space. The Java Heap base address is the
#     maximum limit for the native heap growth. Please use -XX:HeapBaseMinAddress
#     to set the Java Heap base and to place the Java Heap above 4GB virtual address.
# This output file may be truncated or incomplete.
#
#  Out of Memory Error (virtualSpaceNode.cpp:110), pid=28252, tid=164
#
# JRE version: Java(TM) SE Runtime Environment (18.0.2.1+1) (build 18.0.2.1+1-1)
# Java VM: Java HotSpot(TM) 64-Bit Server VM (18.0.2.1+1-1, mixed mode, sharing, tiered, compressed oops, compressed class ptrs, g1 gc, windows-amd64)
# No core dump will be written. Minidumps are not enabled by default on client versions of Windows
#

---------------  S U M M A R Y ------------

Command Line: -XX:MaxMetaspaceSize=512m --add-opens=java.base/java.util=ALL-UNNAMED --add-opens=java.base/java.lang=ALL-UNNAMED --add-opens=java.base/java.lang.invoke=ALL-UNNAMED --add-opens=java.prefs/java.util.prefs=ALL-UNNAMED --add-opens=java.base/java.nio.charset=ALL-UNNAMED --add-opens=java.base/java.net=ALL-UNNAMED --add-opens=java.base/java.util.concurrent.atomic=ALL-UNNAMED -Xmx2048m -Dfile.encoding=UTF-8 -Duser.country=US -Duser.language=en -Duser.variant org.gradle.launcher.daemon.bootstrap.GradleDaemon 8.0.1

Host: Intel(R) Core(TM) i7-10750H CPU @ 2.60GHz, 12 cores, 7G,  Windows 11 , 64 bit Build 22621 (10.0.22621.2506)
Time: Mon Nov 27 09:38:56 2023 SE Asia Standard Time elapsed time: 14.894049 seconds (0d 0h 0m 14s)

---------------  T H R E A D  ---------------

Current thread (0x00000284fed051d0):  JavaThread "Daemon worker" [_thread_in_vm, id=164, stack(0x000000dbe9b00000,0x000000dbe9c00000)]

Stack: [0x000000dbe9b00000,0x000000dbe9c00000]
Native frames: (J=compiled Java code, j=interpreted, Vv=VM code, C=native code)
V  [jvm.dll+0x6993aa]
V  [jvm.dll+0x7f46dd]
V  [jvm.dll+0x7f5fee]
V  [jvm.dll+0x7f66a3]
V  [jvm.dll+0x25cf1f]
V  [jvm.dll+0x7f03eb]
V  [jvm.dll+0x63f526]
V  [jvm.dll+0x1d75ce]
V  [jvm.dll+0x641ecb]
V  [jvm.dll+0x641cce]
V  [jvm.dll+0x63feee]
V  [jvm.dll+0x252b37]
V  [jvm.dll+0x1fe572]
V  [jvm.dll+0x203366]
V  [jvm.dll+0x1f8d61]
V  [jvm.dll+0x55dc05]
V  [jvm.dll+0x76e943]
V  [jvm.dll+0x76ea24]
V  [jvm.dll+0x42d7b4]
V  [jvm.dll+0x4334bf]
C  [java.dll+0x17ec]

Java frames: (J=compiled Java code, j=interpreted, Vv=VM code)
J 929  java.lang.ClassLoader.defineClass1(Ljava/lang/ClassLoader;Ljava/lang/String;[BIILjava/security/ProtectionDomain;Ljava/lang/String;)Ljava/lang/Class; java.base@18.0.2.1 (0 bytes) @ 0x00000284ea4c1fe3 [0x00000284ea4c1f20+0x00000000000000c3]
J 1277 c1 java.lang.ClassLoader.defineClass(Ljava/lang/String;[BIILjava/security/ProtectionDomain;)Ljava/lang/Class; java.base@18.0.2.1 (43 bytes) @ 0x00000284e31c37d4 [0x00000284e31c3480+0x0000000000000354]
J 1230 c1 java.security.SecureClassLoader.defineClass(Ljava/lang/String;[BIILjava/security/CodeSource;)Ljava/lang/Class; java.base@18.0.2.1 (16 bytes) @ 0x00000284e31adb0c [0x00000284e31ada40+0x00000000000000cc]
J 925 c1 java.net.URLClassLoader.defineClass(Ljava/lang/String;Ljdk/internal/loader/Resource;)Ljava/lang/Class; java.base@18.0.2.1 (224 bytes) @ 0x00000284e30d8544 [0x00000284e30d6ac0+0x0000000000001a84]
J 721 c1 java.net.URLClassLoader$1.run()Ljava/lang/Class; java.base@18.0.2.1 (81 bytes) @ 0x00000284e3059cdc [0x00000284e30590a0+0x0000000000000c3c]
J 720 c1 java.net.URLClassLoader$1.run()Ljava/lang/Object; java.base@18.0.2.1 (5 bytes) @ 0x00000284e3058bc4 [0x00000284e3058b40+0x0000000000000084]
J 476 c1 java.security.AccessController.doPrivileged(Ljava/security/PrivilegedExceptionAction;Ljava/security/AccessControlContext;)Ljava/lang/Object; java.base@18.0.2.1 (26 bytes) @ 0x00000284e2fedefc [0x00000284e2fedd20+0x00000000000001dc]
J 718 c1 java.net.URLClassLoader.findClass(Ljava/lang/String;)Ljava/lang/Class; java.base@18.0.2.1 (47 bytes) @ 0x00000284e3057e1c [0x00000284e3057c80+0x000000000000019c]
J 2332 c2 java.lang.ClassLoader.loadClass(Ljava/lang/String;Z)Ljava/lang/Class; java.base@18.0.2.1 (121 bytes) @ 0x00000284ea5845e4 [0x00000284ea5813c0+0x0000000000003224]
J 712 c1 java.lang.ClassLoader.loadClass(Ljava/lang/String;)Ljava/lang/Class; java.base@18.0.2.1 (7 bytes) @ 0x00000284e3054ccc [0x00000284e3054bc0+0x000000000000010c]
v  ~StubRoutines::call_stub
J 929  java.lang.ClassLoader.defineClass1(Ljava/lang/ClassLoader;Ljava/lang/String;[BIILjava/security/ProtectionDomain;Ljava/lang/String;)Ljava/lang/Class; java.base@18.0.2.1 (0 bytes) @ 0x00000284ea4c1fe3 [0x00000284ea4c1f20+0x00000000000000c3]
J 1277 c1 java.lang.ClassLoader.defineClass(Ljava/lang/String;[BIILjava/security/ProtectionDomain;)Ljava/lang/Class; java.base@18.0.2.1 (43 bytes) @ 0x00000284e31c37d4 [0x00000284e31c3480+0x0000000000000354]
J 1230 c1 java.security.SecureClassLoader.defineClass(Ljava/lang/String;[BIILjava/security/CodeSource;)Ljava/lang/Class; java.base@18.0.2.1 (16 bytes) @ 0x00000284e31adb0c [0x00000284e31ada40+0x00000000000000cc]
J 925 c1 java.net.URLClassLoader.defineClass(Ljava/lang/String;Ljdk/internal/loader/Resource;)Ljava/lang/Class; java.base@18.0.2.1 (224 bytes) @ 0x00000284e30d8544 [0x00000284e30d6ac0+0x0000000000001a84]
J 721 c1 java.net.URLClassLoader$1.run()Ljava/lang/Class; java.base@18.0.2.1 (81 bytes) @ 0x00000284e3059cdc [0x00000284e30590a0+0x0000000000000c3c]
J 720 c1 java.net.URLClassLoader$1.run()Ljava/lang/Object; java.base@18.0.2.1 (5 bytes) @ 0x00000284e3058bc4 [0x00000284e3058b40+0x0000000000000084]
J 476 c1 java.security.AccessController.doPrivileged(Ljava/security/PrivilegedExceptionAction;Ljava/security/AccessControlContext;)Ljava/lang/Object; java.base@18.0.2.1 (26 bytes) @ 0x00000284e2fedefc [0x00000284e2fedd20+0x00000000000001dc]
J 718 c1 java.net.URLClassLoader.findClass(Ljava/lang/String;)Ljava/lang/Class; java.base@18.0.2.1 (47 bytes) @ 0x00000284e3057e1c [0x00000284e3057c80+0x000000000000019c]
J 2332 c2 java.lang.ClassLoader.loadClass(Ljava/lang/String;Z)Ljava/lang/Class; java.base@18.0.2.1 (121 bytes) @ 0x00000284ea5845e4 [0x00000284ea5813c0+0x0000000000003224]
J 712 c1 java.lang.ClassLoader.loadClass(Ljava/lang/String;)Ljava/lang/Class; java.base@18.0.2.1 (7 bytes) @ 0x00000284e3054ccc [0x00000284e3054bc0+0x000000000000010c]
v  ~StubRoutines::call_stub
j  com.google.common.base.Splitter.on(C)Lcom/google/common/base/Splitter;+1
j  org.gradle.configuration.DefaultImportsReader$2.processLine(Ljava/lang/String;)Z+37
j  com.google.common.io.CharStreams.readLines(Ljava/lang/Readable;Lcom/google/common/io/LineProcessor;)Ljava/lang/Object;+30
j  com.google.common.io.CharSource.readLines(Lcom/google/common/io/LineProcessor;)Ljava/lang/Object;+23
j  org.gradle.configuration.DefaultImportsReader.generateSimpleNameToFQCN()Ljava/util/Map;+36
j  org.gradle.configuration.DefaultImportsReader.<init>()V+12
j  org.gradle.internal.service.scopes.GlobalScopeServices.createImportsReader()Lorg/gradle/configuration/ImportsReader;+4
j  java.lang.invoke.DirectMethodHandle$Holder.invokeVirtual(Ljava/lang/Object;Ljava/lang/Object;)Ljava/lang/Object;+10 java.base@18.0.2.1
J 2132 c1 java.lang.invoke.LambdaForm$MH+0x0000000800c14400.invoke(Ljava/lang/Object;Ljava/lang/Object;)Ljava/lang/Object; java.base@18.0.2.1 (35 bytes) @ 0x00000284e3392cfc [0x00000284e3392780+0x000000000000057c]
J 1814 c1 java.lang.reflect.Method.invoke(Ljava/lang/Object;[Ljava/lang/Object;)Ljava/lang/Object; java.base@18.0.2.1 (108 bytes) @ 0x00000284e32d21ac [0x00000284e32ce120+0x000000000000408c]
j  org.gradle.internal.reflect.JavaMethod.invoke(Ljava/lang/Object;[Ljava/lang/Object;)Ljava/lang/Object;+6
j  org.gradle.internal.service.ReflectionBasedServiceMethod.invoke(Ljava/lang/Object;[Ljava/lang/Object;)Ljava/lang/Object;+6
j  org.gradle.internal.service.DefaultServiceRegistry$FactoryMethodService.invokeMethod([Ljava/lang/Object;)Ljava/lang/Object;+9
j  org.gradle.internal.service.DefaultServiceRegistry$FactoryService.createServiceInstance()Ljava/lang/Object;+7
J 2208 c1 org.gradle.internal.service.DefaultServiceRegistry$ManagedObjectServiceProvider.getInstance()Ljava/lang/Object; (47 bytes) @ 0x00000284e33b5d94 [0x00000284e33b5be0+0x00000000000001b4]
J 2207 c1 org.gradle.internal.service.DefaultServiceRegistry$SingletonService.get()Ljava/lang/Object; (5 bytes) @ 0x00000284e33b5014 [0x00000284e33b4fa0+0x0000000000000074]
j  org.gradle.internal.service.DefaultServiceRegistry$FactoryService.assembleParameters()[Ljava/lang/Object;+44
j  org.gradle.internal.service.DefaultServiceRegistry$FactoryService.createServiceInstance()Ljava/lang/Object;+1
J 2208 c1 org.gradle.internal.service.DefaultServiceRegistry$ManagedObjectServiceProvider.getInstance()Ljava/lang/Object; (47 bytes) @ 0x00000284e33b5d94 [0x00000284e33b5be0+0x00000000000001b4]
J 2207 c1 org.gradle.internal.service.DefaultServiceRegistry$SingletonService.get()Ljava/lang/Object; (5 bytes) @ 0x00000284e33b5014 [0x00000284e33b4fa0+0x0000000000000074]
j  org.gradle.internal.service.DefaultServiceRegistry$FactoryService.assembleParameters()[Ljava/lang/Object;+44
j  org.gradle.internal.service.DefaultServiceRegistry$FactoryService.createServiceInstance()Ljava/lang/Object;+1
J 2208 c1 org.gradle.internal.service.DefaultServiceRegistry$ManagedObjectServiceProvider.getInstance()Ljava/lang/Object; (47 bytes) @ 0x00000284e33b5d94 [0x00000284e33b5be0+0x00000000000001b4]
J 2207 c1 org.gradle.internal.service.DefaultServiceRegistry$SingletonService.get()Ljava/lang/Object; (5 bytes) @ 0x00000284e33b5014 [0x00000284e33b4fa0+0x0000000000000074]
j  org.gradle.internal.service.DefaultServiceRegistry$FactoryService.assembleParameters()[Ljava/lang/Object;+44
j  org.gradle.internal.service.DefaultServiceRegistry$FactoryService.createServiceInstance()Ljava/lang/Object;+1
J 2208 c1 org.gradle.internal.service.DefaultServiceRegistry$ManagedObjectServiceProvider.getInstance()Ljava/lang/Object; (47 bytes) @ 0x00000284e33b5d94 [0x00000284e33b5be0+0x00000000000001b4]
J 2207 c1 org.gradle.internal.service.DefaultServiceRegistry$SingletonService.get()Ljava/lang/Object; (5 bytes) @ 0x00000284e33b5014 [0x00000284e33b4fa0+0x0000000000000074]
j  org.gradle.internal.service.DefaultServiceRegistry.find(Ljava/lang/reflect/Type;)Ljava/lang/Object;+22
j  org.gradle.internal.service.DefaultServiceRegistry.get(Ljava/lang/reflect/Type;)Ljava/lang/Object;+2
j  org.gradle.internal.service.DefaultServiceRegistry.get(Ljava/lang/Class;)Ljava/lang/Object;+3
j  org.gradle.internal.service.scopes.BuildScopeServices.defaultScriptPluginFactory()Lorg/gradle/configuration/DefaultScriptPluginFactory;+8
j  org.gradle.internal.service.scopes.BuildScopeServices.createScriptPluginFactory(Lorg/gradle/internal/instantiation/InstantiatorFactory;Lorg/gradle/internal/operations/BuildOperationExecutor;Lorg/gradle/configuration/internal/UserCodeApplicationContext;)Lorg/gradle/configuration/ScriptPluginFactory;+1
j  java.lang.invoke.LambdaForm$DMH+0x0000000800ccc000.invokeVirtual(Ljava/lang/Object;Ljava/lang/Object;Ljava/lang/Object;Ljava/lang/Object;Ljava/lang/Object;)Ljava/lang/Object;+16 java.base@18.0.2.1
j  java.lang.invoke.LambdaForm$MH+0x0000000800d6a800.invoke(Ljava/lang/Object;Ljava/lang/Object;Ljava/lang/Object;Ljava/lang/Object;Ljava/lang/Object;)Ljava/lang/Object;+93 java.base@18.0.2.1
J 1814 c1 java.lang.reflect.Method.invoke(Ljava/lang/Object;[Ljava/lang/Object;)Ljava/lang/Object; java.base@18.0.2.1 (108 bytes) @ 0x00000284e32d0e2c [0x00000284e32ce120+0x0000000000002d0c]
j  org.gradle.internal.reflect.JavaMethod.invoke(Ljava/lang/Object;[Ljava/lang/Object;)Ljava/lang/Object;+6
j  org.gradle.internal.service.ReflectionBasedServiceMethod.invoke(Ljava/lang/Object;[Ljava/lang/Object;)Ljava/lang/Object;+6
j  org.gradle.internal.service.DefaultServiceRegistry$FactoryMethodService.invokeMethod([Ljava/lang/Object;)Ljava/lang/Object;+9
j  org.gradle.internal.service.DefaultServiceRegistry$FactoryService.createServiceInstance()Ljava/lang/Object;+7
J 2208 c1 org.gradle.internal.service.DefaultServiceRegistry$ManagedObjectServiceProvider.getInstance()Ljava/lang/Object; (47 bytes) @ 0x00000284e33b5d94 [0x00000284e33b5be0+0x00000000000001b4]
J 2207 c1 org.gradle.internal.service.DefaultServiceRegistry$SingletonService.get()Ljava/lang/Object; (5 bytes) @ 0x00000284e33b5014 [0x00000284e33b4fa0+0x0000000000000074]
j  org.gradle.internal.service.DefaultServiceRegistry$FactoryService.assembleParameters()[Ljava/lang/Object;+44
j  org.gradle.internal.service.DefaultServiceRegistry$FactoryService.createServiceInstance()Ljava/lang/Object;+1
J 2208 c1 org.gradle.internal.service.DefaultServiceRegistry$ManagedObjectServiceProvider.getInstance()Ljava/lang/Object; (47 bytes) @ 0x00000284e33b5d94 [0x00000284e33b5be0+0x00000000000001b4]
J 2207 c1 org.gradle.internal.service.DefaultServiceRegistry$SingletonService.get()Ljava/lang/Object; (5 bytes) @ 0x00000284e33b5014 [0x00000284e33b4fa0+0x0000000000000074]
j  org.gradle.internal.service.DefaultServiceRegistry$FactoryService.assembleParameters()[Ljava/lang/Object;+44
j  org.gradle.internal.service.DefaultServiceRegistry$FactoryService.createServiceInstance()Ljava/lang/Object;+1
J 2208 c1 org.gradle.internal.service.DefaultServiceRegistry$ManagedObjectServiceProvider.getInstance()Ljava/lang/Object; (47 bytes) @ 0x00000284e33b5d94 [0x00000284e33b5be0+0x00000000000001b4]
J 2207 c1 org.gradle.internal.service.DefaultServiceRegistry$SingletonService.get()Ljava/lang/Object; (5 bytes) @ 0x00000284e33b5014 [0x00000284e33b4fa0+0x0000000000000074]
j  org.gradle.internal.service.DefaultServiceRegistry$FactoryService.assembleParameters()[Ljava/lang/Object;+44
j  org.gradle.internal.service.DefaultServiceRegistry$FactoryService.createServiceInstance()Ljava/lang/Object;+1
J 2208 c1 org.gradle.internal.service.DefaultServiceRegistry$ManagedObjectServiceProvider.getInstance()Ljava/lang/Object; (47 bytes) @ 0x00000284e33b5d94 [0x00000284e33b5be0+0x00000000000001b4]
J 2207 c1 org.gradle.internal.service.DefaultServiceRegistry$SingletonService.get()Ljava/lang/Object; (5 bytes) @ 0x00000284e33b5014 [0x00000284e33b4fa0+0x0000000000000074]
j  org.gradle.internal.service.DefaultServiceRegistry.find(Ljava/lang/reflect/Type;)Ljava/lang/Object;+22
j  org.gradle.internal.service.DefaultServiceRegistry.get(Ljava/lang/reflect/Type;)Ljava/lang/Object;+2
j  org.gradle.internal.service.DefaultServiceRegistry.get(Ljava/lang/Class;)Ljava/lang/Object;+3
j  org.gradle.configurationcache.DefaultBuildModelControllerServices$VintageBuildControllerProvider.createBuildModelController(Lorg/gradle/api/internal/GradleInternal;Lorg/gradle/internal/model/StateTransitionControllerFactory;)Lorg/gradle/internal/build/BuildModelController;+67
j  java.lang.invoke.DirectMethodHandle$Holder.invokeSpecial(Ljava/lang/Object;Ljava/lang/Object;Ljava/lang/Object;Ljava/lang/Object;)Ljava/lang/Object;+14 java.base@18.0.2.1
j  java.lang.invoke.LambdaForm$MH+0x0000000800c89800.invoke(Ljava/lang/Object;Ljava/lang/Object;Ljava/lang/Object;Ljava/lang/Object;)Ljava/lang/Object;+73 java.base@18.0.2.1
J 1814 c1 java.lang.reflect.Method.invoke(Ljava/lang/Object;[Ljava/lang/Object;)Ljava/lang/Object; java.base@18.0.2.1 (108 bytes) @ 0x00000284e32d14f4 [0x00000284e32ce120+0x00000000000033d4]
j  org.gradle.internal.reflect.JavaMethod.invoke(Ljava/lang/Object;[Ljava/lang/Object;)Ljava/lang/Object;+6
j  org.gradle.internal.service.ReflectionBasedServiceMethod.invoke(Ljava/lang/Object;[Ljava/lang/Object;)Ljava/lang/Object;+6
j  org.gradle.internal.service.DefaultServiceRegistry$FactoryMethodService.invokeMethod([Ljava/lang/Object;)Ljava/lang/Object;+9
j  org.gradle.internal.service.DefaultServiceRegistry$FactoryService.createServiceInstance()Ljava/lang/Object;+7
J 2208 c1 org.gradle.internal.service.DefaultServiceRegistry$ManagedObjectServiceProvider.getInstance()Ljava/lang/Object; (47 bytes) @ 0x00000284e33b5d94 [0x00000284e33b5be0+0x00000000000001b4]
J 2207 c1 org.gradle.internal.service.DefaultServiceRegistry$SingletonService.get()Ljava/lang/Object; (5 bytes) @ 0x00000284e33b5014 [0x00000284e33b4fa0+0x0000000000000074]
j  org.gradle.internal.service.DefaultServiceRegistry.find(Ljava/lang/reflect/Type;)Ljava/lang/Object;+22
j  org.gradle.internal.service.DefaultServiceRegistry.get(Ljava/lang/reflect/Type;)Ljava/lang/Object;+2
j  org.gradle.internal.service.DefaultServiceRegistry.get(Ljava/lang/Class;)Ljava/lang/Object;+3
j  org.gradle.internal.build.DefaultBuildLifecycleControllerFactory.newInstance(Lorg/gradle/api/internal/BuildDefinition;Lorg/gradle/internal/service/scopes/BuildScopeServices;)Lorg/gradle/internal/build/BuildLifecycleController;+205
j  org.gradle.configurationcache.DefaultBuildModelControllerServices$ServicesProvider.createBuildLifecycleController(Lorg/gradle/internal/build/BuildLifecycleControllerFactory;)Lorg/gradle/internal/build/BuildLifecycleController;+15
J 1717 c1 java.lang.invoke.DirectMethodHandle$Holder.invokeSpecial(Ljava/lang/Object;Ljava/lang/Object;Ljava/lang/Object;)Ljava/lang/Object; java.base@18.0.2.1 (15 bytes) @ 0x00000284e32902dc [0x00000284e328fee0+0x00000000000003fc]
j  java.lang.invoke.LambdaForm$MH+0x0000000800d68800.invoke(Ljava/lang/Object;Ljava/lang/Object;Ljava/lang/Object;)Ljava/lang/Object;+52 java.base@18.0.2.1
J 1814 c1 java.lang.reflect.Method.invoke(Ljava/lang/Object;[Ljava/lang/Object;)Ljava/lang/Object; java.base@18.0.2.1 (108 bytes) @ 0x00000284e32d1b94 [0x00000284e32ce120+0x0000000000003a74]
j  org.gradle.internal.reflect.JavaMethod.invoke(Ljava/lang/Object;[Ljava/lang/Object;)Ljava/lang/Object;+6
j  org.gradle.internal.service.ReflectionBasedServiceMethod.invoke(Ljava/lang/Object;[Ljava/lang/Object;)Ljava/lang/Object;+6
j  org.gradle.internal.service.DefaultServiceRegistry$FactoryMethodService.invokeMethod([Ljava/lang/Object;)Ljava/lang/Object;+9
j  org.gradle.internal.service.DefaultServiceRegistry$FactoryService.createServiceInstance()Ljava/lang/Object;+7
J 2208 c1 org.gradle.internal.service.DefaultServiceRegistry$ManagedObjectServiceProvider.getInstance()Ljava/lang/Object; (47 bytes) @ 0x00000284e33b5d94 [0x00000284e33b5be0+0x00000000000001b4]
J 2207 c1 org.gradle.internal.service.DefaultServiceRegistry$SingletonService.get()Ljava/lang/Object; (5 bytes) @ 0x00000284e33b5014 [0x00000284e33b4fa0+0x0000000000000074]
j  org.gradle.internal.service.DefaultServiceRegistry.find(Ljava/lang/reflect/Type;)Ljava/lang/Object;+22
j  org.gradle.internal.service.DefaultServiceRegistry.get(Ljava/lang/reflect/Type;)Ljava/lang/Object;+2
j  org.gradle.internal.service.DefaultServiceRegistry.get(Ljava/lang/Class;)Ljava/lang/Object;+3
j  org.gradle.internal.build.AbstractBuildState.lambda$new$0()Lorg/gradle/internal/build/BuildLifecycleController;+6
j  org.gradle.internal.build.AbstractBuildState$$Lambda$172+0x0000000800e8c000.get()Ljava/lang/Object;+4
j  org.gradle.internal.lazy.LockingLazy.get()Ljava/lang/Object;+22
j  org.gradle.internal.build.AbstractBuildState.getBuildController()Lorg/gradle/internal/build/BuildLifecycleController;+4
j  org.gradle.composite.internal.DefaultRootBuildState.<init>(Lorg/gradle/api/internal/BuildDefinition;Lorg/gradle/internal/buildtree/BuildTreeState;Lorg/gradle/internal/event/ListenerManager;)V+19
j  org.gradle.composite.internal.BuildStateFactory.createRootBuild(Lorg/gradle/api/internal/BuildDefinition;)Lorg/gradle/internal/build/RootBuildState;+13
j  org.gradle.composite.internal.DefaultIncludedBuildRegistry.createRootBuild(Lorg/gradle/api/internal/BuildDefinition;)Lorg/gradle/internal/build/RootBuildState;+23
j  org.gradle.launcher.exec.RootBuildLifecycleBuildActionExecutor.execute(Lorg/gradle/internal/invocation/BuildAction;Lorg/gradle/internal/buildtree/BuildTreeContext;)Lorg/gradle/internal/buildtree/BuildActionRunner$Result;+14
j  org.gradle.internal.buildtree.DefaultBuildTreeContext.execute(Lorg/gradle/internal/invocation/BuildAction;)Lorg/gradle/internal/buildtree/BuildActionRunner$Result;+64
j  org.gradle.launcher.exec.BuildTreeLifecycleBuildActionExecutor.lambda$execute$0(Lorg/gradle/internal/invocation/BuildAction;Lorg/gradle/internal/buildtree/BuildTreeContext;)Lorg/gradle/internal/buildtree/BuildActionRunner$Result;+2
j  org.gradle.launcher.exec.BuildTreeLifecycleBuildActionExecutor$$Lambda$150+0x0000000800e2cb30.apply(Ljava/lang/Object;)Ljava/lang/Object;+8
j  org.gradle.internal.buildtree.BuildTreeState.run(Ljava/util/function/Function;)Ljava/lang/Object;+5
j  org.gradle.launcher.exec.BuildTreeLifecycleBuildActionExecutor.execute(Lorg/gradle/internal/invocation/BuildAction;Lorg/gradle/internal/session/BuildSessionContext;)Lorg/gradle/internal/buildtree/BuildActionRunner$Result;+181
j  org.gradle.launcher.exec.RunAsBuildOperationBuildActionExecutor$3.call(Lorg/gradle/internal/operations/BuildOperationContext;)Lorg/gradle/internal/buildtree/BuildActionRunner$Result;+25
j  org.gradle.launcher.exec.RunAsBuildOperationBuildActionExecutor$3.call(Lorg/gradle/internal/operations/BuildOperationContext;)Ljava/lang/Object;+2
j  org.gradle.internal.operations.DefaultBuildOperationRunner$CallableBuildOperationWorker.execute(Lorg/gradle/internal/operations/CallableBuildOperation;Lorg/gradle/internal/operations/BuildOperationContext;)V+3
j  org.gradle.internal.operations.DefaultBuildOperationRunner$CallableBuildOperationWorker.execute(Lorg/gradle/internal/operations/BuildOperation;Lorg/gradle/internal/operations/BuildOperationContext;)V+6
j  org.gradle.internal.operations.DefaultBuildOperationRunner$2.execute(Lorg/gradle/internal/operations/BuildOperationDescriptor;Lorg/gradle/internal/operations/BuildOperationState;Lorg/gradle/internal/operations/BuildOperationState;Lorg/gradle/internal/operations/DefaultBuildOperationRunner$ReadableBuildOperationContext;Lorg/gradle/internal/operations/DefaultBuildOperationRunner$BuildOperationExecutionListener;)Lorg/gradle/internal/operations/BuildOperation;+22
j  org.gradle.internal.operations.DefaultBuildOperationRunner$2.execute(Lorg/gradle/internal/operations/BuildOperationDescriptor;Lorg/gradle/internal/operations/BuildOperationState;Lorg/gradle/internal/operations/BuildOperationState;Lorg/gradle/internal/operations/DefaultBuildOperationRunner$ReadableBuildOperationContext;Lorg/gradle/internal/operations/DefaultBuildOperationRunner$BuildOperationExecutionListener;)Ljava/lang/Object;+8
j  org.gradle.internal.operations.DefaultBuildOperationRunner.execute(Lorg/gradle/internal/operations/BuildOperationDescriptor$Builder;Lorg/gradle/internal/operations/BuildOperationState;Lorg/gradle/internal/operations/DefaultBuildOperationRunner$BuildOperationExecution;)Ljava/lang/Object;+141
j  org.gradle.internal.operations.DefaultBuildOperationRunner.execute(Lorg/gradle/internal/operations/BuildOperation;Lorg/gradle/internal/operations/BuildOperationWorker;Lorg/gradle/internal/operations/BuildOperationState;)V+18
j  org.gradle.internal.operations.DefaultBuildOperationRunner.call(Lorg/gradle/internal/operations/CallableBuildOperation;)Ljava/lang/Object;+16
j  org.gradle.internal.operations.DefaultBuildOperationExecutor.call(Lorg/gradle/internal/operations/CallableBuildOperation;)Ljava/lang/Object;+5
j  org.gradle.launcher.exec.RunAsBuildOperationBuildActionExecutor.execute(Lorg/gradle/internal/invocation/BuildAction;Lorg/gradle/internal/session/BuildSessionContext;)Lorg/gradle/internal/buildtree/BuildActionRunner$Result;+23
j  org.gradle.launcher.exec.RunAsWorkerThreadBuildActionExecutor.lambda$execute$0(Lorg/gradle/internal/invocation/BuildAction;Lorg/gradle/internal/session/BuildSessionContext;)Lorg/gradle/internal/buildtree/BuildActionRunner$Result;+6
j  org.gradle.launcher.exec.RunAsWorkerThreadBuildActionExecutor$$Lambda$149+0x0000000800e0b598.create()Ljava/lang/Object;+12
j  org.gradle.internal.work.DefaultWorkerLeaseService.withLocks(Ljava/util/Collection;Lorg/gradle/internal/Factory;)Ljava/lang/Object;+28
j  org.gradle.internal.work.DefaultWorkerLeaseService.runAsWorkerThread(Lorg/gradle/internal/Factory;)Ljava/lang/Object;+33
j  org.gradle.launcher.exec.RunAsWorkerThreadBuildActionExecutor.execute(Lorg/gradle/internal/invocation/BuildAction;Lorg/gradle/internal/session/BuildSessionContext;)Lorg/gradle/internal/buildtree/BuildActionRunner$Result;+12
j  org.gradle.tooling.internal.provider.continuous.ContinuousBuildActionExecutor.execute(Lorg/gradle/internal/invocation/BuildAction;Lorg/gradle/internal/session/BuildSessionContext;)Lorg/gradle/internal/buildtree/BuildActionRunner$Result;+58
j  org.gradle.tooling.internal.provider.SubscribableBuildActionExecutor.execute(Lorg/gradle/internal/invocation/BuildAction;Lorg/gradle/internal/session/BuildSessionContext;)Lorg/gradle/internal/buildtree/BuildActionRunner$Result;+30
j  org.gradle.internal.session.DefaultBuildSessionContext.execute(Lorg/gradle/internal/invocation/BuildAction;)Lorg/gradle/internal/buildtree/BuildActionRunner$Result;+64
j  org.gradle.tooling.internal.provider.BuildSessionLifecycleBuildActionExecuter$ActionImpl.apply(Lorg/gradle/internal/session/BuildSessionContext;)Lorg/gradle/launcher/exec/BuildActionResult;+6
j  org.gradle.tooling.internal.provider.BuildSessionLifecycleBuildActionExecuter$ActionImpl.apply(Ljava/lang/Object;)Ljava/lang/Object;+5
j  org.gradle.internal.session.BuildSessionState.run(Ljava/util/function/Function;)Ljava/lang/Object;+5
j  org.gradle.tooling.internal.provider.BuildSessionLifecycleBuildActionExecuter.execute(Lorg/gradle/internal/invocation/BuildAction;Lorg/gradle/launcher/exec/BuildActionParameters;Lorg/gradle/initialization/BuildRequestContext;)Lorg/gradle/launcher/exec/BuildActionResult;+95
j  org.gradle.tooling.internal.provider.BuildSessionLifecycleBuildActionExecuter.execute(Lorg/gradle/internal/invocation/BuildAction;Ljava/lang/Object;Ljava/lang/Object;)Lorg/gradle/launcher/exec/BuildActionResult;+10
j  org.gradle.tooling.internal.provider.StartParamsValidatingActionExecuter.execute(Lorg/gradle/internal/invocation/BuildAction;Lorg/gradle/launcher/exec/BuildActionParameters;Lorg/gradle/initialization/BuildRequestContext;)Lorg/gradle/launcher/exec/BuildActionResult;+177
j  org.gradle.tooling.internal.provider.StartParamsValidatingActionExecuter.execute(Lorg/gradle/internal/invocation/BuildAction;Ljava/lang/Object;Ljava/lang/Object;)Lorg/gradle/launcher/exec/BuildActionResult;+10
j  org.gradle.tooling.internal.provider.SessionFailureReportingActionExecuter.execute(Lorg/gradle/internal/invocation/BuildAction;Lorg/gradle/launcher/exec/BuildActionParameters;Lorg/gradle/initialization/BuildRequestContext;)Lorg/gradle/launcher/exec/BuildActionResult;+7
j  org.gradle.tooling.internal.provider.SessionFailureReportingActionExecuter.execute(Lorg/gradle/internal/invocation/BuildAction;Ljava/lang/Object;Ljava/lang/Object;)Lorg/gradle/launcher/exec/BuildActionResult;+10
j  org.gradle.tooling.internal.provider.SetupLoggingActionExecuter.execute(Lorg/gradle/internal/invocation/BuildAction;Lorg/gradle/launcher/exec/BuildActionParameters;Lorg/gradle/initialization/BuildRequestContext;)Lorg/gradle/launcher/exec/BuildActionResult;+50
j  org.gradle.tooling.internal.provider.SetupLoggingActionExecuter.execute(Lorg/gradle/internal/invocation/BuildAction;Ljava/lang/Object;Ljava/lang/Object;)Lorg/gradle/launcher/exec/BuildActionResult;+10
j  org.gradle.launcher.daemon.server.exec.ExecuteBuild.doBuild(Lorg/gradle/launcher/daemon/server/api/DaemonCommandExecution;Lorg/gradle/launcher/daemon/protocol/Build;)V+117
j  org.gradle.launcher.daemon.server.exec.BuildCommandOnly.execute(Lorg/gradle/launcher/daemon/server/api/DaemonCommandExecution;)V+49
j  org.gradle.launcher.daemon.server.api.DaemonCommandExecution.proceed()Z+23
j  org.gradle.launcher.daemon.server.exec.WatchForDisconnection.execute(Lorg/gradle/launcher/daemon/server/api/DaemonCommandExecution;)V+19
j  org.gradle.launcher.daemon.server.api.DaemonCommandExecution.proceed()Z+23
j  org.gradle.launcher.daemon.server.exec.ResetDeprecationLogger.execute(Lorg/gradle/launcher/daemon/server/api/DaemonCommandExecution;)V+7
j  org.gradle.launcher.daemon.server.api.DaemonCommandExecution.proceed()Z+23
j  org.gradle.launcher.daemon.server.exec.RequestStopIfSingleUsedDaemon.execute(Lorg/gradle/launcher/daemon/server/api/DaemonCommandExecution;)V+33
j  org.gradle.launcher.daemon.server.api.DaemonCommandExecution.proceed()Z+23
j  org.gradle.launcher.daemon.server.exec.ForwardClientInput$2.create()Ljava/lang/Void;+4
j  org.gradle.launcher.daemon.server.exec.ForwardClientInput$2.create()Ljava/lang/Object;+1
j  org.gradle.util.internal.Swapper.swap(Ljava/lang/Object;Lorg/gradle/internal/Factory;)Ljava/lang/Object;+21
j  org.gradle.launcher.daemon.server.exec.ForwardClientInput.execute(Lorg/gradle/launcher/daemon/server/api/DaemonCommandExecution;)V+63
j  org.gradle.launcher.daemon.server.api.DaemonCommandExecution.proceed()Z+23
j  org.gradle.launcher.daemon.server.exec.LogAndCheckHealth.execute(Lorg/gradle/launcher/daemon/server/api/DaemonCommandExecution;)V+51
j  org.gradle.launcher.daemon.server.api.DaemonCommandExecution.proceed()Z+23
j  org.gradle.launcher.daemon.server.exec.LogToClient.doBuild(Lorg/gradle/launcher/daemon/server/api/DaemonCommandExecution;Lorg/gradle/launcher/daemon/protocol/Build;)V+87
j  org.gradle.launcher.daemon.server.exec.BuildCommandOnly.execute(Lorg/gradle/launcher/daemon/server/api/DaemonCommandExecution;)V+49
j  org.gradle.launcher.daemon.server.api.DaemonCommandExecution.proceed()Z+23
j  org.gradle.launcher.daemon.server.exec.EstablishBuildEnvironment.doBuild(Lorg/gradle/launcher/daemon/server/api/DaemonCommandExecution;Lorg/gradle/launcher/daemon/protocol/Build;)V+356
j  org.gradle.launcher.daemon.server.exec.BuildCommandOnly.execute(Lorg/gradle/launcher/daemon/server/api/DaemonCommandExecution;)V+49
j  org.gradle.launcher.daemon.server.api.DaemonCommandExecution.proceed()Z+23
j  org.gradle.launcher.daemon.server.exec.StartBuildOrRespondWithBusy$1.run()V+44
j  org.gradle.launcher.daemon.server.DaemonStateCoordinator$1.run()V+4
j  org.gradle.internal.concurrent.ExecutorPolicy$CatchAndRecordFailures.onExecute(Ljava/lang/Runnable;)V+1
j  org.gradle.internal.concurrent.ManagedExecutorImpl$1.run()V+25
j  java.util.concurrent.ThreadPoolExecutor.runWorker(Ljava/util/concurrent/ThreadPoolExecutor$Worker;)V+92 java.base@18.0.2.1
j  java.util.concurrent.ThreadPoolExecutor$Worker.run()V+5 java.base@18.0.2.1
j  java.lang.Thread.run()V+11 java.base@18.0.2.1
v  ~StubRoutines::call_stub

---------------  P R O C E S S  ---------------

Threads class SMR info:
_java_thread_list=0x000002848072ae20, length=26, elements={
0x00000284db079a10, 0x00000284f970ec20, 0x00000284f970f880, 0x00000284f9729b80,
0x00000284f972a520, 0x00000284f972aec0, 0x00000284f972b860, 0x00000284f972c530,
0x00000284f972f6c0, 0x00000284f9737d60, 0x00000284fd9b1ed0, 0x00000284fd9ba9e0,
0x00000284fe8e0940, 0x00000284fe3dced0, 0x00000284fe6dbc40, 0x00000284ff1fe260,
0x00000284ff1fe720, 0x00000284fecf3a80, 0x00000284fed051d0, 0x00000284fed05690,
0x00000284fe419240, 0x00000284fe417090, 0x00000284fe416bc0, 0x00000284fe4183d0,
0x00000284fe415d50, 0x00000284fe415880
}

Java Threads: ( => current thread )
  0x00000284db079a10 JavaThread "main" [_thread_blocked, id=26316, stack(0x000000dbe7e00000,0x000000dbe7f00000)]
  0x00000284f970ec20 JavaThread "Reference Handler" daemon [_thread_blocked, id=28332, stack(0x000000dbe8500000,0x000000dbe8600000)]
  0x00000284f970f880 JavaThread "Finalizer" daemon [_thread_blocked, id=33444, stack(0x000000dbe8600000,0x000000dbe8700000)]
  0x00000284f9729b80 JavaThread "Signal Dispatcher" daemon [_thread_blocked, id=33476, stack(0x000000dbe8700000,0x000000dbe8800000)]
  0x00000284f972a520 JavaThread "Attach Listener" daemon [_thread_blocked, id=33480, stack(0x000000dbe8800000,0x000000dbe8900000)]
  0x00000284f972aec0 JavaThread "Service Thread" daemon [_thread_blocked, id=33484, stack(0x000000dbe8900000,0x000000dbe8a00000)]
  0x00000284f972b860 JavaThread "Monitor Deflation Thread" daemon [_thread_blocked, id=33488, stack(0x000000dbe8a00000,0x000000dbe8b00000)]
  0x00000284f972c530 JavaThread "C2 CompilerThread0" daemon [_thread_blocked, id=10536, stack(0x000000dbe8b00000,0x000000dbe8c00000)]
  0x00000284f972f6c0 JavaThread "C1 CompilerThread0" daemon [_thread_blocked, id=20148, stack(0x000000dbe8c00000,0x000000dbe8d00000)]
  0x00000284f9737d60 JavaThread "Sweeper thread" daemon [_thread_blocked, id=12532, stack(0x000000dbe8d00000,0x000000dbe8e00000)]
  0x00000284fd9b1ed0 JavaThread "Common-Cleaner" daemon [_thread_blocked, id=33712, stack(0x000000dbe8e00000,0x000000dbe8f00000)]
  0x00000284fd9ba9e0 JavaThread "Notification Thread" daemon [_thread_blocked, id=33716, stack(0x000000dbe8f00000,0x000000dbe9000000)]
  0x00000284fe8e0940 JavaThread "Daemon health stats" [_thread_blocked, id=33536, stack(0x000000dbe9500000,0x000000dbe9600000)]
  0x00000284fe3dced0 JavaThread "Incoming local TCP Connector on port 59882" [_thread_in_native, id=33308, stack(0x000000dbe9600000,0x000000dbe9700000)]
  0x00000284fe6dbc40 JavaThread "Daemon periodic checks" [_thread_blocked, id=30356, stack(0x000000dbe9700000,0x000000dbe9800000)]
  0x00000284ff1fe260 JavaThread "Daemon" [_thread_blocked, id=32252, stack(0x000000dbe9800000,0x000000dbe9900000)]
  0x00000284ff1fe720 JavaThread "Handler for socket connection from /127.0.0.1:59882 to /127.0.0.1:59883" [_thread_in_native, id=15988, stack(0x000000dbe9900000,0x000000dbe9a00000)]
  0x00000284fecf3a80 JavaThread "Cancel handler" [_thread_blocked, id=12968, stack(0x000000dbe9a00000,0x000000dbe9b00000)]
=>0x00000284fed051d0 JavaThread "Daemon worker" [_thread_in_vm, id=164, stack(0x000000dbe9b00000,0x000000dbe9c00000)]
  0x00000284fed05690 JavaThread "Asynchronous log dispatcher for DefaultDaemonConnection: socket connection from /127.0.0.1:59882 to /127.0.0.1:59883" [_thread_blocked, id=4456, stack(0x000000dbe9c00000,0x000000dbe9d00000)]
  0x00000284fe419240 JavaThread "Stdin handler" [_thread_blocked, id=28424, stack(0x000000dbe9d00000,0x000000dbe9e00000)]
  0x00000284fe417090 JavaThread "Daemon client event forwarder" [_thread_blocked, id=29476, stack(0x000000dbe9e00000,0x000000dbe9f00000)]
  0x00000284fe416bc0 JavaThread "Cache worker for journal cache (C:\Users\LENOVO ideapadGAMING\.gradle\caches\journal-1)" [_thread_blocked, id=28440, stack(0x000000dbe9f00000,0x000000dbea000000)]
  0x00000284fe4183d0 JavaThread "File lock request listener" [_thread_in_native, id=28584, stack(0x000000dbea000000,0x000000dbea100000)]
  0x00000284fe415d50 JavaThread "Cache worker for file hash cache (C:\Users\LENOVO ideapadGAMING\.gradle\caches\8.0.1\fileHashes)" [_thread_blocked, id=28796, stack(0x000000dbea100000,0x000000dbea200000)]
  0x00000284fe415880 JavaThread "File lock release action executor" [_thread_blocked, id=16608, stack(0x000000dbea700000,0x000000dbea800000)]

Other Threads:
  0x00000284f970c0e0 VMThread "VM Thread" [stack: 0x000000dbe8400000,0x000000dbe8500000] [id=11512]
  0x00000284fd9c26f0 WatcherThread "VM Periodic Task Thread" [stack: 0x000000dbe9000000,0x000000dbe9100000] [id=33720]
  0x00000284db0d89e0 WorkerThread "GC Thread#0" [stack: 0x000000dbe7f00000,0x000000dbe8000000] [id=27696]
  0x00000284fe1a1ff0 WorkerThread "GC Thread#1" [stack: 0x000000dbe9100000,0x000000dbe9200000] [id=27288]
  0x00000284fe2545c0 WorkerThread "GC Thread#2" [stack: 0x000000dbe9200000,0x000000dbe9300000] [id=27076]
  0x00000284fe22c0e0 WorkerThread "GC Thread#3" [stack: 0x000000dbe9300000,0x000000dbe9400000] [id=28396]
  0x00000284fe9056d0 WorkerThread "GC Thread#4" [stack: 0x000000dbe9400000,0x000000dbe9500000] [id=28044]
  0x0000028480551c40 WorkerThread "GC Thread#5" [stack: 0x000000dbea200000,0x000000dbea300000] [id=28468]
  0x0000028480551ee0 WorkerThread "GC Thread#6" [stack: 0x000000dbea300000,0x000000dbea400000] [id=24152]
  0x0000028480552180 WorkerThread "GC Thread#7" [stack: 0x000000dbea400000,0x000000dbea500000] [id=33052]
  0x0000028480151690 WorkerThread "GC Thread#8" [stack: 0x000000dbea500000,0x000000dbea600000] [id=27480]
  0x0000028480151930 WorkerThread "GC Thread#9" [stack: 0x000000dbea600000,0x000000dbea700000] [id=9896]
  0x00000284db0e9910 ConcurrentGCThread "G1 Main Marker" [stack: 0x000000dbe8000000,0x000000dbe8100000] [id=19700]
  0x00000284db0ea300 WorkerThread "G1 Conc#0" [stack: 0x000000dbe8100000,0x000000dbe8200000] [id=32260]
  0x00000284db12e660 ConcurrentGCThread "G1 Refine#0" [stack: 0x000000dbe8200000,0x000000dbe8300000] [id=17056]
  0x00000284f95c4120 ConcurrentGCThread "G1 Service" [stack: 0x000000dbe8300000,0x000000dbe8400000] [id=10268]

Threads with active compile tasks:

VM state: not at safepoint (normal execution)

VM Mutex/Monitor currently owned by a thread:  ([mutex/lock_event])
[0x00000284d8e66950] Metaspace_lock - owner thread: 0x00000284fed051d0

Heap address: 0x0000000080000000, size: 2048 MB, Compressed Oops mode: 32-bit

CDS archive(s) mapped at: [0x0000000800000000-0x0000000800ba0000-0x0000000800ba0000), size 12189696, SharedBaseAddress: 0x0000000800000000, ArchiveRelocationMode: 0.
Compressed class space mapped at: 0x0000000800c00000-0x000000081a800000, reserved size: 432013312
Narrow klass base: 0x0000000800000000, Narrow klass shift: 0, Narrow klass range: 0x100000000

GC Precious Log:
 CardTable entry size: 512
 Card Set container configuration: InlinePtr #cards 5 size 8 Array Of Cards #cards 12 size 40 Howl #buckets 4 coarsen threshold 1843 Howl Bitmap #cards 512 size 80 coarsen threshold 460 Card regions per heap region 1 cards per card region 2048
 CPUs: 12 total, 12 available
 Memory: 8060M
 Large Page Support: Disabled
 NUMA Support: Disabled
 Compressed Oops: Enabled (32-bit)
 Heap Region Size: 1M
 Heap Min Capacity: 8M
 Heap Initial Capacity: 126M
 Heap Max Capacity: 2G
 Pre-touch: Disabled
 Parallel Workers: 10
 Concurrent Workers: 3
 Concurrent Refinement Workers: 10
 Periodic GC: Disabled

Heap:
 garbage-first heap   total 129024K, used 25426K [0x0000000080000000, 0x0000000100000000)
  region size 1024K, 16 young (16384K), 10 survivors (10240K)
 Metaspace       used 17600K, committed 18176K, reserved 487424K
  class space    used 2527K, committed 2816K, reserved 421888K

Heap Regions: E=young(eden), S=young(survivor), O=old, HS=humongous(starts), HC=humongous(continues), CS=collection set, F=free, OA=open archive, CA=closed archive, TAMS=top-at-mark-start (previous, next)
|   0|0x0000000080000000, 0x0000000080100000, 0x0000000080100000|100%|HS|  |TAMS 0x0000000080000000, 0x0000000080000000| Complete 
|   1|0x0000000080100000, 0x0000000080200000, 0x0000000080200000|100%|HC|  |TAMS 0x0000000080100000, 0x0000000080100000| Complete 
|   2|0x0000000080200000, 0x0000000080300000, 0x0000000080300000|100%|HC|  |TAMS 0x0000000080200000, 0x0000000080200000| Complete 
|   3|0x0000000080300000, 0x0000000080400000, 0x0000000080400000|100%|HC|  |TAMS 0x0000000080300000, 0x0000000080300000| Complete 
|   4|0x0000000080400000, 0x0000000080500000, 0x0000000080500000|100%| O|  |TAMS 0x0000000080400000, 0x0000000080400000| Untracked 
|   5|0x0000000080500000, 0x0000000080600000, 0x0000000080600000|100%| O|  |TAMS 0x0000000080500000, 0x0000000080500000| Untracked 
|   6|0x0000000080600000, 0x0000000080700000, 0x0000000080700000|100%| O|  |TAMS 0x0000000080600000, 0x0000000080600000| Untracked 
|   7|0x0000000080700000, 0x0000000080700000, 0x0000000080800000|  0%| F|  |TAMS 0x0000000080700000, 0x0000000080700000| Untracked 
|   8|0x0000000080800000, 0x0000000080900000, 0x0000000080900000|100%| O|  |TAMS 0x0000000080800000, 0x0000000080800000| Untracked 
|   9|0x0000000080900000, 0x0000000080a00000, 0x0000000080a00000|100%| O|  |TAMS 0x0000000080900000, 0x0000000080900000| Untracked 
|  10|0x0000000080a00000, 0x0000000080af0400, 0x0000000080b00000| 93%| O|  |TAMS 0x0000000080a00000, 0x0000000080a00000| Untracked 
|  11|0x0000000080b00000, 0x0000000080b00000, 0x0000000080c00000|  0%| F|  |TAMS 0x0000000080b00000, 0x0000000080b00000| Untracked 
|  12|0x0000000080c00000, 0x0000000080c00000, 0x0000000080d00000|  0%| F|  |TAMS 0x0000000080c00000, 0x0000000080c00000| Untracked 
|  13|0x0000000080d00000, 0x0000000080d00000, 0x0000000080e00000|  0%| F|  |TAMS 0x0000000080d00000, 0x0000000080d00000| Untracked 
|  14|0x0000000080e00000, 0x0000000080e00000, 0x0000000080f00000|  0%| F|  |TAMS 0x0000000080e00000, 0x0000000080e00000| Untracked 
|  15|0x0000000080f00000, 0x0000000080f00000, 0x0000000081000000|  0%| F|  |TAMS 0x0000000080f00000, 0x0000000080f00000| Untracked 
|  16|0x0000000081000000, 0x0000000081000000, 0x0000000081100000|  0%| F|  |TAMS 0x0000000081000000, 0x0000000081000000| Untracked 
|  17|0x0000000081100000, 0x0000000081100000, 0x0000000081200000|  0%| F|  |TAMS 0x0000000081100000, 0x0000000081100000| Untracked 
|  18|0x0000000081200000, 0x0000000081200000, 0x0000000081300000|  0%| F|  |TAMS 0x0000000081200000, 0x0000000081200000| Untracked 
|  19|0x0000000081300000, 0x0000000081300000, 0x0000000081400000|  0%| F|  |TAMS 0x0000000081300000, 0x0000000081300000| Untracked 
|  20|0x0000000081400000, 0x0000000081400000, 0x0000000081500000|  0%| F|  |TAMS 0x0000000081400000, 0x0000000081400000| Untracked 
|  21|0x0000000081500000, 0x0000000081500000, 0x0000000081600000|  0%| F|  |TAMS 0x0000000081500000, 0x0000000081500000| Untracked 
|  22|0x0000000081600000, 0x0000000081600000, 0x0000000081700000|  0%| F|  |TAMS 0x0000000081600000, 0x0000000081600000| Untracked 
|  23|0x0000000081700000, 0x0000000081700000, 0x0000000081800000|  0%| F|  |TAMS 0x0000000081700000, 0x0000000081700000| Untracked 
|  24|0x0000000081800000, 0x0000000081800000, 0x0000000081900000|  0%| F|  |TAMS 0x0000000081800000, 0x0000000081800000| Untracked 
|  25|0x0000000081900000, 0x0000000081900000, 0x0000000081a00000|  0%| F|  |TAMS 0x0000000081900000, 0x0000000081900000| Untracked 
|  26|0x0000000081a00000, 0x0000000081a00000, 0x0000000081b00000|  0%| F|  |TAMS 0x0000000081a00000, 0x0000000081a00000| Untracked 
|  27|0x0000000081b00000, 0x0000000081b00000, 0x0000000081c00000|  0%| F|  |TAMS 0x0000000081b00000, 0x0000000081b00000| Untracked 
|  28|0x0000000081c00000, 0x0000000081c00000, 0x0000000081d00000|  0%| F|  |TAMS 0x0000000081c00000, 0x0000000081c00000| Untracked 
|  29|0x0000000081d00000, 0x0000000081d00000, 0x0000000081e00000|  0%| F|  |TAMS 0x0000000081d00000, 0x0000000081d00000| Untracked 
|  30|0x0000000081e00000, 0x0000000081e00000, 0x0000000081f00000|  0%| F|  |TAMS 0x0000000081e00000, 0x0000000081e00000| Untracked 
|  31|0x0000000081f00000, 0x0000000081f00000, 0x0000000082000000|  0%| F|  |TAMS 0x0000000081f00000, 0x0000000081f00000| Untracked 
|  32|0x0000000082000000, 0x0000000082000000, 0x0000000082100000|  0%| F|  |TAMS 0x0000000082000000, 0x0000000082000000| Untracked 
|  33|0x0000000082100000, 0x0000000082100000, 0x0000000082200000|  0%| F|  |TAMS 0x0000000082100000, 0x0000000082100000| Untracked 
|  34|0x0000000082200000, 0x0000000082200000, 0x0000000082300000|  0%| F|  |TAMS 0x0000000082200000, 0x0000000082200000| Untracked 
|  35|0x0000000082300000, 0x0000000082300000, 0x0000000082400000|  0%| F|  |TAMS 0x0000000082300000, 0x0000000082300000| Untracked 
|  36|0x0000000082400000, 0x0000000082400000, 0x0000000082500000|  0%| F|  |TAMS 0x0000000082400000, 0x0000000082400000| Untracked 
|  37|0x0000000082500000, 0x0000000082500000, 0x0000000082600000|  0%| F|  |TAMS 0x0000000082500000, 0x0000000082500000| Untracked 
|  38|0x0000000082600000, 0x0000000082600000, 0x0000000082700000|  0%| F|  |TAMS 0x0000000082600000, 0x0000000082600000| Untracked 
|  39|0x0000000082700000, 0x0000000082700000, 0x0000000082800000|  0%| F|  |TAMS 0x0000000082700000, 0x0000000082700000| Untracked 
|  40|0x0000000082800000, 0x0000000082800000, 0x0000000082900000|  0%| F|  |TAMS 0x0000000082800000, 0x0000000082800000| Untracked 
|  41|0x0000000082900000, 0x00000000829e47d0, 0x0000000082a00000| 89%| S|CS|TAMS 0x0000000082900000, 0x0000000082900000| Complete 
|  42|0x0000000082a00000, 0x0000000082b00000, 0x0000000082b00000|100%| S|CS|TAMS 0x0000000082a00000, 0x0000000082a00000| Complete 
|  43|0x0000000082b00000, 0x0000000082c00000, 0x0000000082c00000|100%| S|CS|TAMS 0x0000000082b00000, 0x0000000082b00000| Complete 
|  44|0x0000000082c00000, 0x0000000082d00000, 0x0000000082d00000|100%| S|CS|TAMS 0x0000000082c00000, 0x0000000082c00000| Complete 
|  45|0x0000000082d00000, 0x0000000082e00000, 0x0000000082e00000|100%| S|CS|TAMS 0x0000000082d00000, 0x0000000082d00000| Complete 
|  46|0x0000000082e00000, 0x0000000082f00000, 0x0000000082f00000|100%| S|CS|TAMS 0x0000000082e00000, 0x0000000082e00000| Complete 
|  47|0x0000000082f00000, 0x0000000083000000, 0x0000000083000000|100%| S|CS|TAMS 0x0000000082f00000, 0x0000000082f00000| Complete 
|  48|0x0000000083000000, 0x0000000083100000, 0x0000000083100000|100%| S|CS|TAMS 0x0000000083000000, 0x0000000083000000| Complete 
|  49|0x0000000083100000, 0x0000000083200000, 0x0000000083200000|100%| S|CS|TAMS 0x0000000083100000, 0x0000000083100000| Complete 
|  50|0x0000000083200000, 0x0000000083300000, 0x0000000083300000|100%| S|CS|TAMS 0x0000000083200000, 0x0000000083200000| Complete 
|  51|0x0000000083300000, 0x0000000083300000, 0x0000000083400000|  0%| F|  |TAMS 0x0000000083300000, 0x0000000083300000| Untracked 
|  52|0x0000000083400000, 0x0000000083400000, 0x0000000083500000|  0%| F|  |TAMS 0x0000000083400000, 0x0000000083400000| Untracked 
|  53|0x0000000083500000, 0x0000000083500000, 0x0000000083600000|  0%| F|  |TAMS 0x0000000083500000, 0x0000000083500000| Untracked 
|  54|0x0000000083600000, 0x0000000083600000, 0x0000000083700000|  0%| F|  |TAMS 0x0000000083600000, 0x0000000083600000| Untracked 
|  55|0x0000000083700000, 0x0000000083700000, 0x0000000083800000|  0%| F|  |TAMS 0x0000000083700000, 0x0000000083700000| Untracked 
|  56|0x0000000083800000, 0x0000000083800000, 0x0000000083900000|  0%| F|  |TAMS 0x0000000083800000, 0x0000000083800000| Untracked 
|  57|0x0000000083900000, 0x0000000083900000, 0x0000000083a00000|  0%| F|  |TAMS 0x0000000083900000, 0x0000000083900000| Untracked 
|  58|0x0000000083a00000, 0x0000000083a00000, 0x0000000083b00000|  0%| F|  |TAMS 0x0000000083a00000, 0x0000000083a00000| Untracked 
|  59|0x0000000083b00000, 0x0000000083b00000, 0x0000000083c00000|  0%| F|  |TAMS 0x0000000083b00000, 0x0000000083b00000| Untracked 
|  60|0x0000000083c00000, 0x0000000083c00000, 0x0000000083d00000|  0%| F|  |TAMS 0x0000000083c00000, 0x0000000083c00000| Untracked 
|  61|0x0000000083d00000, 0x0000000083d00000, 0x0000000083e00000|  0%| F|  |TAMS 0x0000000083d00000, 0x0000000083d00000| Untracked 
|  62|0x0000000083e00000, 0x0000000083e00000, 0x0000000083f00000|  0%| F|  |TAMS 0x0000000083e00000, 0x0000000083e00000| Untracked 
|  63|0x0000000083f00000, 0x0000000083f00000, 0x0000000084000000|  0%| F|  |TAMS 0x0000000083f00000, 0x0000000083f00000| Untracked 
|  64|0x0000000084000000, 0x0000000084000000, 0x0000000084100000|  0%| F|  |TAMS 0x0000000084000000, 0x0000000084000000| Untracked 
|  65|0x0000000084100000, 0x0000000084100000, 0x0000000084200000|  0%| F|  |TAMS 0x0000000084100000, 0x0000000084100000| Untracked 
|  66|0x0000000084200000, 0x0000000084200000, 0x0000000084300000|  0%| F|  |TAMS 0x0000000084200000, 0x0000000084200000| Untracked 
|  67|0x0000000084300000, 0x0000000084300000, 0x0000000084400000|  0%| F|  |TAMS 0x0000000084300000, 0x0000000084300000| Untracked 
|  68|0x0000000084400000, 0x0000000084400000, 0x0000000084500000|  0%| F|  |TAMS 0x0000000084400000, 0x0000000084400000| Untracked 
|  69|0x0000000084500000, 0x0000000084500000, 0x0000000084600000|  0%| F|  |TAMS 0x0000000084500000, 0x0000000084500000| Untracked 
|  70|0x0000000084600000, 0x0000000084600000, 0x0000000084700000|  0%| F|  |TAMS 0x0000000084600000, 0x0000000084600000| Untracked 
|  71|0x0000000084700000, 0x0000000084700000, 0x0000000084800000|  0%| F|  |TAMS 0x0000000084700000, 0x0000000084700000| Untracked 
|  72|0x0000000084800000, 0x0000000084800000, 0x0000000084900000|  0%| F|  |TAMS 0x0000000084800000, 0x0000000084800000| Untracked 
|  73|0x0000000084900000, 0x0000000084900000, 0x0000000084a00000|  0%| F|  |TAMS 0x0000000084900000, 0x0000000084900000| Untracked 
|  74|0x0000000084a00000, 0x0000000084a00000, 0x0000000084b00000|  0%| F|  |TAMS 0x0000000084a00000, 0x0000000084a00000| Untracked 
|  75|0x0000000084b00000, 0x0000000084b00000, 0x0000000084c00000|  0%| F|  |TAMS 0x0000000084b00000, 0x0000000084b00000| Untracked 
|  76|0x0000000084c00000, 0x0000000084c00000, 0x0000000084d00000|  0%| F|  |TAMS 0x0000000084c00000, 0x0000000084c00000| Untracked 
|  77|0x0000000084d00000, 0x0000000084d00000, 0x0000000084e00000|  0%| F|  |TAMS 0x0000000084d00000, 0x0000000084d00000| Untracked 
|  78|0x0000000084e00000, 0x0000000084e00000, 0x0000000084f00000|  0%| F|  |TAMS 0x0000000084e00000, 0x0000000084e00000| Untracked 
|  79|0x0000000084f00000, 0x0000000084f00000, 0x0000000085000000|  0%| F|  |TAMS 0x0000000084f00000, 0x0000000084f00000| Untracked 
|  80|0x0000000085000000, 0x0000000085000000, 0x0000000085100000|  0%| F|  |TAMS 0x0000000085000000, 0x0000000085000000| Untracked 
|  81|0x0000000085100000, 0x0000000085100000, 0x0000000085200000|  0%| F|  |TAMS 0x0000000085100000, 0x0000000085100000| Untracked 
|  82|0x0000000085200000, 0x0000000085200000, 0x0000000085300000|  0%| F|  |TAMS 0x0000000085200000, 0x0000000085200000| Untracked 
|  83|0x0000000085300000, 0x0000000085300000, 0x0000000085400000|  0%| F|  |TAMS 0x0000000085300000, 0x0000000085300000| Untracked 
|  84|0x0000000085400000, 0x0000000085400000, 0x0000000085500000|  0%| F|  |TAMS 0x0000000085400000, 0x0000000085400000| Untracked 
|  85|0x0000000085500000, 0x0000000085500000, 0x0000000085600000|  0%| F|  |TAMS 0x0000000085500000, 0x0000000085500000| Untracked 
|  86|0x0000000085600000, 0x0000000085600000, 0x0000000085700000|  0%| F|  |TAMS 0x0000000085600000, 0x0000000085600000| Untracked 
|  87|0x0000000085700000, 0x0000000085700000, 0x0000000085800000|  0%| F|  |TAMS 0x0000000085700000, 0x0000000085700000| Untracked 
|  88|0x0000000085800000, 0x0000000085800000, 0x0000000085900000|  0%| F|  |TAMS 0x0000000085800000, 0x0000000085800000| Untracked 
|  89|0x0000000085900000, 0x0000000085900000, 0x0000000085a00000|  0%| F|  |TAMS 0x0000000085900000, 0x0000000085900000| Untracked 
|  90|0x0000000085a00000, 0x0000000085a00000, 0x0000000085b00000|  0%| F|  |TAMS 0x0000000085a00000, 0x0000000085a00000| Untracked 
|  91|0x0000000085b00000, 0x0000000085b00000, 0x0000000085c00000|  0%| F|  |TAMS 0x0000000085b00000, 0x0000000085b00000| Untracked 
|  92|0x0000000085c00000, 0x0000000085c00000, 0x0000000085d00000|  0%| F|  |TAMS 0x0000000085c00000, 0x0000000085c00000| Untracked 
|  93|0x0000000085d00000, 0x0000000085d00000, 0x0000000085e00000|  0%| F|  |TAMS 0x0000000085d00000, 0x0000000085d00000| Untracked 
|  94|0x0000000085e00000, 0x0000000085e00000, 0x0000000085f00000|  0%| F|  |TAMS 0x0000000085e00000, 0x0000000085e00000| Untracked 
|  95|0x0000000085f00000, 0x0000000085f00000, 0x0000000086000000|  0%| F|  |TAMS 0x0000000085f00000, 0x0000000085f00000| Untracked 
|  96|0x0000000086000000, 0x0000000086000000, 0x0000000086100000|  0%| F|  |TAMS 0x0000000086000000, 0x0000000086000000| Untracked 
|  97|0x0000000086100000, 0x0000000086100000, 0x0000000086200000|  0%| F|  |TAMS 0x0000000086100000, 0x0000000086100000| Untracked 
|  98|0x0000000086200000, 0x0000000086200000, 0x0000000086300000|  0%| F|  |TAMS 0x0000000086200000, 0x0000000086200000| Untracked 
|  99|0x0000000086300000, 0x0000000086300000, 0x0000000086400000|  0%| F|  |TAMS 0x0000000086300000, 0x0000000086300000| Untracked 
| 100|0x0000000086400000, 0x0000000086400000, 0x0000000086500000|  0%| F|  |TAMS 0x0000000086400000, 0x0000000086400000| Untracked 
| 101|0x0000000086500000, 0x0000000086500000, 0x0000000086600000|  0%| F|  |TAMS 0x0000000086500000, 0x0000000086500000| Untracked 
| 102|0x0000000086600000, 0x0000000086600000, 0x0000000086700000|  0%| F|  |TAMS 0x0000000086600000, 0x0000000086600000| Untracked 
| 103|0x0000000086700000, 0x0000000086700000, 0x0000000086800000|  0%| F|  |TAMS 0x0000000086700000, 0x0000000086700000| Untracked 
| 104|0x0000000086800000, 0x0000000086800000, 0x0000000086900000|  0%| F|  |TAMS 0x0000000086800000, 0x0000000086800000| Untracked 
| 105|0x0000000086900000, 0x0000000086900000, 0x0000000086a00000|  0%| F|  |TAMS 0x0000000086900000, 0x0000000086900000| Untracked 
| 106|0x0000000086a00000, 0x0000000086a00000, 0x0000000086b00000|  0%| F|  |TAMS 0x0000000086a00000, 0x0000000086a00000| Untracked 
| 107|0x0000000086b00000, 0x0000000086b00000, 0x0000000086c00000|  0%| F|  |TAMS 0x0000000086b00000, 0x0000000086b00000| Untracked 
| 108|0x0000000086c00000, 0x0000000086c00000, 0x0000000086d00000|  0%| F|  |TAMS 0x0000000086c00000, 0x0000000086c00000| Untracked 
| 109|0x0000000086d00000, 0x0000000086d00000, 0x0000000086e00000|  0%| F|  |TAMS 0x0000000086d00000, 0x0000000086d00000| Untracked 
| 110|0x0000000086e00000, 0x0000000086e00000, 0x0000000086f00000|  0%| F|  |TAMS 0x0000000086e00000, 0x0000000086e00000| Untracked 
| 111|0x0000000086f00000, 0x0000000086f00000, 0x0000000087000000|  0%| F|  |TAMS 0x0000000086f00000, 0x0000000086f00000| Untracked 
| 112|0x0000000087000000, 0x0000000087000000, 0x0000000087100000|  0%| F|  |TAMS 0x0000000087000000, 0x0000000087000000| Untracked 
| 113|0x0000000087100000, 0x0000000087100000, 0x0000000087200000|  0%| F|  |TAMS 0x0000000087100000, 0x0000000087100000| Untracked 
| 114|0x0000000087200000, 0x0000000087200000, 0x0000000087300000|  0%| F|  |TAMS 0x0000000087200000, 0x0000000087200000| Untracked 
| 115|0x0000000087300000, 0x0000000087300000, 0x0000000087400000|  0%| F|  |TAMS 0x0000000087300000, 0x0000000087300000| Untracked 
| 116|0x0000000087400000, 0x0000000087400000, 0x0000000087500000|  0%| F|  |TAMS 0x0000000087400000, 0x0000000087400000| Untracked 
| 117|0x0000000087500000, 0x0000000087500000, 0x0000000087600000|  0%| F|  |TAMS 0x0000000087500000, 0x0000000087500000| Untracked 
| 118|0x0000000087600000, 0x0000000087600000, 0x0000000087700000|  0%| F|  |TAMS 0x0000000087600000, 0x0000000087600000| Untracked 
| 119|0x0000000087700000, 0x0000000087700000, 0x0000000087800000|  0%| F|  |TAMS 0x0000000087700000, 0x0000000087700000| Untracked 
| 120|0x0000000087800000, 0x0000000087880800, 0x0000000087900000| 50%| E|  |TAMS 0x0000000087800000, 0x0000000087800000| Complete 
| 121|0x0000000087900000, 0x0000000087a00000, 0x0000000087a00000|100%| E|CS|TAMS 0x0000000087900000, 0x0000000087900000| Complete 
| 122|0x0000000087a00000, 0x0000000087b00000, 0x0000000087b00000|100%| E|CS|TAMS 0x0000000087a00000, 0x0000000087a00000| Complete 
| 123|0x0000000087b00000, 0x0000000087c00000, 0x0000000087c00000|100%| E|CS|TAMS 0x0000000087b00000, 0x0000000087b00000| Complete 
| 124|0x0000000087c00000, 0x0000000087d00000, 0x0000000087d00000|100%| E|CS|TAMS 0x0000000087c00000, 0x0000000087c00000| Complete 
| 125|0x0000000087d00000, 0x0000000087e00000, 0x0000000087e00000|100%| E|CS|TAMS 0x0000000087d00000, 0x0000000087d00000| Complete 

Card table byte_map: [0x00000284f2300000,0x00000284f2700000] _byte_map_base: 0x00000284f1f00000

Marking Bits (Prev, Next): (CMBitMap*) 0x00000284db0d8fe0, (CMBitMap*) 0x00000284db0d9020
 Prev Bits: [0x00000284f2b00000, 0x00000284f4b00000)
 Next Bits: [0x00000284f4b00000, 0x00000284f6b00000)

Polling page: 0x00000284d8ff0000

Metaspace:

Usage:
  Non-class:     14.72 MB used.
      Class:      2.47 MB used.
       Both:     17.19 MB used.

Virtual space:
  Non-class space:       64.00 MB reserved,      15.00 MB ( 23%) committed,  1 nodes.
      Class space:      412.00 MB reserved,       2.75 MB ( <1%) committed,  1 nodes.
             Both:      476.00 MB reserved,      17.75 MB (  4%) committed. 

Chunk freelists:
   Non-Class:  176.00 KB
       Class:  1.20 MB
        Both:  1.38 MB

MaxMetaspaceSize: 512.00 MB
CompressedClassSpaceSize: 412.00 MB
Initial GC threshold: 21.00 MB
Current GC threshold: 21.00 MB
CDS: on
MetaspaceReclaimPolicy: balanced
 - commit_granule_bytes: 65536.
 - commit_granule_words: 8192.
 - virtual_space_node_default_size: 8388608.
 - enlarge_chunks_in_place: 1.
 - new_chunks_are_fully_committed: 0.
 - uncommit_free_chunks: 1.
 - use_allocation_guard: 0.


Internal statistics:

num_allocs_failed_limit: 0.
num_arena_births: 818.
num_arena_deaths: 0.
num_vsnodes_births: 2.
num_vsnodes_deaths: 0.
num_space_committed: 284.
num_space_uncommitted: 0.
num_chunks_returned_to_freelist: 0.
num_chunks_taken_from_freelist: 1496.
num_chunk_merges: 0.
num_chunk_splits: 972.
num_chunks_enlarged: 641.
num_inconsistent_stats: 0.

CodeHeap 'non-profiled nmethods': size=120000Kb used=1235Kb max_used=1235Kb free=118764Kb
 bounds [0x00000284ea470000, 0x00000284ea6e0000, 0x00000284f19a0000]
CodeHeap 'profiled nmethods': size=120000Kb used=5422Kb max_used=5422Kb free=114577Kb
 bounds [0x00000284e2f40000, 0x00000284e3490000, 0x00000284ea470000]
CodeHeap 'non-nmethods': size=5760Kb used=1243Kb max_used=1319Kb free=4516Kb
 bounds [0x00000284e29a0000, 0x00000284e2c10000, 0x00000284e2f40000]
 total_blobs=3109 nmethods=2569 adapters=452
 compilation: enabled
              stopped_count=0, restarted_count=0
 full_count=0

Compilation events (20 events):
Event: 14.770 Thread 0x00000284f972f6c0 2570       3       java.lang.invoke.VarHandleGuards::guard_LL_V (125 bytes)
Event: 14.774 Thread 0x00000284f972f6c0 nmethod 2570 0x00000284e3483810 code [0x00000284e3483c60, 0x00000284e34866d8]
Event: 14.774 Thread 0x00000284f972f6c0 2572       3       java.util.concurrent.ConcurrentLinkedQueue::offer (120 bytes)
Event: 14.776 Thread 0x00000284f972f6c0 nmethod 2572 0x00000284e3487290 code [0x00000284e34876c0, 0x00000284e3489608]
Event: 14.776 Thread 0x00000284f972f6c0 2571       3       java.util.concurrent.ConcurrentLinkedQueue::add (6 bytes)
Event: 14.776 Thread 0x00000284f972f6c0 nmethod 2571 0x00000284e348a010 code [0x00000284e348a1c0, 0x00000284e348a308]
Event: 14.776 Thread 0x00000284f972f6c0 2573       3       java.lang.String::indexOf (64 bytes)
Event: 14.777 Thread 0x00000284f972f6c0 nmethod 2573 0x00000284e348a390 code [0x00000284e348a5a0, 0x00000284e348aa68]
Event: 14.777 Thread 0x00000284f972c530 2574       4       java.util.HashMap::getNode (150 bytes)
Event: 14.781 Thread 0x00000284f972f6c0 2576       3       java.lang.AbstractStringBuilder::appendChars (130 bytes)
Event: 14.792 Thread 0x00000284f972f6c0 nmethod 2576 0x00000284e348ac10 code [0x00000284e348ae00, 0x00000284e348b3a8]
Event: 14.792 Thread 0x00000284f972f6c0 2577       1       com.google.common.io.LineReader::access$000 (5 bytes)
Event: 14.792 Thread 0x00000284f972f6c0 nmethod 2577 0x00000284ea5a3a90 code [0x00000284ea5a3c20, 0x00000284ea5a3cd8]
Event: 14.794 Thread 0x00000284f972c530 nmethod 2574 0x00000284ea5a3d90 code [0x00000284ea5a3f40, 0x00000284ea5a4268]
Event: 14.794 Thread 0x00000284f972c530 2575       4       java.lang.StringLatin1::canEncode (13 bytes)
Event: 14.794 Thread 0x00000284f972c530 nmethod 2575 0x00000284ea5a4510 code [0x00000284ea5a4680, 0x00000284ea5a46f8]
Event: 14.807 Thread 0x00000284f972c530 2578       4       java.security.AccessController::executePrivileged (65 bytes)
Event: 14.809 Thread 0x00000284f972c530 nmethod 2578 0x00000284ea5a4810 code [0x00000284ea5a49a0, 0x00000284ea5a4a48]
Event: 14.809 Thread 0x00000284f972c530 2579       4       java.nio.Buffer::scope (17 bytes)
Event: 14.809 Thread 0x00000284f972c530 nmethod 2579 0x00000284ea5a4b10 code [0x00000284ea5a4c80, 0x00000284ea5a4d18]

GC Heap History (6 events):
Event: 4.153 GC heap before
{Heap before GC invocations=0 (full 0):
 garbage-first heap   total 129024K, used 26624K [0x0000000080000000, 0x0000000100000000)
  region size 1024K, 23 young (23552K), 0 survivors (0K)
 Metaspace       used 2962K, committed 3136K, reserved 487424K
  class space    used 375K, committed 448K, reserved 421888K
}
Event: 5.073 GC heap after
{Heap after GC invocations=1 (full 0):
 garbage-first heap   total 129024K, used 10001K [0x0000000080000000, 0x0000000100000000)
  region size 1024K, 3 young (3072K), 3 survivors (3072K)
 Metaspace       used 2962K, committed 3136K, reserved 487424K
  class space    used 375K, committed 448K, reserved 421888K
}
Event: 7.614 GC heap before
{Heap before GC invocations=1 (full 0):
 garbage-first heap   total 129024K, used 36625K [0x0000000080000000, 0x0000000100000000)
  region size 1024K, 29 young (29696K), 3 survivors (3072K)
 Metaspace       used 3921K, committed 4160K, reserved 487424K
  class space    used 473K, committed 576K, reserved 421888K
}
Event: 7.622 GC heap after
{Heap after GC invocations=2 (full 0):
 garbage-first heap   total 129024K, used 11661K [0x0000000080000000, 0x0000000100000000)
  region size 1024K, 2 young (2048K), 2 survivors (2048K)
 Metaspace       used 3921K, committed 4160K, reserved 487424K
  class space    used 473K, committed 576K, reserved 421888K
}
Event: 13.799 GC heap before
{Heap before GC invocations=2 (full 0):
 garbage-first heap   total 129024K, used 86413K [0x0000000080000000, 0x0000000100000000)
  region size 1024K, 75 young (76800K), 2 survivors (2048K)
 Metaspace       used 16854K, committed 17408K, reserved 487424K
  class space    used 2403K, committed 2688K, reserved 421888K
}
Event: 14.246 GC heap after
{Heap after GC invocations=3 (full 0):
 garbage-first heap   total 129024K, used 20306K [0x0000000080000000, 0x0000000100000000)
  region size 1024K, 10 young (10240K), 10 survivors (10240K)
 Metaspace       used 16854K, committed 17408K, reserved 487424K
  class space    used 2403K, committed 2688K, reserved 421888K
}

Deoptimization events (20 events):
Event: 13.513 Thread 0x00000284fed051d0 DEOPT PACKING pc=0x00000284e3400f6a sp=0x000000dbe9bf8ea0
Event: 13.513 Thread 0x00000284fed051d0 DEOPT UNPACKING pc=0x00000284e29f2b43 sp=0x000000dbe9bf83b0 mode 0
Event: 13.520 Thread 0x00000284fed051d0 Uncommon trap: trap_request=0xffffff45 fr.pc=0x00000284ea56f9ac relative=0x000000000000010c
Event: 13.520 Thread 0x00000284fed051d0 Uncommon trap: reason=unstable_if action=reinterpret pc=0x00000284ea56f9ac method=java.util.Arrays.equals([Ljava/lang/Object;[Ljava/lang/Object;)Z @ 44 c2
Event: 13.520 Thread 0x00000284fed051d0 DEOPT PACKING pc=0x00000284ea56f9ac sp=0x000000dbe9bfb970
Event: 13.520 Thread 0x00000284fed051d0 DEOPT UNPACKING pc=0x00000284e29f23a3 sp=0x000000dbe9bfb910 mode 2
Event: 13.521 Thread 0x00000284fed051d0 Uncommon trap: trap_request=0xffffffc6 fr.pc=0x00000284ea554228 relative=0x0000000000001008
Event: 13.521 Thread 0x00000284fed051d0 Uncommon trap: reason=bimorphic_or_optimized_type_check action=maybe_recompile pc=0x00000284ea554228 method=java.util.HashMap.putVal(ILjava/lang/Object;Ljava/lang/Object;ZZ)Ljava/lang/Object; @ 203 c2
Event: 13.521 Thread 0x00000284fed051d0 DEOPT PACKING pc=0x00000284ea554228 sp=0x000000dbe9bfba40
Event: 13.521 Thread 0x00000284fed051d0 DEOPT UNPACKING pc=0x00000284e29f23a3 sp=0x000000dbe9bfb9e0 mode 2
Event: 13.521 Thread 0x00000284fed051d0 Uncommon trap: trap_request=0xffffffc6 fr.pc=0x00000284ea554228 relative=0x0000000000001008
Event: 13.521 Thread 0x00000284fed051d0 Uncommon trap: reason=bimorphic_or_optimized_type_check action=maybe_recompile pc=0x00000284ea554228 method=java.util.HashMap.putVal(ILjava/lang/Object;Ljava/lang/Object;ZZ)Ljava/lang/Object; @ 203 c2
Event: 13.521 Thread 0x00000284fed051d0 DEOPT PACKING pc=0x00000284ea554228 sp=0x000000dbe9bfba40
Event: 13.521 Thread 0x00000284fed051d0 DEOPT UNPACKING pc=0x00000284e29f23a3 sp=0x000000dbe9bfb9e0 mode 2
Event: 13.597 Thread 0x00000284fed051d0 DEOPT PACKING pc=0x00000284e3400f6a sp=0x000000dbe9bfada0
Event: 13.597 Thread 0x00000284fed051d0 DEOPT UNPACKING pc=0x00000284e29f2b43 sp=0x000000dbe9bfa2b0 mode 0
Event: 14.390 Thread 0x00000284fed051d0 Uncommon trap: trap_request=0xffffff45 fr.pc=0x00000284ea4c9684 relative=0x00000000000000e4
Event: 14.390 Thread 0x00000284fed051d0 Uncommon trap: reason=unstable_if action=reinterpret pc=0x00000284ea4c9684 method=java.util.HashMap.hash(Ljava/lang/Object;)I @ 1 c2
Event: 14.390 Thread 0x00000284fed051d0 DEOPT PACKING pc=0x00000284ea4c9684 sp=0x000000dbe9bfb020
Event: 14.390 Thread 0x00000284fed051d0 DEOPT UNPACKING pc=0x00000284e29f23a3 sp=0x000000dbe9bfaf60 mode 2

Classes loaded (20 events):
Event: 12.777 Loading class java/io/ObjectInputStream
Event: 12.778 Loading class java/io/ObjectInput
Event: 12.780 Loading class java/io/ObjectInput done
Event: 12.780 Loading class java/io/ObjectStreamConstants
Event: 12.780 Loading class java/io/ObjectStreamConstants done
Event: 12.781 Loading class java/io/ObjectInputStream done
Event: 12.783 Loading class java/io/ObjectOutputStream
Event: 12.788 Loading class java/io/ObjectOutput
Event: 12.789 Loading class java/io/ObjectOutput done
Event: 12.789 Loading class java/io/ObjectOutputStream done
Event: 13.333 Loading class javax/xml/parsers/ParserConfigurationException
Event: 13.333 Loading class javax/xml/parsers/ParserConfigurationException done
Event: 13.333 Loading class org/xml/sax/SAXException
Event: 13.334 Loading class org/xml/sax/SAXException done
Event: 13.334 Loading class javax/xml/xpath/XPathExpressionException
Event: 13.334 Loading class javax/xml/xpath/XPathException
Event: 13.335 Loading class javax/xml/xpath/XPathException done
Event: 13.335 Loading class javax/xml/xpath/XPathExpressionException done
Event: 13.335 Loading class org/xml/sax/ErrorHandler
Event: 13.336 Loading class org/xml/sax/ErrorHandler done

Classes unloaded (0 events):
No events

Classes redefined (0 events):
No events

Internal exceptions (20 events):
Event: 12.377 Thread 0x00000284fed051d0 Exception <a 'java/lang/NoSuchMethodError'{0x000000008498d8d0}: 'java.lang.Object java.lang.invoke.DirectMethodHandle$Holder.invokeStatic(java.lang.Object, java.lang.Object, java.lang.Object, java.lang.Object, java.lang.Object, java.lang.Object, java.lang.Object, java.lang.Object, java.lang.Object, java.lang.Object, java.lang.Object, java.lang.Object, java.lang.Object, java.lang.Object, java.lang.Object, java.lang.Object, java.lang.Object, java.lang.Object, java.lang.Object, java.lang.Object)'> (0x00000000
Event: 12.384 Thread 0x00000284fed051d0 Exception <a 'java/lang/NoSuchMethodError'{0x00000000849b8660}: 'java.lang.Object java.lang.invoke.DirectMethodHandle$Holder.invokeStatic(java.lang.Object, java.lang.Object, java.lang.Object, java.lang.Object, java.lang.Object, java.lang.Object, java.lang.Object, java.lang.Object, java.lang.Object, java.lang.Object, java.lang.Object, java.lang.Object, java.lang.Object, java.lang.Object, java.lang.Object, java.lang.Object, java.lang.Object, java.lang.Object, java.lang.Object, java.lang.Object, java.lang.Obj
Event: 12.388 Thread 0x00000284fed051d0 Exception <a 'java/lang/NoSuchMethodError'{0x00000000849e3ec0}: 'java.lang.Object java.lang.invoke.DirectMethodHandle$Holder.invokeStatic(java.lang.Object, java.lang.Object, java.lang.Object, java.lang.Object, java.lang.Object, java.lang.Object, java.lang.Object, java.lang.Object, java.lang.Object, java.lang.Object, java.lang.Object, java.lang.Object, java.lang.Object, java.lang.Object, java.lang.Object, java.lang.Object, java.lang.Object, java.lang.Object, java.lang.Object, java.lang.Object, java.lang.Obj
Event: 12.392 Thread 0x00000284fed051d0 Exception <a 'java/lang/NoSuchMethodError'{0x0000000084810aa8}: 'java.lang.Object java.lang.invoke.DirectMethodHandle$Holder.invokeStatic(java.lang.Object, java.lang.Object, java.lang.Object, java.lang.Object, java.lang.Object, java.lang.Object, java.lang.Object, java.lang.Object, java.lang.Object, java.lang.Object, java.lang.Object, java.lang.Object, java.lang.Object, java.lang.Object, java.lang.Object, java.lang.Object, java.lang.Object, java.lang.Object, java.lang.Object, java.lang.Object, java.lang.Obj
Event: 12.395 Thread 0x00000284fed051d0 Exception <a 'java/lang/NoSuchMethodError'{0x000000008483dc00}: 'java.lang.Object java.lang.invoke.DirectMethodHandle$Holder.invokeStatic(java.lang.Object, java.lang.Object, java.lang.Object, java.lang.Object, java.lang.Object, java.lang.Object, java.lang.Object, java.lang.Object, java.lang.Object, java.lang.Object, java.lang.Object, java.lang.Object, java.lang.Object, java.lang.Object, java.lang.Object, java.lang.Object, java.lang.Object, java.lang.Object, java.lang.Object, java.lang.Object, java.lang.Obj
Event: 12.398 Thread 0x00000284fed051d0 Exception <a 'java/lang/NoSuchMethodError'{0x000000008486c990}: 'java.lang.Object java.lang.invoke.DirectMethodHandle$Holder.invokeStatic(java.lang.Object, java.lang.Object, java.lang.Object, java.lang.Object, java.lang.Object, java.lang.Object, java.lang.Object, java.lang.Object, java.lang.Object, java.lang.Object, java.lang.Object, java.lang.Object, java.lang.Object, java.lang.Object, java.lang.Object, java.lang.Object, java.lang.Object, java.lang.Object, java.lang.Object, java.lang.Object, java.lang.Obj
Event: 12.623 Thread 0x00000284fed051d0 Exception <a 'java/lang/IncompatibleClassChangeError'{0x00000000844e8988}: Found class java.lang.Object, but interface was expected> (0x00000000844e8988) 
thrown [s\open\src\hotspot\share\interpreter\linkResolver.cpp, line 826]
Event: 12.756 Thread 0x00000284fed051d0 Exception <a 'java/lang/NoSuchMethodError'{0x0000000084159840}: 'int java.lang.invoke.DirectMethodHandle$Holder.invokeSpecialIFC(java.lang.Object, java.lang.Object, java.lang.Object, java.lang.Object)'> (0x0000000084159840) 
thrown [s\open\src\hotspot\share\interpreter\linkResolver.cpp, line 759]
Event: 12.759 Thread 0x00000284fed051d0 Exception <a 'java/lang/NoSuchMethodError'{0x0000000084168c50}: 'java.lang.Object java.lang.invoke.DirectMethodHandle$Holder.invokeInterface(java.lang.Object, java.lang.Object, java.lang.Object)'> (0x0000000084168c50) 
thrown [s\open\src\hotspot\share\interpreter\linkResolver.cpp, line 759]
Event: 12.759 Thread 0x00000284fed051d0 Exception <a 'java/lang/IncompatibleClassChangeError'{0x000000008416c860}: Found class java.lang.Object, but interface was expected> (0x000000008416c860) 
thrown [s\open\src\hotspot\share\interpreter\linkResolver.cpp, line 826]
Event: 12.763 Thread 0x00000284fed051d0 Exception <a 'java/lang/NoSuchMethodError'{0x0000000084185240}: 'java.lang.Object java.lang.invoke.DirectMethodHandle$Holder.newInvokeSpecial(java.lang.Object, java.lang.Object, java.lang.Object, java.lang.Object, java.lang.Object, java.lang.Object, java.lang.Object, java.lang.Object, java.lang.Object, java.lang.Object)'> (0x0000000084185240) 
thrown [s\open\src\hotspot\share\interpreter\linkResolver.cpp, line 759]
Event: 12.824 Thread 0x00000284fed051d0 Exception <a 'java/lang/NoSuchMethodError'{0x0000000084099c10}: 'java.lang.Object java.lang.invoke.DirectMethodHandle$Holder.invokeVirtual(java.lang.Object, java.lang.Object, java.lang.Object, java.lang.Object, java.lang.Object, java.lang.Object, java.lang.Object, java.lang.Object, java.lang.Object, java.lang.Object, java.lang.Object, java.lang.Object, java.lang.Object, java.lang.Object, java.lang.Object, java.lang.Object, java.lang.Object, java.lang.Object, java.lang.Object, java.lang.Object, java.lang.Ob
Event: 12.825 Thread 0x00000284fed051d0 Exception <a 'java/lang/NoSuchMethodError'{0x000000008409faa0}: 'java.lang.Object java.lang.invoke.DirectMethodHandle$Holder.invokeSpecial(java.lang.Object, java.lang.Object, java.lang.Object, java.lang.Object, java.lang.Object, java.lang.Object, java.lang.Object, java.lang.Object, java.lang.Object, java.lang.Object, java.lang.Object, java.lang.Object, java.lang.Object, java.lang.Object, java.lang.Object, java.lang.Object, java.lang.Object, java.lang.Object, java.lang.Object, java.lang.Object, java.lang.Ob
Event: 12.825 Thread 0x00000284fed051d0 Exception <a 'java/lang/NoSuchMethodError'{0x00000000840a50d8}: 'java.lang.Object java.lang.invoke.DelegatingMethodHandle$Holder.reinvoke_L(java.lang.Object, java.lang.Object, java.lang.Object, java.lang.Object, java.lang.Object, java.lang.Object, java.lang.Object, java.lang.Object, java.lang.Object, java.lang.Object, java.lang.Object, java.lang.Object, java.lang.Object, java.lang.Object, java.lang.Object, java.lang.Object, java.lang.Object, java.lang.Object, java.lang.Object, java.lang.Object, java.lang.O
Event: 12.842 Thread 0x00000284fed051d0 Exception <a 'java/lang/NoSuchMethodError'{0x0000000083f57d50}: 'int java.lang.invoke.DirectMethodHandle$Holder.invokeStatic(java.lang.Object, java.lang.Object, java.lang.Object, java.lang.Object)'> (0x0000000083f57d50) 
thrown [s\open\src\hotspot\share\interpreter\linkResolver.cpp, line 759]
Event: 13.011 Thread 0x00000284fed051d0 Exception <a 'java/lang/NoSuchMethodError'{0x0000000083c62690}: 'java.lang.Object java.lang.invoke.DirectMethodHandle$Holder.invokeSpecial(java.lang.Object, java.lang.Object, java.lang.Object, java.lang.Object, java.lang.Object, java.lang.Object, java.lang.Object, java.lang.Object, java.lang.Object, java.lang.Object, java.lang.Object, java.lang.Object, java.lang.Object, java.lang.Object, java.lang.Object, java.lang.Object, java.lang.Object, java.lang.Object, java.lang.Object, java.lang.Object, java.lang.Ob
Event: 13.382 Thread 0x00000284fed051d0 Exception <a 'java/lang/NoSuchMethodError'{0x00000000838f9158}: 'void java.lang.invoke.DirectMethodHandle$Holder.invokeStatic(java.lang.Object, java.lang.Object)'> (0x00000000838f9158) 
thrown [s\open\src\hotspot\share\interpreter\linkResolver.cpp, line 759]
Event: 13.544 Thread 0x00000284fed051d0 Exception <a 'java/lang/NoSuchMethodError'{0x00000000836ef0f0}: 'java.lang.Object java.lang.invoke.DirectMethodHandle$Holder.newInvokeSpecial(java.lang.Object, java.lang.Object, java.lang.Object, java.lang.Object, java.lang.Object, java.lang.Object, java.lang.Object)'> (0x00000000836ef0f0) 
thrown [s\open\src\hotspot\share\interpreter\linkResolver.cpp, line 759]
Event: 13.544 Thread 0x00000284fed051d0 Exception <a 'java/lang/NoSuchMethodError'{0x00000000836f3b20}: 'java.lang.Object java.lang.invoke.Invokers$Holder.linkToTargetMethod(java.lang.Object, java.lang.Object, java.lang.Object, java.lang.Object, java.lang.Object, java.lang.Object, java.lang.Object)'> (0x00000000836f3b20) 
thrown [s\open\src\hotspot\share\interpreter\linkResolver.cpp, line 759]
Event: 14.390 Thread 0x00000284fed051d0 Implicit null exception at 0x00000284ea4c95e0 to 0x00000284ea4c967a

VM Operations (20 events):
Event: 8.864 Executing VM operation: HandshakeAllThreads
Event: 8.864 Executing VM operation: HandshakeAllThreads done
Event: 9.128 Executing VM operation: HandshakeAllThreads
Event: 9.128 Executing VM operation: HandshakeAllThreads done
Event: 9.741 Executing VM operation: HandshakeAllThreads
Event: 9.741 Executing VM operation: HandshakeAllThreads done
Event: 9.741 Executing VM operation: Cleanup
Event: 9.754 Executing VM operation: Cleanup done
Event: 10.766 Executing VM operation: Cleanup
Event: 10.767 Executing VM operation: Cleanup done
Event: 11.782 Executing VM operation: Cleanup
Event: 11.782 Executing VM operation: Cleanup done
Event: 12.407 Executing VM operation: HandshakeAllThreads
Event: 12.423 Executing VM operation: HandshakeAllThreads done
Event: 12.424 Executing VM operation: HandshakeAllThreads
Event: 12.424 Executing VM operation: HandshakeAllThreads done
Event: 13.438 Executing VM operation: Cleanup
Event: 13.442 Executing VM operation: Cleanup done
Event: 13.793 Executing VM operation: G1CollectForAllocation
Event: 14.247 Executing VM operation: G1CollectForAllocation done

Events (20 events):
Event: 2.421 Loaded shared library C:\Program Files\Java\jdk-18.0.2.1\bin\jimage.dll
Event: 2.756 Loaded shared library C:\Program Files\Java\jdk-18.0.2.1\bin\verify.dll
Event: 3.556 Loaded shared library C:\Users\LENOVO ideapadGAMING\.gradle\native\68d5fa5c4cc2d200863cafc0d521ce42e7d3e7ee720ec0a83991735586a16f82\windows-amd64\native-platform.dll
Event: 3.637 Loaded shared library C:\Users\LENOVO ideapadGAMING\.gradle\native\e376f236ea51e6404a007f0833ffe2c6e607c4080706a723a18a27aeea778392\windows-amd64\native-platform-file-events.dll
Event: 8.551 Loaded shared library C:\Program Files\Java\jdk-18.0.2.1\bin\management.dll
Event: 8.556 Loaded shared library C:\Program Files\Java\jdk-18.0.2.1\bin\management_ext.dll
Event: 8.642 Thread 0x00000284fe8e0940 Thread added: 0x00000284fe8e0940
Event: 9.693 Thread 0x00000284fe3dced0 Thread added: 0x00000284fe3dced0
Event: 9.827 Thread 0x00000284fe6dbc40 Thread added: 0x00000284fe6dbc40
Event: 11.047 Thread 0x00000284ff1fe260 Thread added: 0x00000284ff1fe260
Event: 11.060 Thread 0x00000284ff1fe720 Thread added: 0x00000284ff1fe720
Event: 11.179 Thread 0x00000284fecf3a80 Thread added: 0x00000284fecf3a80
Event: 11.194 Thread 0x00000284fed051d0 Thread added: 0x00000284fed051d0
Event: 11.218 Thread 0x00000284fed05690 Thread added: 0x00000284fed05690
Event: 11.224 Thread 0x00000284fe419240 Thread added: 0x00000284fe419240
Event: 11.236 Thread 0x00000284fe417090 Thread added: 0x00000284fe417090
Event: 12.041 Thread 0x00000284fe416bc0 Thread added: 0x00000284fe416bc0
Event: 12.064 Thread 0x00000284fe4183d0 Thread added: 0x00000284fe4183d0
Event: 12.713 Thread 0x00000284fe415d50 Thread added: 0x00000284fe415d50
Event: 14.247 Thread 0x00000284fe415880 Thread added: 0x00000284fe415880


Dynamic libraries:
0x00007ff703370000 - 0x00007ff703380000 	C:\Program Files\Java\jdk-18.0.2.1\bin\java.exe
0x00007ffa89790000 - 0x00007ffa899a7000 	C:\WINDOWS\SYSTEM32\ntdll.dll
0x00007ffa88910000 - 0x00007ffa889d4000 	C:\WINDOWS\System32\KERNEL32.DLL
0x00007ffa86d70000 - 0x00007ffa87115000 	C:\WINDOWS\System32\KERNELBASE.dll
0x00007ffa86c50000 - 0x00007ffa86d61000 	C:\WINDOWS\System32\ucrtbase.dll
0x00007ff9f8230000 - 0x00007ff9f824a000 	C:\Program Files\Java\jdk-18.0.2.1\bin\VCRUNTIME140.dll
0x00007ff9f8250000 - 0x00007ff9f8268000 	C:\Program Files\Java\jdk-18.0.2.1\bin\jli.dll
0x00007ffa88c00000 - 0x00007ffa88cb1000 	C:\WINDOWS\System32\ADVAPI32.dll
0x00007ffa88d20000 - 0x00007ffa88dc7000 	C:\WINDOWS\System32\msvcrt.dll
0x00007ffa87ed0000 - 0x00007ffa87f76000 	C:\WINDOWS\System32\sechost.dll
0x00007ffa88e40000 - 0x00007ffa88f57000 	C:\WINDOWS\System32\RPCRT4.dll
0x00007ffa88a50000 - 0x00007ffa88bfe000 	C:\WINDOWS\System32\USER32.dll
0x00007ffa70620000 - 0x00007ffa708b3000 	C:\WINDOWS\WinSxS\amd64_microsoft.windows.common-controls_6595b64144ccf1df_6.0.22621.2506_none_270c5ae97388e100\COMCTL32.dll
0x00007ffa86c20000 - 0x00007ffa86c46000 	C:\WINDOWS\System32\win32u.dll
0x00007ffa888e0000 - 0x00007ffa88909000 	C:\WINDOWS\System32\GDI32.dll
0x00007ffa86b00000 - 0x00007ffa86c19000 	C:\WINDOWS\System32\gdi32full.dll
0x00007ffa87250000 - 0x00007ffa872ea000 	C:\WINDOWS\System32\msvcp_win.dll
0x00007ffa7eee0000 - 0x00007ffa7eeea000 	C:\WINDOWS\SYSTEM32\VERSION.dll
0x00007ffa896f0000 - 0x00007ffa89721000 	C:\WINDOWS\System32\IMM32.DLL
0x00007ffa50750000 - 0x00007ffa5075c000 	C:\Program Files\Java\jdk-18.0.2.1\bin\vcruntime140_1.dll
0x00007ff9f7d70000 - 0x00007ff9f7dfd000 	C:\Program Files\Java\jdk-18.0.2.1\bin\msvcp140.dll
0x00007ff9f1e00000 - 0x00007ff9f2a11000 	C:\Program Files\Java\jdk-18.0.2.1\bin\server\jvm.dll
0x00007ffa888d0000 - 0x00007ffa888d8000 	C:\WINDOWS\System32\PSAPI.DLL
0x00007ffa6b640000 - 0x00007ffa6b649000 	C:\WINDOWS\SYSTEM32\WSOCK32.dll
0x00007ffa7ec90000 - 0x00007ffa7ecc4000 	C:\WINDOWS\SYSTEM32\WINMM.dll
0x00007ffa87e50000 - 0x00007ffa87ec1000 	C:\WINDOWS\System32\WS2_32.dll
0x00007ffa85bf0000 - 0x00007ffa85c08000 	C:\WINDOWS\SYSTEM32\kernel.appcore.dll
0x00007ffa484e0000 - 0x00007ffa484ea000 	C:\Program Files\Java\jdk-18.0.2.1\bin\jimage.dll
0x00007ffa84460000 - 0x00007ffa84693000 	C:\WINDOWS\SYSTEM32\DBGHELP.DLL
0x00007ffa891c0000 - 0x00007ffa89549000 	C:\WINDOWS\System32\combase.dll
0x00007ffa88280000 - 0x00007ffa88357000 	C:\WINDOWS\System32\OLEAUT32.dll
0x00007ffa6e970000 - 0x00007ffa6e9a2000 	C:\WINDOWS\SYSTEM32\dbgcore.DLL
0x00007ffa872f0000 - 0x00007ffa8736a000 	C:\WINDOWS\System32\bcryptPrimitives.dll
0x00007ff9f8200000 - 0x00007ff9f8225000 	C:\Program Files\Java\jdk-18.0.2.1\bin\java.dll
0x00007ff9f1d20000 - 0x00007ff9f1df6000 	C:\Program Files\Java\jdk-18.0.2.1\bin\jsvml.dll
0x00007ffa875e0000 - 0x00007ffa87e39000 	C:\WINDOWS\System32\SHELL32.dll
0x00007ffa84a30000 - 0x00007ffa85324000 	C:\WINDOWS\SYSTEM32\windows.storage.dll
0x00007ffa848f0000 - 0x00007ffa84a2e000 	C:\WINDOWS\SYSTEM32\wintypes.dll
0x00007ffa874e0000 - 0x00007ffa875d3000 	C:\WINDOWS\System32\SHCORE.dll
0x00007ffa88cc0000 - 0x00007ffa88d1e000 	C:\WINDOWS\System32\shlwapi.dll
0x00007ffa86a30000 - 0x00007ffa86a56000 	C:\WINDOWS\SYSTEM32\profapi.dll
0x00007ff9f81e0000 - 0x00007ff9f81f3000 	C:\Program Files\Java\jdk-18.0.2.1\bin\net.dll
0x00007ffa7eb50000 - 0x00007ffa7ec87000 	C:\WINDOWS\SYSTEM32\WINHTTP.dll
0x00007ffa86070000 - 0x00007ffa860d9000 	C:\WINDOWS\system32\mswsock.dll
0x00007ff9f7d50000 - 0x00007ff9f7d66000 	C:\Program Files\Java\jdk-18.0.2.1\bin\nio.dll
0x00007ff9f5940000 - 0x00007ff9f5958000 	C:\Program Files\Java\jdk-18.0.2.1\bin\zip.dll
0x00007ffa825a0000 - 0x00007ffa825b0000 	C:\Program Files\Java\jdk-18.0.2.1\bin\verify.dll
0x00007ffa6b750000 - 0x00007ffa6b777000 	C:\Users\LENOVO ideapadGAMING\.gradle\native\68d5fa5c4cc2d200863cafc0d521ce42e7d3e7ee720ec0a83991735586a16f82\windows-amd64\native-platform.dll
0x00007ffa30310000 - 0x00007ffa30454000 	C:\Users\LENOVO ideapadGAMING\.gradle\native\e376f236ea51e6404a007f0833ffe2c6e607c4080706a723a18a27aeea778392\windows-amd64\native-platform-file-events.dll
0x00007ffa6b4f0000 - 0x00007ffa6b4f9000 	C:\Program Files\Java\jdk-18.0.2.1\bin\management.dll
0x00007ffa30460000 - 0x00007ffa3046b000 	C:\Program Files\Java\jdk-18.0.2.1\bin\management_ext.dll
0x00007ffa862c0000 - 0x00007ffa862db000 	C:\WINDOWS\SYSTEM32\CRYPTSP.dll
0x00007ffa85b50000 - 0x00007ffa85b85000 	C:\WINDOWS\system32\rsaenh.dll
0x00007ffa86160000 - 0x00007ffa8618c000 	C:\WINDOWS\SYSTEM32\USERENV.dll
0x00007ffa864b0000 - 0x00007ffa864d8000 	C:\WINDOWS\SYSTEM32\bcrypt.dll
0x00007ffa862e0000 - 0x00007ffa862ec000 	C:\WINDOWS\SYSTEM32\CRYPTBASE.dll
0x00007ffa85600000 - 0x00007ffa8562d000 	C:\WINDOWS\SYSTEM32\IPHLPAPI.DLL
0x00007ffa87e40000 - 0x00007ffa87e49000 	C:\WINDOWS\System32\NSI.dll
0x00007ffa7eef0000 - 0x00007ffa7ef09000 	C:\WINDOWS\SYSTEM32\dhcpcsvc6.DLL
0x00007ffa7ecd0000 - 0x00007ffa7ecef000 	C:\WINDOWS\SYSTEM32\dhcpcsvc.DLL
0x00007ffa85670000 - 0x00007ffa85769000 	C:\WINDOWS\SYSTEM32\DNSAPI.dll

dbghelp: loaded successfully - version: 4.0.5 - missing functions: none
symbol engine: initialized successfully - sym options: 0x614 - pdb path: .;C:\Program Files\Java\jdk-18.0.2.1\bin;C:\WINDOWS\SYSTEM32;C:\WINDOWS\WinSxS\amd64_microsoft.windows.common-controls_6595b64144ccf1df_6.0.22621.2506_none_270c5ae97388e100;C:\Program Files\Java\jdk-18.0.2.1\bin\server;C:\Users\LENOVO ideapadGAMING\.gradle\native\68d5fa5c4cc2d200863cafc0d521ce42e7d3e7ee720ec0a83991735586a16f82\windows-amd64;C:\Users\LENOVO ideapadGAMING\.gradle\native\e376f236ea51e6404a007f0833ffe2c6e607c4080706a723a18a27aeea778392\windows-amd64

VM Arguments:
jvm_args: -XX:MaxMetaspaceSize=512m --add-opens=java.base/java.util=ALL-UNNAMED --add-opens=java.base/java.lang=ALL-UNNAMED --add-opens=java.base/java.lang.invoke=ALL-UNNAMED --add-opens=java.prefs/java.util.prefs=ALL-UNNAMED --add-opens=java.base/java.nio.charset=ALL-UNNAMED --add-opens=java.base/java.net=ALL-UNNAMED --add-opens=java.base/java.util.concurrent.atomic=ALL-UNNAMED -Xmx2048m -Dfile.encoding=UTF-8 -Duser.country=US -Duser.language=en -Duser.variant 
java_command: org.gradle.launcher.daemon.bootstrap.GradleDaemon 8.0.1
java_class_path (initial): C:\Users\LENOVO ideapadGAMING\.gradle\wrapper\dists\gradle-8.0.1-all\aro4hu1c3oeioove7l0i4i14o\gradle-8.0.1\lib\gradle-launcher-8.0.1.jar
Launcher Type: SUN_STANDARD

[Global flags]
     intx CICompilerCount                          = 4                                         {product} {ergonomic}
   size_t CompressedClassSpaceSize                 = 432013312                                 {product} {ergonomic}
     uint ConcGCThreads                            = 3                                         {product} {ergonomic}
     uint G1ConcRefinementThreads                  = 10                                        {product} {ergonomic}
   size_t G1HeapRegionSize                         = 1048576                                   {product} {ergonomic}
    uintx GCDrainStackTargetSize                   = 64                                        {product} {ergonomic}
   size_t InitialHeapSize                          = 132120576                                 {product} {ergonomic}
   size_t MarkStackSize                            = 4194304                                   {product} {ergonomic}
   size_t MaxHeapSize                              = 2147483648                                {product} {command line}
   size_t MaxMetaspaceSize                         = 536870912                                 {product} {command line}
   size_t MaxNewSize                               = 1287651328                                {product} {ergonomic}
   size_t MinHeapDeltaBytes                        = 1048576                                   {product} {ergonomic}
   size_t MinHeapSize                              = 8388608                                   {product} {ergonomic}
    uintx NonNMethodCodeHeapSize                   = 5839372                                {pd product} {ergonomic}
    uintx NonProfiledCodeHeapSize                  = 122909434                              {pd product} {ergonomic}
    uintx ProfiledCodeHeapSize                     = 122909434                              {pd product} {ergonomic}
    uintx ReservedCodeCacheSize                    = 251658240                              {pd product} {ergonomic}
     bool SegmentedCodeCache                       = true                                      {product} {ergonomic}
   size_t SoftMaxHeapSize                          = 2147483648                             {manageable} {ergonomic}
     bool UseCompressedClassPointers               = true                           {product lp64_product} {ergonomic}
     bool UseCompressedOops                        = true                           {product lp64_product} {ergonomic}
     bool UseG1GC                                  = true                                      {product} {ergonomic}
     bool UseLargePagesIndividualAllocation        = false                                  {pd product} {ergonomic}

Logging:
Log output configuration:
 #0: stdout all=warning uptime,level,tags foldmultilines=false
 #1: stderr all=off uptime,level,tags foldmultilines=false

Environment Variables:
JAVA_HOME=C:\Program Files\Java\jdk-18.0.2.1
CLASSPATH=D:\KULIAH\SMT 5\PGPBL\Acara7\AwesomeProject\android\\gradle\wrapper\gradle-wrapper.jar
PATH=D:\KULIAH\SMT 5\PGPBL\Acara7\AwesomeProject\node_modules\.bin;D:\KULIAH\SMT 5\PGPBL\Acara7\AwesomeProject\node_modules\.bin;D:\KULIAH\SMT 5\PGPBL\Acara7\node_modules\.bin;D:\KULIAH\SMT 5\PGPBL\node_modules\.bin;D:\KULIAH\SMT 5\node_modules\.bin;D:\KULIAH\node_modules\.bin;D:\node_modules\.bin;C:\Program Files\nodejs\node_modules\npm\node_modules\@npmcli\run-script\lib\node-gyp-bin;D:\KULIAH\SMT 5\PGPBL\Acara7\AwesomeProject\node_modules\.bin;D:\KULIAH\SMT 5\PGPBL\Acara7\node_modules\.bin;D:\KULIAH\SMT 5\PGPBL\node_modules\.bin;D:\KULIAH\SMT 5\node_modules\.bin;D:\KULIAH\node_modules\.bin;D:\node_modules\.bin;C:\Program Files\nodejs\node_modules\npm\node_modules\@npmcli\run-script\lib\node-gyp-bin;C:\Program Files (x86)\Common Files\Intel\Shared Libraries\redist\intel64\compiler;C:\Python27;C:\PCI Geomatics\Geomatica 2015\exe;C:\Program Files\Common Files\Oracle\Java\javapath;C:\Program Files (x86)\Common Files\Oracle\Java\javapath;C:\Program Files (x86)\Common Files\Intel\Shared Files\cpp\bin\Intel64;C:\Windows\system32;C:\Windows;C:\Windows\System32\Wbem;C:\Windows\System32\WindowsPowerShell\v1.0\;C:\Windows\System32\OpenSSH\;C:\Program Files (x86)\NVIDIA Corporation\PhysX\Common;C:\Program Files\NVIDIA Corporation\NVIDIA NvDLISR;C:\WINDOWS\system32;C:\WINDOWS;C:\WINDOWS\System32\Wbem;C:\WINDOWS\System32\WindowsPowerShell\v1.0\;C:\WINDOWS\System32\OpenSSH\;C:\Anaconda3;C:\Anaconda3\Scripts;C:\Program Files\dotnet\;C:\dev\MapWinGIS;C:\ProgramData\ComposerSetup\bin;C:\xampp\php;C:\WINDOWS\system32;C:\WINDOWS;C:\WINDOWS\System32\Wbem;C:\WINDOWS\System32\WindowsPowerShell\v1.0\;C:\WINDOWS\System32\OpenSSH\;C:\Program Files\Git\cmd;C:\ProgramData\chocolatey\bin;C:\Program Files\nodejs\;C:\Users\LENOVO ideapadGAMING\AppData\Local\Programs\Python\Python39\;C:\Users\LENOVO ideapadGAMING\AppData\Local\Programs\Python\Python39\Scripts;C:\Program Files\MySQL\MySQL Shell 8.0\bin\;C:\Users\LENOVO ideapadGAMING\AppData\Local\Microsoft\WindowsApps;C:\Users\LENOVO ideapadGAMING\.dotnet\tools;C:\Users\LENOVO ideapadGAMING\AppData\Local\Programs\Microsoft VS Code\bin;C:\Users\LENOVO ideapadGAMING\AppData\Roaming\Composer\vendor\bin;C:\xampp\php;C:\Program Files\Git\bin\;C:\Program Files\Gitcmd\;C:\Users\LENOVO ideapadGAMING\AppData\Roaming\npm
USERNAME=LENOVO ideapadGAMING
LANG=en_US.UTF-8
OS=Windows_NT
PROCESSOR_IDENTIFIER=Intel64 Family 6 Model 165 Stepping 2, GenuineIntel



---------------  S Y S T E M  ---------------

OS:
 Windows 11 , 64 bit Build 22621 (10.0.22621.2506)
OS uptime: 0 days 11:22 hours

CPU: total 12 (initial active 12) (6 cores per cpu, 2 threads per core) family 6 model 165 stepping 2 microcode 0xe0, cx8, cmov, fxsr, ht, mmx, 3dnowpref, sse, sse2, sse3, ssse3, sse4.1, sse4.2, popcnt, lzcnt, tsc, tscinvbit, avx, avx2, aes, erms, clmul, bmi1, bmi2, adx, fma, vzeroupper, clflush, clflushopt

Memory: 4k page, system-wide physical 8060M (10M free)
TotalPageFile size 27119M (AvailPageFile size 4M)
current process WorkingSet (physical memory assigned to process): 106M, peak: 164M
current process commit charge ("private bytes"): 281M, peak: 285M

vm_info: Java HotSpot(TM) 64-Bit Server VM (18.0.2.1+1-1) for windows-amd64 JRE (18.0.2.1+1-1), built on Aug 16 2022 01:46:33 by "mach5one" with MS VC++ 16.8 / 16.9 (VS2019)

END.
