#
# There is insufficient memory for the Java Runtime Environment to continue.
# Native memory allocation (malloc) failed to allocate 295696 bytes for Chunk::new
# Possible reasons:
#   The system is out of physical RAM or swap space
#   The process is running with CompressedOops enabled, and the Java Heap may be blocking the growth of the native heap
# Possible solutions:
#   Reduce memory load on the system
#   Increase physical memory or swap space
#   Check if swap backing store is full
#   Decrease Java heap size (-Xmx/-Xms)
#   Decrease number of Java threads
#   Decrease Java thread stack sizes (-Xss)
#   Set larger code cache with -XX:ReservedCodeCacheSize=
#   JVM is running with Unscaled Compressed Oops mode in which the Java heap is
#     placed in the first 4GB address space. The Java Heap base address is the
#     maximum limit for the native heap growth. Please use -XX:HeapBaseMinAddress
#     to set the Java Heap base and to place the Java Heap above 4GB virtual address.
# This output file may be truncated or incomplete.
#
#  Out of Memory Error (arena.cpp:184), pid=27248, tid=31012
#
# JRE version: Java(TM) SE Runtime Environment (18.0.2.1+1) (build 18.0.2.1+1-1)
# Java VM: Java HotSpot(TM) 64-Bit Server VM (18.0.2.1+1-1, mixed mode, sharing, tiered, compressed oops, compressed class ptrs, g1 gc, windows-amd64)
# No core dump will be written. Minidumps are not enabled by default on client versions of Windows
#

---------------  S U M M A R Y ------------

Command Line: -Xmx64m -Xms64m -Dorg.gradle.appname=gradlew org.gradle.wrapper.GradleWrapperMain tasks

Host: Intel(R) Core(TM) i7-10750H CPU @ 2.60GHz, 12 cores, 7G,  Windows 11 , 64 bit Build 22621 (10.0.22621.2506)
Time: Mon Nov 27 09:38:05 2023 SE Asia Standard Time elapsed time: 13.985308 seconds (0d 0h 0m 13s)

---------------  T H R E A D  ---------------

Current thread (0x00000259ea162c40):  JavaThread "C2 CompilerThread0" daemon [_thread_in_native, id=31012, stack(0x000000d532500000,0x000000d532600000)]


Current CompileTask:
C2:  13985 1336       4       jdk.internal.org.objectweb.asm.Frame::execute (2305 bytes)

Stack: [0x000000d532500000,0x000000d532600000]
Native frames: (J=compiled Java code, j=interpreted, Vv=VM code, C=native code)
V  [jvm.dll+0x6993aa]
V  [jvm.dll+0x7f46dd]
V  [jvm.dll+0x7f5fee]
V  [jvm.dll+0x7f66a3]
V  [jvm.dll+0x25cf1f]
V  [jvm.dll+0xb8c2f]
V  [jvm.dll+0xb8fa5]
V  [jvm.dll+0x3860cb]
V  [jvm.dll+0x34fe71]
V  [jvm.dll+0x34f30a]
V  [jvm.dll+0x230101]
V  [jvm.dll+0x22f4d1]
V  [jvm.dll+0x1ba01c]
V  [jvm.dll+0x23ee0a]
V  [jvm.dll+0x23d0f5]
V  [jvm.dll+0x7a6dd1]
V  [jvm.dll+0x7a120a]
V  [jvm.dll+0x698255]
C  [ucrtbase.dll+0x29363]
C  [KERNEL32.DLL+0x1257d]
C  [ntdll.dll+0x5aa58]


---------------  P R O C E S S  ---------------

Threads class SMR info:
_java_thread_list=0x00000259f9a62cb0, length=14, elements={
0x00000259ea0b6430, 0x00000259ea149a00, 0x00000259ea14a660, 0x00000259ea160290,
0x00000259ea160c30, 0x00000259ea1615d0, 0x00000259ea161f70, 0x00000259ea162c40,
0x00000259ea163620, 0x00000259ea1687c0, 0x00000259f904b2b0, 0x00000259f9052bc0,
0x00000259f4dd3230, 0x00000259f99a20b0
}

Java Threads: ( => current thread )
  0x00000259ea0b6430 JavaThread "main" [_thread_blocked, id=32948, stack(0x000000d531800000,0x000000d531900000)]
  0x00000259ea149a00 JavaThread "Reference Handler" daemon [_thread_blocked, id=25512, stack(0x000000d531f00000,0x000000d532000000)]
  0x00000259ea14a660 JavaThread "Finalizer" daemon [_thread_blocked, id=31680, stack(0x000000d532000000,0x000000d532100000)]
  0x00000259ea160290 JavaThread "Signal Dispatcher" daemon [_thread_blocked, id=24064, stack(0x000000d532100000,0x000000d532200000)]
  0x00000259ea160c30 JavaThread "Attach Listener" daemon [_thread_blocked, id=29604, stack(0x000000d532200000,0x000000d532300000)]
  0x00000259ea1615d0 JavaThread "Service Thread" daemon [_thread_blocked, id=28336, stack(0x000000d532300000,0x000000d532400000)]
  0x00000259ea161f70 JavaThread "Monitor Deflation Thread" daemon [_thread_blocked, id=1872, stack(0x000000d532400000,0x000000d532500000)]
=>0x00000259ea162c40 JavaThread "C2 CompilerThread0" daemon [_thread_in_native, id=31012, stack(0x000000d532500000,0x000000d532600000)]
  0x00000259ea163620 JavaThread "C1 CompilerThread0" daemon [_thread_blocked, id=27328, stack(0x000000d532600000,0x000000d532700000)]
  0x00000259ea1687c0 JavaThread "Sweeper thread" daemon [_thread_blocked, id=27904, stack(0x000000d532700000,0x000000d532800000)]
  0x00000259f904b2b0 JavaThread "Notification Thread" daemon [_thread_blocked, id=24152, stack(0x000000d532800000,0x000000d532900000)]
  0x00000259f9052bc0 JavaThread "Common-Cleaner" daemon [_thread_blocked, id=26600, stack(0x000000d532a00000,0x000000d532b00000)]
  0x00000259f4dd3230 JavaThread "pool-1-thread-1" [_thread_in_vm, id=32552, stack(0x000000d532b00000,0x000000d532c00000)]
  0x00000259f99a20b0 JavaThread "Exec process" [_thread_new, id=34036, stack(0x0000000000000000,0x0000000000000000)]

Other Threads:
  0x00000259ea145890 VMThread "VM Thread" [stack: 0x000000d531e00000,0x000000d531f00000] [id=31092]
  0x00000259f904e790 WatcherThread "VM Periodic Task Thread" [stack: 0x000000d532900000,0x000000d532a00000] [id=32200]
  0x00000259ea0dab10 WorkerThread "GC Thread#0" [stack: 0x000000d531900000,0x000000d531a00000] [id=33412]
  0x00000259f9294090 WorkerThread "GC Thread#1" [stack: 0x000000d532c00000,0x000000d532d00000] [id=26912]
  0x00000259f9942f10 WorkerThread "GC Thread#2" [stack: 0x000000d532d00000,0x000000d532e00000] [id=26904]
  0x00000259f4dd3a70 WorkerThread "GC Thread#3" [stack: 0x000000d532e00000,0x000000d532f00000] [id=29044]
  0x00000259f4d38b30 WorkerThread "GC Thread#4" [stack: 0x000000d532f00000,0x000000d533000000] [id=7748]
  0x00000259f992c6b0 WorkerThread "GC Thread#5" [stack: 0x000000d533000000,0x000000d533100000] [id=30760]
  0x00000259ea0dd250 ConcurrentGCThread "G1 Main Marker" [stack: 0x000000d531a00000,0x000000d531b00000] [id=32612]
  0x00000259ea0ddc40 WorkerThread "G1 Conc#0" [stack: 0x000000d531b00000,0x000000d531c00000] [id=27220]
  0x00000259ea1216b0 ConcurrentGCThread "G1 Refine#0" [stack: 0x000000d531c00000,0x000000d531d00000] [id=10024]
  0x00000259ea121fd0 ConcurrentGCThread "G1 Service" [stack: 0x000000d531d00000,0x000000d531e00000] [id=32136]

Threads with active compile tasks:
C2 CompilerThread0    14090 1336       4       jdk.internal.org.objectweb.asm.Frame::execute (2305 bytes)

VM state: not at safepoint (normal execution)

VM Mutex/Monitor currently owned by a thread: None

Heap address: 0x00000000fc000000, size: 64 MB, Compressed Oops mode: 32-bit

CDS archive(s) mapped at: [0x0000000800000000-0x0000000800ba0000-0x0000000800ba0000), size 12189696, SharedBaseAddress: 0x0000000800000000, ArchiveRelocationMode: 0.
Compressed class space mapped at: 0x0000000800c00000-0x0000000840c00000, reserved size: 1073741824
Narrow klass base: 0x0000000800000000, Narrow klass shift: 0, Narrow klass range: 0x100000000

GC Precious Log:
 CardTable entry size: 512
 Card Set container configuration: InlinePtr #cards 5 size 8 Array Of Cards #cards 12 size 40 Howl #buckets 4 coarsen threshold 1843 Howl Bitmap #cards 512 size 80 coarsen threshold 460 Card regions per heap region 1 cards per card region 2048
 CPUs: 12 total, 12 available
 Memory: 8060M
 Large Page Support: Disabled
 NUMA Support: Disabled
 Compressed Oops: Enabled (32-bit)
 Heap Region Size: 1M
 Heap Min Capacity: 64M
 Heap Initial Capacity: 64M
 Heap Max Capacity: 64M
 Pre-touch: Disabled
 Parallel Workers: 10
 Concurrent Workers: 3
 Concurrent Refinement Workers: 10
 Periodic GC: Disabled

Heap:
 garbage-first heap   total 65536K, used 26706K [0x00000000fc000000, 0x0000000100000000)
  region size 1024K, 20 young (20480K), 3 survivors (3072K)
 Metaspace       used 7740K, committed 8064K, reserved 1114112K
  class space    used 1038K, committed 1216K, reserved 1048576K

Heap Regions: E=young(eden), S=young(survivor), O=old, HS=humongous(starts), HC=humongous(continues), CS=collection set, F=free, OA=open archive, CA=closed archive, TAMS=top-at-mark-start (previous, next)
|   0|0x00000000fc000000, 0x00000000fc100000, 0x00000000fc100000|100%|HS|  |TAMS 0x00000000fc000000, 0x00000000fc000000| Complete 
|   1|0x00000000fc100000, 0x00000000fc200000, 0x00000000fc200000|100%|HC|  |TAMS 0x00000000fc100000, 0x00000000fc100000| Complete 
|   2|0x00000000fc200000, 0x00000000fc300000, 0x00000000fc300000|100%|HC|  |TAMS 0x00000000fc200000, 0x00000000fc200000| Complete 
|   3|0x00000000fc300000, 0x00000000fc400000, 0x00000000fc400000|100%|HC|  |TAMS 0x00000000fc300000, 0x00000000fc300000| Complete 
|   4|0x00000000fc400000, 0x00000000fc500000, 0x00000000fc500000|100%| O|  |TAMS 0x00000000fc400000, 0x00000000fc400000| Untracked 
|   5|0x00000000fc500000, 0x00000000fc600000, 0x00000000fc600000|100%| O|  |TAMS 0x00000000fc500000, 0x00000000fc500000| Untracked 
|   6|0x00000000fc600000, 0x00000000fc700000, 0x00000000fc700000|100%| O|  |TAMS 0x00000000fc600000, 0x00000000fc600000| Untracked 
|   7|0x00000000fc700000, 0x00000000fc714a00, 0x00000000fc800000|  8%| O|  |TAMS 0x00000000fc700000, 0x00000000fc700000| Untracked 
|   8|0x00000000fc800000, 0x00000000fc800000, 0x00000000fc900000|  0%| F|  |TAMS 0x00000000fc800000, 0x00000000fc800000| Untracked 
|   9|0x00000000fc900000, 0x00000000fc900000, 0x00000000fca00000|  0%| F|  |TAMS 0x00000000fc900000, 0x00000000fc900000| Untracked 
|  10|0x00000000fca00000, 0x00000000fca00000, 0x00000000fcb00000|  0%| F|  |TAMS 0x00000000fca00000, 0x00000000fca00000| Untracked 
|  11|0x00000000fcb00000, 0x00000000fcb00000, 0x00000000fcc00000|  0%| F|  |TAMS 0x00000000fcb00000, 0x00000000fcb00000| Untracked 
|  12|0x00000000fcc00000, 0x00000000fcc00000, 0x00000000fcd00000|  0%| F|  |TAMS 0x00000000fcc00000, 0x00000000fcc00000| Untracked 
|  13|0x00000000fcd00000, 0x00000000fcd00000, 0x00000000fce00000|  0%| F|  |TAMS 0x00000000fcd00000, 0x00000000fcd00000| Untracked 
|  14|0x00000000fce00000, 0x00000000fce00000, 0x00000000fcf00000|  0%| F|  |TAMS 0x00000000fce00000, 0x00000000fce00000| Untracked 
|  15|0x00000000fcf00000, 0x00000000fcf00000, 0x00000000fd000000|  0%| F|  |TAMS 0x00000000fcf00000, 0x00000000fcf00000| Untracked 
|  16|0x00000000fd000000, 0x00000000fd000000, 0x00000000fd100000|  0%| F|  |TAMS 0x00000000fd000000, 0x00000000fd000000| Untracked 
|  17|0x00000000fd100000, 0x00000000fd100000, 0x00000000fd200000|  0%| F|  |TAMS 0x00000000fd100000, 0x00000000fd100000| Untracked 
|  18|0x00000000fd200000, 0x00000000fd200000, 0x00000000fd300000|  0%| F|  |TAMS 0x00000000fd200000, 0x00000000fd200000| Untracked 
|  19|0x00000000fd300000, 0x00000000fd300000, 0x00000000fd400000|  0%| F|  |TAMS 0x00000000fd300000, 0x00000000fd300000| Untracked 
|  20|0x00000000fd400000, 0x00000000fd400000, 0x00000000fd500000|  0%| F|  |TAMS 0x00000000fd400000, 0x00000000fd400000| Untracked 
|  21|0x00000000fd500000, 0x00000000fd500000, 0x00000000fd600000|  0%| F|  |TAMS 0x00000000fd500000, 0x00000000fd500000| Untracked 
|  22|0x00000000fd600000, 0x00000000fd600000, 0x00000000fd700000|  0%| F|  |TAMS 0x00000000fd600000, 0x00000000fd600000| Untracked 
|  23|0x00000000fd700000, 0x00000000fd700000, 0x00000000fd800000|  0%| F|  |TAMS 0x00000000fd700000, 0x00000000fd700000| Untracked 
|  24|0x00000000fd800000, 0x00000000fd800000, 0x00000000fd900000|  0%| F|  |TAMS 0x00000000fd800000, 0x00000000fd800000| Untracked 
|  25|0x00000000fd900000, 0x00000000fd900000, 0x00000000fda00000|  0%| F|  |TAMS 0x00000000fd900000, 0x00000000fd900000| Untracked 
|  26|0x00000000fda00000, 0x00000000fda00000, 0x00000000fdb00000|  0%| F|  |TAMS 0x00000000fda00000, 0x00000000fda00000| Untracked 
|  27|0x00000000fdb00000, 0x00000000fdb00000, 0x00000000fdc00000|  0%| F|  |TAMS 0x00000000fdb00000, 0x00000000fdb00000| Untracked 
|  28|0x00000000fdc00000, 0x00000000fdc00000, 0x00000000fdd00000|  0%| F|  |TAMS 0x00000000fdc00000, 0x00000000fdc00000| Untracked 
|  29|0x00000000fdd00000, 0x00000000fdd00000, 0x00000000fde00000|  0%| F|  |TAMS 0x00000000fdd00000, 0x00000000fdd00000| Untracked 
|  30|0x00000000fde00000, 0x00000000fde00000, 0x00000000fdf00000|  0%| F|  |TAMS 0x00000000fde00000, 0x00000000fde00000| Untracked 
|  31|0x00000000fdf00000, 0x00000000fdf00000, 0x00000000fe000000|  0%| F|  |TAMS 0x00000000fdf00000, 0x00000000fdf00000| Untracked 
|  32|0x00000000fe000000, 0x00000000fe000000, 0x00000000fe100000|  0%| F|  |TAMS 0x00000000fe000000, 0x00000000fe000000| Untracked 
|  33|0x00000000fe100000, 0x00000000fe100000, 0x00000000fe200000|  0%| F|  |TAMS 0x00000000fe100000, 0x00000000fe100000| Untracked 
|  34|0x00000000fe200000, 0x00000000fe200000, 0x00000000fe300000|  0%| F|  |TAMS 0x00000000fe200000, 0x00000000fe200000| Untracked 
|  35|0x00000000fe300000, 0x00000000fe300000, 0x00000000fe400000|  0%| F|  |TAMS 0x00000000fe300000, 0x00000000fe300000| Untracked 
|  36|0x00000000fe400000, 0x00000000fe400000, 0x00000000fe500000|  0%| F|  |TAMS 0x00000000fe400000, 0x00000000fe400000| Untracked 
|  37|0x00000000fe500000, 0x00000000fe500000, 0x00000000fe600000|  0%| F|  |TAMS 0x00000000fe500000, 0x00000000fe500000| Untracked 
|  38|0x00000000fe600000, 0x00000000fe700000, 0x00000000fe700000|100%| S|CS|TAMS 0x00000000fe600000, 0x00000000fe600000| Complete 
|  39|0x00000000fe700000, 0x00000000fe800000, 0x00000000fe800000|100%| S|CS|TAMS 0x00000000fe700000, 0x00000000fe700000| Complete 
|  40|0x00000000fe800000, 0x00000000fe900000, 0x00000000fe900000|100%| S|CS|TAMS 0x00000000fe800000, 0x00000000fe800000| Complete 
|  41|0x00000000fe900000, 0x00000000fe900000, 0x00000000fea00000|  0%| F|  |TAMS 0x00000000fe900000, 0x00000000fe900000| Untracked 
|  42|0x00000000fea00000, 0x00000000fea00000, 0x00000000feb00000|  0%| F|  |TAMS 0x00000000fea00000, 0x00000000fea00000| Untracked 
|  43|0x00000000feb00000, 0x00000000feb00000, 0x00000000fec00000|  0%| F|  |TAMS 0x00000000feb00000, 0x00000000feb00000| Untracked 
|  44|0x00000000fec00000, 0x00000000fec00000, 0x00000000fed00000|  0%| F|  |TAMS 0x00000000fec00000, 0x00000000fec00000| Untracked 
|  45|0x00000000fed00000, 0x00000000fed00000, 0x00000000fee00000|  0%| F|  |TAMS 0x00000000fed00000, 0x00000000fed00000| Untracked 
|  46|0x00000000fee00000, 0x00000000fee00000, 0x00000000fef00000|  0%| F|  |TAMS 0x00000000fee00000, 0x00000000fee00000| Untracked 
|  47|0x00000000fef00000, 0x00000000fef66f10, 0x00000000ff000000| 40%| E|  |TAMS 0x00000000fef00000, 0x00000000fef00000| Complete 
|  48|0x00000000ff000000, 0x00000000ff100000, 0x00000000ff100000|100%| E|CS|TAMS 0x00000000ff000000, 0x00000000ff000000| Complete 
|  49|0x00000000ff100000, 0x00000000ff200000, 0x00000000ff200000|100%| E|CS|TAMS 0x00000000ff100000, 0x00000000ff100000| Complete 
|  50|0x00000000ff200000, 0x00000000ff300000, 0x00000000ff300000|100%| E|CS|TAMS 0x00000000ff200000, 0x00000000ff200000| Complete 
|  51|0x00000000ff300000, 0x00000000ff400000, 0x00000000ff400000|100%| E|CS|TAMS 0x00000000ff300000, 0x00000000ff300000| Complete 
|  52|0x00000000ff400000, 0x00000000ff500000, 0x00000000ff500000|100%| E|CS|TAMS 0x00000000ff400000, 0x00000000ff400000| Complete 
|  53|0x00000000ff500000, 0x00000000ff600000, 0x00000000ff600000|100%| E|CS|TAMS 0x00000000ff500000, 0x00000000ff500000| Complete 
|  54|0x00000000ff600000, 0x00000000ff700000, 0x00000000ff700000|100%| E|CS|TAMS 0x00000000ff600000, 0x00000000ff600000| Complete 
|  55|0x00000000ff700000, 0x00000000ff800000, 0x00000000ff800000|100%| E|CS|TAMS 0x00000000ff700000, 0x00000000ff700000| Complete 
|  56|0x00000000ff800000, 0x00000000ff900000, 0x00000000ff900000|100%| E|CS|TAMS 0x00000000ff800000, 0x00000000ff800000| Complete 
|  57|0x00000000ff900000, 0x00000000ffa00000, 0x00000000ffa00000|100%| E|CS|TAMS 0x00000000ff900000, 0x00000000ff900000| Complete 
|  58|0x00000000ffa00000, 0x00000000ffb00000, 0x00000000ffb00000|100%| E|CS|TAMS 0x00000000ffa00000, 0x00000000ffa00000| Complete 
|  59|0x00000000ffb00000, 0x00000000ffc00000, 0x00000000ffc00000|100%| E|CS|TAMS 0x00000000ffb00000, 0x00000000ffb00000| Complete 
|  60|0x00000000ffc00000, 0x00000000ffd00000, 0x00000000ffd00000|100%| E|CS|TAMS 0x00000000ffc00000, 0x00000000ffc00000| Complete 
|  61|0x00000000ffd00000, 0x00000000ffe00000, 0x00000000ffe00000|100%| E|CS|TAMS 0x00000000ffd00000, 0x00000000ffd00000| Complete 
|  62|0x00000000ffe00000, 0x00000000fff00000, 0x00000000fff00000|100%| E|CS|TAMS 0x00000000ffe00000, 0x00000000ffe00000| Complete 
|  63|0x00000000fff00000, 0x0000000100000000, 0x0000000100000000|100%| E|CS|TAMS 0x00000000fff00000, 0x00000000fff00000| Complete 

Card table byte_map: [0x00000259ea010000,0x00000259ea030000] _byte_map_base: 0x00000259e9830000

Marking Bits (Prev, Next): (CMBitMap*) 0x00000259ea0dc120, (CMBitMap*) 0x00000259ea0dc160
 Prev Bits: [0x00000259f1f30000, 0x00000259f2030000)
 Next Bits: [0x00000259f2030000, 0x00000259f2130000)

Polling page: 0x00000259e9870000

Metaspace:

Usage:
  Non-class:      6.54 MB used.
      Class:      1.01 MB used.
       Both:      7.56 MB used.

Virtual space:
  Non-class space:       64.00 MB reserved,       6.69 MB ( 10%) committed,  1 nodes.
      Class space:        1.00 GB reserved,       1.19 MB ( <1%) committed,  1 nodes.
             Both:        1.06 GB reserved,       7.88 MB ( <1%) committed. 

Chunk freelists:
   Non-Class:  320.00 KB
       Class:  2.66 MB
        Both:  2.97 MB

MaxMetaspaceSize: unlimited
CompressedClassSpaceSize: 1.00 GB
Initial GC threshold: 21.00 MB
Current GC threshold: 21.00 MB
CDS: on
MetaspaceReclaimPolicy: balanced
 - commit_granule_bytes: 65536.
 - commit_granule_words: 8192.
 - virtual_space_node_default_size: 8388608.
 - enlarge_chunks_in_place: 1.
 - new_chunks_are_fully_committed: 0.
 - uncommit_free_chunks: 1.
 - use_allocation_guard: 0.


Internal statistics:

num_allocs_failed_limit: 0.
num_arena_births: 208.
num_arena_deaths: 0.
num_vsnodes_births: 2.
num_vsnodes_deaths: 0.
num_space_committed: 126.
num_space_uncommitted: 0.
num_chunks_returned_to_freelist: 0.
num_chunks_taken_from_freelist: 436.
num_chunk_merges: 0.
num_chunk_splits: 282.
num_chunks_enlarged: 211.
num_inconsistent_stats: 0.

CodeHeap 'non-profiled nmethods': size=120000Kb used=479Kb max_used=479Kb free=119520Kb
 bounds [0x0000025987ad0000, 0x0000025987d40000, 0x000002598f000000]
CodeHeap 'profiled nmethods': size=120000Kb used=2529Kb max_used=2529Kb free=117471Kb
 bounds [0x00000259805a0000, 0x0000025980820000, 0x0000025987ad0000]
CodeHeap 'non-nmethods': size=5760Kb used=1170Kb max_used=1193Kb free=4589Kb
 bounds [0x0000025980000000, 0x0000025980270000, 0x00000259805a0000]
 total_blobs=1792 nmethods=1336 adapters=369
 compilation: enabled
              stopped_count=0, restarted_count=0
 full_count=0

Compilation events (20 events):
Event: 13.725 Thread 0x00000259ea163620 nmethod 1328 0x0000025980811410 code [0x00000259808115a0, 0x00000259808116b8]
Event: 13.725 Thread 0x00000259ea163620 1329       3       org.gradle.internal.io.StreamByteBuffer$StreamByteBufferChunk::write (32 bytes)
Event: 13.725 Thread 0x00000259ea163620 nmethod 1329 0x0000025980811790 code [0x0000025980811940, 0x0000025980811af8]
Event: 13.725 Thread 0x00000259ea163620 1330       3       org.gradle.internal.stream.EncodedStream$EncodedOutput::write (33 bytes)
Event: 13.726 Thread 0x00000259ea163620 nmethod 1330 0x0000025980811c10 code [0x0000025980811de0, 0x0000025980812178]
Event: 13.772 Thread 0x00000259ea163620 1331   !   3       sun.nio.fs.WindowsPath::initOffsets (153 bytes)
Event: 13.778 Thread 0x00000259ea163620 nmethod 1331 0x0000025980812310 code [0x0000025980812700, 0x0000025980814918]
Event: 13.778 Thread 0x00000259ea163620 1332       3       sun.nio.fs.WindowsPath::elementAsString (62 bytes)
Event: 13.780 Thread 0x00000259ea163620 nmethod 1332 0x0000025980815610 code [0x0000025980815820, 0x0000025980815cc8]
Event: 13.853 Thread 0x00000259ea163620 1333       3       java.lang.ProcessEnvironment$CheckedEntrySet$1::hasNext (10 bytes)
Event: 13.853 Thread 0x00000259ea163620 nmethod 1333 0x0000025980816010 code [0x00000259808161c0, 0x0000025980816388]
Event: 13.853 Thread 0x00000259ea163620 1335       3       java.lang.String::valueOf (15 bytes)
Event: 13.853 Thread 0x00000259ea163620 nmethod 1335 0x0000025980816490 code [0x0000025980816640, 0x0000025980816848]
Event: 13.853 Thread 0x00000259ea163620 1334       3       java.lang.ProcessEnvironment$CheckedEntrySet$1::next (5 bytes)
Event: 13.853 Thread 0x00000259ea163620 nmethod 1334 0x0000025980816910 code [0x0000025980816ae0, 0x0000025980816fc8]
Event: 13.945 Thread 0x00000259ea162c40 1336       4       jdk.internal.org.objectweb.asm.Frame::execute (2305 bytes)
Event: 13.945 Thread 0x00000259ea163620 1337       3       jdk.internal.org.objectweb.asm.MethodWriter::visitCode (1 bytes)
Event: 13.945 Thread 0x00000259ea163620 nmethod 1337 0x0000025980817190 code [0x0000025980817320, 0x0000025980817438]
Event: 13.950 Thread 0x00000259ea163620 1338       3       java.lang.invoke.MethodHandleNatives::refKindHasReceiver (33 bytes)
Event: 13.950 Thread 0x00000259ea163620 nmethod 1338 0x0000025980817510 code [0x00000259808176a0, 0x00000259808177f8]

GC Heap History (2 events):
Event: 9.137 GC heap before
{Heap before GC invocations=0 (full 0):
 garbage-first heap   total 65536K, used 26624K [0x00000000fc000000, 0x0000000100000000)
  region size 1024K, 23 young (23552K), 0 survivors (0K)
 Metaspace       used 4080K, committed 4224K, reserved 1114112K
  class space    used 518K, committed 576K, reserved 1048576K
}
Event: 9.641 GC heap after
{Heap after GC invocations=1 (full 0):
 garbage-first heap   total 65536K, used 10322K [0x00000000fc000000, 0x0000000100000000)
  region size 1024K, 3 young (3072K), 3 survivors (3072K)
 Metaspace       used 4080K, committed 4224K, reserved 1114112K
  class space    used 518K, committed 576K, reserved 1048576K
}

Deoptimization events (20 events):
Event: 10.238 Thread 0x00000259ea0b6430 DEOPT PACKING pc=0x0000025987b28c3c sp=0x000000d5318fc9c0
Event: 10.238 Thread 0x00000259ea0b6430 DEOPT UNPACKING pc=0x00000259800523a3 sp=0x000000d5318fc930 mode 2
Event: 10.238 Thread 0x00000259ea0b6430 Uncommon trap: trap_request=0xffffffc6 fr.pc=0x0000025987b28c3c relative=0x00000000000002fc
Event: 10.238 Thread 0x00000259ea0b6430 Uncommon trap: reason=bimorphic_or_optimized_type_check action=maybe_recompile pc=0x0000025987b28c3c method=java.util.concurrent.ConcurrentHashMap.get(Ljava/lang/Object;)Ljava/lang/Object; @ 149 c2
Event: 10.238 Thread 0x00000259ea0b6430 DEOPT PACKING pc=0x0000025987b28c3c sp=0x000000d5318fc9c0
Event: 10.238 Thread 0x00000259ea0b6430 DEOPT UNPACKING pc=0x00000259800523a3 sp=0x000000d5318fc930 mode 2
Event: 10.241 Thread 0x00000259ea0b6430 DEOPT PACKING pc=0x000002598064a965 sp=0x000000d5318fbb40
Event: 10.241 Thread 0x00000259ea0b6430 DEOPT UNPACKING pc=0x0000025980052b43 sp=0x000000d5318faf90 mode 0
Event: 10.270 Thread 0x00000259ea0b6430 DEOPT PACKING pc=0x0000025980692c01 sp=0x000000d5318fb270
Event: 10.270 Thread 0x00000259ea0b6430 DEOPT UNPACKING pc=0x0000025980052b43 sp=0x000000d5318fa778 mode 0
Event: 12.879 Thread 0x00000259ea0b6430 DEOPT PACKING pc=0x0000025980732fa6 sp=0x000000d5318fd370
Event: 12.879 Thread 0x00000259ea0b6430 DEOPT UNPACKING pc=0x0000025980052b43 sp=0x000000d5318fc840 mode 0
Event: 12.882 Thread 0x00000259ea0b6430 DEOPT PACKING pc=0x0000025980666856 sp=0x000000d5318fd6e0
Event: 12.882 Thread 0x00000259ea0b6430 DEOPT UNPACKING pc=0x0000025980052b43 sp=0x000000d5318fcbc8 mode 0
Event: 12.965 Thread 0x00000259ea0b6430 DEOPT PACKING pc=0x000002598065e9c7 sp=0x000000d5318fd780
Event: 12.965 Thread 0x00000259ea0b6430 DEOPT UNPACKING pc=0x0000025980052b43 sp=0x000000d5318fcc48 mode 0
Event: 12.968 Thread 0x00000259ea0b6430 DEOPT PACKING pc=0x000002598065e9c7 sp=0x000000d5318fd780
Event: 12.968 Thread 0x00000259ea0b6430 DEOPT UNPACKING pc=0x0000025980052b43 sp=0x000000d5318fcc48 mode 0
Event: 13.246 Thread 0x00000259ea0b6430 DEOPT PACKING pc=0x00000259807151c7 sp=0x000000d5318fd9b0
Event: 13.246 Thread 0x00000259ea0b6430 DEOPT UNPACKING pc=0x0000025980052b43 sp=0x000000d5318fce98 mode 0

Classes loaded (20 events):
Event: 12.272 Loading class sun/nio/ch/ExtendedSocketOption
Event: 12.272 Loading class sun/nio/ch/ExtendedSocketOption done
Event: 12.272 Loading class sun/nio/ch/ExtendedSocketOption$1
Event: 12.272 Loading class sun/nio/ch/ExtendedSocketOption$1 done
Event: 12.282 Loading class java/nio/channels/OverlappingFileLockException
Event: 12.282 Loading class java/nio/channels/OverlappingFileLockException done
Event: 12.282 Loading class java/io/EOFException
Event: 12.282 Loading class java/io/EOFException done
Event: 12.587 Loading class java/io/DataOutputStream
Event: 12.587 Loading class java/io/DataOutputStream done
Event: 12.674 Loading class java/io/FileOutputStream$1
Event: 12.674 Loading class java/io/FileOutputStream$1 done
Event: 13.715 Loading class java/nio/charset/CharacterCodingException
Event: 13.715 Loading class java/nio/charset/CharacterCodingException done
Event: 13.735 Loading class java/util/ArrayList$SubList$1
Event: 13.748 Loading class java/util/ArrayList$SubList$1 done
Event: 13.762 Loading class java/util/concurrent/CountDownLatch
Event: 13.770 Loading class java/util/concurrent/CountDownLatch done
Event: 13.771 Loading class java/util/concurrent/CountDownLatch$Sync
Event: 13.771 Loading class java/util/concurrent/CountDownLatch$Sync done

Classes unloaded (0 events):
No events

Classes redefined (0 events):
No events

Internal exceptions (20 events):
Event: 2.597 Thread 0x00000259ea0b6430 Exception <a 'java/lang/NoSuchMethodError'{0x00000000ffdb82a8}: 'void java.lang.invoke.DirectMethodHandle$Holder.invokeSpecial(java.lang.Object, java.lang.Object, java.lang.Object)'> (0x00000000ffdb82a8) 
thrown [s\open\src\hotspot\share\interpreter\linkResolver.cpp, line 759]
Event: 2.771 Thread 0x00000259ea0b6430 Exception <a 'java/lang/NoSuchMethodError'{0x00000000ffc4f280}: 'void java.lang.invoke.DirectMethodHandle$Holder.invokeStatic(java.lang.Object, java.lang.Object, java.lang.Object)'> (0x00000000ffc4f280) 
thrown [s\open\src\hotspot\share\interpreter\linkResolver.cpp, line 759]
Event: 2.796 Thread 0x00000259ea0b6430 Exception <a 'java/lang/NoSuchMethodError'{0x00000000ffc62c40}: 'java.lang.Object java.lang.invoke.Invokers$Holder.invokeExact_MT(java.lang.Object, java.lang.Object, java.lang.Object, java.lang.Object, java.lang.Object)'> (0x00000000ffc62c40) 
thrown [s\open\src\hotspot\share\interpreter\linkResolver.cpp, line 759]
Event: 2.821 Thread 0x00000259ea0b6430 Exception <a 'java/lang/NoSuchMethodError'{0x00000000ffc93820}: 'int java.lang.invoke.DirectMethodHandle$Holder.invokeStaticInit(java.lang.Object, java.lang.Object)'> (0x00000000ffc93820) 
thrown [s\open\src\hotspot\share\interpreter\linkResolver.cpp, line 759]
Event: 7.807 Thread 0x00000259ea0b6430 Exception <a 'java/lang/NoClassDefFoundError'{0x00000000fea0f660}: org/slf4j/impl/StaticMarkerBinder> (0x00000000fea0f660) 
thrown [s\open\src\hotspot\share\classfile\systemDictionary.cpp, line 244]
Event: 7.912 Thread 0x00000259ea0b6430 Exception <a 'java/lang/NoSuchMethodError'{0x00000000feaa00d8}: 'java.lang.Object java.lang.invoke.DirectMethodHandle$Holder.invokeVirtual(java.lang.Object, java.lang.Object, java.lang.Object, java.lang.Object, java.lang.Object, java.lang.Object, java.lang.Object)'> (0x00000000feaa00d8) 
thrown [s\open\src\hotspot\share\interpreter\linkResolver.cpp, line 759]
Event: 7.952 Thread 0x00000259ea0b6430 Exception <a 'java/lang/NoSuchMethodError'{0x00000000feab4378}: 'java.lang.Object java.lang.invoke.DirectMethodHandle$Holder.invokeStatic(java.lang.Object, java.lang.Object, int)'> (0x00000000feab4378) 
thrown [s\open\src\hotspot\share\interpreter\linkResolver.cpp, line 759]
Event: 7.955 Thread 0x00000259ea0b6430 Exception <a 'java/lang/NoSuchMethodError'{0x00000000feac0090}: 'void java.lang.invoke.DelegatingMethodHandle$Holder.delegate(java.lang.Object, java.lang.Object, int, java.lang.Object)'> (0x00000000feac0090) 
thrown [s\open\src\hotspot\share\interpreter\linkResolver.cpp, line 759]
Event: 7.956 Thread 0x00000259ea0b6430 Exception <a 'java/lang/NoSuchMethodError'{0x00000000feac41e0}: 'int java.lang.invoke.DirectMethodHandle$Holder.invokeSpecial(java.lang.Object, java.lang.Object, java.lang.Object)'> (0x00000000feac41e0) 
thrown [s\open\src\hotspot\share\interpreter\linkResolver.cpp, line 759]
Event: 8.003 Thread 0x00000259ea0b6430 Exception <a 'java/lang/NoSuchMethodError'{0x00000000fe965938}: 'java.lang.Object java.lang.invoke.DirectMethodHandle$Holder.invokeVirtual(java.lang.Object, java.lang.Object, java.lang.Object)'> (0x00000000fe965938) 
thrown [s\open\src\hotspot\share\interpreter\linkResolver.cpp, line 759]
Event: 9.761 Thread 0x00000259ea0b6430 Exception <a 'java/lang/NoSuchMethodError'{0x00000000ffd310a0}: 'java.lang.Object java.lang.invoke.DirectMethodHandle$Holder.invokeVirtual(java.lang.Object, java.lang.Object, java.lang.Object, java.lang.Object)'> (0x00000000ffd310a0) 
thrown [s\open\src\hotspot\share\interpreter\linkResolver.cpp, line 759]
Event: 9.814 Thread 0x00000259ea0b6430 Exception <a 'java/lang/NoSuchMethodError'{0x00000000ffdb0790}: 'java.lang.Object java.lang.invoke.DirectMethodHandle$Holder.invokeVirtual(java.lang.Object, java.lang.Object, java.lang.Object, java.lang.Object, java.lang.Object, java.lang.Object)'> (0x00000000ffdb0790) 
thrown [s\open\src\hotspot\share\interpreter\linkResolver.cpp, line 759]
Event: 9.992 Thread 0x00000259ea0b6430 Exception <a 'java/lang/NoSuchMethodError'{0x00000000ffa030c8}: 'java.lang.Object java.lang.invoke.DirectMethodHandle$Holder.invokeStaticInit(java.lang.Object)'> (0x00000000ffa030c8) 
thrown [s\open\src\hotspot\share\interpreter\linkResolver.cpp, line 759]
Event: 10.157 Thread 0x00000259ea0b6430 Exception <a 'java/lang/NoSuchMethodError'{0x00000000ff966650}: 'java.lang.Object java.lang.invoke.DirectMethodHandle$Holder.invokeVirtual(java.lang.Object, java.lang.Object, java.lang.Object, java.lang.Object, java.lang.Object)'> (0x00000000ff966650) 
thrown [s\open\src\hotspot\share\interpreter\linkResolver.cpp, line 759]
Event: 10.164 Thread 0x00000259ea0b6430 Exception <a 'java/lang/NoSuchMethodError'{0x00000000ff97ae08}: 'java.lang.Object java.lang.invoke.Invokers$Holder.invokeExact_MT(java.lang.Object, java.lang.Object, java.lang.Object, java.lang.Object, java.lang.Object, java.lang.Object)'> (0x00000000ff97ae08) 
thrown [s\open\src\hotspot\share\interpreter\linkResolver.cpp, line 759]
Event: 10.285 Thread 0x00000259ea0b6430 Exception <a 'java/lang/NoSuchMethodError'{0x00000000ff729b30}: 'java.lang.Object java.lang.invoke.DirectMethodHandle$Holder.invokeVirtual(java.lang.Object, java.lang.Object, java.lang.Object, java.lang.Object, java.lang.Object, java.lang.Object, java.lang.Object, java.lang.Object)'> (0x00000000ff729b30) 
thrown [s\open\src\hotspot\share\interpreter\linkResolver.cpp, line 759]
Event: 10.286 Thread 0x00000259ea0b6430 Exception <a 'java/lang/NoSuchMethodError'{0x00000000ff72f020}: 'java.lang.Object java.lang.invoke.DirectMethodHandle$Holder.invokeSpecial(java.lang.Object, java.lang.Object, java.lang.Object, java.lang.Object, java.lang.Object, java.lang.Object, java.lang.Object, java.lang.Object, java.lang.Object)'> (0x00000000ff72f020) 
thrown [s\open\src\hotspot\share\interpreter\linkResolver.cpp, line 759]
Event: 10.376 Thread 0x00000259ea0b6430 Exception <a 'java/lang/NoSuchMethodError'{0x00000000ff664280}: 'java.lang.Object java.lang.invoke.DirectMethodHandle$Holder.invokeStaticInit(java.lang.Object, int, int, int, int)'> (0x00000000ff664280) 
thrown [s\open\src\hotspot\share\interpreter\linkResolver.cpp, line 759]
Event: 11.209 Thread 0x00000259ea0b6430 Exception <a 'java/lang/NoSuchMethodError'{0x00000000ff5195e8}: 'java.lang.Object java.lang.invoke.DirectMethodHandle$Holder.invokeStaticInit(java.lang.Object, java.lang.Object, int, int, int, int)'> (0x00000000ff5195e8) 
thrown [s\open\src\hotspot\share\interpreter\linkResolver.cpp, line 759]
Event: 12.679 Thread 0x00000259ea0b6430 Exception <a 'java/lang/NoSuchMethodError'{0x00000000ff5fe420}: 'void java.lang.invoke.DirectMethodHandle$Holder.invokeInterface(java.lang.Object, java.lang.Object, java.lang.Object)'> (0x00000000ff5fe420) 
thrown [s\open\src\hotspot\share\interpreter\linkResolver.cpp, line 759]

VM Operations (20 events):
Event: 7.795 Executing VM operation: HandshakeAllThreads
Event: 7.796 Executing VM operation: HandshakeAllThreads done
Event: 7.798 Executing VM operation: HandshakeAllThreads
Event: 7.798 Executing VM operation: HandshakeAllThreads done
Event: 7.951 Executing VM operation: HandshakeAllThreads
Event: 7.951 Executing VM operation: HandshakeAllThreads done
Event: 8.075 Executing VM operation: G1CollectForAllocation
Event: 9.642 Executing VM operation: G1CollectForAllocation done
Event: 9.729 Executing VM operation: HandshakeAllThreads
Event: 9.746 Executing VM operation: HandshakeAllThreads done
Event: 10.256 Executing VM operation: HandshakeAllThreads
Event: 10.256 Executing VM operation: HandshakeAllThreads done
Event: 11.190 Executing VM operation: HandshakeAllThreads
Event: 11.190 Executing VM operation: HandshakeAllThreads done
Event: 11.190 Executing VM operation: Cleanup
Event: 11.191 Executing VM operation: Cleanup done
Event: 12.198 Executing VM operation: Cleanup
Event: 12.198 Executing VM operation: Cleanup done
Event: 13.202 Executing VM operation: Cleanup
Event: 13.203 Executing VM operation: Cleanup done

Events (20 events):
Event: 0.509 Thread 0x00000259ea14a660 Thread added: 0x00000259ea14a660
Event: 0.757 Thread 0x00000259ea160290 Thread added: 0x00000259ea160290
Event: 0.758 Thread 0x00000259ea160c30 Thread added: 0x00000259ea160c30
Event: 0.758 Thread 0x00000259ea1615d0 Thread added: 0x00000259ea1615d0
Event: 0.758 Thread 0x00000259ea161f70 Thread added: 0x00000259ea161f70
Event: 0.759 Thread 0x00000259ea162c40 Thread added: 0x00000259ea162c40
Event: 0.760 Thread 0x00000259ea163620 Thread added: 0x00000259ea163620
Event: 0.760 Thread 0x00000259ea1687c0 Thread added: 0x00000259ea1687c0
Event: 1.076 Thread 0x00000259f904b2b0 Thread added: 0x00000259f904b2b0
Event: 1.143 Thread 0x00000259f9052bc0 Thread added: 0x00000259f9052bc0
Event: 1.185 Loaded shared library C:\Program Files\Java\jdk-18.0.2.1\bin\net.dll
Event: 1.243 Loaded shared library C:\Program Files\Java\jdk-18.0.2.1\bin\nio.dll
Event: 1.564 Loaded shared library C:\Program Files\Java\jdk-18.0.2.1\bin\zip.dll
Event: 3.889 Loaded shared library C:\Program Files\Java\jdk-18.0.2.1\bin\jimage.dll
Event: 4.334 Loaded shared library C:\Program Files\Java\jdk-18.0.2.1\bin\verify.dll
Event: 7.991 Loaded shared library C:\Users\LENOVO ideapadGAMING\.gradle\native\68d5fa5c4cc2d200863cafc0d521ce42e7d3e7ee720ec0a83991735586a16f82\windows-amd64\native-platform.dll
Event: 8.073 Thread 0x00000259f4dd3230 Thread added: 0x00000259f4dd3230
Event: 10.010 Loaded shared library C:\Program Files\Java\jdk-18.0.2.1\bin\management.dll
Event: 10.023 Loaded shared library C:\Program Files\Java\jdk-18.0.2.1\bin\management_ext.dll
Event: 13.950 Thread 0x00000259f99a20b0 Thread added: 0x00000259f99a20b0


Dynamic libraries:
0x00007ff703370000 - 0x00007ff703380000 	C:\Program Files\Java\jdk-18.0.2.1\bin\java.exe
0x00007ffa89790000 - 0x00007ffa899a7000 	C:\WINDOWS\SYSTEM32\ntdll.dll
0x00007ffa88910000 - 0x00007ffa889d4000 	C:\WINDOWS\System32\KERNEL32.DLL
0x00007ffa86d70000 - 0x00007ffa87115000 	C:\WINDOWS\System32\KERNELBASE.dll
0x00007ffa86c50000 - 0x00007ffa86d61000 	C:\WINDOWS\System32\ucrtbase.dll
0x00007ff9f8250000 - 0x00007ff9f8268000 	C:\Program Files\Java\jdk-18.0.2.1\bin\jli.dll
0x00007ff9f8230000 - 0x00007ff9f824a000 	C:\Program Files\Java\jdk-18.0.2.1\bin\VCRUNTIME140.dll
0x00007ffa88c00000 - 0x00007ffa88cb1000 	C:\WINDOWS\System32\ADVAPI32.dll
0x00007ffa88d20000 - 0x00007ffa88dc7000 	C:\WINDOWS\System32\msvcrt.dll
0x00007ffa87ed0000 - 0x00007ffa87f76000 	C:\WINDOWS\System32\sechost.dll
0x00007ffa88e40000 - 0x00007ffa88f57000 	C:\WINDOWS\System32\RPCRT4.dll
0x00007ffa88a50000 - 0x00007ffa88bfe000 	C:\WINDOWS\System32\USER32.dll
0x00007ffa86c20000 - 0x00007ffa86c46000 	C:\WINDOWS\System32\win32u.dll
0x00007ffa888e0000 - 0x00007ffa88909000 	C:\WINDOWS\System32\GDI32.dll
0x00007ffa86b00000 - 0x00007ffa86c19000 	C:\WINDOWS\System32\gdi32full.dll
0x00007ffa87250000 - 0x00007ffa872ea000 	C:\WINDOWS\System32\msvcp_win.dll
0x00007ffa7eee0000 - 0x00007ffa7eeea000 	C:\WINDOWS\SYSTEM32\VERSION.dll
0x00007ffa70620000 - 0x00007ffa708b3000 	C:\WINDOWS\WinSxS\amd64_microsoft.windows.common-controls_6595b64144ccf1df_6.0.22621.2506_none_270c5ae97388e100\COMCTL32.dll
0x00007ffa896f0000 - 0x00007ffa89721000 	C:\WINDOWS\System32\IMM32.DLL
0x00007ffa50750000 - 0x00007ffa5075c000 	C:\Program Files\Java\jdk-18.0.2.1\bin\vcruntime140_1.dll
0x00007ff9f7d70000 - 0x00007ff9f7dfd000 	C:\Program Files\Java\jdk-18.0.2.1\bin\msvcp140.dll
0x00007ff9f1e00000 - 0x00007ff9f2a11000 	C:\Program Files\Java\jdk-18.0.2.1\bin\server\jvm.dll
0x00007ffa888d0000 - 0x00007ffa888d8000 	C:\WINDOWS\System32\PSAPI.DLL
0x00007ffa6b640000 - 0x00007ffa6b649000 	C:\WINDOWS\SYSTEM32\WSOCK32.dll
0x00007ffa87e50000 - 0x00007ffa87ec1000 	C:\WINDOWS\System32\WS2_32.dll
0x00007ffa7ec90000 - 0x00007ffa7ecc4000 	C:\WINDOWS\SYSTEM32\WINMM.dll
0x00007ffa85bf0000 - 0x00007ffa85c08000 	C:\WINDOWS\SYSTEM32\kernel.appcore.dll
0x00007ffa484e0000 - 0x00007ffa484ea000 	C:\Program Files\Java\jdk-18.0.2.1\bin\jimage.dll
0x00007ffa84460000 - 0x00007ffa84693000 	C:\WINDOWS\SYSTEM32\DBGHELP.DLL
0x00007ffa891c0000 - 0x00007ffa89549000 	C:\WINDOWS\System32\combase.dll
0x00007ffa88280000 - 0x00007ffa88357000 	C:\WINDOWS\System32\OLEAUT32.dll
0x00007ffa6e970000 - 0x00007ffa6e9a2000 	C:\WINDOWS\SYSTEM32\dbgcore.DLL
0x00007ffa872f0000 - 0x00007ffa8736a000 	C:\WINDOWS\System32\bcryptPrimitives.dll
0x00007ff9f8200000 - 0x00007ff9f8225000 	C:\Program Files\Java\jdk-18.0.2.1\bin\java.dll
0x00007ff9f1d20000 - 0x00007ff9f1df6000 	C:\Program Files\Java\jdk-18.0.2.1\bin\jsvml.dll
0x00007ffa875e0000 - 0x00007ffa87e39000 	C:\WINDOWS\System32\SHELL32.dll
0x00007ffa84a30000 - 0x00007ffa85324000 	C:\WINDOWS\SYSTEM32\windows.storage.dll
0x00007ffa848f0000 - 0x00007ffa84a2e000 	C:\WINDOWS\SYSTEM32\wintypes.dll
0x00007ffa874e0000 - 0x00007ffa875d3000 	C:\WINDOWS\System32\SHCORE.dll
0x00007ffa88cc0000 - 0x00007ffa88d1e000 	C:\WINDOWS\System32\shlwapi.dll
0x00007ffa86a30000 - 0x00007ffa86a56000 	C:\WINDOWS\SYSTEM32\profapi.dll
0x00007ff9f81e0000 - 0x00007ff9f81f3000 	C:\Program Files\Java\jdk-18.0.2.1\bin\net.dll
0x00007ffa7eb50000 - 0x00007ffa7ec87000 	C:\WINDOWS\SYSTEM32\WINHTTP.dll
0x00007ffa86070000 - 0x00007ffa860d9000 	C:\WINDOWS\system32\mswsock.dll
0x00007ff9f7d50000 - 0x00007ff9f7d66000 	C:\Program Files\Java\jdk-18.0.2.1\bin\nio.dll
0x00007ff9f5940000 - 0x00007ff9f5958000 	C:\Program Files\Java\jdk-18.0.2.1\bin\zip.dll
0x00007ffa825a0000 - 0x00007ffa825b0000 	C:\Program Files\Java\jdk-18.0.2.1\bin\verify.dll
0x00007ffa6b750000 - 0x00007ffa6b777000 	C:\Users\LENOVO ideapadGAMING\.gradle\native\68d5fa5c4cc2d200863cafc0d521ce42e7d3e7ee720ec0a83991735586a16f82\windows-amd64\native-platform.dll
0x00007ffa6b4f0000 - 0x00007ffa6b4f9000 	C:\Program Files\Java\jdk-18.0.2.1\bin\management.dll
0x00007ffa30460000 - 0x00007ffa3046b000 	C:\Program Files\Java\jdk-18.0.2.1\bin\management_ext.dll
0x00007ffa862c0000 - 0x00007ffa862db000 	C:\WINDOWS\SYSTEM32\CRYPTSP.dll
0x00007ffa85b50000 - 0x00007ffa85b85000 	C:\WINDOWS\system32\rsaenh.dll
0x00007ffa86160000 - 0x00007ffa8618c000 	C:\WINDOWS\SYSTEM32\USERENV.dll
0x00007ffa864b0000 - 0x00007ffa864d8000 	C:\WINDOWS\SYSTEM32\bcrypt.dll
0x00007ffa862e0000 - 0x00007ffa862ec000 	C:\WINDOWS\SYSTEM32\CRYPTBASE.dll
0x00007ffa85600000 - 0x00007ffa8562d000 	C:\WINDOWS\SYSTEM32\IPHLPAPI.DLL
0x00007ffa87e40000 - 0x00007ffa87e49000 	C:\WINDOWS\System32\NSI.dll
0x00007ffa7eef0000 - 0x00007ffa7ef09000 	C:\WINDOWS\SYSTEM32\dhcpcsvc6.DLL
0x00007ffa7ecd0000 - 0x00007ffa7ecef000 	C:\WINDOWS\SYSTEM32\dhcpcsvc.DLL
0x00007ffa85670000 - 0x00007ffa85769000 	C:\WINDOWS\SYSTEM32\DNSAPI.dll

dbghelp: loaded successfully - version: 4.0.5 - missing functions: none
symbol engine: initialized successfully - sym options: 0x614 - pdb path: .;C:\Program Files\Java\jdk-18.0.2.1\bin;C:\WINDOWS\SYSTEM32;C:\WINDOWS\WinSxS\amd64_microsoft.windows.common-controls_6595b64144ccf1df_6.0.22621.2506_none_270c5ae97388e100;C:\Program Files\Java\jdk-18.0.2.1\bin\server;C:\Users\LENOVO ideapadGAMING\.gradle\native\68d5fa5c4cc2d200863cafc0d521ce42e7d3e7ee720ec0a83991735586a16f82\windows-amd64

VM Arguments:
jvm_args: -Xmx64m -Xms64m -Dorg.gradle.appname=gradlew 
java_command: org.gradle.wrapper.GradleWrapperMain tasks
java_class_path (initial): D:\KULIAH\SMT 5\PGPBL\Acara7\AwesomeProject\android\\gradle\wrapper\gradle-wrapper.jar
Launcher Type: SUN_STANDARD

[Global flags]
     intx CICompilerCount                          = 4                                         {product} {ergonomic}
     uint ConcGCThreads                            = 3                                         {product} {ergonomic}
     uint G1ConcRefinementThreads                  = 10                                        {product} {ergonomic}
   size_t G1HeapRegionSize                         = 1048576                                   {product} {ergonomic}
    uintx GCDrainStackTargetSize                   = 64                                        {product} {ergonomic}
   size_t InitialHeapSize                          = 67108864                                  {product} {command line}
   size_t MarkStackSize                            = 4194304                                   {product} {ergonomic}
   size_t MaxHeapSize                              = 67108864                                  {product} {command line}
   size_t MaxNewSize                               = 39845888                                  {product} {ergonomic}
   size_t MinHeapDeltaBytes                        = 1048576                                   {product} {ergonomic}
   size_t MinHeapSize                              = 67108864                                  {product} {command line}
    uintx NonNMethodCodeHeapSize                   = 5839372                                {pd product} {ergonomic}
    uintx NonProfiledCodeHeapSize                  = 122909434                              {pd product} {ergonomic}
    uintx ProfiledCodeHeapSize                     = 122909434                              {pd product} {ergonomic}
    uintx ReservedCodeCacheSize                    = 251658240                              {pd product} {ergonomic}
     bool SegmentedCodeCache                       = true                                      {product} {ergonomic}
   size_t SoftMaxHeapSize                          = 67108864                               {manageable} {ergonomic}
     bool UseCompressedClassPointers               = true                           {product lp64_product} {ergonomic}
     bool UseCompressedOops                        = true                           {product lp64_product} {ergonomic}
     bool UseG1GC                                  = true                                      {product} {ergonomic}
     bool UseLargePagesIndividualAllocation        = false                                  {pd product} {ergonomic}

Logging:
Log output configuration:
 #0: stdout all=warning uptime,level,tags foldmultilines=false
 #1: stderr all=off uptime,level,tags foldmultilines=false

Environment Variables:
JAVA_HOME=C:\Program Files\Java\jdk-18.0.2.1
CLASSPATH=D:\KULIAH\SMT 5\PGPBL\Acara7\AwesomeProject\android\\gradle\wrapper\gradle-wrapper.jar
PATH=D:\KULIAH\SMT 5\PGPBL\Acara7\AwesomeProject\node_modules\.bin;D:\KULIAH\SMT 5\PGPBL\Acara7\AwesomeProject\node_modules\.bin;D:\KULIAH\SMT 5\PGPBL\Acara7\node_modules\.bin;D:\KULIAH\SMT 5\PGPBL\node_modules\.bin;D:\KULIAH\SMT 5\node_modules\.bin;D:\KULIAH\node_modules\.bin;D:\node_modules\.bin;C:\Program Files\nodejs\node_modules\npm\node_modules\@npmcli\run-script\lib\node-gyp-bin;D:\KULIAH\SMT 5\PGPBL\Acara7\AwesomeProject\node_modules\.bin;D:\KULIAH\SMT 5\PGPBL\Acara7\node_modules\.bin;D:\KULIAH\SMT 5\PGPBL\node_modules\.bin;D:\KULIAH\SMT 5\node_modules\.bin;D:\KULIAH\node_modules\.bin;D:\node_modules\.bin;C:\Program Files\nodejs\node_modules\npm\node_modules\@npmcli\run-script\lib\node-gyp-bin;C:\Program Files (x86)\Common Files\Intel\Shared Libraries\redist\intel64\compiler;C:\Python27;C:\PCI Geomatics\Geomatica 2015\exe;C:\Program Files\Common Files\Oracle\Java\javapath;C:\Program Files (x86)\Common Files\Oracle\Java\javapath;C:\Program Files (x86)\Common Files\Intel\Shared Files\cpp\bin\Intel64;C:\Windows\system32;C:\Windows;C:\Windows\System32\Wbem;C:\Windows\System32\WindowsPowerShell\v1.0\;C:\Windows\System32\OpenSSH\;C:\Program Files (x86)\NVIDIA Corporation\PhysX\Common;C:\Program Files\NVIDIA Corporation\NVIDIA NvDLISR;C:\WINDOWS\system32;C:\WINDOWS;C:\WINDOWS\System32\Wbem;C:\WINDOWS\System32\WindowsPowerShell\v1.0\;C:\WINDOWS\System32\OpenSSH\;C:\Anaconda3;C:\Anaconda3\Scripts;C:\Program Files\dotnet\;C:\dev\MapWinGIS;C:\ProgramData\ComposerSetup\bin;C:\xampp\php;C:\WINDOWS\system32;C:\WINDOWS;C:\WINDOWS\System32\Wbem;C:\WINDOWS\System32\WindowsPowerShell\v1.0\;C:\WINDOWS\System32\OpenSSH\;C:\Program Files\Git\cmd;C:\ProgramData\chocolatey\bin;C:\Program Files\nodejs\;C:\Users\LENOVO ideapadGAMING\AppData\Local\Programs\Python\Python39\;C:\Users\LENOVO ideapadGAMING\AppData\Local\Programs\Python\Python39\Scripts;C:\Program Files\MySQL\MySQL Shell 8.0\bin\;C:\Users\LENOVO ideapadGAMING\AppData\Local\Microsoft\WindowsApps;C:\Users\LENOVO ideapadGAMING\.dotnet\tools;C:\Users\LENOVO ideapadGAMING\AppData\Local\Programs\Microsoft VS Code\bin;C:\Users\LENOVO ideapadGAMING\AppData\Roaming\Composer\vendor\bin;C:\xampp\php;C:\Program Files\Git\bin\;C:\Program Files\Gitcmd\;C:\Users\LENOVO ideapadGAMING\AppData\Roaming\npm
USERNAME=LENOVO ideapadGAMING
LANG=en_US.UTF-8
OS=Windows_NT
PROCESSOR_IDENTIFIER=Intel64 Family 6 Model 165 Stepping 2, GenuineIntel



---------------  S Y S T E M  ---------------

OS:
 Windows 11 , 64 bit Build 22621 (10.0.22621.2506)
OS uptime: 0 days 11:21 hours

CPU: total 12 (initial active 12) (6 cores per cpu, 2 threads per core) family 6 model 165 stepping 2 microcode 0xe0, cx8, cmov, fxsr, ht, mmx, 3dnowpref, sse, sse2, sse3, ssse3, sse4.1, sse4.2, popcnt, lzcnt, tsc, tscinvbit, avx, avx2, aes, erms, clmul, bmi1, bmi2, adx, fma, vzeroupper, clflush, clflushopt

Memory: 4k page, system-wide physical 8060M (11M free)
TotalPageFile size 27119M (AvailPageFile size 0M)
current process WorkingSet (physical memory assigned to process): 73M, peak: 73M
current process commit charge ("private bytes"): 165M, peak: 166M

vm_info: Java HotSpot(TM) 64-Bit Server VM (18.0.2.1+1-1) for windows-amd64 JRE (18.0.2.1+1-1), built on Aug 16 2022 01:46:33 by "mach5one" with MS VC++ 16.8 / 16.9 (VS2019)

END.
