#
# There is insufficient memory for the Java Runtime Environment to continue.
# Native memory allocation (malloc) failed to allocate 1036016 bytes for Chunk::new
# Possible reasons:
#   The system is out of physical RAM or swap space
#   The process is running with CompressedOops enabled, and the Java Heap may be blocking the growth of the native heap
# Possible solutions:
#   Reduce memory load on the system
#   Increase physical memory or swap space
#   Check if swap backing store is full
#   Decrease Java heap size (-Xmx/-Xms)
#   Decrease number of Java threads
#   Decrease Java thread stack sizes (-Xss)
#   Set larger code cache with -XX:ReservedCodeCacheSize=
#   JVM is running with Unscaled Compressed Oops mode in which the Java heap is
#     placed in the first 4GB address space. The Java Heap base address is the
#     maximum limit for the native heap growth. Please use -XX:HeapBaseMinAddress
#     to set the Java Heap base and to place the Java Heap above 4GB virtual address.
# This output file may be truncated or incomplete.
#
#  Out of Memory Error (arena.cpp:184), pid=19360, tid=32772
#
# JRE version: Java(TM) SE Runtime Environment (18.0.2.1+1) (build 18.0.2.1+1-1)
# Java VM: Java HotSpot(TM) 64-Bit Server VM (18.0.2.1+1-1, mixed mode, sharing, tiered, compressed oops, compressed class ptrs, g1 gc, windows-amd64)
# No core dump will be written. Minidumps are not enabled by default on client versions of Windows
#

---------------  S U M M A R Y ------------

Command Line: -XX:MaxMetaspaceSize=512m --add-opens=java.base/java.util=ALL-UNNAMED --add-opens=java.base/java.lang=ALL-UNNAMED --add-opens=java.base/java.lang.invoke=ALL-UNNAMED --add-opens=java.prefs/java.util.prefs=ALL-UNNAMED --add-opens=java.base/java.nio.charset=ALL-UNNAMED --add-opens=java.base/java.net=ALL-UNNAMED --add-opens=java.base/java.util.concurrent.atomic=ALL-UNNAMED -Xmx2048m -Dfile.encoding=UTF-8 -Duser.country=US -Duser.language=en -Duser.variant org.gradle.launcher.daemon.bootstrap.GradleDaemon 8.0.1

Host: Intel(R) Core(TM) i7-10750H CPU @ 2.60GHz, 12 cores, 7G,  Windows 11 , 64 bit Build 22621 (10.0.22621.2506)
Time: Mon Nov 27 09:38:20 2023 SE Asia Standard Time elapsed time: 17.595081 seconds (0d 0h 0m 17s)

---------------  T H R E A D  ---------------

Current thread (0x0000016af437ca30):  JavaThread "C2 CompilerThread0" daemon [_thread_in_native, id=32772, stack(0x00000052d7b00000,0x00000052d7c00000)]


Current CompileTask:
C2:  17595 2731   !   4       java.net.URL::<init> (543 bytes)

Stack: [0x00000052d7b00000,0x00000052d7c00000]
Native frames: (J=compiled Java code, j=interpreted, Vv=VM code, C=native code)
V  [jvm.dll+0x6993aa]
V  [jvm.dll+0x7f46dd]
V  [jvm.dll+0x7f5fee]
V  [jvm.dll+0x7f66a3]
V  [jvm.dll+0x25cf1f]
V  [jvm.dll+0xb8c2f]
V  [jvm.dll+0xb8fa5]
V  [jvm.dll+0x386091]
V  [jvm.dll+0x34fe71]
V  [jvm.dll+0x34f30a]
V  [jvm.dll+0x230101]
V  [jvm.dll+0x22f4d1]
V  [jvm.dll+0x1ba01c]
V  [jvm.dll+0x23ee0a]
V  [jvm.dll+0x23d0f5]
V  [jvm.dll+0x7a6dd1]
V  [jvm.dll+0x7a120a]
V  [jvm.dll+0x698255]
C  [ucrtbase.dll+0x29363]
C  [KERNEL32.DLL+0x1257d]
C  [ntdll.dll+0x5aa58]


---------------  P R O C E S S  ---------------

Threads class SMR info:
_java_thread_list=0x0000016af900f360, length=29, elements={
0x0000016ad5ceacd0, 0x0000016af435fdf0, 0x0000016af4360a50, 0x0000016af437a080,
0x0000016af437aa20, 0x0000016af437b3c0, 0x0000016af437bd60, 0x0000016af437ca30,
0x0000016af437f420, 0x0000016af43f34e0, 0x0000016af8553f90, 0x0000016af8556a80,
0x0000016af9ddd530, 0x0000016af9370310, 0x0000016af8f9e140, 0x0000016af9487e20,
0x0000016af88dd570, 0x0000016af9b7e070, 0x0000016af88dda30, 0x0000016af9b10860,
0x0000016af8e7b330, 0x0000016af8e7b800, 0x0000016af8e7e350, 0x0000016af8e7ae60,
0x0000016af8e7bcd0, 0x0000016af8e7cb40, 0x0000016af8e7d010, 0x0000016afad9b930,
0x0000016afad9be00
}

Java Threads: ( => current thread )
  0x0000016ad5ceacd0 JavaThread "main" [_thread_blocked, id=30012, stack(0x00000052d6e00000,0x00000052d6f00000)]
  0x0000016af435fdf0 JavaThread "Reference Handler" daemon [_thread_blocked, id=26240, stack(0x00000052d7500000,0x00000052d7600000)]
  0x0000016af4360a50 JavaThread "Finalizer" daemon [_thread_blocked, id=2184, stack(0x00000052d7600000,0x00000052d7700000)]
  0x0000016af437a080 JavaThread "Signal Dispatcher" daemon [_thread_blocked, id=12480, stack(0x00000052d7700000,0x00000052d7800000)]
  0x0000016af437aa20 JavaThread "Attach Listener" daemon [_thread_blocked, id=27492, stack(0x00000052d7800000,0x00000052d7900000)]
  0x0000016af437b3c0 JavaThread "Service Thread" daemon [_thread_blocked, id=32092, stack(0x00000052d7900000,0x00000052d7a00000)]
  0x0000016af437bd60 JavaThread "Monitor Deflation Thread" daemon [_thread_blocked, id=32800, stack(0x00000052d7a00000,0x00000052d7b00000)]
=>0x0000016af437ca30 JavaThread "C2 CompilerThread0" daemon [_thread_in_native, id=32772, stack(0x00000052d7b00000,0x00000052d7c00000)]
  0x0000016af437f420 JavaThread "C1 CompilerThread0" daemon [_thread_blocked, id=29088, stack(0x00000052d7c00000,0x00000052d7d00000)]
  0x0000016af43f34e0 JavaThread "Sweeper thread" daemon [_thread_blocked, id=25924, stack(0x00000052d7d00000,0x00000052d7e00000)]
  0x0000016af8553f90 JavaThread "Common-Cleaner" daemon [_thread_blocked, id=3084, stack(0x00000052d7e00000,0x00000052d7f00000)]
  0x0000016af8556a80 JavaThread "Notification Thread" daemon [_thread_blocked, id=33096, stack(0x00000052d7f00000,0x00000052d8000000)]
  0x0000016af9ddd530 JavaThread "Daemon health stats" [_thread_blocked, id=33888, stack(0x00000052d8500000,0x00000052d8600000)]
  0x0000016af9370310 JavaThread "Incoming local TCP Connector on port 59805" [_thread_in_native, id=9484, stack(0x00000052d8600000,0x00000052d8700000)]
  0x0000016af8f9e140 JavaThread "Daemon periodic checks" [_thread_blocked, id=28820, stack(0x00000052d8700000,0x00000052d8800000)]
  0x0000016af9487e20 JavaThread "Daemon" [_thread_blocked, id=10248, stack(0x00000052d8800000,0x00000052d8900000)]
  0x0000016af88dd570 JavaThread "Handler for socket connection from /127.0.0.1:59805 to /127.0.0.1:59806" [_thread_in_native, id=23780, stack(0x00000052d8900000,0x00000052d8a00000)]
  0x0000016af9b7e070 JavaThread "Cancel handler" [_thread_blocked, id=33492, stack(0x00000052d8a00000,0x00000052d8b00000)]
  0x0000016af88dda30 JavaThread "Daemon worker" [_thread_blocked, id=34148, stack(0x00000052d8b00000,0x00000052d8c00000)]
  0x0000016af9b10860 JavaThread "Asynchronous log dispatcher for DefaultDaemonConnection: socket connection from /127.0.0.1:59805 to /127.0.0.1:59806" [_thread_blocked, id=34136, stack(0x00000052d8c00000,0x00000052d8d00000)]
  0x0000016af8e7b330 JavaThread "Stdin handler" [_thread_blocked, id=5552, stack(0x00000052d8d00000,0x00000052d8e00000)]
  0x0000016af8e7b800 JavaThread "Daemon client event forwarder" [_thread_blocked, id=23508, stack(0x00000052d8e00000,0x00000052d8f00000)]
  0x0000016af8e7e350 JavaThread "Cache worker for journal cache (C:\Users\LENOVO ideapadGAMING\.gradle\caches\journal-1)" [_thread_blocked, id=32980, stack(0x00000052d8f00000,0x00000052d9000000)]
  0x0000016af8e7ae60 JavaThread "File lock request listener" [_thread_in_native, id=32896, stack(0x00000052d9000000,0x00000052d9100000)]
  0x0000016af8e7bcd0 JavaThread "Cache worker for file hash cache (C:\Users\LENOVO ideapadGAMING\.gradle\caches\8.0.1\fileHashes)" [_thread_blocked, id=28540, stack(0x00000052d9100000,0x00000052d9200000)]
  0x0000016af8e7cb40 JavaThread "File watcher server" daemon [_thread_in_native, id=28620, stack(0x00000052d9700000,0x00000052d9800000)]
  0x0000016af8e7d010 JavaThread "File watcher consumer" daemon [_thread_blocked, id=9980, stack(0x00000052d9800000,0x00000052d9900000)]
  0x0000016afad9b930 JavaThread "Cache worker for checksums cache (D:\KULIAH\SMT 5\PGPBL\Acara7\AwesomeProject\android\.gradle\8.0.1\checksums)" [_thread_new, id=28480, stack(0x0000000000000000,0x0000000000000000)]
  0x0000016afad9be00 JavaThread "Cache worker for cache directory md-rule (C:\Users\LENOVO ideapadGAMING\.gradle\caches\8.0.1\md-rule)" [_thread_new, id=32908, stack(0x0000000000000000,0x0000000000000000)]

Other Threads:
  0x0000016af435ced0 VMThread "VM Thread" [stack: 0x00000052d7400000,0x00000052d7500000] [id=33240] _threads_hazard_ptr=0x0000016af900f360
  0x0000016af8569f60 WatcherThread "VM Periodic Task Thread" [stack: 0x00000052d8000000,0x00000052d8100000] [id=33100]
  0x0000016ad5d4ab50 WorkerThread "GC Thread#0" [stack: 0x00000052d6f00000,0x00000052d7000000] [id=26788]
  0x0000016af88740c0 WorkerThread "GC Thread#1" [stack: 0x00000052d8100000,0x00000052d8200000] [id=25708]
  0x0000016af8874360 WorkerThread "GC Thread#2" [stack: 0x00000052d8200000,0x00000052d8300000] [id=26496]
  0x0000016af86f05f0 WorkerThread "GC Thread#3" [stack: 0x00000052d8300000,0x00000052d8400000] [id=29584]
  0x0000016af86ea4f0 WorkerThread "GC Thread#4" [stack: 0x00000052d8400000,0x00000052d8500000] [id=29784]
  0x0000016afa087560 WorkerThread "GC Thread#5" [stack: 0x00000052d9200000,0x00000052d9300000] [id=17312]
  0x0000016afb2628e0 WorkerThread "GC Thread#6" [stack: 0x00000052d9300000,0x00000052d9400000] [id=4420]
  0x0000016afab49060 WorkerThread "GC Thread#7" [stack: 0x00000052d9400000,0x00000052d9500000] [id=31476]
  0x0000016afab49300 WorkerThread "GC Thread#8" [stack: 0x00000052d9500000,0x00000052d9600000] [id=12788]
  0x0000016afa9c6030 WorkerThread "GC Thread#9" [stack: 0x00000052d9600000,0x00000052d9700000] [id=25868]
  0x0000016ad5d5ba80 ConcurrentGCThread "G1 Main Marker" [stack: 0x00000052d7000000,0x00000052d7100000] [id=25560]
  0x0000016ad5d5c470 WorkerThread "G1 Conc#0" [stack: 0x00000052d7100000,0x00000052d7200000] [id=26364]
  0x0000016af4215520 ConcurrentGCThread "G1 Refine#0" [stack: 0x00000052d7200000,0x00000052d7300000] [id=26680]
  0x0000016af4215e30 ConcurrentGCThread "G1 Service" [stack: 0x00000052d7300000,0x00000052d7400000] [id=32500]

Threads with active compile tasks:
C2 CompilerThread0    17664 2731   !   4       java.net.URL::<init> (543 bytes)

VM state: synchronizing (normal execution)

VM Mutex/Monitor currently owned by a thread:  ([mutex/lock_event])
[0x0000016ad5ce49e0] Threads_lock - owner thread: 0x0000016af435ced0
[0x0000016ad5ce8de0] Heap_lock - owner thread: 0x0000016af88dda30

Heap address: 0x0000000080000000, size: 2048 MB, Compressed Oops mode: 32-bit

CDS archive(s) mapped at: [0x0000000800000000-0x0000000800ba0000-0x0000000800ba0000), size 12189696, SharedBaseAddress: 0x0000000800000000, ArchiveRelocationMode: 0.
Compressed class space mapped at: 0x0000000800c00000-0x000000081a800000, reserved size: 432013312
Narrow klass base: 0x0000000800000000, Narrow klass shift: 0, Narrow klass range: 0x100000000

GC Precious Log:
 CardTable entry size: 512
 Card Set container configuration: InlinePtr #cards 5 size 8 Array Of Cards #cards 12 size 40 Howl #buckets 4 coarsen threshold 1843 Howl Bitmap #cards 512 size 80 coarsen threshold 460 Card regions per heap region 1 cards per card region 2048
 CPUs: 12 total, 12 available
 Memory: 8060M
 Large Page Support: Disabled
 NUMA Support: Disabled
 Compressed Oops: Enabled (32-bit)
 Heap Region Size: 1M
 Heap Min Capacity: 8M
 Heap Initial Capacity: 126M
 Heap Max Capacity: 2G
 Pre-touch: Disabled
 Parallel Workers: 10
 Concurrent Workers: 3
 Concurrent Refinement Workers: 10
 Periodic GC: Disabled

Heap:
 garbage-first heap   total 129024K, used 46871K [0x0000000080000000, 0x0000000100000000)
  region size 1024K, 37 young (37888K), 10 survivors (10240K)
 Metaspace       used 20746K, committed 21504K, reserved 487424K
  class space    used 3053K, committed 3456K, reserved 421888K

Heap Regions: E=young(eden), S=young(survivor), O=old, HS=humongous(starts), HC=humongous(continues), CS=collection set, F=free, OA=open archive, CA=closed archive, TAMS=top-at-mark-start (previous, next)
|   0|0x0000000080000000, 0x0000000080100000, 0x0000000080100000|100%|HS|  |TAMS 0x0000000080000000, 0x0000000080000000| Complete 
|   1|0x0000000080100000, 0x0000000080200000, 0x0000000080200000|100%|HC|  |TAMS 0x0000000080100000, 0x0000000080100000| Complete 
|   2|0x0000000080200000, 0x0000000080300000, 0x0000000080300000|100%|HC|  |TAMS 0x0000000080200000, 0x0000000080200000| Complete 
|   3|0x0000000080300000, 0x0000000080400000, 0x0000000080400000|100%|HC|  |TAMS 0x0000000080300000, 0x0000000080300000| Complete 
|   4|0x0000000080400000, 0x0000000080500000, 0x0000000080500000|100%| O|  |TAMS 0x0000000080400000, 0x0000000080400000| Untracked 
|   5|0x0000000080500000, 0x0000000080600000, 0x0000000080600000|100%| O|  |TAMS 0x0000000080500000, 0x0000000080500000| Untracked 
|   6|0x0000000080600000, 0x0000000080700000, 0x0000000080700000|100%| O|  |TAMS 0x0000000080600000, 0x0000000080600000| Untracked 
|   7|0x0000000080700000, 0x0000000080700000, 0x0000000080800000|  0%| F|  |TAMS 0x0000000080700000, 0x0000000080700000| Untracked 
|   8|0x0000000080800000, 0x0000000080900000, 0x0000000080900000|100%| O|  |TAMS 0x0000000080800000, 0x0000000080800000| Untracked 
|   9|0x0000000080900000, 0x0000000080a00000, 0x0000000080a00000|100%| O|  |TAMS 0x0000000080900000, 0x0000000080900000| Untracked 
|  10|0x0000000080a00000, 0x0000000080af6200, 0x0000000080b00000| 96%| O|  |TAMS 0x0000000080a00000, 0x0000000080a00000| Untracked 
|  11|0x0000000080b00000, 0x0000000080b00000, 0x0000000080c00000|  0%| F|  |TAMS 0x0000000080b00000, 0x0000000080b00000| Untracked 
|  12|0x0000000080c00000, 0x0000000080c00000, 0x0000000080d00000|  0%| F|  |TAMS 0x0000000080c00000, 0x0000000080c00000| Untracked 
|  13|0x0000000080d00000, 0x0000000080d00000, 0x0000000080e00000|  0%| F|  |TAMS 0x0000000080d00000, 0x0000000080d00000| Untracked 
|  14|0x0000000080e00000, 0x0000000080e00000, 0x0000000080f00000|  0%| F|  |TAMS 0x0000000080e00000, 0x0000000080e00000| Untracked 
|  15|0x0000000080f00000, 0x0000000080f00000, 0x0000000081000000|  0%| F|  |TAMS 0x0000000080f00000, 0x0000000080f00000| Untracked 
|  16|0x0000000081000000, 0x0000000081000000, 0x0000000081100000|  0%| F|  |TAMS 0x0000000081000000, 0x0000000081000000| Untracked 
|  17|0x0000000081100000, 0x0000000081100000, 0x0000000081200000|  0%| F|  |TAMS 0x0000000081100000, 0x0000000081100000| Untracked 
|  18|0x0000000081200000, 0x0000000081200000, 0x0000000081300000|  0%| F|  |TAMS 0x0000000081200000, 0x0000000081200000| Untracked 
|  19|0x0000000081300000, 0x0000000081300000, 0x0000000081400000|  0%| F|  |TAMS 0x0000000081300000, 0x0000000081300000| Untracked 
|  20|0x0000000081400000, 0x0000000081400000, 0x0000000081500000|  0%| F|  |TAMS 0x0000000081400000, 0x0000000081400000| Untracked 
|  21|0x0000000081500000, 0x0000000081500000, 0x0000000081600000|  0%| F|  |TAMS 0x0000000081500000, 0x0000000081500000| Untracked 
|  22|0x0000000081600000, 0x0000000081600000, 0x0000000081700000|  0%| F|  |TAMS 0x0000000081600000, 0x0000000081600000| Untracked 
|  23|0x0000000081700000, 0x0000000081700000, 0x0000000081800000|  0%| F|  |TAMS 0x0000000081700000, 0x0000000081700000| Untracked 
|  24|0x0000000081800000, 0x0000000081800000, 0x0000000081900000|  0%| F|  |TAMS 0x0000000081800000, 0x0000000081800000| Untracked 
|  25|0x0000000081900000, 0x0000000081900000, 0x0000000081a00000|  0%| F|  |TAMS 0x0000000081900000, 0x0000000081900000| Untracked 
|  26|0x0000000081a00000, 0x0000000081a00000, 0x0000000081b00000|  0%| F|  |TAMS 0x0000000081a00000, 0x0000000081a00000| Untracked 
|  27|0x0000000081b00000, 0x0000000081b00000, 0x0000000081c00000|  0%| F|  |TAMS 0x0000000081b00000, 0x0000000081b00000| Untracked 
|  28|0x0000000081c00000, 0x0000000081c00000, 0x0000000081d00000|  0%| F|  |TAMS 0x0000000081c00000, 0x0000000081c00000| Untracked 
|  29|0x0000000081d00000, 0x0000000081d00000, 0x0000000081e00000|  0%| F|  |TAMS 0x0000000081d00000, 0x0000000081d00000| Untracked 
|  30|0x0000000081e00000, 0x0000000081e00000, 0x0000000081f00000|  0%| F|  |TAMS 0x0000000081e00000, 0x0000000081e00000| Untracked 
|  31|0x0000000081f00000, 0x0000000081f00000, 0x0000000082000000|  0%| F|  |TAMS 0x0000000081f00000, 0x0000000081f00000| Untracked 
|  32|0x0000000082000000, 0x0000000082000000, 0x0000000082100000|  0%| F|  |TAMS 0x0000000082000000, 0x0000000082000000| Untracked 
|  33|0x0000000082100000, 0x0000000082100000, 0x0000000082200000|  0%| F|  |TAMS 0x0000000082100000, 0x0000000082100000| Untracked 
|  34|0x0000000082200000, 0x0000000082200000, 0x0000000082300000|  0%| F|  |TAMS 0x0000000082200000, 0x0000000082200000| Untracked 
|  35|0x0000000082300000, 0x0000000082300000, 0x0000000082400000|  0%| F|  |TAMS 0x0000000082300000, 0x0000000082300000| Untracked 
|  36|0x0000000082400000, 0x0000000082400000, 0x0000000082500000|  0%| F|  |TAMS 0x0000000082400000, 0x0000000082400000| Untracked 
|  37|0x0000000082500000, 0x0000000082500000, 0x0000000082600000|  0%| F|  |TAMS 0x0000000082500000, 0x0000000082500000| Untracked 
|  38|0x0000000082600000, 0x0000000082600000, 0x0000000082700000|  0%| F|  |TAMS 0x0000000082600000, 0x0000000082600000| Untracked 
|  39|0x0000000082700000, 0x0000000082700000, 0x0000000082800000|  0%| F|  |TAMS 0x0000000082700000, 0x0000000082700000| Untracked 
|  40|0x0000000082800000, 0x0000000082800000, 0x0000000082900000|  0%| F|  |TAMS 0x0000000082800000, 0x0000000082800000| Untracked 
|  41|0x0000000082900000, 0x00000000829cfc50, 0x0000000082a00000| 81%| S|CS|TAMS 0x0000000082900000, 0x0000000082900000| Complete 
|  42|0x0000000082a00000, 0x0000000082b00000, 0x0000000082b00000|100%| S|CS|TAMS 0x0000000082a00000, 0x0000000082a00000| Complete 
|  43|0x0000000082b00000, 0x0000000082c00000, 0x0000000082c00000|100%| S|CS|TAMS 0x0000000082b00000, 0x0000000082b00000| Complete 
|  44|0x0000000082c00000, 0x0000000082d00000, 0x0000000082d00000|100%| S|CS|TAMS 0x0000000082c00000, 0x0000000082c00000| Complete 
|  45|0x0000000082d00000, 0x0000000082e00000, 0x0000000082e00000|100%| S|CS|TAMS 0x0000000082d00000, 0x0000000082d00000| Complete 
|  46|0x0000000082e00000, 0x0000000082f00000, 0x0000000082f00000|100%| S|CS|TAMS 0x0000000082e00000, 0x0000000082e00000| Complete 
|  47|0x0000000082f00000, 0x0000000083000000, 0x0000000083000000|100%| S|CS|TAMS 0x0000000082f00000, 0x0000000082f00000| Complete 
|  48|0x0000000083000000, 0x0000000083100000, 0x0000000083100000|100%| S|CS|TAMS 0x0000000083000000, 0x0000000083000000| Complete 
|  49|0x0000000083100000, 0x0000000083200000, 0x0000000083200000|100%| S|CS|TAMS 0x0000000083100000, 0x0000000083100000| Complete 
|  50|0x0000000083200000, 0x0000000083300000, 0x0000000083300000|100%| S|CS|TAMS 0x0000000083200000, 0x0000000083200000| Complete 
|  51|0x0000000083300000, 0x0000000083300000, 0x0000000083400000|  0%| F|  |TAMS 0x0000000083300000, 0x0000000083300000| Untracked 
|  52|0x0000000083400000, 0x0000000083400000, 0x0000000083500000|  0%| F|  |TAMS 0x0000000083400000, 0x0000000083400000| Untracked 
|  53|0x0000000083500000, 0x0000000083500000, 0x0000000083600000|  0%| F|  |TAMS 0x0000000083500000, 0x0000000083500000| Untracked 
|  54|0x0000000083600000, 0x0000000083600000, 0x0000000083700000|  0%| F|  |TAMS 0x0000000083600000, 0x0000000083600000| Untracked 
|  55|0x0000000083700000, 0x0000000083700000, 0x0000000083800000|  0%| F|  |TAMS 0x0000000083700000, 0x0000000083700000| Untracked 
|  56|0x0000000083800000, 0x0000000083800000, 0x0000000083900000|  0%| F|  |TAMS 0x0000000083800000, 0x0000000083800000| Untracked 
|  57|0x0000000083900000, 0x0000000083900000, 0x0000000083a00000|  0%| F|  |TAMS 0x0000000083900000, 0x0000000083900000| Untracked 
|  58|0x0000000083a00000, 0x0000000083a00000, 0x0000000083b00000|  0%| F|  |TAMS 0x0000000083a00000, 0x0000000083a00000| Untracked 
|  59|0x0000000083b00000, 0x0000000083b00000, 0x0000000083c00000|  0%| F|  |TAMS 0x0000000083b00000, 0x0000000083b00000| Untracked 
|  60|0x0000000083c00000, 0x0000000083c00000, 0x0000000083d00000|  0%| F|  |TAMS 0x0000000083c00000, 0x0000000083c00000| Untracked 
|  61|0x0000000083d00000, 0x0000000083d00000, 0x0000000083e00000|  0%| F|  |TAMS 0x0000000083d00000, 0x0000000083d00000| Untracked 
|  62|0x0000000083e00000, 0x0000000083e00000, 0x0000000083f00000|  0%| F|  |TAMS 0x0000000083e00000, 0x0000000083e00000| Untracked 
|  63|0x0000000083f00000, 0x0000000083f00000, 0x0000000084000000|  0%| F|  |TAMS 0x0000000083f00000, 0x0000000083f00000| Untracked 
|  64|0x0000000084000000, 0x0000000084000000, 0x0000000084100000|  0%| F|  |TAMS 0x0000000084000000, 0x0000000084000000| Untracked 
|  65|0x0000000084100000, 0x0000000084100000, 0x0000000084200000|  0%| F|  |TAMS 0x0000000084100000, 0x0000000084100000| Untracked 
|  66|0x0000000084200000, 0x0000000084200000, 0x0000000084300000|  0%| F|  |TAMS 0x0000000084200000, 0x0000000084200000| Untracked 
|  67|0x0000000084300000, 0x0000000084300000, 0x0000000084400000|  0%| F|  |TAMS 0x0000000084300000, 0x0000000084300000| Untracked 
|  68|0x0000000084400000, 0x0000000084400000, 0x0000000084500000|  0%| F|  |TAMS 0x0000000084400000, 0x0000000084400000| Untracked 
|  69|0x0000000084500000, 0x0000000084500000, 0x0000000084600000|  0%| F|  |TAMS 0x0000000084500000, 0x0000000084500000| Untracked 
|  70|0x0000000084600000, 0x0000000084600000, 0x0000000084700000|  0%| F|  |TAMS 0x0000000084600000, 0x0000000084600000| Untracked 
|  71|0x0000000084700000, 0x0000000084700000, 0x0000000084800000|  0%| F|  |TAMS 0x0000000084700000, 0x0000000084700000| Untracked 
|  72|0x0000000084800000, 0x0000000084800000, 0x0000000084900000|  0%| F|  |TAMS 0x0000000084800000, 0x0000000084800000| Untracked 
|  73|0x0000000084900000, 0x0000000084900000, 0x0000000084a00000|  0%| F|  |TAMS 0x0000000084900000, 0x0000000084900000| Untracked 
|  74|0x0000000084a00000, 0x0000000084a00000, 0x0000000084b00000|  0%| F|  |TAMS 0x0000000084a00000, 0x0000000084a00000| Untracked 
|  75|0x0000000084b00000, 0x0000000084b00000, 0x0000000084c00000|  0%| F|  |TAMS 0x0000000084b00000, 0x0000000084b00000| Untracked 
|  76|0x0000000084c00000, 0x0000000084c00000, 0x0000000084d00000|  0%| F|  |TAMS 0x0000000084c00000, 0x0000000084c00000| Untracked 
|  77|0x0000000084d00000, 0x0000000084d00000, 0x0000000084e00000|  0%| F|  |TAMS 0x0000000084d00000, 0x0000000084d00000| Untracked 
|  78|0x0000000084e00000, 0x0000000084e00000, 0x0000000084f00000|  0%| F|  |TAMS 0x0000000084e00000, 0x0000000084e00000| Untracked 
|  79|0x0000000084f00000, 0x0000000084f00000, 0x0000000085000000|  0%| F|  |TAMS 0x0000000084f00000, 0x0000000084f00000| Untracked 
|  80|0x0000000085000000, 0x0000000085000000, 0x0000000085100000|  0%| F|  |TAMS 0x0000000085000000, 0x0000000085000000| Untracked 
|  81|0x0000000085100000, 0x0000000085100000, 0x0000000085200000|  0%| F|  |TAMS 0x0000000085100000, 0x0000000085100000| Untracked 
|  82|0x0000000085200000, 0x0000000085200000, 0x0000000085300000|  0%| F|  |TAMS 0x0000000085200000, 0x0000000085200000| Untracked 
|  83|0x0000000085300000, 0x0000000085300000, 0x0000000085400000|  0%| F|  |TAMS 0x0000000085300000, 0x0000000085300000| Untracked 
|  84|0x0000000085400000, 0x0000000085400000, 0x0000000085500000|  0%| F|  |TAMS 0x0000000085400000, 0x0000000085400000| Untracked 
|  85|0x0000000085500000, 0x0000000085500000, 0x0000000085600000|  0%| F|  |TAMS 0x0000000085500000, 0x0000000085500000| Untracked 
|  86|0x0000000085600000, 0x0000000085600000, 0x0000000085700000|  0%| F|  |TAMS 0x0000000085600000, 0x0000000085600000| Untracked 
|  87|0x0000000085700000, 0x0000000085700000, 0x0000000085800000|  0%| F|  |TAMS 0x0000000085700000, 0x0000000085700000| Untracked 
|  88|0x0000000085800000, 0x0000000085800000, 0x0000000085900000|  0%| F|  |TAMS 0x0000000085800000, 0x0000000085800000| Untracked 
|  89|0x0000000085900000, 0x0000000085900000, 0x0000000085a00000|  0%| F|  |TAMS 0x0000000085900000, 0x0000000085900000| Untracked 
|  90|0x0000000085a00000, 0x0000000085a00000, 0x0000000085b00000|  0%| F|  |TAMS 0x0000000085a00000, 0x0000000085a00000| Untracked 
|  91|0x0000000085b00000, 0x0000000085b00000, 0x0000000085c00000|  0%| F|  |TAMS 0x0000000085b00000, 0x0000000085b00000| Untracked 
|  92|0x0000000085c00000, 0x0000000085c00000, 0x0000000085d00000|  0%| F|  |TAMS 0x0000000085c00000, 0x0000000085c00000| Untracked 
|  93|0x0000000085d00000, 0x0000000085d00000, 0x0000000085e00000|  0%| F|  |TAMS 0x0000000085d00000, 0x0000000085d00000| Untracked 
|  94|0x0000000085e00000, 0x0000000085e00000, 0x0000000085f00000|  0%| F|  |TAMS 0x0000000085e00000, 0x0000000085e00000| Untracked 
|  95|0x0000000085f00000, 0x0000000085f00000, 0x0000000086000000|  0%| F|  |TAMS 0x0000000085f00000, 0x0000000085f00000| Untracked 
|  96|0x0000000086000000, 0x0000000086000000, 0x0000000086100000|  0%| F|  |TAMS 0x0000000086000000, 0x0000000086000000| Untracked 
|  97|0x0000000086100000, 0x0000000086100000, 0x0000000086200000|  0%| F|  |TAMS 0x0000000086100000, 0x0000000086100000| Untracked 
|  98|0x0000000086200000, 0x0000000086200000, 0x0000000086300000|  0%| F|  |TAMS 0x0000000086200000, 0x0000000086200000| Untracked 
|  99|0x0000000086300000, 0x0000000086400000, 0x0000000086400000|100%| E|  |TAMS 0x0000000086300000, 0x0000000086300000| Complete 
| 100|0x0000000086400000, 0x0000000086500000, 0x0000000086500000|100%| E|CS|TAMS 0x0000000086400000, 0x0000000086400000| Complete 
| 101|0x0000000086500000, 0x0000000086600000, 0x0000000086600000|100%| E|CS|TAMS 0x0000000086500000, 0x0000000086500000| Complete 
| 102|0x0000000086600000, 0x0000000086700000, 0x0000000086700000|100%| E|CS|TAMS 0x0000000086600000, 0x0000000086600000| Complete 
| 103|0x0000000086700000, 0x0000000086800000, 0x0000000086800000|100%| E|CS|TAMS 0x0000000086700000, 0x0000000086700000| Complete 
| 104|0x0000000086800000, 0x0000000086900000, 0x0000000086900000|100%| E|CS|TAMS 0x0000000086800000, 0x0000000086800000| Complete 
| 105|0x0000000086900000, 0x0000000086a00000, 0x0000000086a00000|100%| E|CS|TAMS 0x0000000086900000, 0x0000000086900000| Complete 
| 106|0x0000000086a00000, 0x0000000086b00000, 0x0000000086b00000|100%| E|CS|TAMS 0x0000000086a00000, 0x0000000086a00000| Complete 
| 107|0x0000000086b00000, 0x0000000086c00000, 0x0000000086c00000|100%| E|CS|TAMS 0x0000000086b00000, 0x0000000086b00000| Complete 
| 108|0x0000000086c00000, 0x0000000086d00000, 0x0000000086d00000|100%| E|CS|TAMS 0x0000000086c00000, 0x0000000086c00000| Complete 
| 109|0x0000000086d00000, 0x0000000086e00000, 0x0000000086e00000|100%| E|CS|TAMS 0x0000000086d00000, 0x0000000086d00000| Complete 
| 110|0x0000000086e00000, 0x0000000086f00000, 0x0000000086f00000|100%| E|CS|TAMS 0x0000000086e00000, 0x0000000086e00000| Complete 
| 111|0x0000000086f00000, 0x0000000087000000, 0x0000000087000000|100%| E|CS|TAMS 0x0000000086f00000, 0x0000000086f00000| Complete 
| 112|0x0000000087000000, 0x0000000087100000, 0x0000000087100000|100%| E|CS|TAMS 0x0000000087000000, 0x0000000087000000| Complete 
| 113|0x0000000087100000, 0x0000000087200000, 0x0000000087200000|100%| E|CS|TAMS 0x0000000087100000, 0x0000000087100000| Complete 
| 114|0x0000000087200000, 0x0000000087300000, 0x0000000087300000|100%| E|CS|TAMS 0x0000000087200000, 0x0000000087200000| Complete 
| 115|0x0000000087300000, 0x0000000087400000, 0x0000000087400000|100%| E|CS|TAMS 0x0000000087300000, 0x0000000087300000| Complete 
| 116|0x0000000087400000, 0x0000000087500000, 0x0000000087500000|100%| E|CS|TAMS 0x0000000087400000, 0x0000000087400000| Complete 
| 117|0x0000000087500000, 0x0000000087600000, 0x0000000087600000|100%| E|CS|TAMS 0x0000000087500000, 0x0000000087500000| Complete 
| 118|0x0000000087600000, 0x0000000087700000, 0x0000000087700000|100%| E|CS|TAMS 0x0000000087600000, 0x0000000087600000| Complete 
| 119|0x0000000087700000, 0x0000000087800000, 0x0000000087800000|100%| E|CS|TAMS 0x0000000087700000, 0x0000000087700000| Complete 
| 120|0x0000000087800000, 0x0000000087900000, 0x0000000087900000|100%| E|CS|TAMS 0x0000000087800000, 0x0000000087800000| Complete 
| 121|0x0000000087900000, 0x0000000087a00000, 0x0000000087a00000|100%| E|CS|TAMS 0x0000000087900000, 0x0000000087900000| Complete 
| 122|0x0000000087a00000, 0x0000000087b00000, 0x0000000087b00000|100%| E|CS|TAMS 0x0000000087a00000, 0x0000000087a00000| Complete 
| 123|0x0000000087b00000, 0x0000000087c00000, 0x0000000087c00000|100%| E|CS|TAMS 0x0000000087b00000, 0x0000000087b00000| Complete 
| 124|0x0000000087c00000, 0x0000000087d00000, 0x0000000087d00000|100%| E|CS|TAMS 0x0000000087c00000, 0x0000000087c00000| Complete 
| 125|0x0000000087d00000, 0x0000000087e00000, 0x0000000087e00000|100%| E|CS|TAMS 0x0000000087d00000, 0x0000000087d00000| Complete 

Card table byte_map: [0x0000016aecf60000,0x0000016aed360000] _byte_map_base: 0x0000016aecb60000

Marking Bits (Prev, Next): (CMBitMap*) 0x0000016ad5d4b150, (CMBitMap*) 0x0000016ad5d4b190
 Prev Bits: [0x0000016aed760000, 0x0000016aef760000)
 Next Bits: [0x0000016aef760000, 0x0000016af1760000)

Polling page: 0x0000016ad3c50000

Metaspace:

Usage:
  Non-class:     17.28 MB used.
      Class:      2.98 MB used.
       Both:     20.26 MB used.

Virtual space:
  Non-class space:       64.00 MB reserved,      17.62 MB ( 28%) committed,  1 nodes.
      Class space:      412.00 MB reserved,       3.38 MB ( <1%) committed,  1 nodes.
             Both:      476.00 MB reserved,      21.00 MB (  4%) committed. 

Chunk freelists:
   Non-Class:  1.62 MB
       Class:  635.00 KB
        Both:  2.25 MB

MaxMetaspaceSize: 512.00 MB
CompressedClassSpaceSize: 412.00 MB
Initial GC threshold: 21.00 MB
Current GC threshold: 21.00 MB
CDS: on
MetaspaceReclaimPolicy: balanced
 - commit_granule_bytes: 65536.
 - commit_granule_words: 8192.
 - virtual_space_node_default_size: 8388608.
 - enlarge_chunks_in_place: 1.
 - new_chunks_are_fully_committed: 0.
 - uncommit_free_chunks: 1.
 - use_allocation_guard: 0.


Internal statistics:

num_allocs_failed_limit: 2.
num_arena_births: 1158.
num_arena_deaths: 0.
num_vsnodes_births: 2.
num_vsnodes_deaths: 0.
num_space_committed: 336.
num_space_uncommitted: 0.
num_chunks_returned_to_freelist: 2.
num_chunks_taken_from_freelist: 2018.
num_chunk_merges: 2.
num_chunk_splits: 1313.
num_chunks_enlarged: 853.
num_inconsistent_stats: 0.

CodeHeap 'non-profiled nmethods': size=120000Kb used=1292Kb max_used=1292Kb free=118707Kb
 bounds [0x0000016ae50e0000, 0x0000016ae5350000, 0x0000016aec610000]
CodeHeap 'profiled nmethods': size=120000Kb used=5793Kb max_used=5793Kb free=114206Kb
 bounds [0x0000016addbb0000, 0x0000016ade160000, 0x0000016ae50e0000]
CodeHeap 'non-nmethods': size=5760Kb used=1246Kb max_used=1319Kb free=4513Kb
 bounds [0x0000016add610000, 0x0000016add880000, 0x0000016addbb0000]
 total_blobs=3297 nmethods=2753 adapters=456
 compilation: enabled
              stopped_count=0, restarted_count=0
 full_count=0

Compilation events (20 events):
Event: 17.403 Thread 0x0000016af437f420 2755       3       com.google.common.cache.LocalCache::evictsBySize (15 bytes)
Event: 17.404 Thread 0x0000016af437f420 nmethod 2755 0x0000016ade14e090 code [0x0000016ade14e220, 0x0000016ade14e398]
Event: 17.414 Thread 0x0000016af437f420 2757       3       java.lang.invoke.DirectMethodHandle$Holder::invokeStatic (22 bytes)
Event: 17.414 Thread 0x0000016af437f420 nmethod 2757 0x0000016ade14e410 code [0x0000016ade14e5e0, 0x0000016ade14eb58]
Event: 17.473 Thread 0x0000016af437f420 2759       3       com.google.common.cache.LocalCache::expiresAfterAccess (15 bytes)
Event: 17.473 Thread 0x0000016af437f420 nmethod 2759 0x0000016ade14ec90 code [0x0000016ade14ee20, 0x0000016ade14ef98]
Event: 17.473 Thread 0x0000016af437f420 2760       3       java.lang.reflect.Method::acquireMethodAccessor (55 bytes)
Event: 17.475 Thread 0x0000016af437f420 nmethod 2760 0x0000016ade14f010 code [0x0000016ade14f2c0, 0x0000016ade1501c8]
Event: 17.475 Thread 0x0000016af437f420 2761       3       java.lang.ClassLoader::getParent (32 bytes)
Event: 17.476 Thread 0x0000016af437f420 nmethod 2761 0x0000016ade150690 code [0x0000016ade150840, 0x0000016ade150a98]
Event: 17.522 Thread 0x0000016af437f420 2762   !   3       org.gradle.internal.service.DefaultServiceRegistry$FactoryMethodService::invokeMethod (151 bytes)
Event: 17.527 Thread 0x0000016af437f420 nmethod 2762 0x0000016ade150b90 code [0x0000016ade150fa0, 0x0000016ade1532e8]
Event: 17.562 Thread 0x0000016af437f420 2763       3       java.lang.invoke.BoundMethodHandle$Species_LLL::make (14 bytes)
Event: 17.563 Thread 0x0000016af437f420 nmethod 2763 0x0000016ade154110 code [0x0000016ade1542c0, 0x0000016ade154608]
Event: 17.564 Thread 0x0000016af437f420 2764       3       java.lang.invoke.BoundMethodHandle$Species_LLL::<init> (24 bytes)
Event: 17.565 Thread 0x0000016af437f420 nmethod 2764 0x0000016ade154710 code [0x0000016ade1548c0, 0x0000016ade154ba8]
Event: 17.568 Thread 0x0000016af437f420 2765       3       java.lang.Module::canRead (86 bytes)
Event: 17.577 Thread 0x0000016af437f420 nmethod 2765 0x0000016ade154c90 code [0x0000016ade155040, 0x0000016ade156b68]
Event: 17.581 Thread 0x0000016af437f420 2766       3       java.lang.ThreadLocal$ThreadLocalMap::nextIndex (15 bytes)
Event: 17.581 Thread 0x0000016af437f420 nmethod 2766 0x0000016ade157210 code [0x0000016ade1573a0, 0x0000016ade1574d8]

GC Heap History (6 events):
Event: 6.614 GC heap before
{Heap before GC invocations=0 (full 0):
 garbage-first heap   total 129024K, used 26624K [0x0000000080000000, 0x0000000100000000)
  region size 1024K, 23 young (23552K), 0 survivors (0K)
 Metaspace       used 3018K, committed 3200K, reserved 487424K
  class space    used 375K, committed 448K, reserved 421888K
}
Event: 6.665 GC heap after
{Heap after GC invocations=1 (full 0):
 garbage-first heap   total 129024K, used 10051K [0x0000000080000000, 0x0000000100000000)
  region size 1024K, 3 young (3072K), 3 survivors (3072K)
 Metaspace       used 3018K, committed 3200K, reserved 487424K
  class space    used 375K, committed 448K, reserved 421888K
}
Event: 8.159 GC heap before
{Heap before GC invocations=1 (full 0):
 garbage-first heap   total 129024K, used 37699K [0x0000000080000000, 0x0000000100000000)
  region size 1024K, 30 young (30720K), 3 survivors (3072K)
 Metaspace       used 3967K, committed 4160K, reserved 487424K
  class space    used 473K, committed 576K, reserved 421888K
}
Event: 8.165 GC heap after
{Heap after GC invocations=2 (full 0):
 garbage-first heap   total 129024K, used 12492K [0x0000000080000000, 0x0000000100000000)
  region size 1024K, 3 young (3072K), 3 survivors (3072K)
 Metaspace       used 3967K, committed 4160K, reserved 487424K
  class space    used 473K, committed 576K, reserved 421888K
}
Event: 15.780 GC heap before
{Heap before GC invocations=2 (full 0):
 garbage-first heap   total 129024K, used 86220K [0x0000000080000000, 0x0000000100000000)
  region size 1024K, 75 young (76800K), 3 survivors (3072K)
 Metaspace       used 16770K, committed 17280K, reserved 487424K
  class space    used 2391K, committed 2624K, reserved 421888K
}
Event: 16.160 GC heap after
{Heap after GC invocations=3 (full 0):
 garbage-first heap   total 129024K, used 20247K [0x0000000080000000, 0x0000000100000000)
  region size 1024K, 10 young (10240K), 10 survivors (10240K)
 Metaspace       used 16770K, committed 17280K, reserved 487424K
  class space    used 2391K, committed 2624K, reserved 421888K
}

Deoptimization events (20 events):
Event: 16.310 Thread 0x0000016af88dda30 Uncommon trap: trap_request=0xffffff45 fr.pc=0x0000016ae5134f84 relative=0x00000000000000e4
Event: 16.310 Thread 0x0000016af88dda30 Uncommon trap: reason=unstable_if action=reinterpret pc=0x0000016ae5134f84 method=java.util.HashMap.hash(Ljava/lang/Object;)I @ 1 c2
Event: 16.310 Thread 0x0000016af88dda30 DEOPT PACKING pc=0x0000016ae5134f84 sp=0x00000052d8bfac70
Event: 16.310 Thread 0x0000016af88dda30 DEOPT UNPACKING pc=0x0000016add6623a3 sp=0x00000052d8bfabb0 mode 2
Event: 16.685 Thread 0x0000016af88dda30 Uncommon trap: trap_request=0xffffff45 fr.pc=0x0000016ae520240c relative=0x0000000000000bcc
Event: 16.685 Thread 0x0000016af88dda30 Uncommon trap: reason=unstable_if action=reinterpret pc=0x0000016ae520240c method=jdk.internal.org.objectweb.asm.SymbolTable.addType(Ljava/lang/String;)I @ 33 c2
Event: 16.685 Thread 0x0000016af88dda30 DEOPT PACKING pc=0x0000016ae520240c sp=0x00000052d8bfbc30
Event: 16.685 Thread 0x0000016af88dda30 DEOPT UNPACKING pc=0x0000016add6623a3 sp=0x00000052d8bfbb58 mode 2
Event: 16.686 Thread 0x0000016af88dda30 Uncommon trap: trap_request=0xffffff45 fr.pc=0x0000016ae51d276c relative=0x00000000000004ac
Event: 16.686 Thread 0x0000016af88dda30 Uncommon trap: reason=unstable_if action=reinterpret pc=0x0000016ae51d276c method=jdk.internal.org.objectweb.asm.SymbolTable.addType(Ljava/lang/String;)I @ 33 c2
Event: 16.686 Thread 0x0000016af88dda30 DEOPT PACKING pc=0x0000016ae51d276c sp=0x00000052d8bfbcf0
Event: 16.686 Thread 0x0000016af88dda30 DEOPT UNPACKING pc=0x0000016add6623a3 sp=0x00000052d8bfbc88 mode 2
Event: 16.793 Thread 0x0000016af88dda30 Uncommon trap: trap_request=0xffffff76 fr.pc=0x0000016ae5205ac8 relative=0x00000000000001a8
Event: 16.793 Thread 0x0000016af88dda30 Uncommon trap: reason=predicate action=maybe_recompile pc=0x0000016ae5205ac8 method=com.google.common.base.CharMatcher.indexIn(Ljava/lang/CharSequence;I)I @ 19 c2
Event: 16.793 Thread 0x0000016af88dda30 DEOPT PACKING pc=0x0000016ae5205ac8 sp=0x00000052d8bfba50
Event: 16.793 Thread 0x0000016af88dda30 DEOPT UNPACKING pc=0x0000016add6623a3 sp=0x00000052d8bfb9e0 mode 2
Event: 17.024 Thread 0x0000016af88dda30 Uncommon trap: trap_request=0xffffffc6 fr.pc=0x0000016ae5153f34 relative=0x0000000000000e94
Event: 17.024 Thread 0x0000016af88dda30 Uncommon trap: reason=bimorphic_or_optimized_type_check action=maybe_recompile pc=0x0000016ae5153f34 method=java.util.Properties$LineReader.readLine()I @ 479 c2
Event: 17.024 Thread 0x0000016af88dda30 DEOPT PACKING pc=0x0000016ae5153f34 sp=0x00000052d8bfb080
Event: 17.024 Thread 0x0000016af88dda30 DEOPT UNPACKING pc=0x0000016add6623a3 sp=0x00000052d8bfb020 mode 2

Classes loaded (20 events):
Event: 15.279 Loading class javax/xml/xpath/XPathException done
Event: 15.279 Loading class javax/xml/xpath/XPathExpressionException done
Event: 15.279 Loading class org/xml/sax/ErrorHandler
Event: 15.279 Loading class org/xml/sax/ErrorHandler done
Event: 16.632 Loading class java/lang/annotation/IncompleteAnnotationException
Event: 16.633 Loading class java/lang/annotation/IncompleteAnnotationException done
Event: 16.737 Loading class java/util/function/UnaryOperator
Event: 16.738 Loading class java/util/function/UnaryOperator done
Event: 16.767 Loading class java/util/concurrent/TimeoutException
Event: 16.768 Loading class java/util/concurrent/TimeoutException done
Event: 16.768 Loading class java/util/concurrent/CancellationException
Event: 16.768 Loading class java/util/concurrent/CancellationException done
Event: 16.782 Loading class java/util/ServiceConfigurationError
Event: 16.782 Loading class java/util/ServiceConfigurationError done
Event: 16.896 Loading class java/util/concurrent/locks/AbstractQueuedSynchronizer$SharedNode
Event: 16.896 Loading class java/util/concurrent/locks/AbstractQueuedSynchronizer$SharedNode done
Event: 16.906 Loading class java/io/InterruptedIOException
Event: 16.906 Loading class java/io/InterruptedIOException done
Event: 16.916 Loading class java/util/ArrayDeque$DeqSpliterator
Event: 16.916 Loading class java/util/ArrayDeque$DeqSpliterator done

Classes unloaded (0 events):
No events

Classes redefined (0 events):
No events

Internal exceptions (20 events):
Event: 14.872 Thread 0x0000016af88dda30 Exception <a 'java/lang/NoSuchMethodError'{0x0000000083f00488}: 'java.lang.Object java.lang.invoke.DirectMethodHandle$Holder.invokeVirtual(java.lang.Object, java.lang.Object, java.lang.Object, java.lang.Object, java.lang.Object, java.lang.Object, java.lang.Object, java.lang.Object, java.lang.Object, java.lang.Object, java.lang.Object, java.lang.Object, java.lang.Object, java.lang.Object, java.lang.Object, java.lang.Object, java.lang.Object, java.lang.Object, java.lang.Object, java.lang.Object, java.lang.Ob
Event: 14.872 Thread 0x0000016af88dda30 Exception <a 'java/lang/NoSuchMethodError'{0x0000000083f06560}: 'java.lang.Object java.lang.invoke.DirectMethodHandle$Holder.invokeSpecial(java.lang.Object, java.lang.Object, java.lang.Object, java.lang.Object, java.lang.Object, java.lang.Object, java.lang.Object, java.lang.Object, java.lang.Object, java.lang.Object, java.lang.Object, java.lang.Object, java.lang.Object, java.lang.Object, java.lang.Object, java.lang.Object, java.lang.Object, java.lang.Object, java.lang.Object, java.lang.Object, java.lang.Ob
Event: 14.873 Thread 0x0000016af88dda30 Exception <a 'java/lang/NoSuchMethodError'{0x0000000083f0bb98}: 'java.lang.Object java.lang.invoke.DelegatingMethodHandle$Holder.reinvoke_L(java.lang.Object, java.lang.Object, java.lang.Object, java.lang.Object, java.lang.Object, java.lang.Object, java.lang.Object, java.lang.Object, java.lang.Object, java.lang.Object, java.lang.Object, java.lang.Object, java.lang.Object, java.lang.Object, java.lang.Object, java.lang.Object, java.lang.Object, java.lang.Object, java.lang.Object, java.lang.Object, java.lang.O
Event: 14.885 Thread 0x0000016af88dda30 Exception <a 'java/lang/NoSuchMethodError'{0x0000000083fbe300}: 'int java.lang.invoke.DirectMethodHandle$Holder.invokeStatic(java.lang.Object, java.lang.Object, java.lang.Object, java.lang.Object)'> (0x0000000083fbe300) 
thrown [s\open\src\hotspot\share\interpreter\linkResolver.cpp, line 759]
Event: 15.073 Thread 0x0000016af88dda30 Exception <a 'java/lang/NoSuchMethodError'{0x0000000083cc9918}: 'java.lang.Object java.lang.invoke.DirectMethodHandle$Holder.invokeSpecial(java.lang.Object, java.lang.Object, java.lang.Object, java.lang.Object, java.lang.Object, java.lang.Object, java.lang.Object, java.lang.Object, java.lang.Object, java.lang.Object, java.lang.Object, java.lang.Object, java.lang.Object, java.lang.Object, java.lang.Object, java.lang.Object, java.lang.Object, java.lang.Object, java.lang.Object, java.lang.Object, java.lang.Ob
Event: 15.320 Thread 0x0000016af88dda30 Exception <a 'java/lang/NoSuchMethodError'{0x000000008375f918}: 'void java.lang.invoke.DirectMethodHandle$Holder.invokeStatic(java.lang.Object, java.lang.Object)'> (0x000000008375f918) 
thrown [s\open\src\hotspot\share\interpreter\linkResolver.cpp, line 759]
Event: 15.520 Thread 0x0000016af88dda30 Exception <a 'java/lang/NoSuchMethodError'{0x0000000083554a68}: 'java.lang.Object java.lang.invoke.DirectMethodHandle$Holder.newInvokeSpecial(java.lang.Object, java.lang.Object, java.lang.Object, java.lang.Object, java.lang.Object, java.lang.Object, java.lang.Object)'> (0x0000000083554a68) 
thrown [s\open\src\hotspot\share\interpreter\linkResolver.cpp, line 759]
Event: 15.521 Thread 0x0000016af88dda30 Exception <a 'java/lang/NoSuchMethodError'{0x0000000083559498}: 'java.lang.Object java.lang.invoke.Invokers$Holder.linkToTargetMethod(java.lang.Object, java.lang.Object, java.lang.Object, java.lang.Object, java.lang.Object, java.lang.Object, java.lang.Object)'> (0x0000000083559498) 
thrown [s\open\src\hotspot\share\interpreter\linkResolver.cpp, line 759]
Event: 16.310 Thread 0x0000016af88dda30 Implicit null exception at 0x0000016ae5134ee0 to 0x0000016ae5134f7a
Event: 16.546 Thread 0x0000016af88dda30 Exception <a 'java/lang/NoSuchMethodError'{0x000000008757d840}: 'void java.lang.invoke.DirectMethodHandle$Holder.invokeStaticInit(java.lang.Object, java.lang.Object)'> (0x000000008757d840) 
thrown [s\open\src\hotspot\share\interpreter\linkResolver.cpp, line 759]
Event: 16.593 Thread 0x0000016af88dda30 Exception <a 'java/lang/NoSuchMethodError'{0x0000000087429720}: 'java.lang.Object java.lang.invoke.DirectMethodHandle$Holder.newInvokeSpecial(java.lang.Object, java.lang.Object, java.lang.Object, java.lang.Object, java.lang.Object, java.lang.Object, java.lang.Object, java.lang.Object)'> (0x0000000087429720) 
thrown [s\open\src\hotspot\share\interpreter\linkResolver.cpp, line 759]
Event: 16.634 Thread 0x0000016af88dda30 Exception <a 'java/lang/NoSuchMethodError'{0x0000000087379968}: 'java.lang.Object java.lang.invoke.DirectMethodHandle$Holder.invokeStaticInit(java.lang.Object, java.lang.Object, java.lang.Object)'> (0x0000000087379968) 
thrown [s\open\src\hotspot\share\interpreter\linkResolver.cpp, line 759]
Event: 16.635 Thread 0x0000016af88dda30 Exception <a 'java/lang/NoSuchMethodError'{0x0000000087383f48}: 'void java.lang.invoke.DirectMethodHandle$Holder.invokeStatic(java.lang.Object, java.lang.Object, java.lang.Object, java.lang.Object, java.lang.Object, java.lang.Object)'> (0x0000000087383f48) 
thrown [s\open\src\hotspot\share\interpreter\linkResolver.cpp, line 759]
Event: 16.908 Thread 0x0000016af88dda30 Exception <a 'java/lang/NoSuchMethodError'{0x0000000086fcb3b0}: 'void java.lang.invoke.DirectMethodHandle$Holder.invokeStatic(java.lang.Object, java.lang.Object, java.lang.Object, java.lang.Object)'> (0x0000000086fcb3b0) 
thrown [s\open\src\hotspot\share\interpreter\linkResolver.cpp, line 759]
Event: 16.911 Thread 0x0000016af88dda30 Exception <a 'java/lang/NoSuchMethodError'{0x0000000086fdcc90}: 'int java.lang.invoke.DirectMethodHandle$Holder.invokeVirtual(java.lang.Object, java.lang.Object)'> (0x0000000086fdcc90) 
thrown [s\open\src\hotspot\share\interpreter\linkResolver.cpp, line 759]
Event: 16.918 Thread 0x0000016af88dda30 Exception <a 'java/lang/NoSuchMethodError'{0x0000000086e114d0}: 'int java.lang.invoke.DirectMethodHandle$Holder.invokeVirtual(java.lang.Object, java.lang.Object, java.lang.Object)'> (0x0000000086e114d0) 
thrown [s\open\src\hotspot\share\interpreter\linkResolver.cpp, line 759]
Event: 17.090 Thread 0x0000016af88dda30 Exception <a 'java/lang/NoSuchMethodError'{0x0000000086ccb4d0}: 'void java.lang.invoke.DirectMethodHandle$Holder.invokeInterface(java.lang.Object, java.lang.Object, java.lang.Object, java.lang.Object, java.lang.Object)'> (0x0000000086ccb4d0) 
thrown [s\open\src\hotspot\share\interpreter\linkResolver.cpp, line 759]
Event: 17.319 Thread 0x0000016af88dda30 Exception <a 'java/lang/NoSuchMethodError'{0x000000008675b970}: 'java.lang.Object java.lang.invoke.DirectMethodHandle$Holder.invokeVirtual(java.lang.Object, java.lang.Object, java.lang.Object, java.lang.Object, java.lang.Object, java.lang.Object, java.lang.Object, java.lang.Object, java.lang.Object, java.lang.Object, java.lang.Object, java.lang.Object, java.lang.Object)'> (0x000000008675b970) 
thrown [s\open\src\hotspot\share\interpreter\linkResolver.cpp, line 759]
Event: 17.320 Thread 0x0000016af88dda30 Exception <a 'java/lang/NoSuchMethodError'{0x0000000086761388}: 'java.lang.Object java.lang.invoke.DirectMethodHandle$Holder.invokeSpecial(java.lang.Object, java.lang.Object, java.lang.Object, java.lang.Object, java.lang.Object, java.lang.Object, java.lang.Object, java.lang.Object, java.lang.Object, java.lang.Object, java.lang.Object, java.lang.Object, java.lang.Object, java.lang.Object)'> (0x0000000086761388) 
thrown [s\open\src\hotspot\share\interpreter\linkResolver.cpp, line 759]
Event: 17.499 Thread 0x0000016af88dda30 Exception <a 'java/lang/NoSuchMethodError'{0x00000000865e3758}: 'java.lang.Object java.lang.invoke.DirectMethodHandle$Holder.invokeSpecialIFC(java.lang.Object, java.lang.Object, java.lang.Object, java.lang.Object)'> (0x00000000865e3758) 
thrown [s\open\src\hotspot\share\interpreter\linkResolver.cpp, line 759]

VM Operations (20 events):
Event: 11.182 Executing VM operation: HandshakeAllThreads
Event: 11.182 Executing VM operation: HandshakeAllThreads done
Event: 11.182 Executing VM operation: Cleanup
Event: 11.184 Executing VM operation: Cleanup done
Event: 11.994 Executing VM operation: HandshakeAllThreads
Event: 11.994 Executing VM operation: HandshakeAllThreads done
Event: 13.003 Executing VM operation: Cleanup
Event: 13.005 Executing VM operation: Cleanup done
Event: 14.017 Executing VM operation: Cleanup
Event: 14.019 Executing VM operation: Cleanup done
Event: 14.433 Executing VM operation: HandshakeAllThreads
Event: 14.433 Executing VM operation: HandshakeAllThreads done
Event: 14.434 Executing VM operation: HandshakeAllThreads
Event: 14.434 Executing VM operation: HandshakeAllThreads done
Event: 15.445 Executing VM operation: Cleanup
Event: 15.446 Executing VM operation: Cleanup done
Event: 15.778 Executing VM operation: G1CollectForAllocation
Event: 16.165 Executing VM operation: G1CollectForAllocation done
Event: 17.170 Executing VM operation: Cleanup
Event: 17.179 Executing VM operation: Cleanup done

Events (20 events):
Event: 6.158 Loaded shared library C:\Users\LENOVO ideapadGAMING\.gradle\native\e376f236ea51e6404a007f0833ffe2c6e607c4080706a723a18a27aeea778392\windows-amd64\native-platform-file-events.dll
Event: 10.166 Loaded shared library C:\Program Files\Java\jdk-18.0.2.1\bin\management.dll
Event: 10.180 Loaded shared library C:\Program Files\Java\jdk-18.0.2.1\bin\management_ext.dll
Event: 10.328 Thread 0x0000016af9ddd530 Thread added: 0x0000016af9ddd530
Event: 11.890 Thread 0x0000016af9370310 Thread added: 0x0000016af9370310
Event: 12.176 Thread 0x0000016af8f9e140 Thread added: 0x0000016af8f9e140
Event: 12.368 Thread 0x0000016af9487e20 Thread added: 0x0000016af9487e20
Event: 12.668 Thread 0x0000016af88dd570 Thread added: 0x0000016af88dd570
Event: 12.740 Thread 0x0000016af9b7e070 Thread added: 0x0000016af9b7e070
Event: 12.752 Thread 0x0000016af88dda30 Thread added: 0x0000016af88dda30
Event: 12.777 Thread 0x0000016af9b10860 Thread added: 0x0000016af9b10860
Event: 12.782 Thread 0x0000016af8e7b330 Thread added: 0x0000016af8e7b330
Event: 12.791 Thread 0x0000016af8e7b800 Thread added: 0x0000016af8e7b800
Event: 14.055 Thread 0x0000016af8e7e350 Thread added: 0x0000016af8e7e350
Event: 14.080 Thread 0x0000016af8e7ae60 Thread added: 0x0000016af8e7ae60
Event: 14.682 Thread 0x0000016af8e7bcd0 Thread added: 0x0000016af8e7bcd0
Event: 16.896 Thread 0x0000016af8e7cb40 Thread added: 0x0000016af8e7cb40
Event: 16.909 Thread 0x0000016af8e7d010 Thread added: 0x0000016af8e7d010
Event: 17.424 Thread 0x0000016afad9b930 Thread added: 0x0000016afad9b930
Event: 17.583 Thread 0x0000016afad9be00 Thread added: 0x0000016afad9be00


Dynamic libraries:
0x00007ff703370000 - 0x00007ff703380000 	C:\Program Files\Java\jdk-18.0.2.1\bin\java.exe
0x00007ffa89790000 - 0x00007ffa899a7000 	C:\WINDOWS\SYSTEM32\ntdll.dll
0x00007ffa88910000 - 0x00007ffa889d4000 	C:\WINDOWS\System32\KERNEL32.DLL
0x00007ffa86d70000 - 0x00007ffa87115000 	C:\WINDOWS\System32\KERNELBASE.dll
0x00007ffa86c50000 - 0x00007ffa86d61000 	C:\WINDOWS\System32\ucrtbase.dll
0x00007ff9f8230000 - 0x00007ff9f824a000 	C:\Program Files\Java\jdk-18.0.2.1\bin\VCRUNTIME140.dll
0x00007ff9f8250000 - 0x00007ff9f8268000 	C:\Program Files\Java\jdk-18.0.2.1\bin\jli.dll
0x00007ffa88c00000 - 0x00007ffa88cb1000 	C:\WINDOWS\System32\ADVAPI32.dll
0x00007ffa88d20000 - 0x00007ffa88dc7000 	C:\WINDOWS\System32\msvcrt.dll
0x00007ffa87ed0000 - 0x00007ffa87f76000 	C:\WINDOWS\System32\sechost.dll
0x00007ffa88e40000 - 0x00007ffa88f57000 	C:\WINDOWS\System32\RPCRT4.dll
0x00007ffa88a50000 - 0x00007ffa88bfe000 	C:\WINDOWS\System32\USER32.dll
0x00007ffa86c20000 - 0x00007ffa86c46000 	C:\WINDOWS\System32\win32u.dll
0x00007ffa888e0000 - 0x00007ffa88909000 	C:\WINDOWS\System32\GDI32.dll
0x00007ffa86b00000 - 0x00007ffa86c19000 	C:\WINDOWS\System32\gdi32full.dll
0x00007ffa87250000 - 0x00007ffa872ea000 	C:\WINDOWS\System32\msvcp_win.dll
0x00007ffa70620000 - 0x00007ffa708b3000 	C:\WINDOWS\WinSxS\amd64_microsoft.windows.common-controls_6595b64144ccf1df_6.0.22621.2506_none_270c5ae97388e100\COMCTL32.dll
0x00007ffa7eee0000 - 0x00007ffa7eeea000 	C:\WINDOWS\SYSTEM32\VERSION.dll
0x00007ffa896f0000 - 0x00007ffa89721000 	C:\WINDOWS\System32\IMM32.DLL
0x00007ffa50750000 - 0x00007ffa5075c000 	C:\Program Files\Java\jdk-18.0.2.1\bin\vcruntime140_1.dll
0x00007ff9f7d70000 - 0x00007ff9f7dfd000 	C:\Program Files\Java\jdk-18.0.2.1\bin\msvcp140.dll
0x00007ff9f1e00000 - 0x00007ff9f2a11000 	C:\Program Files\Java\jdk-18.0.2.1\bin\server\jvm.dll
0x00007ffa888d0000 - 0x00007ffa888d8000 	C:\WINDOWS\System32\PSAPI.DLL
0x00007ffa6b640000 - 0x00007ffa6b649000 	C:\WINDOWS\SYSTEM32\WSOCK32.dll
0x00007ffa87e50000 - 0x00007ffa87ec1000 	C:\WINDOWS\System32\WS2_32.dll
0x00007ffa7ec90000 - 0x00007ffa7ecc4000 	C:\WINDOWS\SYSTEM32\WINMM.dll
0x00007ffa85bf0000 - 0x00007ffa85c08000 	C:\WINDOWS\SYSTEM32\kernel.appcore.dll
0x00007ffa484e0000 - 0x00007ffa484ea000 	C:\Program Files\Java\jdk-18.0.2.1\bin\jimage.dll
0x00007ffa84460000 - 0x00007ffa84693000 	C:\WINDOWS\SYSTEM32\DBGHELP.DLL
0x00007ffa891c0000 - 0x00007ffa89549000 	C:\WINDOWS\System32\combase.dll
0x00007ffa88280000 - 0x00007ffa88357000 	C:\WINDOWS\System32\OLEAUT32.dll
0x00007ffa6e970000 - 0x00007ffa6e9a2000 	C:\WINDOWS\SYSTEM32\dbgcore.DLL
0x00007ffa872f0000 - 0x00007ffa8736a000 	C:\WINDOWS\System32\bcryptPrimitives.dll
0x00007ff9f8200000 - 0x00007ff9f8225000 	C:\Program Files\Java\jdk-18.0.2.1\bin\java.dll
0x00007ff9f1d20000 - 0x00007ff9f1df6000 	C:\Program Files\Java\jdk-18.0.2.1\bin\jsvml.dll
0x00007ffa875e0000 - 0x00007ffa87e39000 	C:\WINDOWS\System32\SHELL32.dll
0x00007ffa84a30000 - 0x00007ffa85324000 	C:\WINDOWS\SYSTEM32\windows.storage.dll
0x00007ffa848f0000 - 0x00007ffa84a2e000 	C:\WINDOWS\SYSTEM32\wintypes.dll
0x00007ffa874e0000 - 0x00007ffa875d3000 	C:\WINDOWS\System32\SHCORE.dll
0x00007ffa88cc0000 - 0x00007ffa88d1e000 	C:\WINDOWS\System32\shlwapi.dll
0x00007ffa86a30000 - 0x00007ffa86a56000 	C:\WINDOWS\SYSTEM32\profapi.dll
0x00007ff9f81e0000 - 0x00007ff9f81f3000 	C:\Program Files\Java\jdk-18.0.2.1\bin\net.dll
0x00007ffa7eb50000 - 0x00007ffa7ec87000 	C:\WINDOWS\SYSTEM32\WINHTTP.dll
0x00007ffa86070000 - 0x00007ffa860d9000 	C:\WINDOWS\system32\mswsock.dll
0x00007ff9f7d50000 - 0x00007ff9f7d66000 	C:\Program Files\Java\jdk-18.0.2.1\bin\nio.dll
0x00007ff9f5940000 - 0x00007ff9f5958000 	C:\Program Files\Java\jdk-18.0.2.1\bin\zip.dll
0x00007ffa825a0000 - 0x00007ffa825b0000 	C:\Program Files\Java\jdk-18.0.2.1\bin\verify.dll
0x00007ffa6b750000 - 0x00007ffa6b777000 	C:\Users\LENOVO ideapadGAMING\.gradle\native\68d5fa5c4cc2d200863cafc0d521ce42e7d3e7ee720ec0a83991735586a16f82\windows-amd64\native-platform.dll
0x00007ffa30310000 - 0x00007ffa30454000 	C:\Users\LENOVO ideapadGAMING\.gradle\native\e376f236ea51e6404a007f0833ffe2c6e607c4080706a723a18a27aeea778392\windows-amd64\native-platform-file-events.dll
0x00007ffa6b4f0000 - 0x00007ffa6b4f9000 	C:\Program Files\Java\jdk-18.0.2.1\bin\management.dll
0x00007ffa30460000 - 0x00007ffa3046b000 	C:\Program Files\Java\jdk-18.0.2.1\bin\management_ext.dll
0x00007ffa862c0000 - 0x00007ffa862db000 	C:\WINDOWS\SYSTEM32\CRYPTSP.dll
0x00007ffa85b50000 - 0x00007ffa85b85000 	C:\WINDOWS\system32\rsaenh.dll
0x00007ffa86160000 - 0x00007ffa8618c000 	C:\WINDOWS\SYSTEM32\USERENV.dll
0x00007ffa864b0000 - 0x00007ffa864d8000 	C:\WINDOWS\SYSTEM32\bcrypt.dll
0x00007ffa862e0000 - 0x00007ffa862ec000 	C:\WINDOWS\SYSTEM32\CRYPTBASE.dll
0x00007ffa85600000 - 0x00007ffa8562d000 	C:\WINDOWS\SYSTEM32\IPHLPAPI.DLL
0x00007ffa87e40000 - 0x00007ffa87e49000 	C:\WINDOWS\System32\NSI.dll
0x00007ffa7eef0000 - 0x00007ffa7ef09000 	C:\WINDOWS\SYSTEM32\dhcpcsvc6.DLL
0x00007ffa7ecd0000 - 0x00007ffa7ecef000 	C:\WINDOWS\SYSTEM32\dhcpcsvc.DLL
0x00007ffa85670000 - 0x00007ffa85769000 	C:\WINDOWS\SYSTEM32\DNSAPI.dll

dbghelp: loaded successfully - version: 4.0.5 - missing functions: none
symbol engine: initialized successfully - sym options: 0x614 - pdb path: .;C:\Program Files\Java\jdk-18.0.2.1\bin;C:\WINDOWS\SYSTEM32;C:\WINDOWS\WinSxS\amd64_microsoft.windows.common-controls_6595b64144ccf1df_6.0.22621.2506_none_270c5ae97388e100;C:\Program Files\Java\jdk-18.0.2.1\bin\server;C:\Users\LENOVO ideapadGAMING\.gradle\native\68d5fa5c4cc2d200863cafc0d521ce42e7d3e7ee720ec0a83991735586a16f82\windows-amd64;C:\Users\LENOVO ideapadGAMING\.gradle\native\e376f236ea51e6404a007f0833ffe2c6e607c4080706a723a18a27aeea778392\windows-amd64

VM Arguments:
jvm_args: -XX:MaxMetaspaceSize=512m --add-opens=java.base/java.util=ALL-UNNAMED --add-opens=java.base/java.lang=ALL-UNNAMED --add-opens=java.base/java.lang.invoke=ALL-UNNAMED --add-opens=java.prefs/java.util.prefs=ALL-UNNAMED --add-opens=java.base/java.nio.charset=ALL-UNNAMED --add-opens=java.base/java.net=ALL-UNNAMED --add-opens=java.base/java.util.concurrent.atomic=ALL-UNNAMED -Xmx2048m -Dfile.encoding=UTF-8 -Duser.country=US -Duser.language=en -Duser.variant 
java_command: org.gradle.launcher.daemon.bootstrap.GradleDaemon 8.0.1
java_class_path (initial): C:\Users\LENOVO ideapadGAMING\.gradle\wrapper\dists\gradle-8.0.1-all\aro4hu1c3oeioove7l0i4i14o\gradle-8.0.1\lib\gradle-launcher-8.0.1.jar
Launcher Type: SUN_STANDARD

[Global flags]
     intx CICompilerCount                          = 4                                         {product} {ergonomic}
   size_t CompressedClassSpaceSize                 = 432013312                                 {product} {ergonomic}
     uint ConcGCThreads                            = 3                                         {product} {ergonomic}
     uint G1ConcRefinementThreads                  = 10                                        {product} {ergonomic}
   size_t G1HeapRegionSize                         = 1048576                                   {product} {ergonomic}
    uintx GCDrainStackTargetSize                   = 64                                        {product} {ergonomic}
   size_t InitialHeapSize                          = 132120576                                 {product} {ergonomic}
   size_t MarkStackSize                            = 4194304                                   {product} {ergonomic}
   size_t MaxHeapSize                              = 2147483648                                {product} {command line}
   size_t MaxMetaspaceSize                         = 536870912                                 {product} {command line}
   size_t MaxNewSize                               = 1287651328                                {product} {ergonomic}
   size_t MinHeapDeltaBytes                        = 1048576                                   {product} {ergonomic}
   size_t MinHeapSize                              = 8388608                                   {product} {ergonomic}
    uintx NonNMethodCodeHeapSize                   = 5839372                                {pd product} {ergonomic}
    uintx NonProfiledCodeHeapSize                  = 122909434                              {pd product} {ergonomic}
    uintx ProfiledCodeHeapSize                     = 122909434                              {pd product} {ergonomic}
    uintx ReservedCodeCacheSize                    = 251658240                              {pd product} {ergonomic}
     bool SegmentedCodeCache                       = true                                      {product} {ergonomic}
   size_t SoftMaxHeapSize                          = 2147483648                             {manageable} {ergonomic}
     bool UseCompressedClassPointers               = true                           {product lp64_product} {ergonomic}
     bool UseCompressedOops                        = true                           {product lp64_product} {ergonomic}
     bool UseG1GC                                  = true                                      {product} {ergonomic}
     bool UseLargePagesIndividualAllocation        = false                                  {pd product} {ergonomic}

Logging:
Log output configuration:
 #0: stdout all=warning uptime,level,tags foldmultilines=false
 #1: stderr all=off uptime,level,tags foldmultilines=false

Environment Variables:
JAVA_HOME=C:\Program Files\Java\jdk-18.0.2.1
CLASSPATH=D:\KULIAH\SMT 5\PGPBL\Acara7\AwesomeProject\android\\gradle\wrapper\gradle-wrapper.jar
PATH=D:\KULIAH\SMT 5\PGPBL\Acara7\AwesomeProject\node_modules\.bin;D:\KULIAH\SMT 5\PGPBL\Acara7\AwesomeProject\node_modules\.bin;D:\KULIAH\SMT 5\PGPBL\Acara7\node_modules\.bin;D:\KULIAH\SMT 5\PGPBL\node_modules\.bin;D:\KULIAH\SMT 5\node_modules\.bin;D:\KULIAH\node_modules\.bin;D:\node_modules\.bin;C:\Program Files\nodejs\node_modules\npm\node_modules\@npmcli\run-script\lib\node-gyp-bin;D:\KULIAH\SMT 5\PGPBL\Acara7\AwesomeProject\node_modules\.bin;D:\KULIAH\SMT 5\PGPBL\Acara7\node_modules\.bin;D:\KULIAH\SMT 5\PGPBL\node_modules\.bin;D:\KULIAH\SMT 5\node_modules\.bin;D:\KULIAH\node_modules\.bin;D:\node_modules\.bin;C:\Program Files\nodejs\node_modules\npm\node_modules\@npmcli\run-script\lib\node-gyp-bin;C:\Program Files (x86)\Common Files\Intel\Shared Libraries\redist\intel64\compiler;C:\Python27;C:\PCI Geomatics\Geomatica 2015\exe;C:\Program Files\Common Files\Oracle\Java\javapath;C:\Program Files (x86)\Common Files\Oracle\Java\javapath;C:\Program Files (x86)\Common Files\Intel\Shared Files\cpp\bin\Intel64;C:\Windows\system32;C:\Windows;C:\Windows\System32\Wbem;C:\Windows\System32\WindowsPowerShell\v1.0\;C:\Windows\System32\OpenSSH\;C:\Program Files (x86)\NVIDIA Corporation\PhysX\Common;C:\Program Files\NVIDIA Corporation\NVIDIA NvDLISR;C:\WINDOWS\system32;C:\WINDOWS;C:\WINDOWS\System32\Wbem;C:\WINDOWS\System32\WindowsPowerShell\v1.0\;C:\WINDOWS\System32\OpenSSH\;C:\Anaconda3;C:\Anaconda3\Scripts;C:\Program Files\dotnet\;C:\dev\MapWinGIS;C:\ProgramData\ComposerSetup\bin;C:\xampp\php;C:\WINDOWS\system32;C:\WINDOWS;C:\WINDOWS\System32\Wbem;C:\WINDOWS\System32\WindowsPowerShell\v1.0\;C:\WINDOWS\System32\OpenSSH\;C:\Program Files\Git\cmd;C:\ProgramData\chocolatey\bin;C:\Program Files\nodejs\;C:\Users\LENOVO ideapadGAMING\AppData\Local\Programs\Python\Python39\;C:\Users\LENOVO ideapadGAMING\AppData\Local\Programs\Python\Python39\Scripts;C:\Program Files\MySQL\MySQL Shell 8.0\bin\;C:\Users\LENOVO ideapadGAMING\AppData\Local\Microsoft\WindowsApps;C:\Users\LENOVO ideapadGAMING\.dotnet\tools;C:\Users\LENOVO ideapadGAMING\AppData\Local\Programs\Microsoft VS Code\bin;C:\Users\LENOVO ideapadGAMING\AppData\Roaming\Composer\vendor\bin;C:\xampp\php;C:\Program Files\Git\bin\;C:\Program Files\Gitcmd\;C:\Users\LENOVO ideapadGAMING\AppData\Roaming\npm
USERNAME=LENOVO ideapadGAMING
LANG=en_US.UTF-8
OS=Windows_NT
PROCESSOR_IDENTIFIER=Intel64 Family 6 Model 165 Stepping 2, GenuineIntel



---------------  S Y S T E M  ---------------

OS:
 Windows 11 , 64 bit Build 22621 (10.0.22621.2506)
OS uptime: 0 days 11:21 hours

CPU: total 12 (initial active 12) (6 cores per cpu, 2 threads per core) family 6 model 165 stepping 2 microcode 0xe0, cx8, cmov, fxsr, ht, mmx, 3dnowpref, sse, sse2, sse3, ssse3, sse4.1, sse4.2, popcnt, lzcnt, tsc, tscinvbit, avx, avx2, aes, erms, clmul, bmi1, bmi2, adx, fma, vzeroupper, clflush, clflushopt

Memory: 4k page, system-wide physical 8060M (178M free)
TotalPageFile size 27119M (AvailPageFile size 69M)
current process WorkingSet (physical memory assigned to process): 188M, peak: 190M
current process commit charge ("private bytes"): 285M, peak: 286M

vm_info: Java HotSpot(TM) 64-Bit Server VM (18.0.2.1+1-1) for windows-amd64 JRE (18.0.2.1+1-1), built on Aug 16 2022 01:46:33 by "mach5one" with MS VC++ 16.8 / 16.9 (VS2019)

END.
