#
# There is insufficient memory for the Java Runtime Environment to continue.
# Native memory allocation (malloc) failed to allocate 666256 bytes for Chunk::new
# Possible reasons:
#   The system is out of physical RAM or swap space
#   The process is running with CompressedOops enabled, and the Java Heap may be blocking the growth of the native heap
# Possible solutions:
#   Reduce memory load on the system
#   Increase physical memory or swap space
#   Check if swap backing store is full
#   Decrease Java heap size (-Xmx/-Xms)
#   Decrease number of Java threads
#   Decrease Java thread stack sizes (-Xss)
#   Set larger code cache with -XX:ReservedCodeCacheSize=
#   JVM is running with Unscaled Compressed Oops mode in which the Java heap is
#     placed in the first 4GB address space. The Java Heap base address is the
#     maximum limit for the native heap growth. Please use -XX:HeapBaseMinAddress
#     to set the Java Heap base and to place the Java Heap above 4GB virtual address.
# This output file may be truncated or incomplete.
#
#  Out of Memory Error (arena.cpp:184), pid=34808, tid=7520
#
# JRE version: Java(TM) SE Runtime Environment (18.0.2.1+1) (build 18.0.2.1+1-1)
# Java VM: Java HotSpot(TM) 64-Bit Server VM (18.0.2.1+1-1, mixed mode, sharing, tiered, compressed oops, compressed class ptrs, g1 gc, windows-amd64)
# No core dump will be written. Minidumps are not enabled by default on client versions of Windows
#

---------------  S U M M A R Y ------------

Command Line: -XX:MaxMetaspaceSize=512m --add-opens=java.base/java.util=ALL-UNNAMED --add-opens=java.base/java.lang=ALL-UNNAMED --add-opens=java.base/java.lang.invoke=ALL-UNNAMED --add-opens=java.prefs/java.util.prefs=ALL-UNNAMED --add-opens=java.base/java.nio.charset=ALL-UNNAMED --add-opens=java.base/java.net=ALL-UNNAMED --add-opens=java.base/java.util.concurrent.atomic=ALL-UNNAMED -Xmx2048m -Dfile.encoding=UTF-8 -Duser.country=US -Duser.language=en -Duser.variant org.gradle.launcher.daemon.bootstrap.GradleDaemon 8.0.1

Host: Intel(R) Core(TM) i7-10750H CPU @ 2.60GHz, 12 cores, 7G,  Windows 11 , 64 bit Build 22621 (10.0.22621.2506)
Time: Mon Nov 27 09:39:25 2023 SE Asia Standard Time elapsed time: 13.864704 seconds (0d 0h 0m 13s)

---------------  T H R E A D  ---------------

Current thread (0x00000163ca84d0d0):  JavaThread "C2 CompilerThread0" daemon [_thread_in_native, id=7520, stack(0x0000005632a00000,0x0000005632b00000)]


Current CompileTask:
C2:  13864 3455   !   4       java.net.URL::<init> (543 bytes)

Stack: [0x0000005632a00000,0x0000005632b00000]
Native frames: (J=compiled Java code, j=interpreted, Vv=VM code, C=native code)
V  [jvm.dll+0x6993aa]
V  [jvm.dll+0x7f46dd]
V  [jvm.dll+0x7f5fee]
V  [jvm.dll+0x7f66a3]
V  [jvm.dll+0x25cf1f]
V  [jvm.dll+0xb8c2f]
V  [jvm.dll+0xb8fa5]
V  [jvm.dll+0x2c7e2f]
V  [jvm.dll+0x5a0d8e]
V  [jvm.dll+0x2388de]
V  [jvm.dll+0x231ea5]
V  [jvm.dll+0x22f3cb]
V  [jvm.dll+0x1ba01c]
V  [jvm.dll+0x23ee0a]
V  [jvm.dll+0x23d0f5]
V  [jvm.dll+0x7a6dd1]
V  [jvm.dll+0x7a120a]
V  [jvm.dll+0x698255]
C  [ucrtbase.dll+0x29363]
C  [KERNEL32.DLL+0x1257d]
C  [ntdll.dll+0x5aa58]


---------------  P R O C E S S  ---------------

Threads class SMR info:
_java_thread_list=0x00000163d1875140, length=34, elements={
0x00000163ac1bacd0, 0x00000163ca8304c0, 0x00000163ca831120, 0x00000163ca84a720,
0x00000163ca84b0c0, 0x00000163ca84ba60, 0x00000163ca84c400, 0x00000163ca84d0d0,
0x00000163ca84dab0, 0x00000163ca8524b0, 0x00000163cecafe10, 0x00000163cecba510,
0x00000163d030d640, 0x00000163cfb32650, 0x00000163d02b5b50, 0x00000163cfb300f0,
0x00000163d0972130, 0x00000163cf875f40, 0x00000163cf875210, 0x00000163cf874190,
0x00000163cf6693c0, 0x00000163cf66b0a0, 0x00000163cf669890, 0x00000163cf66b570,
0x00000163cf66a700, 0x00000163cf66bf10, 0x00000163cf66ba40, 0x00000163cf66c3e0,
0x00000163cf668ef0, 0x00000163cf669d60, 0x00000163cfb5edd0, 0x00000163cfb65c80,
0x00000163cfb61450, 0x00000163cfb66150
}

Java Threads: ( => current thread )
  0x00000163ac1bacd0 JavaThread "main" [_thread_blocked, id=9588, stack(0x0000005631d00000,0x0000005631e00000)]
  0x00000163ca8304c0 JavaThread "Reference Handler" daemon [_thread_blocked, id=25852, stack(0x0000005632400000,0x0000005632500000)]
  0x00000163ca831120 JavaThread "Finalizer" daemon [_thread_blocked, id=21336, stack(0x0000005632500000,0x0000005632600000)]
  0x00000163ca84a720 JavaThread "Signal Dispatcher" daemon [_thread_blocked, id=29948, stack(0x0000005632600000,0x0000005632700000)]
  0x00000163ca84b0c0 JavaThread "Attach Listener" daemon [_thread_blocked, id=12080, stack(0x0000005632700000,0x0000005632800000)]
  0x00000163ca84ba60 JavaThread "Service Thread" daemon [_thread_blocked, id=26872, stack(0x0000005632800000,0x0000005632900000)]
  0x00000163ca84c400 JavaThread "Monitor Deflation Thread" daemon [_thread_blocked, id=21220, stack(0x0000005632900000,0x0000005632a00000)]
=>0x00000163ca84d0d0 JavaThread "C2 CompilerThread0" daemon [_thread_in_native, id=7520, stack(0x0000005632a00000,0x0000005632b00000)]
  0x00000163ca84dab0 JavaThread "C1 CompilerThread0" daemon [_thread_blocked, id=32216, stack(0x0000005632b00000,0x0000005632c00000)]
  0x00000163ca8524b0 JavaThread "Sweeper thread" daemon [_thread_blocked, id=32212, stack(0x0000005632c00000,0x0000005632d00000)]
  0x00000163cecafe10 JavaThread "Common-Cleaner" daemon [_thread_blocked, id=32316, stack(0x0000005632d00000,0x0000005632e00000)]
  0x00000163cecba510 JavaThread "Notification Thread" daemon [_thread_blocked, id=33572, stack(0x0000005632e00000,0x0000005632f00000)]
  0x00000163d030d640 JavaThread "Daemon health stats" [_thread_blocked, id=21752, stack(0x0000005633400000,0x0000005633500000)]
  0x00000163cfb32650 JavaThread "Incoming local TCP Connector on port 59976" [_thread_in_native, id=34280, stack(0x0000005633500000,0x0000005633600000)]
  0x00000163d02b5b50 JavaThread "Daemon periodic checks" [_thread_blocked, id=33328, stack(0x0000005633600000,0x0000005633700000)]
  0x00000163cfb300f0 JavaThread "Daemon" [_thread_blocked, id=4936, stack(0x0000005633700000,0x0000005633800000)]
  0x00000163d0972130 JavaThread "Handler for socket connection from /127.0.0.1:59976 to /127.0.0.1:59977" [_thread_in_native, id=9552, stack(0x0000005633800000,0x0000005633900000)]
  0x00000163cf875f40 JavaThread "Cancel handler" [_thread_blocked, id=9808, stack(0x0000005633900000,0x0000005633a00000)]
  0x00000163cf875210 JavaThread "Daemon worker" [_thread_in_vm, id=9836, stack(0x0000005633a00000,0x0000005633b00000)]
  0x00000163cf874190 JavaThread "Asynchronous log dispatcher for DefaultDaemonConnection: socket connection from /127.0.0.1:59976 to /127.0.0.1:59977" [_thread_blocked, id=1692, stack(0x0000005633b00000,0x0000005633c00000)]
  0x00000163cf6693c0 JavaThread "Stdin handler" [_thread_blocked, id=31272, stack(0x0000005633c00000,0x0000005633d00000)]
  0x00000163cf66b0a0 JavaThread "Daemon client event forwarder" [_thread_blocked, id=26192, stack(0x0000005633d00000,0x0000005633e00000)]
  0x00000163cf669890 JavaThread "Cache worker for journal cache (C:\Users\LENOVO ideapadGAMING\.gradle\caches\journal-1)" [_thread_blocked, id=4208, stack(0x0000005633e00000,0x0000005633f00000)]
  0x00000163cf66b570 JavaThread "File lock request listener" [_thread_in_native, id=20176, stack(0x0000005633f00000,0x0000005634000000)]
  0x00000163cf66a700 JavaThread "Cache worker for file hash cache (C:\Users\LENOVO ideapadGAMING\.gradle\caches\8.0.1\fileHashes)" [_thread_blocked, id=30220, stack(0x0000005634000000,0x0000005634100000)]
  0x00000163cf66bf10 JavaThread "File lock release action executor" [_thread_blocked, id=19412, stack(0x0000005634100000,0x0000005634200000)]
  0x00000163cf66ba40 JavaThread "File watcher server" daemon [_thread_in_native, id=31448, stack(0x0000005634700000,0x0000005634800000)]
  0x00000163cf66c3e0 JavaThread "File watcher consumer" daemon [_thread_blocked, id=2516, stack(0x0000005634800000,0x0000005634900000)]
  0x00000163cf668ef0 JavaThread "Cache worker for checksums cache (D:\KULIAH\SMT 5\PGPBL\Acara7\AwesomeProject\android\.gradle\8.0.1\checksums)" [_thread_blocked, id=13780, stack(0x0000005634900000,0x0000005634a00000)]
  0x00000163cf669d60 JavaThread "Cache worker for cache directory md-rule (C:\Users\LENOVO ideapadGAMING\.gradle\caches\8.0.1\md-rule)" [_thread_blocked, id=5576, stack(0x0000005634a00000,0x0000005634b00000)]
  0x00000163cfb5edd0 JavaThread "Cache worker for file content cache (C:\Users\LENOVO ideapadGAMING\.gradle\caches\8.0.1\fileContent)" [_thread_blocked, id=29848, stack(0x0000005634d00000,0x0000005634e00000)]
  0x00000163cfb65c80 JavaThread "Cache worker for file hash cache (D:\KULIAH\SMT 5\PGPBL\Acara7\AwesomeProject\android\.gradle\8.0.1\fileHashes)" [_thread_blocked, id=19636, stack(0x0000005634e00000,0x0000005634f00000)]
  0x00000163cfb61450 JavaThread "Cache worker for cache directory md-supplier (C:\Users\LENOVO ideapadGAMING\.gradle\caches\8.0.1\md-supplier)" [_thread_blocked, id=19736, stack(0x0000005634f00000,0x0000005635000000)]
  0x00000163cfb66150 JavaThread "Cache worker for execution history cache (C:\Users\LENOVO ideapadGAMING\.gradle\caches\8.0.1\executionHistory)" [_thread_blocked, id=16020, stack(0x0000005635000000,0x0000005635100000)]

Other Threads:
  0x00000163ca82c590 VMThread "VM Thread" [stack: 0x0000005632300000,0x0000005632400000] [id=10048]
  0x00000163cecbf180 WatcherThread "VM Periodic Task Thread" [stack: 0x0000005632f00000,0x0000005633000000] [id=26432]
  0x00000163ac21aa50 WorkerThread "GC Thread#0" [stack: 0x0000005631e00000,0x0000005631f00000] [id=32608]
  0x00000163cf510720 WorkerThread "GC Thread#1" [stack: 0x0000005633000000,0x0000005633100000] [id=164]
  0x00000163cf511ec0 WorkerThread "GC Thread#2" [stack: 0x0000005633100000,0x0000005633200000] [id=3596]
  0x00000163cf5109c0 WorkerThread "GC Thread#3" [stack: 0x0000005633200000,0x0000005633300000] [id=26400]
  0x00000163cf510480 WorkerThread "GC Thread#4" [stack: 0x0000005633300000,0x0000005633400000] [id=34600]
  0x00000163cf5111a0 WorkerThread "GC Thread#5" [stack: 0x0000005634200000,0x0000005634300000] [id=30472]
  0x00000163cf511440 WorkerThread "GC Thread#6" [stack: 0x0000005634300000,0x0000005634400000] [id=29396]
  0x00000163cf511c20 WorkerThread "GC Thread#7" [stack: 0x0000005634400000,0x0000005634500000] [id=30204]
  0x00000163cf5116e0 WorkerThread "GC Thread#8" [stack: 0x0000005634500000,0x0000005634600000] [id=1720]
  0x00000163cf511980 WorkerThread "GC Thread#9" [stack: 0x0000005634600000,0x0000005634700000] [id=20928]
  0x00000163ac22b980 ConcurrentGCThread "G1 Main Marker" [stack: 0x0000005631f00000,0x0000005632000000] [id=28876]
  0x00000163ac22c370 WorkerThread "G1 Conc#0" [stack: 0x0000005632000000,0x0000005632100000] [id=5648]
  0x00000163cf512160 WorkerThread "G1 Conc#1" [stack: 0x0000005634b00000,0x0000005634c00000] [id=8592]
  0x00000163cf01e520 WorkerThread "G1 Conc#2" [stack: 0x0000005634c00000,0x0000005634d00000] [id=29828]
  0x00000163ca6e5520 ConcurrentGCThread "G1 Refine#0" [stack: 0x0000005632100000,0x0000005632200000] [id=1572]
  0x00000163ca6e5d40 ConcurrentGCThread "G1 Service" [stack: 0x0000005632200000,0x0000005632300000] [id=17572]

Threads with active compile tasks:
C2 CompilerThread0    13941 3455   !   4       java.net.URL::<init> (543 bytes)

VM state: not at safepoint (normal execution)

VM Mutex/Monitor currently owned by a thread:  ([mutex/lock_event])
[0x00000163a9f27a90] Metaspace_lock - owner thread: 0x00000163cf875210

Heap address: 0x0000000080000000, size: 2048 MB, Compressed Oops mode: 32-bit

CDS archive(s) mapped at: [0x0000000800000000-0x0000000800ba0000-0x0000000800ba0000), size 12189696, SharedBaseAddress: 0x0000000800000000, ArchiveRelocationMode: 0.
Compressed class space mapped at: 0x0000000800c00000-0x000000081a800000, reserved size: 432013312
Narrow klass base: 0x0000000800000000, Narrow klass shift: 0, Narrow klass range: 0x100000000

GC Precious Log:
 CardTable entry size: 512
 Card Set container configuration: InlinePtr #cards 5 size 8 Array Of Cards #cards 12 size 40 Howl #buckets 4 coarsen threshold 1843 Howl Bitmap #cards 512 size 80 coarsen threshold 460 Card regions per heap region 1 cards per card region 2048
 CPUs: 12 total, 12 available
 Memory: 8060M
 Large Page Support: Disabled
 NUMA Support: Disabled
 Compressed Oops: Enabled (32-bit)
 Heap Region Size: 1M
 Heap Min Capacity: 8M
 Heap Initial Capacity: 126M
 Heap Max Capacity: 2G
 Pre-touch: Disabled
 Parallel Workers: 10
 Concurrent Workers: 3
 Concurrent Refinement Workers: 10
 Periodic GC: Disabled

Heap:
 garbage-first heap   total 86016K, used 26440K [0x0000000080000000, 0x0000000100000000)
  region size 1024K, 7 young (7168K), 6 survivors (6144K)
 Metaspace       used 29365K, committed 30464K, reserved 487424K
  class space    used 4213K, committed 4800K, reserved 421888K

Heap Regions: E=young(eden), S=young(survivor), O=old, HS=humongous(starts), HC=humongous(continues), CS=collection set, F=free, OA=open archive, CA=closed archive, TAMS=top-at-mark-start (previous, next)
|   0|0x0000000080000000, 0x0000000080100000, 0x0000000080100000|100%|HS|  |TAMS 0x0000000080100000, 0x0000000080000000| Complete 
|   1|0x0000000080100000, 0x0000000080200000, 0x0000000080200000|100%|HC|  |TAMS 0x0000000080200000, 0x0000000080100000| Complete 
|   2|0x0000000080200000, 0x0000000080300000, 0x0000000080300000|100%|HC|  |TAMS 0x0000000080300000, 0x0000000080200000| Complete 
|   3|0x0000000080300000, 0x0000000080400000, 0x0000000080400000|100%|HC|  |TAMS 0x0000000080400000, 0x0000000080300000| Complete 
|   4|0x0000000080400000, 0x0000000080500000, 0x0000000080500000|100%| O|  |TAMS 0x0000000080500000, 0x0000000080400000| Untracked 
|   5|0x0000000080500000, 0x0000000080600000, 0x0000000080600000|100%| O|  |TAMS 0x0000000080600000, 0x0000000080500000| Untracked 
|   6|0x0000000080600000, 0x0000000080700000, 0x0000000080700000|100%| O|  |TAMS 0x0000000080700000, 0x0000000080600000| Untracked 
|   7|0x0000000080700000, 0x0000000080800000, 0x0000000080800000|100%| O|  |TAMS 0x0000000080751000, 0x0000000080700000| Untracked 
|   8|0x0000000080800000, 0x0000000080900000, 0x0000000080900000|100%| O|  |TAMS 0x0000000080900000, 0x0000000080800000| Untracked 
|   9|0x0000000080900000, 0x0000000080a00000, 0x0000000080a00000|100%| O|  |TAMS 0x0000000080a00000, 0x0000000080900000| Untracked 
|  10|0x0000000080a00000, 0x0000000080b00000, 0x0000000080b00000|100%| O|  |TAMS 0x0000000080b00000, 0x0000000080a00000| Complete 
|  11|0x0000000080b00000, 0x0000000080c00000, 0x0000000080c00000|100%| O|  |TAMS 0x0000000080b00000, 0x0000000080b00000| Untracked 
|  12|0x0000000080c00000, 0x0000000080d00000, 0x0000000080d00000|100%| O|  |TAMS 0x0000000080c00000, 0x0000000080c00000| Untracked 
|  13|0x0000000080d00000, 0x0000000080e00000, 0x0000000080e00000|100%| O|  |TAMS 0x0000000080d00000, 0x0000000080d00000| Untracked 
|  14|0x0000000080e00000, 0x0000000080f00000, 0x0000000080f00000|100%| O|  |TAMS 0x0000000080e00000, 0x0000000080e00000| Untracked 
|  15|0x0000000080f00000, 0x0000000081000000, 0x0000000081000000|100%| O|  |TAMS 0x0000000080f00000, 0x0000000080f00000| Untracked 
|  16|0x0000000081000000, 0x0000000081100000, 0x0000000081100000|100%| O|  |TAMS 0x0000000081000000, 0x0000000081000000| Untracked 
|  17|0x0000000081100000, 0x0000000081200000, 0x0000000081200000|100%| O|  |TAMS 0x0000000081100000, 0x0000000081100000| Untracked 
|  18|0x0000000081200000, 0x0000000081300000, 0x0000000081300000|100%| O|  |TAMS 0x0000000081200000, 0x0000000081200000| Untracked 
|  19|0x0000000081300000, 0x00000000813f6800, 0x0000000081400000| 96%| O|  |TAMS 0x0000000081300000, 0x0000000081300000| Untracked 
|  20|0x0000000081400000, 0x0000000081400000, 0x0000000081500000|  0%| F|  |TAMS 0x0000000081400000, 0x0000000081400000| Untracked 
|  21|0x0000000081500000, 0x0000000081500000, 0x0000000081600000|  0%| F|  |TAMS 0x0000000081500000, 0x0000000081500000| Untracked 
|  22|0x0000000081600000, 0x0000000081600000, 0x0000000081700000|  0%| F|  |TAMS 0x0000000081600000, 0x0000000081600000| Untracked 
|  23|0x0000000081700000, 0x0000000081700000, 0x0000000081800000|  0%| F|  |TAMS 0x0000000081700000, 0x0000000081700000| Untracked 
|  24|0x0000000081800000, 0x0000000081800000, 0x0000000081900000|  0%| F|  |TAMS 0x0000000081800000, 0x0000000081800000| Untracked 
|  25|0x0000000081900000, 0x0000000081900000, 0x0000000081a00000|  0%| F|  |TAMS 0x0000000081900000, 0x0000000081900000| Untracked 
|  26|0x0000000081a00000, 0x0000000081a00000, 0x0000000081b00000|  0%| F|  |TAMS 0x0000000081a00000, 0x0000000081a00000| Untracked 
|  27|0x0000000081b00000, 0x0000000081b00000, 0x0000000081c00000|  0%| F|  |TAMS 0x0000000081b00000, 0x0000000081b00000| Untracked 
|  28|0x0000000081c00000, 0x0000000081cdbb50, 0x0000000081d00000| 85%| S|CS|TAMS 0x0000000081c00000, 0x0000000081c00000| Complete 
|  29|0x0000000081d00000, 0x0000000081e00000, 0x0000000081e00000|100%| S|CS|TAMS 0x0000000081d00000, 0x0000000081d00000| Complete 
|  30|0x0000000081e00000, 0x0000000081f00000, 0x0000000081f00000|100%| S|CS|TAMS 0x0000000081e00000, 0x0000000081e00000| Complete 
|  31|0x0000000081f00000, 0x0000000082000000, 0x0000000082000000|100%| S|CS|TAMS 0x0000000081f00000, 0x0000000081f00000| Complete 
|  32|0x0000000082000000, 0x0000000082100000, 0x0000000082100000|100%| S|CS|TAMS 0x0000000082000000, 0x0000000082000000| Complete 
|  33|0x0000000082100000, 0x0000000082200000, 0x0000000082200000|100%| S|CS|TAMS 0x0000000082100000, 0x0000000082100000| Complete 
|  34|0x0000000082200000, 0x0000000082200000, 0x0000000082300000|  0%| F|  |TAMS 0x0000000082200000, 0x0000000082200000| Untracked 
|  35|0x0000000082300000, 0x0000000082300000, 0x0000000082400000|  0%| F|  |TAMS 0x0000000082300000, 0x0000000082300000| Untracked 
|  36|0x0000000082400000, 0x0000000082400000, 0x0000000082500000|  0%| F|  |TAMS 0x0000000082400000, 0x0000000082400000| Untracked 
|  37|0x0000000082500000, 0x0000000082500000, 0x0000000082600000|  0%| F|  |TAMS 0x0000000082500000, 0x0000000082500000| Untracked 
|  38|0x0000000082600000, 0x0000000082600000, 0x0000000082700000|  0%| F|  |TAMS 0x0000000082600000, 0x0000000082600000| Untracked 
|  39|0x0000000082700000, 0x0000000082700000, 0x0000000082800000|  0%| F|  |TAMS 0x0000000082700000, 0x0000000082700000| Untracked 
|  40|0x0000000082800000, 0x0000000082800000, 0x0000000082900000|  0%| F|  |TAMS 0x0000000082800000, 0x0000000082800000| Untracked 
|  41|0x0000000082900000, 0x0000000082900000, 0x0000000082a00000|  0%| F|  |TAMS 0x0000000082900000, 0x0000000082900000| Untracked 
|  42|0x0000000082a00000, 0x0000000082a00000, 0x0000000082b00000|  0%| F|  |TAMS 0x0000000082a00000, 0x0000000082a00000| Untracked 
|  43|0x0000000082b00000, 0x0000000082b00000, 0x0000000082c00000|  0%| F|  |TAMS 0x0000000082b00000, 0x0000000082b00000| Untracked 
|  44|0x0000000082c00000, 0x0000000082c00000, 0x0000000082d00000|  0%| F|  |TAMS 0x0000000082c00000, 0x0000000082c00000| Untracked 
|  45|0x0000000082d00000, 0x0000000082d00000, 0x0000000082e00000|  0%| F|  |TAMS 0x0000000082d00000, 0x0000000082d00000| Untracked 
|  46|0x0000000082e00000, 0x0000000082e00000, 0x0000000082f00000|  0%| F|  |TAMS 0x0000000082e00000, 0x0000000082e00000| Untracked 
|  47|0x0000000082f00000, 0x0000000082f00000, 0x0000000083000000|  0%| F|  |TAMS 0x0000000082f00000, 0x0000000082f00000| Untracked 
|  48|0x0000000083000000, 0x0000000083000000, 0x0000000083100000|  0%| F|  |TAMS 0x0000000083000000, 0x0000000083000000| Untracked 
|  49|0x0000000083100000, 0x0000000083100000, 0x0000000083200000|  0%| F|  |TAMS 0x0000000083100000, 0x0000000083100000| Untracked 
|  50|0x0000000083200000, 0x0000000083200000, 0x0000000083300000|  0%| F|  |TAMS 0x0000000083200000, 0x0000000083200000| Untracked 
|  51|0x0000000083300000, 0x0000000083300000, 0x0000000083400000|  0%| F|  |TAMS 0x0000000083300000, 0x0000000083300000| Untracked 
|  52|0x0000000083400000, 0x0000000083400000, 0x0000000083500000|  0%| F|  |TAMS 0x0000000083400000, 0x0000000083400000| Untracked 
|  53|0x0000000083500000, 0x0000000083500000, 0x0000000083600000|  0%| F|  |TAMS 0x0000000083500000, 0x0000000083500000| Untracked 
|  54|0x0000000083600000, 0x0000000083600000, 0x0000000083700000|  0%| F|  |TAMS 0x0000000083600000, 0x0000000083600000| Untracked 
|  55|0x0000000083700000, 0x0000000083700000, 0x0000000083800000|  0%| F|  |TAMS 0x0000000083700000, 0x0000000083700000| Untracked 
|  56|0x0000000083800000, 0x0000000083800000, 0x0000000083900000|  0%| F|  |TAMS 0x0000000083800000, 0x0000000083800000| Untracked 
|  57|0x0000000083900000, 0x0000000083900000, 0x0000000083a00000|  0%| F|  |TAMS 0x0000000083900000, 0x0000000083900000| Untracked 
|  58|0x0000000083a00000, 0x0000000083a00000, 0x0000000083b00000|  0%| F|  |TAMS 0x0000000083a00000, 0x0000000083a00000| Untracked 
|  59|0x0000000083b00000, 0x0000000083b00000, 0x0000000083c00000|  0%| F|  |TAMS 0x0000000083b00000, 0x0000000083b00000| Untracked 
|  60|0x0000000083c00000, 0x0000000083c00000, 0x0000000083d00000|  0%| F|  |TAMS 0x0000000083c00000, 0x0000000083c00000| Untracked 
|  61|0x0000000083d00000, 0x0000000083d00000, 0x0000000083e00000|  0%| F|  |TAMS 0x0000000083d00000, 0x0000000083d00000| Untracked 
|  62|0x0000000083e00000, 0x0000000083e00000, 0x0000000083f00000|  0%| F|  |TAMS 0x0000000083e00000, 0x0000000083e00000| Untracked 
|  63|0x0000000083f00000, 0x0000000083f00000, 0x0000000084000000|  0%| F|  |TAMS 0x0000000083f00000, 0x0000000083f00000| Untracked 
|  64|0x0000000084000000, 0x0000000084000000, 0x0000000084100000|  0%| F|  |TAMS 0x0000000084000000, 0x0000000084000000| Untracked 
|  65|0x0000000084100000, 0x0000000084100000, 0x0000000084200000|  0%| F|  |TAMS 0x0000000084100000, 0x0000000084100000| Untracked 
|  66|0x0000000084200000, 0x0000000084200000, 0x0000000084300000|  0%| F|  |TAMS 0x0000000084200000, 0x0000000084200000| Untracked 
|  67|0x0000000084300000, 0x0000000084300000, 0x0000000084400000|  0%| F|  |TAMS 0x0000000084300000, 0x0000000084300000| Untracked 
|  68|0x0000000084400000, 0x0000000084400000, 0x0000000084500000|  0%| F|  |TAMS 0x0000000084400000, 0x0000000084400000| Untracked 
|  69|0x0000000084500000, 0x0000000084500000, 0x0000000084600000|  0%| F|  |TAMS 0x0000000084500000, 0x0000000084500000| Untracked 
|  70|0x0000000084600000, 0x0000000084600000, 0x0000000084700000|  0%| F|  |TAMS 0x0000000084600000, 0x0000000084600000| Untracked 
|  71|0x0000000084700000, 0x0000000084700000, 0x0000000084800000|  0%| F|  |TAMS 0x0000000084700000, 0x0000000084700000| Untracked 
|  72|0x0000000084800000, 0x0000000084800000, 0x0000000084900000|  0%| F|  |TAMS 0x0000000084800000, 0x0000000084800000| Untracked 
|  73|0x0000000084900000, 0x0000000084900000, 0x0000000084a00000|  0%| F|  |TAMS 0x0000000084900000, 0x0000000084900000| Untracked 
|  74|0x0000000084a00000, 0x0000000084a00000, 0x0000000084b00000|  0%| F|  |TAMS 0x0000000084a00000, 0x0000000084a00000| Untracked 
|  75|0x0000000084b00000, 0x0000000084b00000, 0x0000000084c00000|  0%| F|  |TAMS 0x0000000084b00000, 0x0000000084b00000| Untracked 
|  76|0x0000000084c00000, 0x0000000084c00000, 0x0000000084d00000|  0%| F|  |TAMS 0x0000000084c00000, 0x0000000084c00000| Untracked 
|  77|0x0000000084d00000, 0x0000000084d00000, 0x0000000084e00000|  0%| F|  |TAMS 0x0000000084d00000, 0x0000000084d00000| Untracked 
|  78|0x0000000084e00000, 0x0000000084e00000, 0x0000000084f00000|  0%| F|  |TAMS 0x0000000084e00000, 0x0000000084e00000| Untracked 
|  96|0x0000000086000000, 0x0000000086000000, 0x0000000086100000|  0%| F|  |TAMS 0x0000000086000000, 0x0000000086000000| Untracked 
|  97|0x0000000086100000, 0x0000000086100000, 0x0000000086200000|  0%| F|  |TAMS 0x0000000086100000, 0x0000000086100000| Untracked 
|  98|0x0000000086200000, 0x0000000086200000, 0x0000000086300000|  0%| F|  |TAMS 0x0000000086200000, 0x0000000086200000| Untracked 
| 124|0x0000000087c00000, 0x0000000087c00000, 0x0000000087d00000|  0%| F|  |TAMS 0x0000000087c00000, 0x0000000087c00000| Untracked 
| 125|0x0000000087d00000, 0x0000000087e00000, 0x0000000087e00000|100%| E|  |TAMS 0x0000000087d00000, 0x0000000087d00000| Complete 

Card table byte_map: [0x00000163c3430000,0x00000163c3830000] _byte_map_base: 0x00000163c3030000

Marking Bits (Prev, Next): (CMBitMap*) 0x00000163ac21b090, (CMBitMap*) 0x00000163ac21b050
 Prev Bits: [0x00000163c5c30000, 0x00000163c7c30000)
 Next Bits: [0x00000163c3c30000, 0x00000163c5c30000)

Polling page: 0x00000163ab970000

Metaspace:

Usage:
  Non-class:     24.56 MB used.
      Class:      4.11 MB used.
       Both:     28.68 MB used.

Virtual space:
  Non-class space:       64.00 MB reserved,      25.06 MB ( 39%) committed,  1 nodes.
      Class space:      412.00 MB reserved,       4.69 MB (  1%) committed,  1 nodes.
             Both:      476.00 MB reserved,      29.75 MB (  6%) committed. 

Chunk freelists:
   Non-Class:  2.42 MB
       Class:  3.17 MB
        Both:  5.59 MB

MaxMetaspaceSize: 512.00 MB
CompressedClassSpaceSize: 412.00 MB
Initial GC threshold: 21.00 MB
Current GC threshold: 35.12 MB
CDS: on
MetaspaceReclaimPolicy: balanced
 - commit_granule_bytes: 65536.
 - commit_granule_words: 8192.
 - virtual_space_node_default_size: 8388608.
 - enlarge_chunks_in_place: 1.
 - new_chunks_are_fully_committed: 0.
 - uncommit_free_chunks: 1.
 - use_allocation_guard: 0.


Internal statistics:

num_allocs_failed_limit: 3.
num_arena_births: 1928.
num_arena_deaths: 0.
num_vsnodes_births: 2.
num_vsnodes_deaths: 0.
num_space_committed: 476.
num_space_uncommitted: 0.
num_chunks_returned_to_freelist: 3.
num_chunks_taken_from_freelist: 3240.
num_chunk_merges: 3.
num_chunk_splits: 2099.
num_chunks_enlarged: 1280.
num_inconsistent_stats: 0.

CodeHeap 'non-profiled nmethods': size=120000Kb used=1678Kb max_used=1678Kb free=118321Kb
 bounds [0x00000163bb5b0000, 0x00000163bb820000, 0x00000163c2ae0000]
CodeHeap 'profiled nmethods': size=120000Kb used=7124Kb max_used=7124Kb free=112875Kb
 bounds [0x00000163b4080000, 0x00000163b4780000, 0x00000163bb5b0000]
CodeHeap 'non-nmethods': size=5760Kb used=1258Kb max_used=1320Kb free=4501Kb
 bounds [0x00000163b3ae0000, 0x00000163b3d50000, 0x00000163b4080000]
 total_blobs=4003 nmethods=3443 adapters=472
 compilation: enabled
              stopped_count=0, restarted_count=0
 full_count=0

Compilation events (20 events):
Event: 13.311 Thread 0x00000163ca84dab0 3456       1       java.lang.reflect.Field::getDeclaringClass (5 bytes)
Event: 13.312 Thread 0x00000163ca84dab0 nmethod 3456 0x00000163bb752f10 code [0x00000163bb7530a0, 0x00000163bb753178]
Event: 13.312 Thread 0x00000163ca84dab0 3450       3       java.lang.invoke.InfoFromMemberName::<init> (72 bytes)
Event: 13.312 Thread 0x00000163ca84dab0 nmethod 3450 0x00000163b4770090 code [0x00000163b4770240, 0x00000163b4770418]
Event: 13.312 Thread 0x00000163ca84dab0 3451       3       java.lang.invoke.InnerClassLambdaMetafactory::lambdaClassName (57 bytes)
Event: 13.312 Thread 0x00000163ca84dab0 nmethod 3451 0x00000163b4770510 code [0x00000163b47707a0, 0x00000163b4770fc8]
Event: 13.313 Thread 0x00000163ca84dab0 3458       3       org.codehaus.groovy.reflection.CachedMethod::getReturnType (8 bytes)
Event: 13.314 Thread 0x00000163ca84dab0 nmethod 3458 0x00000163b4771310 code [0x00000163b47714a0, 0x00000163b47715d8]
Event: 13.314 Thread 0x00000163ca84dab0 3460       3       org.codehaus.groovy.util.ComplexKeyHashMap::hash (31 bytes)
Event: 13.314 Thread 0x00000163ca84dab0 nmethod 3460 0x00000163b4771690 code [0x00000163b4771820, 0x00000163b4771938]
Event: 13.314 Thread 0x00000163ca84dab0 3461       3       org.codehaus.groovy.util.SingleKeyHashMap::getOrPut (137 bytes)
Event: 13.315 Thread 0x00000163ca84dab0 nmethod 3461 0x00000163b4771a10 code [0x00000163b4771c40, 0x00000163b4772828]
Event: 13.315 Thread 0x00000163ca84dab0 3462   !   3       java.lang.invoke.MethodHandles$Lookup::revealDirect (196 bytes)
Event: 13.316 Thread 0x00000163ca84dab0 nmethod 3462 0x00000163b4772b90 code [0x00000163b4772ee0, 0x00000163b47742a8]
Event: 13.363 Thread 0x00000163ca84dab0 3463       1       org.gradle.launcher.daemon.server.exec.DaemonConnectionBackedEventConsumer::access$000 (5 bytes)
Event: 13.363 Thread 0x00000163ca84dab0 nmethod 3463 0x00000163bb753210 code [0x00000163bb7533a0, 0x00000163bb753458]
Event: 13.704 Thread 0x00000163ca84dab0 3465       3       jdk.internal.misc.InnocuousThread::eraseThreadLocals (23 bytes)
Event: 13.704 Thread 0x00000163ca84dab0 nmethod 3465 0x00000163b4774990 code [0x00000163b4774b20, 0x00000163b4774d18]
Event: 13.704 Thread 0x00000163ca84dab0 3466       3       java.lang.invoke.MethodHandleNatives$CallSiteContext::run (5 bytes)
Event: 13.705 Thread 0x00000163ca84dab0 nmethod 3466 0x00000163b4774d90 code [0x00000163b4774f20, 0x00000163b4775048]

GC Heap History (10 events):
Event: 3.749 GC heap before
{Heap before GC invocations=0 (full 0):
 garbage-first heap   total 129024K, used 26624K [0x0000000080000000, 0x0000000100000000)
  region size 1024K, 23 young (23552K), 0 survivors (0K)
 Metaspace       used 3023K, committed 3200K, reserved 487424K
  class space    used 375K, committed 448K, reserved 421888K
}
Event: 4.035 GC heap after
{Heap after GC invocations=1 (full 0):
 garbage-first heap   total 129024K, used 10051K [0x0000000080000000, 0x0000000100000000)
  region size 1024K, 3 young (3072K), 3 survivors (3072K)
 Metaspace       used 3023K, committed 3200K, reserved 487424K
  class space    used 375K, committed 448K, reserved 421888K
}
Event: 5.696 GC heap before
{Heap before GC invocations=1 (full 0):
 garbage-first heap   total 129024K, used 39747K [0x0000000080000000, 0x0000000100000000)
  region size 1024K, 32 young (32768K), 3 survivors (3072K)
 Metaspace       used 3989K, committed 4224K, reserved 487424K
  class space    used 473K, committed 576K, reserved 421888K
}
Event: 5.703 GC heap after
{Heap after GC invocations=2 (full 0):
 garbage-first heap   total 129024K, used 13687K [0x0000000080000000, 0x0000000100000000)
  region size 1024K, 4 young (4096K), 4 survivors (4096K)
 Metaspace       used 3989K, committed 4224K, reserved 487424K
  class space    used 473K, committed 576K, reserved 421888K
}
Event: 9.889 GC heap before
{Heap before GC invocations=2 (full 0):
 garbage-first heap   total 129024K, used 86391K [0x0000000080000000, 0x0000000100000000)
  region size 1024K, 75 young (76800K), 4 survivors (4096K)
 Metaspace       used 16993K, committed 17536K, reserved 487424K
  class space    used 2435K, committed 2688K, reserved 421888K
}
Event: 9.955 GC heap after
{Heap after GC invocations=3 (full 0):
 garbage-first heap   total 129024K, used 20804K [0x0000000080000000, 0x0000000100000000)
  region size 1024K, 10 young (10240K), 10 survivors (10240K)
 Metaspace       used 16993K, committed 17536K, reserved 487424K
  class space    used 2435K, committed 2688K, reserved 421888K
}
Event: 11.355 GC heap before
{Heap before GC invocations=3 (full 0):
 garbage-first heap   total 129024K, used 47428K [0x0000000080000000, 0x0000000100000000)
  region size 1024K, 37 young (37888K), 10 survivors (10240K)
 Metaspace       used 20745K, committed 21504K, reserved 487424K
  class space    used 3055K, committed 3456K, reserved 421888K
}
Event: 11.372 GC heap after
{Heap after GC invocations=4 (full 0):
 garbage-first heap   total 129024K, used 22699K [0x0000000080000000, 0x0000000100000000)
  region size 1024K, 3 young (3072K), 3 survivors (3072K)
 Metaspace       used 20745K, committed 21504K, reserved 487424K
  class space    used 3055K, committed 3456K, reserved 421888K
}
Event: 13.373 GC heap before
{Heap before GC invocations=5 (full 0):
 garbage-first heap   total 86016K, used 69803K [0x0000000080000000, 0x0000000100000000)
  region size 1024K, 50 young (51200K), 3 survivors (3072K)
 Metaspace       used 29296K, committed 30400K, reserved 487424K
  class space    used 4213K, committed 4800K, reserved 421888K
}
Event: 13.702 GC heap after
{Heap after GC invocations=6 (full 0):
 garbage-first heap   total 86016K, used 26440K [0x0000000080000000, 0x0000000100000000)
  region size 1024K, 6 young (6144K), 6 survivors (6144K)
 Metaspace       used 29296K, committed 30400K, reserved 487424K
  class space    used 4213K, committed 4800K, reserved 421888K
}

Deoptimization events (20 events):
Event: 12.799 Thread 0x00000163cf875210 Uncommon trap: trap_request=0xffffff45 fr.pc=0x00000163bb6dfb34 relative=0x0000000000001234
Event: 12.799 Thread 0x00000163cf875210 Uncommon trap: reason=unstable_if action=reinterpret pc=0x00000163bb6dfb34 method=java.lang.invoke.LambdaForm.useCount(Ljava/lang/invoke/LambdaForm$Name;)I @ 8 c2
Event: 12.799 Thread 0x00000163cf875210 DEOPT PACKING pc=0x00000163bb6dfb34 sp=0x0000005633af65f0
Event: 12.799 Thread 0x00000163cf875210 DEOPT UNPACKING pc=0x00000163b3b323a3 sp=0x0000005633af6450 mode 2
Event: 12.935 Thread 0x00000163cf875210 DEOPT PACKING pc=0x00000163b444de49 sp=0x0000005633af6730
Event: 12.935 Thread 0x00000163cf875210 DEOPT UNPACKING pc=0x00000163b3b32b43 sp=0x0000005633af5c40 mode 0
Event: 13.059 Thread 0x00000163cf875210 Uncommon trap: trap_request=0xffffff45 fr.pc=0x00000163bb61f6f0 relative=0x00000000000006d0
Event: 13.059 Thread 0x00000163cf875210 Uncommon trap: reason=unstable_if action=reinterpret pc=0x00000163bb61f6f0 method=java.util.Properties$LineReader.readLine()I @ 95 c2
Event: 13.059 Thread 0x00000163cf875210 DEOPT PACKING pc=0x00000163bb61f6f0 sp=0x0000005633af8fe0
Event: 13.059 Thread 0x00000163cf875210 DEOPT UNPACKING pc=0x00000163b3b323a3 sp=0x0000005633af8f90 mode 2
Event: 13.094 Thread 0x00000163cf875210 Uncommon trap: trap_request=0xffffff45 fr.pc=0x00000163bb6c0970 relative=0x0000000000008610
Event: 13.094 Thread 0x00000163cf875210 Uncommon trap: reason=unstable_if action=reinterpret pc=0x00000163bb6c0970 method=jdk.internal.loader.BuiltinClassLoader.loadClassOrNull(Ljava/lang/String;Z)Ljava/lang/Class; @ 42 c2
Event: 13.094 Thread 0x00000163cf875210 DEOPT PACKING pc=0x00000163bb6c0970 sp=0x0000005633af4a80
Event: 13.094 Thread 0x00000163cf875210 DEOPT UNPACKING pc=0x00000163b3b323a3 sp=0x0000005633af4910 mode 2
Event: 13.120 Thread 0x00000163cf875210 DEOPT PACKING pc=0x00000163b4132db8 sp=0x0000005633af86d0
Event: 13.120 Thread 0x00000163cf875210 DEOPT UNPACKING pc=0x00000163b3b32b43 sp=0x0000005633af7c00 mode 0
Event: 13.302 Thread 0x00000163cf875210 Uncommon trap: trap_request=0xffffffbe fr.pc=0x00000163bb73f988 relative=0x0000000000003208
Event: 13.302 Thread 0x00000163cf875210 Uncommon trap: reason=profile_predicate action=maybe_recompile pc=0x00000163bb73f988 method=java.util.AbstractCollection.addAll(Ljava/util/Collection;)Z @ 15 c2
Event: 13.302 Thread 0x00000163cf875210 DEOPT PACKING pc=0x00000163bb73f988 sp=0x0000005633af8f80
Event: 13.302 Thread 0x00000163cf875210 DEOPT UNPACKING pc=0x00000163b3b323a3 sp=0x0000005633af8f78 mode 2

Classes loaded (20 events):
Event: 13.294 Loading class java/beans/SimpleBeanInfo done
Event: 13.294 Loading class java/beans/GenericBeanInfo done
Event: 13.296 Loading class java/util/Hashtable$EntrySet
Event: 13.297 Loading class java/util/Hashtable$EntrySet done
Event: 13.305 Loading class java/util/concurrent/locks/ReentrantReadWriteLock
Event: 13.306 Loading class java/util/concurrent/locks/ReadWriteLock
Event: 13.306 Loading class java/util/concurrent/locks/ReadWriteLock done
Event: 13.306 Loading class java/util/concurrent/locks/ReentrantReadWriteLock done
Event: 13.317 Loading class java/util/concurrent/locks/ReentrantReadWriteLock$NonfairSync
Event: 13.317 Loading class java/util/concurrent/locks/ReentrantReadWriteLock$Sync
Event: 13.317 Loading class java/util/concurrent/locks/ReentrantReadWriteLock$Sync done
Event: 13.317 Loading class java/util/concurrent/locks/ReentrantReadWriteLock$NonfairSync done
Event: 13.317 Loading class java/util/concurrent/locks/ReentrantReadWriteLock$Sync$ThreadLocalHoldCounter
Event: 13.318 Loading class java/util/concurrent/locks/ReentrantReadWriteLock$Sync$ThreadLocalHoldCounter done
Event: 13.318 Loading class java/util/concurrent/locks/ReentrantReadWriteLock$ReadLock
Event: 13.318 Loading class java/util/concurrent/locks/ReentrantReadWriteLock$ReadLock done
Event: 13.318 Loading class java/util/concurrent/locks/ReentrantReadWriteLock$WriteLock
Event: 13.318 Loading class java/util/concurrent/locks/ReentrantReadWriteLock$WriteLock done
Event: 13.362 Loading class java/util/concurrent/locks/StampedLock
Event: 13.363 Loading class java/util/concurrent/locks/StampedLock done

Classes unloaded (0 events):
No events

Classes redefined (0 events):
No events

Internal exceptions (20 events):
Event: 12.511 Thread 0x00000163cf875210 Exception <a 'java/lang/NoSuchMethodError'{0x00000000834bfca0}: 'java.lang.Object java.lang.invoke.DirectMethodHandle$Holder.newInvokeSpecial(java.lang.Object, java.lang.Object, java.lang.Object, java.lang.Object, java.lang.Object, java.lang.Object, java.lang.Object, java.lang.Object, java.lang.Object, java.lang.Object, java.lang.Object, java.lang.Object, java.lang.Object, java.lang.Object)'> (0x00000000834bfca0) 
thrown [s\open\src\hotspot\share\interpreter\linkResolver.cpp, line 759]
Event: 12.584 Thread 0x00000163cf875210 Exception <a 'java/lang/NoSuchMethodError'{0x00000000832e9258}: 'java.lang.Object java.lang.invoke.DirectMethodHandle$Holder.newInvokeSpecial(java.lang.Object, java.lang.Object, int, int)'> (0x00000000832e9258) 
thrown [s\open\src\hotspot\share\interpreter\linkResolver.cpp, line 759]
Event: 12.595 Thread 0x00000163cf875210 Exception <a 'java/lang/NoSuchMethodError'{0x000000008311f680}: 'void java.lang.invoke.DirectMethodHandle$Holder.invokeSpecial(java.lang.Object, java.lang.Object, int)'> (0x000000008311f680) 
thrown [s\open\src\hotspot\share\interpreter\linkResolver.cpp, line 759]
Event: 12.595 Thread 0x00000163cf875210 Exception <a 'java/lang/NoSuchMethodError'{0x0000000083123bb8}: 'void java.lang.invoke.Invokers$Holder.invokeExact_MT(java.lang.Object, int, java.lang.Object)'> (0x0000000083123bb8) 
thrown [s\open\src\hotspot\share\interpreter\linkResolver.cpp, line 759]
Event: 12.790 Thread 0x00000163cf875210 Implicit null exception at 0x00000163bb6af780 to 0x00000163bb6afc40
Event: 12.791 Thread 0x00000163cf875210 Implicit null exception at 0x00000163bb70f4d5 to 0x00000163bb7106ac
Event: 12.794 Thread 0x00000163cf875210 Implicit null exception at 0x00000163bb7155ed to 0x00000163bb715e68
Event: 12.794 Thread 0x00000163cf875210 Exception <a 'java/lang/NoSuchMethodError'{0x0000000082d50580}: 'java.lang.reflect.Method[] java.lang.Class.getDeclaredMethods(java.lang.Class)'> (0x0000000082d50580) 
thrown [s\open\src\hotspot\share\interpreter\linkResolver.cpp, line 759]
Event: 12.866 Thread 0x00000163cf875210 Exception <a 'java/lang/NoSuchMethodError'{0x0000000082c6cbd8}: 'void java.lang.invoke.DirectMethodHandle$Holder.invokeStaticInit(java.lang.Object, java.lang.Object, java.lang.Object)'> (0x0000000082c6cbd8) 
thrown [s\open\src\hotspot\share\interpreter\linkResolver.cpp, line 759]
Event: 12.867 Thread 0x00000163cf875210 Exception <a 'java/lang/NoSuchMethodError'{0x0000000082c74000}: 'void java.lang.invoke.DirectMethodHandle$Holder.invokeStaticInit(java.lang.Object, java.lang.Object, java.lang.Object, java.lang.Object)'> (0x0000000082c74000) 
thrown [s\open\src\hotspot\share\interpreter\linkResolver.cpp, line 759]
Event: 12.909 Thread 0x00000163cf875210 Exception <a 'java/lang/NoSuchMethodError'{0x0000000082c96e68}: 'void java.lang.invoke.DirectMethodHandle$Holder.invokeStaticInit(java.lang.Object, java.lang.Object, java.lang.Object, java.lang.Object, java.lang.Object)'> (0x0000000082c96e68) 
thrown [s\open\src\hotspot\share\interpreter\linkResolver.cpp, line 759]
Event: 12.910 Thread 0x00000163cf875210 Exception <a 'java/lang/NoSuchMethodError'{0x0000000082c9ebf0}: 'int java.lang.invoke.DirectMethodHandle$Holder.invokeStaticInit(java.lang.Object, java.lang.Object, java.lang.Object)'> (0x0000000082c9ebf0) 
thrown [s\open\src\hotspot\share\interpreter\linkResolver.cpp, line 759]
Event: 12.930 Thread 0x00000163cf875210 Exception <a 'java/lang/NoSuchMethodError'{0x0000000082cf6600}: 'int java.lang.invoke.DirectMethodHandle$Holder.invokeStaticInit(java.lang.Object, java.lang.Object, java.lang.Object, java.lang.Object)'> (0x0000000082cf6600) 
thrown [s\open\src\hotspot\share\interpreter\linkResolver.cpp, line 759]
Event: 13.278 Thread 0x00000163cf875210 Exception <a 'java/lang/ClassNotFoundException'{0x0000000082416a88}: groovy/lang/ExpandoMetaClassBeanInfo> (0x0000000082416a88) 
thrown [s\open\src\hotspot\share\classfile\systemDictionary.cpp, line 255]
Event: 13.279 Thread 0x00000163cf875210 Exception <a 'java/lang/ClassNotFoundException'{0x000000008241e450}: groovy/lang/MetaClassImplBeanInfo> (0x000000008241e450) 
thrown [s\open\src\hotspot\share\classfile\systemDictionary.cpp, line 255]
Event: 13.279 Thread 0x00000163cf875210 Exception <a 'java/lang/ClassNotFoundException'{0x0000000082422978}: java/lang/ObjectBeanInfo> (0x0000000082422978) 
thrown [s\open\src\hotspot\share\classfile\systemDictionary.cpp, line 255]
Event: 13.280 Thread 0x00000163cf875210 Exception <a 'java/lang/ClassNotFoundException'{0x0000000082427560}: java/lang/ObjectCustomizer> (0x0000000082427560) 
thrown [s\open\src\hotspot\share\classfile\systemDictionary.cpp, line 255]
Event: 13.288 Thread 0x00000163cf875210 Exception <a 'java/lang/IncompatibleClassChangeError'{0x000000008242bf88}: Found class java.lang.Object, but interface was expected> (0x000000008242bf88) 
thrown [s\open\src\hotspot\share\interpreter\linkResolver.cpp, line 826]
Event: 13.295 Thread 0x00000163cf875210 Exception <a 'java/lang/ClassNotFoundException'{0x000000008243dff0}: groovy/lang/MetaClassImplCustomizer> (0x000000008243dff0) 
thrown [s\open\src\hotspot\share\classfile\systemDictionary.cpp, line 255]
Event: 13.299 Thread 0x00000163cf875210 Exception <a 'java/lang/ClassNotFoundException'{0x0000000082463ad8}: groovy/lang/ExpandoMetaClassCustomizer> (0x0000000082463ad8) 
thrown [s\open\src\hotspot\share\classfile\systemDictionary.cpp, line 255]

VM Operations (20 events):
Event: 11.121 Executing VM operation: CollectForMetadataAllocation
Event: 11.445 Executing VM operation: CollectForMetadataAllocation done
Event: 11.448 Executing VM operation: G1Concurrent
Event: 11.510 Executing VM operation: G1Concurrent done
Event: 11.515 Executing VM operation: G1Concurrent
Event: 11.517 Executing VM operation: G1Concurrent done
Event: 11.726 Executing VM operation: HandshakeAllThreads
Event: 11.726 Executing VM operation: HandshakeAllThreads done
Event: 12.320 Executing VM operation: HandshakeAllThreads
Event: 12.320 Executing VM operation: HandshakeAllThreads done
Event: 12.771 Executing VM operation: HandshakeAllThreads
Event: 12.771 Executing VM operation: HandshakeAllThreads done
Event: 12.771 Executing VM operation: Cleanup
Event: 12.771 Executing VM operation: Cleanup done
Event: 13.059 Executing VM operation: HandshakeAllThreads
Event: 13.060 Executing VM operation: HandshakeAllThreads done
Event: 13.159 Executing VM operation: HandshakeAllThreads
Event: 13.159 Executing VM operation: HandshakeAllThreads done
Event: 13.372 Executing VM operation: G1CollectForAllocation
Event: 13.703 Executing VM operation: G1CollectForAllocation done

Events (20 events):
Event: 7.849 Thread 0x00000163d02b5b50 Thread added: 0x00000163d02b5b50
Event: 7.874 Thread 0x00000163cfb300f0 Thread added: 0x00000163cfb300f0
Event: 7.945 Thread 0x00000163d0972130 Thread added: 0x00000163d0972130
Event: 7.985 Thread 0x00000163cf875f40 Thread added: 0x00000163cf875f40
Event: 8.008 Thread 0x00000163cf875210 Thread added: 0x00000163cf875210
Event: 8.031 Thread 0x00000163cf874190 Thread added: 0x00000163cf874190
Event: 8.039 Thread 0x00000163cf6693c0 Thread added: 0x00000163cf6693c0
Event: 8.052 Thread 0x00000163cf66b0a0 Thread added: 0x00000163cf66b0a0
Event: 8.771 Thread 0x00000163cf669890 Thread added: 0x00000163cf669890
Event: 8.799 Thread 0x00000163cf66b570 Thread added: 0x00000163cf66b570
Event: 9.201 Thread 0x00000163cf66a700 Thread added: 0x00000163cf66a700
Event: 9.226 Thread 0x00000163cf66bf10 Thread added: 0x00000163cf66bf10
Event: 10.556 Thread 0x00000163cf66ba40 Thread added: 0x00000163cf66ba40
Event: 10.571 Thread 0x00000163cf66c3e0 Thread added: 0x00000163cf66c3e0
Event: 10.995 Thread 0x00000163cf668ef0 Thread added: 0x00000163cf668ef0
Event: 11.110 Thread 0x00000163cf669d60 Thread added: 0x00000163cf669d60
Event: 11.531 Thread 0x00000163cfb5edd0 Thread added: 0x00000163cfb5edd0
Event: 11.910 Thread 0x00000163cfb65c80 Thread added: 0x00000163cfb65c80
Event: 12.007 Thread 0x00000163cfb61450 Thread added: 0x00000163cfb61450
Event: 12.237 Thread 0x00000163cfb66150 Thread added: 0x00000163cfb66150


Dynamic libraries:
0x00007ff703370000 - 0x00007ff703380000 	C:\Program Files\Java\jdk-18.0.2.1\bin\java.exe
0x00007ffa89790000 - 0x00007ffa899a7000 	C:\WINDOWS\SYSTEM32\ntdll.dll
0x00007ffa88910000 - 0x00007ffa889d4000 	C:\WINDOWS\System32\KERNEL32.DLL
0x00007ffa86d70000 - 0x00007ffa87115000 	C:\WINDOWS\System32\KERNELBASE.dll
0x00007ffa86c50000 - 0x00007ffa86d61000 	C:\WINDOWS\System32\ucrtbase.dll
0x00007ff9f8250000 - 0x00007ff9f8268000 	C:\Program Files\Java\jdk-18.0.2.1\bin\jli.dll
0x00007ff9f8230000 - 0x00007ff9f824a000 	C:\Program Files\Java\jdk-18.0.2.1\bin\VCRUNTIME140.dll
0x00007ffa88c00000 - 0x00007ffa88cb1000 	C:\WINDOWS\System32\ADVAPI32.dll
0x00007ffa88d20000 - 0x00007ffa88dc7000 	C:\WINDOWS\System32\msvcrt.dll
0x00007ffa87ed0000 - 0x00007ffa87f76000 	C:\WINDOWS\System32\sechost.dll
0x00007ffa88e40000 - 0x00007ffa88f57000 	C:\WINDOWS\System32\RPCRT4.dll
0x00007ffa88a50000 - 0x00007ffa88bfe000 	C:\WINDOWS\System32\USER32.dll
0x00007ffa86c20000 - 0x00007ffa86c46000 	C:\WINDOWS\System32\win32u.dll
0x00007ffa888e0000 - 0x00007ffa88909000 	C:\WINDOWS\System32\GDI32.dll
0x00007ffa86b00000 - 0x00007ffa86c19000 	C:\WINDOWS\System32\gdi32full.dll
0x00007ffa87250000 - 0x00007ffa872ea000 	C:\WINDOWS\System32\msvcp_win.dll
0x00007ffa70620000 - 0x00007ffa708b3000 	C:\WINDOWS\WinSxS\amd64_microsoft.windows.common-controls_6595b64144ccf1df_6.0.22621.2506_none_270c5ae97388e100\COMCTL32.dll
0x00007ffa7eee0000 - 0x00007ffa7eeea000 	C:\WINDOWS\SYSTEM32\VERSION.dll
0x00007ffa896f0000 - 0x00007ffa89721000 	C:\WINDOWS\System32\IMM32.DLL
0x00007ffa50750000 - 0x00007ffa5075c000 	C:\Program Files\Java\jdk-18.0.2.1\bin\vcruntime140_1.dll
0x00007ff9f7d70000 - 0x00007ff9f7dfd000 	C:\Program Files\Java\jdk-18.0.2.1\bin\msvcp140.dll
0x00007ff9f1e00000 - 0x00007ff9f2a11000 	C:\Program Files\Java\jdk-18.0.2.1\bin\server\jvm.dll
0x00007ffa888d0000 - 0x00007ffa888d8000 	C:\WINDOWS\System32\PSAPI.DLL
0x00007ffa7ec90000 - 0x00007ffa7ecc4000 	C:\WINDOWS\SYSTEM32\WINMM.dll
0x00007ffa6b640000 - 0x00007ffa6b649000 	C:\WINDOWS\SYSTEM32\WSOCK32.dll
0x00007ffa87e50000 - 0x00007ffa87ec1000 	C:\WINDOWS\System32\WS2_32.dll
0x00007ffa85bf0000 - 0x00007ffa85c08000 	C:\WINDOWS\SYSTEM32\kernel.appcore.dll
0x00007ffa484e0000 - 0x00007ffa484ea000 	C:\Program Files\Java\jdk-18.0.2.1\bin\jimage.dll
0x00007ffa84460000 - 0x00007ffa84693000 	C:\WINDOWS\SYSTEM32\DBGHELP.DLL
0x00007ffa891c0000 - 0x00007ffa89549000 	C:\WINDOWS\System32\combase.dll
0x00007ffa88280000 - 0x00007ffa88357000 	C:\WINDOWS\System32\OLEAUT32.dll
0x00007ffa6e970000 - 0x00007ffa6e9a2000 	C:\WINDOWS\SYSTEM32\dbgcore.DLL
0x00007ffa872f0000 - 0x00007ffa8736a000 	C:\WINDOWS\System32\bcryptPrimitives.dll
0x00007ff9f8200000 - 0x00007ff9f8225000 	C:\Program Files\Java\jdk-18.0.2.1\bin\java.dll
0x00007ff9f1d20000 - 0x00007ff9f1df6000 	C:\Program Files\Java\jdk-18.0.2.1\bin\jsvml.dll
0x00007ffa875e0000 - 0x00007ffa87e39000 	C:\WINDOWS\System32\SHELL32.dll
0x00007ffa84a30000 - 0x00007ffa85324000 	C:\WINDOWS\SYSTEM32\windows.storage.dll
0x00007ffa848f0000 - 0x00007ffa84a2e000 	C:\WINDOWS\SYSTEM32\wintypes.dll
0x00007ffa874e0000 - 0x00007ffa875d3000 	C:\WINDOWS\System32\SHCORE.dll
0x00007ffa88cc0000 - 0x00007ffa88d1e000 	C:\WINDOWS\System32\shlwapi.dll
0x00007ffa86a30000 - 0x00007ffa86a56000 	C:\WINDOWS\SYSTEM32\profapi.dll
0x00007ff9f81e0000 - 0x00007ff9f81f3000 	C:\Program Files\Java\jdk-18.0.2.1\bin\net.dll
0x00007ffa7eb50000 - 0x00007ffa7ec87000 	C:\WINDOWS\SYSTEM32\WINHTTP.dll
0x00007ffa86070000 - 0x00007ffa860d9000 	C:\WINDOWS\system32\mswsock.dll
0x00007ff9f7d50000 - 0x00007ff9f7d66000 	C:\Program Files\Java\jdk-18.0.2.1\bin\nio.dll
0x00007ff9f5940000 - 0x00007ff9f5958000 	C:\Program Files\Java\jdk-18.0.2.1\bin\zip.dll
0x00007ffa825a0000 - 0x00007ffa825b0000 	C:\Program Files\Java\jdk-18.0.2.1\bin\verify.dll
0x00007ffa6b750000 - 0x00007ffa6b777000 	C:\Users\LENOVO ideapadGAMING\.gradle\native\68d5fa5c4cc2d200863cafc0d521ce42e7d3e7ee720ec0a83991735586a16f82\windows-amd64\native-platform.dll
0x00007ffa30310000 - 0x00007ffa30454000 	C:\Users\LENOVO ideapadGAMING\.gradle\native\e376f236ea51e6404a007f0833ffe2c6e607c4080706a723a18a27aeea778392\windows-amd64\native-platform-file-events.dll
0x00007ffa6b4f0000 - 0x00007ffa6b4f9000 	C:\Program Files\Java\jdk-18.0.2.1\bin\management.dll
0x00007ffa30460000 - 0x00007ffa3046b000 	C:\Program Files\Java\jdk-18.0.2.1\bin\management_ext.dll
0x00007ffa862c0000 - 0x00007ffa862db000 	C:\WINDOWS\SYSTEM32\CRYPTSP.dll
0x00007ffa85b50000 - 0x00007ffa85b85000 	C:\WINDOWS\system32\rsaenh.dll
0x00007ffa86160000 - 0x00007ffa8618c000 	C:\WINDOWS\SYSTEM32\USERENV.dll
0x00007ffa864b0000 - 0x00007ffa864d8000 	C:\WINDOWS\SYSTEM32\bcrypt.dll
0x00007ffa862e0000 - 0x00007ffa862ec000 	C:\WINDOWS\SYSTEM32\CRYPTBASE.dll
0x00007ffa85600000 - 0x00007ffa8562d000 	C:\WINDOWS\SYSTEM32\IPHLPAPI.DLL
0x00007ffa87e40000 - 0x00007ffa87e49000 	C:\WINDOWS\System32\NSI.dll
0x00007ffa7eef0000 - 0x00007ffa7ef09000 	C:\WINDOWS\SYSTEM32\dhcpcsvc6.DLL
0x00007ffa7ecd0000 - 0x00007ffa7ecef000 	C:\WINDOWS\SYSTEM32\dhcpcsvc.DLL
0x00007ffa85670000 - 0x00007ffa85769000 	C:\WINDOWS\SYSTEM32\DNSAPI.dll

dbghelp: loaded successfully - version: 4.0.5 - missing functions: none
symbol engine: initialized successfully - sym options: 0x614 - pdb path: .;C:\Program Files\Java\jdk-18.0.2.1\bin;C:\WINDOWS\SYSTEM32;C:\WINDOWS\WinSxS\amd64_microsoft.windows.common-controls_6595b64144ccf1df_6.0.22621.2506_none_270c5ae97388e100;C:\Program Files\Java\jdk-18.0.2.1\bin\server;C:\Users\LENOVO ideapadGAMING\.gradle\native\68d5fa5c4cc2d200863cafc0d521ce42e7d3e7ee720ec0a83991735586a16f82\windows-amd64;C:\Users\LENOVO ideapadGAMING\.gradle\native\e376f236ea51e6404a007f0833ffe2c6e607c4080706a723a18a27aeea778392\windows-amd64

VM Arguments:
jvm_args: -XX:MaxMetaspaceSize=512m --add-opens=java.base/java.util=ALL-UNNAMED --add-opens=java.base/java.lang=ALL-UNNAMED --add-opens=java.base/java.lang.invoke=ALL-UNNAMED --add-opens=java.prefs/java.util.prefs=ALL-UNNAMED --add-opens=java.base/java.nio.charset=ALL-UNNAMED --add-opens=java.base/java.net=ALL-UNNAMED --add-opens=java.base/java.util.concurrent.atomic=ALL-UNNAMED -Xmx2048m -Dfile.encoding=UTF-8 -Duser.country=US -Duser.language=en -Duser.variant 
java_command: org.gradle.launcher.daemon.bootstrap.GradleDaemon 8.0.1
java_class_path (initial): C:\Users\LENOVO ideapadGAMING\.gradle\wrapper\dists\gradle-8.0.1-all\aro4hu1c3oeioove7l0i4i14o\gradle-8.0.1\lib\gradle-launcher-8.0.1.jar
Launcher Type: SUN_STANDARD

[Global flags]
     intx CICompilerCount                          = 4                                         {product} {ergonomic}
   size_t CompressedClassSpaceSize                 = 432013312                                 {product} {ergonomic}
     uint ConcGCThreads                            = 3                                         {product} {ergonomic}
     uint G1ConcRefinementThreads                  = 10                                        {product} {ergonomic}
   size_t G1HeapRegionSize                         = 1048576                                   {product} {ergonomic}
    uintx GCDrainStackTargetSize                   = 64                                        {product} {ergonomic}
   size_t InitialHeapSize                          = 132120576                                 {product} {ergonomic}
   size_t MarkStackSize                            = 4194304                                   {product} {ergonomic}
   size_t MaxHeapSize                              = 2147483648                                {product} {command line}
   size_t MaxMetaspaceSize                         = 536870912                                 {product} {command line}
   size_t MaxNewSize                               = 1287651328                                {product} {ergonomic}
   size_t MinHeapDeltaBytes                        = 1048576                                   {product} {ergonomic}
   size_t MinHeapSize                              = 8388608                                   {product} {ergonomic}
    uintx NonNMethodCodeHeapSize                   = 5839372                                {pd product} {ergonomic}
    uintx NonProfiledCodeHeapSize                  = 122909434                              {pd product} {ergonomic}
    uintx ProfiledCodeHeapSize                     = 122909434                              {pd product} {ergonomic}
    uintx ReservedCodeCacheSize                    = 251658240                              {pd product} {ergonomic}
     bool SegmentedCodeCache                       = true                                      {product} {ergonomic}
   size_t SoftMaxHeapSize                          = 2147483648                             {manageable} {ergonomic}
     bool UseCompressedClassPointers               = true                           {product lp64_product} {ergonomic}
     bool UseCompressedOops                        = true                           {product lp64_product} {ergonomic}
     bool UseG1GC                                  = true                                      {product} {ergonomic}
     bool UseLargePagesIndividualAllocation        = false                                  {pd product} {ergonomic}

Logging:
Log output configuration:
 #0: stdout all=warning uptime,level,tags foldmultilines=false
 #1: stderr all=off uptime,level,tags foldmultilines=false

Environment Variables:
JAVA_HOME=C:\Program Files\Java\jdk-18.0.2.1
CLASSPATH=D:\KULIAH\SMT 5\PGPBL\Acara7\AwesomeProject\android\\gradle\wrapper\gradle-wrapper.jar
PATH=D:\KULIAH\SMT 5\PGPBL\Acara7\AwesomeProject\node_modules\.bin;D:\KULIAH\SMT 5\PGPBL\Acara7\AwesomeProject\node_modules\.bin;D:\KULIAH\SMT 5\PGPBL\Acara7\node_modules\.bin;D:\KULIAH\SMT 5\PGPBL\node_modules\.bin;D:\KULIAH\SMT 5\node_modules\.bin;D:\KULIAH\node_modules\.bin;D:\node_modules\.bin;C:\Program Files\nodejs\node_modules\npm\node_modules\@npmcli\run-script\lib\node-gyp-bin;D:\KULIAH\SMT 5\PGPBL\Acara7\AwesomeProject\node_modules\.bin;D:\KULIAH\SMT 5\PGPBL\Acara7\node_modules\.bin;D:\KULIAH\SMT 5\PGPBL\node_modules\.bin;D:\KULIAH\SMT 5\node_modules\.bin;D:\KULIAH\node_modules\.bin;D:\node_modules\.bin;C:\Program Files\nodejs\node_modules\npm\node_modules\@npmcli\run-script\lib\node-gyp-bin;C:\Program Files (x86)\Common Files\Intel\Shared Libraries\redist\intel64\compiler;C:\Python27;C:\PCI Geomatics\Geomatica 2015\exe;C:\Program Files\Common Files\Oracle\Java\javapath;C:\Program Files (x86)\Common Files\Oracle\Java\javapath;C:\Program Files (x86)\Common Files\Intel\Shared Files\cpp\bin\Intel64;C:\Windows\system32;C:\Windows;C:\Windows\System32\Wbem;C:\Windows\System32\WindowsPowerShell\v1.0\;C:\Windows\System32\OpenSSH\;C:\Program Files (x86)\NVIDIA Corporation\PhysX\Common;C:\Program Files\NVIDIA Corporation\NVIDIA NvDLISR;C:\WINDOWS\system32;C:\WINDOWS;C:\WINDOWS\System32\Wbem;C:\WINDOWS\System32\WindowsPowerShell\v1.0\;C:\WINDOWS\System32\OpenSSH\;C:\Anaconda3;C:\Anaconda3\Scripts;C:\Program Files\dotnet\;C:\dev\MapWinGIS;C:\ProgramData\ComposerSetup\bin;C:\xampp\php;C:\WINDOWS\system32;C:\WINDOWS;C:\WINDOWS\System32\Wbem;C:\WINDOWS\System32\WindowsPowerShell\v1.0\;C:\WINDOWS\System32\OpenSSH\;C:\Program Files\Git\cmd;C:\ProgramData\chocolatey\bin;C:\Program Files\nodejs\;C:\Users\LENOVO ideapadGAMING\AppData\Local\Programs\Python\Python39\;C:\Users\LENOVO ideapadGAMING\AppData\Local\Programs\Python\Python39\Scripts;C:\Program Files\MySQL\MySQL Shell 8.0\bin\;C:\Users\LENOVO ideapadGAMING\AppData\Local\Microsoft\WindowsApps;C:\Users\LENOVO ideapadGAMING\.dotnet\tools;C:\Users\LENOVO ideapadGAMING\AppData\Local\Programs\Microsoft VS Code\bin;C:\Users\LENOVO ideapadGAMING\AppData\Roaming\Composer\vendor\bin;C:\xampp\php;C:\Program Files\Git\bin\;C:\Program Files\Gitcmd\;C:\Users\LENOVO ideapadGAMING\AppData\Roaming\npm
USERNAME=LENOVO ideapadGAMING
LANG=en_US.UTF-8
OS=Windows_NT
PROCESSOR_IDENTIFIER=Intel64 Family 6 Model 165 Stepping 2, GenuineIntel



---------------  S Y S T E M  ---------------

OS:
 Windows 11 , 64 bit Build 22621 (10.0.22621.2506)
OS uptime: 0 days 11:22 hours

CPU: total 12 (initial active 12) (6 cores per cpu, 2 threads per core) family 6 model 165 stepping 2 microcode 0xe0, cx8, cmov, fxsr, ht, mmx, 3dnowpref, sse, sse2, sse3, ssse3, sse4.1, sse4.2, popcnt, lzcnt, tsc, tscinvbit, avx, avx2, aes, erms, clmul, bmi1, bmi2, adx, fma, vzeroupper, clflush, clflushopt

Memory: 4k page, system-wide physical 8060M (0M free)
TotalPageFile size 27119M (AvailPageFile size 0M)
current process WorkingSet (physical memory assigned to process): 139M, peak: 198M
current process commit charge ("private bytes"): 252M, peak: 285M

vm_info: Java HotSpot(TM) 64-Bit Server VM (18.0.2.1+1-1) for windows-amd64 JRE (18.0.2.1+1-1), built on Aug 16 2022 01:46:33 by "mach5one" with MS VC++ 16.8 / 16.9 (VS2019)

END.
