#
# There is insufficient memory for the Java Runtime Environment to continue.
# Native memory allocation (malloc) failed to allocate 408688 bytes for Chunk::new
# Possible reasons:
#   The system is out of physical RAM or swap space
#   The process is running with CompressedOops enabled, and the Java Heap may be blocking the growth of the native heap
# Possible solutions:
#   Reduce memory load on the system
#   Increase physical memory or swap space
#   Check if swap backing store is full
#   Decrease Java heap size (-Xmx/-Xms)
#   Decrease number of Java threads
#   Decrease Java thread stack sizes (-Xss)
#   Set larger code cache with -XX:ReservedCodeCacheSize=
#   JVM is running with Unscaled Compressed Oops mode in which the Java heap is
#     placed in the first 4GB address space. The Java Heap base address is the
#     maximum limit for the native heap growth. Please use -XX:HeapBaseMinAddress
#     to set the Java Heap base and to place the Java Heap above 4GB virtual address.
# This output file may be truncated or incomplete.
#
#  Out of Memory Error (arena.cpp:184), pid=34216, tid=30196
#
# JRE version: Java(TM) SE Runtime Environment (18.0.2.1+1) (build 18.0.2.1+1-1)
# Java VM: Java HotSpot(TM) 64-Bit Server VM (18.0.2.1+1-1, mixed mode, sharing, tiered, compressed oops, compressed class ptrs, g1 gc, windows-amd64)
# No core dump will be written. Minidumps are not enabled by default on client versions of Windows
#

---------------  S U M M A R Y ------------

Command Line: -XX:MaxMetaspaceSize=512m --add-opens=java.base/java.util=ALL-UNNAMED --add-opens=java.base/java.lang=ALL-UNNAMED --add-opens=java.base/java.lang.invoke=ALL-UNNAMED --add-opens=java.prefs/java.util.prefs=ALL-UNNAMED --add-opens=java.base/java.nio.charset=ALL-UNNAMED --add-opens=java.base/java.net=ALL-UNNAMED --add-opens=java.base/java.util.concurrent.atomic=ALL-UNNAMED -Xmx2048m -Dfile.encoding=UTF-8 -Duser.country=US -Duser.language=en -Duser.variant org.gradle.launcher.daemon.bootstrap.GradleDaemon 8.0.1

Host: Intel(R) Core(TM) i7-10750H CPU @ 2.60GHz, 12 cores, 7G,  Windows 11 , 64 bit Build 22621 (10.0.22621.2506)
Time: Mon Nov 27 09:38:57 2023 SE Asia Standard Time elapsed time: 32.251104 seconds (0d 0h 0m 32s)

---------------  T H R E A D  ---------------

Current thread (0x00000255fb5287a0):  JavaThread "C2 CompilerThread0" daemon [_thread_in_native, id=30196, stack(0x000000ddb9600000,0x000000ddb9700000)]


Current CompileTask:
C2:  32251 3795   !   4       java.util.concurrent.ConcurrentHashMap::transfer (849 bytes)

Stack: [0x000000ddb9600000,0x000000ddb9700000]
Native frames: (J=compiled Java code, j=interpreted, Vv=VM code, C=native code)
V  [jvm.dll+0x6993aa]
V  [jvm.dll+0x7f46dd]
V  [jvm.dll+0x7f5fee]
V  [jvm.dll+0x7f66a3]
V  [jvm.dll+0x25cf1f]
V  [jvm.dll+0xb8c2f]
V  [jvm.dll+0xb8fa5]
V  [jvm.dll+0x3860cb]
V  [jvm.dll+0x34fe71]
V  [jvm.dll+0x34f30a]
V  [jvm.dll+0x230101]
V  [jvm.dll+0x22f4d1]
V  [jvm.dll+0x1ba01c]
V  [jvm.dll+0x23ee0a]
V  [jvm.dll+0x23d0f5]
V  [jvm.dll+0x7a6dd1]
V  [jvm.dll+0x7a120a]
V  [jvm.dll+0x698255]
C  [ucrtbase.dll+0x29363]
C  [KERNEL32.DLL+0x1257d]
C  [ntdll.dll+0x5aa58]


---------------  P R O C E S S  ---------------

Threads class SMR info:
_java_thread_list=0x0000025590ecf7f0, length=34, elements={
0x00000255ebe78e40, 0x00000255fb50dff0, 0x00000255fb50ec50, 0x00000255fb525df0,
0x00000255fb526790, 0x00000255fb527130, 0x00000255fb527ad0, 0x00000255fb5287a0,
0x00000255fb52b190, 0x00000255fb52db80, 0x00000255ff8b2620, 0x00000255ff8bd730,
0x00000255ff9db290, 0x000002558f95d380, 0x000002558fc44670, 0x000002558fc5a5c0,
0x000002558fd3bb40, 0x000002558fb09010, 0x000002558fb094d0, 0x000002558f8e67b0,
0x000002558fc90010, 0x000002558fc8de60, 0x000002558fc904e0, 0x000002558fc8f670,
0x000002558fc8d990, 0x000002558fc8e330, 0x000002558fc8ecd0, 0x000002558fc909b0,
0x000002558fc8f1a0, 0x000002558fc8d4c0, 0x000002559095b230, 0x0000025590957d40,
0x0000025590958210, 0x000002559095a3c0
}

Java Threads: ( => current thread )
  0x00000255ebe78e40 JavaThread "main" [_thread_blocked, id=19640, stack(0x000000ddb8900000,0x000000ddb8a00000)]
  0x00000255fb50dff0 JavaThread "Reference Handler" daemon [_thread_blocked, id=19628, stack(0x000000ddb9000000,0x000000ddb9100000)]
  0x00000255fb50ec50 JavaThread "Finalizer" daemon [_thread_blocked, id=30336, stack(0x000000ddb9100000,0x000000ddb9200000)]
  0x00000255fb525df0 JavaThread "Signal Dispatcher" daemon [_thread_blocked, id=29780, stack(0x000000ddb9200000,0x000000ddb9300000)]
  0x00000255fb526790 JavaThread "Attach Listener" daemon [_thread_blocked, id=30748, stack(0x000000ddb9300000,0x000000ddb9400000)]
  0x00000255fb527130 JavaThread "Service Thread" daemon [_thread_blocked, id=22464, stack(0x000000ddb9400000,0x000000ddb9500000)]
  0x00000255fb527ad0 JavaThread "Monitor Deflation Thread" daemon [_thread_blocked, id=2216, stack(0x000000ddb9500000,0x000000ddb9600000)]
=>0x00000255fb5287a0 JavaThread "C2 CompilerThread0" daemon [_thread_in_native, id=30196, stack(0x000000ddb9600000,0x000000ddb9700000)]
  0x00000255fb52b190 JavaThread "C1 CompilerThread0" daemon [_thread_blocked, id=29244, stack(0x000000ddb9700000,0x000000ddb9800000)]
  0x00000255fb52db80 JavaThread "Sweeper thread" daemon [_thread_blocked, id=14112, stack(0x000000ddb9800000,0x000000ddb9900000)]
  0x00000255ff8b2620 JavaThread "Common-Cleaner" daemon [_thread_blocked, id=20928, stack(0x000000ddb9900000,0x000000ddb9a00000)]
  0x00000255ff8bd730 JavaThread "Notification Thread" daemon [_thread_blocked, id=28492, stack(0x000000ddb9a00000,0x000000ddb9b00000)]
  0x00000255ff9db290 JavaThread "Daemon health stats" [_thread_blocked, id=26112, stack(0x000000ddba000000,0x000000ddba100000)]
  0x000002558f95d380 JavaThread "Incoming local TCP Connector on port 59864" [_thread_in_native, id=33724, stack(0x000000ddba100000,0x000000ddba200000)]
  0x000002558fc44670 JavaThread "Daemon periodic checks" [_thread_blocked, id=31132, stack(0x000000ddba200000,0x000000ddba300000)]
  0x000002558fc5a5c0 JavaThread "Daemon" [_thread_blocked, id=19980, stack(0x000000ddba300000,0x000000ddba400000)]
  0x000002558fd3bb40 JavaThread "Handler for socket connection from /127.0.0.1:59864 to /127.0.0.1:59874" [_thread_in_native, id=24984, stack(0x000000ddba400000,0x000000ddba500000)]
  0x000002558fb09010 JavaThread "Cancel handler" [_thread_blocked, id=25024, stack(0x000000ddba500000,0x000000ddba600000)]
  0x000002558fb094d0 JavaThread "Daemon worker" [_thread_in_native, id=32204, stack(0x000000ddba600000,0x000000ddba700000)]
  0x000002558f8e67b0 JavaThread "Asynchronous log dispatcher for DefaultDaemonConnection: socket connection from /127.0.0.1:59864 to /127.0.0.1:59874" [_thread_blocked, id=31204, stack(0x000000ddba700000,0x000000ddba800000)]
  0x000002558fc90010 JavaThread "Stdin handler" [_thread_blocked, id=31496, stack(0x000000ddba800000,0x000000ddba900000)]
  0x000002558fc8de60 JavaThread "Daemon client event forwarder" [_thread_blocked, id=29680, stack(0x000000ddba900000,0x000000ddbaa00000)]
  0x000002558fc904e0 JavaThread "Cache worker for journal cache (C:\Users\LENOVO ideapadGAMING\.gradle\caches\journal-1)" [_thread_blocked, id=15556, stack(0x000000ddbaa00000,0x000000ddbab00000)]
  0x000002558fc8f670 JavaThread "File lock request listener" [_thread_in_native, id=14324, stack(0x000000ddbab00000,0x000000ddbac00000)]
  0x000002558fc8d990 JavaThread "Cache worker for file hash cache (C:\Users\LENOVO ideapadGAMING\.gradle\caches\8.0.1\fileHashes)" [_thread_blocked, id=29336, stack(0x000000ddbac00000,0x000000ddbad00000)]
  0x000002558fc8e330 JavaThread "File lock release action executor" [_thread_blocked, id=25204, stack(0x000000ddbad00000,0x000000ddbae00000)]
  0x000002558fc8ecd0 JavaThread "File watcher server" daemon [_thread_in_native, id=31676, stack(0x000000ddbb300000,0x000000ddbb400000)]
  0x000002558fc909b0 JavaThread "File watcher consumer" daemon [_thread_blocked, id=17704, stack(0x000000ddbb400000,0x000000ddbb500000)]
  0x000002558fc8f1a0 JavaThread "Cache worker for checksums cache (D:\KULIAH\SMT 5\PGPBL\Acara7\AwesomeProject\android\.gradle\8.0.1\checksums)" [_thread_blocked, id=25980, stack(0x000000ddbb500000,0x000000ddbb600000)]
  0x000002558fc8d4c0 JavaThread "Cache worker for cache directory md-rule (C:\Users\LENOVO ideapadGAMING\.gradle\caches\8.0.1\md-rule)" [_thread_blocked, id=29512, stack(0x000000ddbb600000,0x000000ddbb700000)]
  0x000002559095b230 JavaThread "Cache worker for file content cache (C:\Users\LENOVO ideapadGAMING\.gradle\caches\8.0.1\fileContent)" [_thread_blocked, id=25460, stack(0x000000ddbb900000,0x000000ddbba00000)]
  0x0000025590957d40 JavaThread "Cache worker for file hash cache (D:\KULIAH\SMT 5\PGPBL\Acara7\AwesomeProject\android\.gradle\8.0.1\fileHashes)" [_thread_blocked, id=27068, stack(0x000000ddbba00000,0x000000ddbbb00000)]
  0x0000025590958210 JavaThread "Cache worker for cache directory md-supplier (C:\Users\LENOVO ideapadGAMING\.gradle\caches\8.0.1\md-supplier)" [_thread_blocked, id=27760, stack(0x000000ddbbb00000,0x000000ddbbc00000)]
  0x000002559095a3c0 JavaThread "Cache worker for execution history cache (C:\Users\LENOVO ideapadGAMING\.gradle\caches\8.0.1\executionHistory)" [_thread_blocked, id=9356, stack(0x000000ddbbc00000,0x000000ddbbd00000)]

Other Threads:
  0x00000255fb50ae90 VMThread "VM Thread" [stack: 0x000000ddb8f00000,0x000000ddb9000000] [id=33524]
  0x00000255ff8c0c10 WatcherThread "VM Periodic Task Thread" [stack: 0x000000ddb9b00000,0x000000ddb9c00000] [id=11296]
  0x00000255ebed9220 WorkerThread "GC Thread#0" [stack: 0x000000ddb8a00000,0x000000ddb8b00000] [id=12424]
  0x000002558f5938f0 WorkerThread "GC Thread#1" [stack: 0x000000ddb9c00000,0x000000ddb9d00000] [id=33800]
  0x000002558f593b90 WorkerThread "GC Thread#2" [stack: 0x000000ddb9d00000,0x000000ddb9e00000] [id=11072]
  0x00000255ffad7550 WorkerThread "GC Thread#3" [stack: 0x000000ddb9e00000,0x000000ddb9f00000] [id=26232]
  0x000002558fe7ab70 WorkerThread "GC Thread#4" [stack: 0x000000ddb9f00000,0x000000ddba000000] [id=34712]
  0x0000025590b275f0 WorkerThread "GC Thread#5" [stack: 0x000000ddbae00000,0x000000ddbaf00000] [id=27164]
  0x0000025590e32d90 WorkerThread "GC Thread#6" [stack: 0x000000ddbaf00000,0x000000ddbb000000] [id=31596]
  0x0000025590caaad0 WorkerThread "GC Thread#7" [stack: 0x000000ddbb000000,0x000000ddbb100000] [id=8584]
  0x000002559090fa30 WorkerThread "GC Thread#8" [stack: 0x000000ddbb100000,0x000000ddbb200000] [id=13412]
  0x0000025590ae1d10 WorkerThread "GC Thread#9" [stack: 0x000000ddbb200000,0x000000ddbb300000] [id=26548]
  0x00000255ebeea150 ConcurrentGCThread "G1 Main Marker" [stack: 0x000000ddb8b00000,0x000000ddb8c00000] [id=32116]
  0x00000255ebeeab40 WorkerThread "G1 Conc#0" [stack: 0x000000ddb8c00000,0x000000ddb8d00000] [id=32852]
  0x0000025590d60280 WorkerThread "G1 Conc#1" [stack: 0x000000ddbb700000,0x000000ddbb800000] [id=31524]
  0x0000025590d60520 WorkerThread "G1 Conc#2" [stack: 0x000000ddbb800000,0x000000ddbb900000] [id=23380]
  0x00000255ebf2e650 ConcurrentGCThread "G1 Refine#0" [stack: 0x000000ddb8d00000,0x000000ddb8e00000] [id=8872]
  0x00000255fb3c4120 ConcurrentGCThread "G1 Service" [stack: 0x000000ddb8e00000,0x000000ddb8f00000] [id=29348]

Threads with active compile tasks:
C2 CompilerThread0    32326 3795   !   4       java.util.concurrent.ConcurrentHashMap::transfer (849 bytes)

VM state: not at safepoint (normal execution)

VM Mutex/Monitor currently owned by a thread: None

Heap address: 0x0000000080000000, size: 2048 MB, Compressed Oops mode: 32-bit

CDS archive(s) mapped at: [0x0000000800000000-0x0000000800ba0000-0x0000000800ba0000), size 12189696, SharedBaseAddress: 0x0000000800000000, ArchiveRelocationMode: 0.
Compressed class space mapped at: 0x0000000800c00000-0x000000081a800000, reserved size: 432013312
Narrow klass base: 0x0000000800000000, Narrow klass shift: 0, Narrow klass range: 0x100000000

GC Precious Log:
 CardTable entry size: 512
 Card Set container configuration: InlinePtr #cards 5 size 8 Array Of Cards #cards 12 size 40 Howl #buckets 4 coarsen threshold 1843 Howl Bitmap #cards 512 size 80 coarsen threshold 460 Card regions per heap region 1 cards per card region 2048
 CPUs: 12 total, 12 available
 Memory: 8060M
 Large Page Support: Disabled
 NUMA Support: Disabled
 Compressed Oops: Enabled (32-bit)
 Heap Region Size: 1M
 Heap Min Capacity: 8M
 Heap Initial Capacity: 126M
 Heap Max Capacity: 2G
 Pre-touch: Disabled
 Parallel Workers: 10
 Concurrent Workers: 3
 Concurrent Refinement Workers: 10
 Periodic GC: Disabled

Heap:
 garbage-first heap   total 89088K, used 45503K [0x0000000080000000, 0x0000000100000000)
  region size 1024K, 25 young (25600K), 7 survivors (7168K)
 Metaspace       used 30446K, committed 31616K, reserved 487424K
  class space    used 4311K, committed 4928K, reserved 421888K

Heap Regions: E=young(eden), S=young(survivor), O=old, HS=humongous(starts), HC=humongous(continues), CS=collection set, F=free, OA=open archive, CA=closed archive, TAMS=top-at-mark-start (previous, next)
|   0|0x0000000080000000, 0x0000000080100000, 0x0000000080100000|100%|HS|  |TAMS 0x0000000080100000, 0x0000000080000000| Complete 
|   1|0x0000000080100000, 0x0000000080200000, 0x0000000080200000|100%|HC|  |TAMS 0x0000000080200000, 0x0000000080100000| Complete 
|   2|0x0000000080200000, 0x0000000080300000, 0x0000000080300000|100%|HC|  |TAMS 0x0000000080300000, 0x0000000080200000| Complete 
|   3|0x0000000080300000, 0x0000000080400000, 0x0000000080400000|100%|HC|  |TAMS 0x0000000080400000, 0x0000000080300000| Complete 
|   4|0x0000000080400000, 0x0000000080500000, 0x0000000080500000|100%| O|  |TAMS 0x0000000080500000, 0x0000000080400000| Untracked 
|   5|0x0000000080500000, 0x0000000080600000, 0x0000000080600000|100%| O|  |TAMS 0x0000000080600000, 0x0000000080500000| Untracked 
|   6|0x0000000080600000, 0x0000000080700000, 0x0000000080700000|100%| O|  |TAMS 0x0000000080700000, 0x0000000080600000| Untracked 
|   7|0x0000000080700000, 0x0000000080800000, 0x0000000080800000|100%| O|  |TAMS 0x0000000080700000, 0x0000000080700000| Untracked 
|   8|0x0000000080800000, 0x0000000080900000, 0x0000000080900000|100%| O|  |TAMS 0x0000000080900000, 0x0000000080800000| Untracked 
|   9|0x0000000080900000, 0x0000000080a00000, 0x0000000080a00000|100%| O|  |TAMS 0x0000000080a00000, 0x0000000080900000| Untracked 
|  10|0x0000000080a00000, 0x0000000080b00000, 0x0000000080b00000|100%| O|  |TAMS 0x0000000080b00000, 0x0000000080a00000| Untracked 
|  11|0x0000000080b00000, 0x0000000080c00000, 0x0000000080c00000|100%| O|  |TAMS 0x0000000080b6e200, 0x0000000080b00000| Untracked 
|  12|0x0000000080c00000, 0x0000000080d00000, 0x0000000080d00000|100%| O|  |TAMS 0x0000000080c00000, 0x0000000080c00000| Untracked 
|  13|0x0000000080d00000, 0x0000000080e00000, 0x0000000080e00000|100%| O|  |TAMS 0x0000000080d00000, 0x0000000080d00000| Untracked 
|  14|0x0000000080e00000, 0x0000000080f00000, 0x0000000080f00000|100%| O|  |TAMS 0x0000000080e00000, 0x0000000080e00000| Untracked 
|  15|0x0000000080f00000, 0x0000000081000000, 0x0000000081000000|100%| O|  |TAMS 0x0000000080f00000, 0x0000000080f00000| Untracked 
|  16|0x0000000081000000, 0x0000000081100000, 0x0000000081100000|100%| O|  |TAMS 0x0000000081000000, 0x0000000081000000| Untracked 
|  17|0x0000000081100000, 0x0000000081200000, 0x0000000081200000|100%| O|  |TAMS 0x0000000081100000, 0x0000000081100000| Untracked 
|  18|0x0000000081200000, 0x0000000081300000, 0x0000000081300000|100%| O|  |TAMS 0x0000000081200000, 0x0000000081200000| Untracked 
|  19|0x0000000081300000, 0x0000000081400000, 0x0000000081400000|100%| O|  |TAMS 0x0000000081300000, 0x0000000081300000| Untracked 
|  20|0x0000000081400000, 0x0000000081429a00, 0x0000000081500000| 16%| O|  |TAMS 0x0000000081400000, 0x0000000081400000| Untracked 
|  21|0x0000000081500000, 0x0000000081546400, 0x0000000081600000| 27%| O|  |TAMS 0x0000000081500000, 0x0000000081500000| Untracked 
|  22|0x0000000081600000, 0x0000000081600000, 0x0000000081700000|  0%| F|  |TAMS 0x0000000081600000, 0x0000000081600000| Untracked 
|  23|0x0000000081700000, 0x0000000081700000, 0x0000000081800000|  0%| F|  |TAMS 0x0000000081700000, 0x0000000081700000| Untracked 
|  24|0x0000000081800000, 0x0000000081800000, 0x0000000081900000|  0%| F|  |TAMS 0x0000000081800000, 0x0000000081800000| Untracked 
|  25|0x0000000081900000, 0x0000000081900000, 0x0000000081a00000|  0%| F|  |TAMS 0x0000000081900000, 0x0000000081900000| Untracked 
|  26|0x0000000081a00000, 0x0000000081a00000, 0x0000000081b00000|  0%| F|  |TAMS 0x0000000081a00000, 0x0000000081a00000| Untracked 
|  27|0x0000000081b00000, 0x0000000081b00000, 0x0000000081c00000|  0%| F|  |TAMS 0x0000000081b00000, 0x0000000081b00000| Untracked 
|  28|0x0000000081c00000, 0x0000000081d00000, 0x0000000081d00000|100%| S|CS|TAMS 0x0000000081c00000, 0x0000000081c00000| Complete 
|  29|0x0000000081d00000, 0x0000000081e00000, 0x0000000081e00000|100%| S|CS|TAMS 0x0000000081d00000, 0x0000000081d00000| Complete 
|  30|0x0000000081e00000, 0x0000000081f00000, 0x0000000081f00000|100%| S|CS|TAMS 0x0000000081e00000, 0x0000000081e00000| Complete 
|  31|0x0000000081f00000, 0x0000000082000000, 0x0000000082000000|100%| S|CS|TAMS 0x0000000081f00000, 0x0000000081f00000| Complete 
|  32|0x0000000082000000, 0x0000000082100000, 0x0000000082100000|100%| S|CS|TAMS 0x0000000082000000, 0x0000000082000000| Complete 
|  33|0x0000000082100000, 0x0000000082200000, 0x0000000082200000|100%| S|CS|TAMS 0x0000000082100000, 0x0000000082100000| Complete 
|  34|0x0000000082200000, 0x0000000082300000, 0x0000000082300000|100%| S|CS|TAMS 0x0000000082200000, 0x0000000082200000| Complete 
|  35|0x0000000082300000, 0x0000000082300000, 0x0000000082400000|  0%| F|  |TAMS 0x0000000082300000, 0x0000000082300000| Untracked 
|  36|0x0000000082400000, 0x0000000082400000, 0x0000000082500000|  0%| F|  |TAMS 0x0000000082400000, 0x0000000082400000| Untracked 
|  37|0x0000000082500000, 0x0000000082500000, 0x0000000082600000|  0%| F|  |TAMS 0x0000000082500000, 0x0000000082500000| Untracked 
|  38|0x0000000082600000, 0x0000000082600000, 0x0000000082700000|  0%| F|  |TAMS 0x0000000082600000, 0x0000000082600000| Untracked 
|  39|0x0000000082700000, 0x0000000082700000, 0x0000000082800000|  0%| F|  |TAMS 0x0000000082700000, 0x0000000082700000| Untracked 
|  40|0x0000000082800000, 0x0000000082800000, 0x0000000082900000|  0%| F|  |TAMS 0x0000000082800000, 0x0000000082800000| Untracked 
|  41|0x0000000082900000, 0x0000000082900000, 0x0000000082a00000|  0%| F|  |TAMS 0x0000000082900000, 0x0000000082900000| Untracked 
|  42|0x0000000082a00000, 0x0000000082a00000, 0x0000000082b00000|  0%| F|  |TAMS 0x0000000082a00000, 0x0000000082a00000| Untracked 
|  43|0x0000000082b00000, 0x0000000082b00000, 0x0000000082c00000|  0%| F|  |TAMS 0x0000000082b00000, 0x0000000082b00000| Untracked 
|  44|0x0000000082c00000, 0x0000000082c00000, 0x0000000082d00000|  0%| F|  |TAMS 0x0000000082c00000, 0x0000000082c00000| Untracked 
|  45|0x0000000082d00000, 0x0000000082d00000, 0x0000000082e00000|  0%| F|  |TAMS 0x0000000082d00000, 0x0000000082d00000| Untracked 
|  46|0x0000000082e00000, 0x0000000082e00000, 0x0000000082f00000|  0%| F|  |TAMS 0x0000000082e00000, 0x0000000082e00000| Untracked 
|  47|0x0000000082f00000, 0x0000000082f00000, 0x0000000083000000|  0%| F|  |TAMS 0x0000000082f00000, 0x0000000082f00000| Untracked 
|  48|0x0000000083000000, 0x0000000083000000, 0x0000000083100000|  0%| F|  |TAMS 0x0000000083000000, 0x0000000083000000| Untracked 
|  49|0x0000000083100000, 0x0000000083100000, 0x0000000083200000|  0%| F|  |TAMS 0x0000000083100000, 0x0000000083100000| Untracked 
|  50|0x0000000083200000, 0x0000000083200000, 0x0000000083300000|  0%| F|  |TAMS 0x0000000083200000, 0x0000000083200000| Untracked 
|  51|0x0000000083300000, 0x0000000083300000, 0x0000000083400000|  0%| F|  |TAMS 0x0000000083300000, 0x0000000083300000| Untracked 
|  52|0x0000000083400000, 0x0000000083400000, 0x0000000083500000|  0%| F|  |TAMS 0x0000000083400000, 0x0000000083400000| Untracked 
|  53|0x0000000083500000, 0x0000000083500000, 0x0000000083600000|  0%| F|  |TAMS 0x0000000083500000, 0x0000000083500000| Untracked 
|  54|0x0000000083600000, 0x0000000083600000, 0x0000000083700000|  0%| F|  |TAMS 0x0000000083600000, 0x0000000083600000| Untracked 
|  55|0x0000000083700000, 0x0000000083700000, 0x0000000083800000|  0%| F|  |TAMS 0x0000000083700000, 0x0000000083700000| Untracked 
|  56|0x0000000083800000, 0x0000000083800000, 0x0000000083900000|  0%| F|  |TAMS 0x0000000083800000, 0x0000000083800000| Untracked 
|  57|0x0000000083900000, 0x0000000083900000, 0x0000000083a00000|  0%| F|  |TAMS 0x0000000083900000, 0x0000000083900000| Untracked 
|  58|0x0000000083a00000, 0x0000000083a00000, 0x0000000083b00000|  0%| F|  |TAMS 0x0000000083a00000, 0x0000000083a00000| Untracked 
|  59|0x0000000083b00000, 0x0000000083b00000, 0x0000000083c00000|  0%| F|  |TAMS 0x0000000083b00000, 0x0000000083b00000| Untracked 
|  60|0x0000000083c00000, 0x0000000083c00000, 0x0000000083d00000|  0%| F|  |TAMS 0x0000000083c00000, 0x0000000083c00000| Untracked 
|  61|0x0000000083d00000, 0x0000000083d00000, 0x0000000083e00000|  0%| F|  |TAMS 0x0000000083d00000, 0x0000000083d00000| Untracked 
|  62|0x0000000083e00000, 0x0000000083e00000, 0x0000000083f00000|  0%| F|  |TAMS 0x0000000083e00000, 0x0000000083e00000| Untracked 
|  63|0x0000000083f00000, 0x0000000083f00000, 0x0000000084000000|  0%| F|  |TAMS 0x0000000083f00000, 0x0000000083f00000| Untracked 
|  64|0x0000000084000000, 0x0000000084000000, 0x0000000084100000|  0%| F|  |TAMS 0x0000000084000000, 0x0000000084000000| Untracked 
|  65|0x0000000084100000, 0x0000000084100000, 0x0000000084200000|  0%| F|  |TAMS 0x0000000084100000, 0x0000000084100000| Untracked 
|  66|0x0000000084200000, 0x0000000084200000, 0x0000000084300000|  0%| F|  |TAMS 0x0000000084200000, 0x0000000084200000| Untracked 
|  67|0x0000000084300000, 0x0000000084300000, 0x0000000084400000|  0%| F|  |TAMS 0x0000000084300000, 0x0000000084300000| Untracked 
|  68|0x0000000084400000, 0x0000000084400000, 0x0000000084500000|  0%| F|  |TAMS 0x0000000084400000, 0x0000000084400000| Untracked 
|  69|0x0000000084500000, 0x0000000084580800, 0x0000000084600000| 50%| E|  |TAMS 0x0000000084500000, 0x0000000084500000| Complete 
|  70|0x0000000084600000, 0x0000000084700000, 0x0000000084700000|100%| E|CS|TAMS 0x0000000084600000, 0x0000000084600000| Complete 
|  71|0x0000000084700000, 0x0000000084800000, 0x0000000084800000|100%| E|CS|TAMS 0x0000000084700000, 0x0000000084700000| Complete 
|  72|0x0000000084800000, 0x0000000084900000, 0x0000000084900000|100%| E|CS|TAMS 0x0000000084800000, 0x0000000084800000| Complete 
|  73|0x0000000084900000, 0x0000000084a00000, 0x0000000084a00000|100%| E|CS|TAMS 0x0000000084900000, 0x0000000084900000| Complete 
|  74|0x0000000084a00000, 0x0000000084b00000, 0x0000000084b00000|100%| E|CS|TAMS 0x0000000084a00000, 0x0000000084a00000| Complete 
|  75|0x0000000084b00000, 0x0000000084c00000, 0x0000000084c00000|100%| E|CS|TAMS 0x0000000084b00000, 0x0000000084b00000| Complete 
|  76|0x0000000084c00000, 0x0000000084d00000, 0x0000000084d00000|100%| E|CS|TAMS 0x0000000084c00000, 0x0000000084c00000| Complete 
|  77|0x0000000084d00000, 0x0000000084e00000, 0x0000000084e00000|100%| E|CS|TAMS 0x0000000084d00000, 0x0000000084d00000| Complete 
|  78|0x0000000084e00000, 0x0000000084f00000, 0x0000000084f00000|100%| E|CS|TAMS 0x0000000084e00000, 0x0000000084e00000| Complete 
|  79|0x0000000084f00000, 0x0000000085000000, 0x0000000085000000|100%| E|CS|TAMS 0x0000000084f00000, 0x0000000084f00000| Complete 
|  80|0x0000000085000000, 0x0000000085100000, 0x0000000085100000|100%| E|CS|TAMS 0x0000000085000000, 0x0000000085000000| Complete 
|  81|0x0000000085100000, 0x0000000085200000, 0x0000000085200000|100%| E|CS|TAMS 0x0000000085100000, 0x0000000085100000| Complete 
|  96|0x0000000086000000, 0x0000000086100000, 0x0000000086100000|100%| E|CS|TAMS 0x0000000086000000, 0x0000000086000000| Complete 
|  97|0x0000000086100000, 0x0000000086200000, 0x0000000086200000|100%| E|CS|TAMS 0x0000000086100000, 0x0000000086100000| Complete 
|  98|0x0000000086200000, 0x0000000086300000, 0x0000000086300000|100%| E|CS|TAMS 0x0000000086200000, 0x0000000086200000| Complete 
| 124|0x0000000087c00000, 0x0000000087d00000, 0x0000000087d00000|100%| E|CS|TAMS 0x0000000087c00000, 0x0000000087c00000| Complete 
| 125|0x0000000087d00000, 0x0000000087e00000, 0x0000000087e00000|100%| E|CS|TAMS 0x0000000087d00000, 0x0000000087d00000| Complete 

Card table byte_map: [0x00000255f4100000,0x00000255f4500000] _byte_map_base: 0x00000255f3d00000

Marking Bits (Prev, Next): (CMBitMap*) 0x00000255ebed9860, (CMBitMap*) 0x00000255ebed9820
 Prev Bits: [0x00000255f6900000, 0x00000255f8900000)
 Next Bits: [0x00000255f4900000, 0x00000255f6900000)

Polling page: 0x00000255eb630000

Metaspace:

Usage:
  Non-class:     25.52 MB used.
      Class:      4.21 MB used.
       Both:     29.73 MB used.

Virtual space:
  Non-class space:       64.00 MB reserved,      26.06 MB ( 41%) committed,  1 nodes.
      Class space:      412.00 MB reserved,       4.81 MB (  1%) committed,  1 nodes.
             Both:      476.00 MB reserved,      30.88 MB (  6%) committed. 

Chunk freelists:
   Non-Class:  1.89 MB
       Class:  3.11 MB
        Both:  5.00 MB

MaxMetaspaceSize: 512.00 MB
CompressedClassSpaceSize: 412.00 MB
Initial GC threshold: 21.00 MB
Current GC threshold: 35.12 MB
CDS: on
MetaspaceReclaimPolicy: balanced
 - commit_granule_bytes: 65536.
 - commit_granule_words: 8192.
 - virtual_space_node_default_size: 8388608.
 - enlarge_chunks_in_place: 1.
 - new_chunks_are_fully_committed: 0.
 - uncommit_free_chunks: 1.
 - use_allocation_guard: 0.


Internal statistics:

num_allocs_failed_limit: 3.
num_arena_births: 1926.
num_arena_deaths: 0.
num_vsnodes_births: 2.
num_vsnodes_deaths: 0.
num_space_committed: 494.
num_space_uncommitted: 0.
num_chunks_returned_to_freelist: 3.
num_chunks_taken_from_freelist: 3255.
num_chunk_merges: 3.
num_chunk_splits: 2116.
num_chunks_enlarged: 1317.
num_inconsistent_stats: 0.

CodeHeap 'non-profiled nmethods': size=120000Kb used=1855Kb max_used=1855Kb free=118144Kb
 bounds [0x0000025587ad0000, 0x0000025587d40000, 0x000002558f000000]
CodeHeap 'profiled nmethods': size=120000Kb used=7745Kb max_used=7745Kb free=112254Kb
 bounds [0x00000255805a0000, 0x0000025580d40000, 0x0000025587ad0000]
CodeHeap 'non-nmethods': size=5760Kb used=1599Kb max_used=1660Kb free=4161Kb
 bounds [0x0000025580000000, 0x0000025580270000, 0x00000255805a0000]
 total_blobs=4438 nmethods=3786 adapters=564
 compilation: enabled
              stopped_count=0, restarted_count=0
 full_count=0

Compilation events (20 events):
Event: 32.146 Thread 0x00000255fb52b190 3778       3       java.util.stream.ReduceOps$ReduceOp::evaluateSequential (18 bytes)
Event: 32.146 Thread 0x00000255fb52b190 nmethod 3778 0x0000025580d1f290 code [0x0000025580d1f460, 0x0000025580d1f8e8]
Event: 32.146 Thread 0x00000255fb52b190 3779       3       java.util.stream.ReduceOps$Box::<init> (5 bytes)
Event: 32.147 Thread 0x00000255fb52b190 nmethod 3779 0x0000025580d1fa10 code [0x0000025580d1fba0, 0x0000025580d1fcf8]
Event: 32.147 Thread 0x00000255fb52b190 3780       3       java.util.stream.Collectors$CollectorImpl::<init> (32 bytes)
Event: 32.147 Thread 0x00000255fb52b190 nmethod 3780 0x0000025580d1fd90 code [0x0000025580d1ff40, 0x0000025580d20278]
Event: 32.147 Thread 0x00000255fb52b190 3781       3       java.util.stream.ReduceOps::makeRef (42 bytes)
Event: 32.148 Thread 0x00000255fb52b190 nmethod 3781 0x0000025580d20310 code [0x0000025580d20520, 0x0000025580d20d08]
Event: 32.148 Thread 0x00000255fb52b190 3798       3       org.codehaus.groovy.runtime.metaclass.MetaMethodIndex::isMatchingMethod (61 bytes)
Event: 32.148 Thread 0x00000255fb52b190 nmethod 3798 0x0000025580d20f90 code [0x0000025580d21180, 0x0000025580d21778]
Event: 32.148 Thread 0x00000255fb52b190 3782       3       java.util.stream.ReduceOps$3::<init> (28 bytes)
Event: 32.148 Thread 0x00000255fb52b190 nmethod 3782 0x0000025580d21990 code [0x0000025580d21b40, 0x0000025580d21ed8]
Event: 32.148 Thread 0x00000255fb52b190 3799       3       java.util.Arrays::binarySearch (10 bytes)
Event: 32.149 Thread 0x00000255fb52b190 nmethod 3799 0x0000025580d22010 code [0x0000025580d221a0, 0x0000025580d222c8]
Event: 32.149 Thread 0x00000255fb52b190 3800       3       groovy.lang.MetaMethod::getMopName (105 bytes)
Event: 32.150 Thread 0x00000255fb52b190 nmethod 3800 0x0000025580d22390 code [0x0000025580d226e0, 0x0000025580d238c8]
Event: 32.150 Thread 0x00000255fb52b190 3785       3       java.util.stream.ReduceOps$3::makeSink (20 bytes)
Event: 32.150 Thread 0x00000255fb52b190 nmethod 3785 0x0000025580d23e10 code [0x0000025580d23fc0, 0x0000025580d24378]
Event: 32.150 Thread 0x00000255fb52b190 3793       3       java.util.stream.Collectors$$Lambda$30/0x800000045::get (8 bytes)
Event: 32.151 Thread 0x00000255fb52b190 nmethod 3793 0x0000025580d24490 code [0x0000025580d24660, 0x0000025580d24b38]

GC Heap History (10 events):
Event: 5.855 GC heap before
{Heap before GC invocations=0 (full 0):
 garbage-first heap   total 129024K, used 26624K [0x0000000080000000, 0x0000000100000000)
  region size 1024K, 23 young (23552K), 0 survivors (0K)
 Metaspace       used 2997K, committed 3136K, reserved 487424K
  class space    used 375K, committed 448K, reserved 421888K
}
Event: 6.362 GC heap after
{Heap after GC invocations=1 (full 0):
 garbage-first heap   total 129024K, used 10055K [0x0000000080000000, 0x0000000100000000)
  region size 1024K, 3 young (3072K), 3 survivors (3072K)
 Metaspace       used 2997K, committed 3136K, reserved 487424K
  class space    used 375K, committed 448K, reserved 421888K
}
Event: 8.693 GC heap before
{Heap before GC invocations=1 (full 0):
 garbage-first heap   total 129024K, used 37703K [0x0000000080000000, 0x0000000100000000)
  region size 1024K, 30 young (30720K), 3 survivors (3072K)
 Metaspace       used 3935K, committed 4160K, reserved 487424K
  class space    used 473K, committed 576K, reserved 421888K
}
Event: 8.700 GC heap after
{Heap after GC invocations=2 (full 0):
 garbage-first heap   total 129024K, used 12626K [0x0000000080000000, 0x0000000100000000)
  region size 1024K, 3 young (3072K), 3 survivors (3072K)
 Metaspace       used 3935K, committed 4160K, reserved 487424K
  class space    used 473K, committed 576K, reserved 421888K
}
Event: 27.415 GC heap before
{Heap before GC invocations=2 (full 0):
 garbage-first heap   total 129024K, used 86354K [0x0000000080000000, 0x0000000100000000)
  region size 1024K, 75 young (76800K), 3 survivors (3072K)
 Metaspace       used 16865K, committed 17408K, reserved 487424K
  class space    used 2406K, committed 2688K, reserved 421888K
}
Event: 27.432 GC heap after
{Heap after GC invocations=3 (full 0):
 garbage-first heap   total 129024K, used 20920K [0x0000000080000000, 0x0000000100000000)
  region size 1024K, 10 young (10240K), 10 survivors (10240K)
 Metaspace       used 16865K, committed 17408K, reserved 487424K
  class space    used 2406K, committed 2688K, reserved 421888K
}
Event: 28.849 GC heap before
{Heap before GC invocations=3 (full 0):
 garbage-first heap   total 129024K, used 47544K [0x0000000080000000, 0x0000000100000000)
  region size 1024K, 37 young (37888K), 10 survivors (10240K)
 Metaspace       used 20775K, committed 21504K, reserved 487424K
  class space    used 3054K, committed 3392K, reserved 421888K
}
Event: 28.862 GC heap after
{Heap after GC invocations=4 (full 0):
 garbage-first heap   total 129024K, used 22790K [0x0000000080000000, 0x0000000100000000)
  region size 1024K, 3 young (3072K), 3 survivors (3072K)
 Metaspace       used 20775K, committed 21504K, reserved 487424K
  class space    used 3054K, committed 3392K, reserved 421888K
}
Event: 31.455 GC heap before
{Heap before GC invocations=5 (full 0):
 garbage-first heap   total 89088K, used 71942K [0x0000000080000000, 0x0000000100000000)
  region size 1024K, 52 young (53248K), 3 survivors (3072K)
 Metaspace       used 30019K, committed 31168K, reserved 487424K
  class space    used 4268K, committed 4864K, reserved 421888K
}
Event: 31.712 GC heap after
{Heap after GC invocations=6 (full 0):
 garbage-first heap   total 89088K, used 28095K [0x0000000080000000, 0x0000000100000000)
  region size 1024K, 7 young (7168K), 7 survivors (7168K)
 Metaspace       used 30019K, committed 31168K, reserved 487424K
  class space    used 4268K, committed 4864K, reserved 421888K
}

Deoptimization events (20 events):
Event: 31.835 Thread 0x000002558fb094d0 DEOPT PACKING pc=0x0000025587c75358 sp=0x000000ddba6f8d40
Event: 31.835 Thread 0x000002558fb094d0 DEOPT UNPACKING pc=0x00000255800523a3 sp=0x000000ddba6f8ce8 mode 2
Event: 31.835 Thread 0x000002558fb094d0 Uncommon trap: trap_request=0xffffffc6 fr.pc=0x0000025587c75358 relative=0x0000000000000298
Event: 31.835 Thread 0x000002558fb094d0 Uncommon trap: reason=bimorphic_or_optimized_type_check action=maybe_recompile pc=0x0000025587c75358 method=java.util.stream.MatchOps$1MatchSink.accept(Ljava/lang/Object;)V @ 12 c2
Event: 31.835 Thread 0x000002558fb094d0 DEOPT PACKING pc=0x0000025587c75358 sp=0x000000ddba6f8d40
Event: 31.835 Thread 0x000002558fb094d0 DEOPT UNPACKING pc=0x00000255800523a3 sp=0x000000ddba6f8ce8 mode 2
Event: 31.835 Thread 0x000002558fb094d0 Uncommon trap: trap_request=0xffffffc6 fr.pc=0x0000025587c75358 relative=0x0000000000000298
Event: 31.835 Thread 0x000002558fb094d0 Uncommon trap: reason=bimorphic_or_optimized_type_check action=maybe_recompile pc=0x0000025587c75358 method=java.util.stream.MatchOps$1MatchSink.accept(Ljava/lang/Object;)V @ 12 c2
Event: 31.835 Thread 0x000002558fb094d0 DEOPT PACKING pc=0x0000025587c75358 sp=0x000000ddba6f8d40
Event: 31.835 Thread 0x000002558fb094d0 DEOPT UNPACKING pc=0x00000255800523a3 sp=0x000000ddba6f8ce8 mode 2
Event: 31.915 Thread 0x00000255ff9db290 Uncommon trap: trap_request=0xffffffbe fr.pc=0x0000025587c8fcac relative=0x000000000000052c
Event: 31.915 Thread 0x00000255ff9db290 Uncommon trap: reason=profile_predicate action=maybe_recompile pc=0x0000025587c8fcac method=java.util.stream.ReferencePipeline.forEachWithCancel(Ljava/util/Spliterator;Ljava/util/stream/Sink;)Z @ 8 c2
Event: 31.915 Thread 0x00000255ff9db290 DEOPT PACKING pc=0x0000025587c8fcac sp=0x000000ddba0fedf0
Event: 31.915 Thread 0x00000255ff9db290 DEOPT UNPACKING pc=0x00000255800523a3 sp=0x000000ddba0fed90 mode 2
Event: 32.040 Thread 0x000002558fb094d0 Uncommon trap: trap_request=0xffffffcc fr.pc=0x0000025587c9c78c relative=0x000000000000016c
Event: 32.040 Thread 0x000002558fb094d0 Uncommon trap: reason=intrinsic_or_type_checked_inlining action=make_not_entrant pc=0x0000025587c9c78c method=java.util.ArrayList$SubList.toArray([Ljava/lang/Object;)[Ljava/lang/Object; @ 58 c2
Event: 32.040 Thread 0x000002558fb094d0 DEOPT PACKING pc=0x0000025587c9c78c sp=0x000000ddba6f8f80
Event: 32.040 Thread 0x000002558fb094d0 DEOPT UNPACKING pc=0x00000255800523a3 sp=0x000000ddba6f8f20 mode 2
Event: 32.121 Thread 0x000002558fb094d0 DEOPT PACKING pc=0x0000025580a6de6a sp=0x000000ddba6f93b0
Event: 32.122 Thread 0x000002558fb094d0 DEOPT UNPACKING pc=0x0000025580052b43 sp=0x000000ddba6f88d8 mode 0

Classes loaded (20 events):
Event: 31.862 Loading class jdk/internal/jrtfs/SystemImage$1
Event: 31.862 Loading class jdk/internal/jrtfs/SystemImage$1 done
Event: 31.864 Loading class jdk/internal/jimage/ImageReader$SharedImageReader$LocationVisitor
Event: 31.864 Loading class jdk/internal/jimage/ImageReader$SharedImageReader$LocationVisitor done
Event: 31.865 Loading class java/nio/ByteBufferAsIntBufferL
Event: 31.866 Loading class java/nio/ByteBufferAsIntBufferL done
Event: 31.867 Loading class jdk/internal/jrtfs/JrtFileAttributes
Event: 31.868 Loading class jdk/internal/jrtfs/JrtFileAttributes done
Event: 31.869 Loading class jdk/internal/jrtfs/JrtDirectoryStream
Event: 31.870 Loading class jdk/internal/jrtfs/JrtDirectoryStream done
Event: 31.877 Loading class jdk/internal/jrtfs/JrtDirectoryStream$1
Event: 31.880 Loading class jdk/internal/jrtfs/JrtDirectoryStream$1 done
Event: 31.883 Loading class java/util/function/BooleanSupplier
Event: 31.883 Loading class java/util/function/BooleanSupplier done
Event: 31.884 Loading class jdk/internal/jimage/ImageReader$Resource
Event: 31.884 Loading class jdk/internal/jimage/ImageReader$Resource done
Event: 32.119 Loading class java/util/WeakHashMap$KeyIterator
Event: 32.119 Loading class java/util/WeakHashMap$HashIterator
Event: 32.120 Loading class java/util/WeakHashMap$HashIterator done
Event: 32.120 Loading class java/util/WeakHashMap$KeyIterator done

Classes unloaded (0 events):
No events

Classes redefined (0 events):
No events

Internal exceptions (20 events):
Event: 29.942 Thread 0x000002558fb094d0 Exception <a 'java/lang/NoSuchMethodError'{0x0000000083425318}: 'void java.lang.invoke.Invokers$Holder.invokeExact_MT(java.lang.Object, int, java.lang.Object)'> (0x0000000083425318) 
thrown [s\open\src\hotspot\share\interpreter\linkResolver.cpp, line 759]
Event: 30.390 Thread 0x000002558fb094d0 Implicit null exception at 0x0000025587bdb186 to 0x0000025587bdb650
Event: 30.390 Thread 0x000002558fb094d0 Implicit null exception at 0x0000025587c47dd5 to 0x0000025587c48fac
Event: 30.390 Thread 0x000002558fb094d0 Implicit null exception at 0x0000025587c44d6d to 0x0000025587c455e8
Event: 30.390 Thread 0x000002558fb094d0 Exception <a 'java/lang/NoSuchMethodError'{0x000000008303ea80}: 'java.lang.reflect.Method[] java.lang.Class.getDeclaredMethods(java.lang.Class)'> (0x000000008303ea80) 
thrown [s\open\src\hotspot\share\interpreter\linkResolver.cpp, line 759]
Event: 30.529 Thread 0x000002558fb094d0 Exception <a 'java/lang/NoSuchMethodError'{0x0000000082f582f8}: 'void java.lang.invoke.DirectMethodHandle$Holder.invokeStaticInit(java.lang.Object, java.lang.Object, java.lang.Object)'> (0x0000000082f582f8) 
thrown [s\open\src\hotspot\share\interpreter\linkResolver.cpp, line 759]
Event: 30.530 Thread 0x000002558fb094d0 Exception <a 'java/lang/NoSuchMethodError'{0x0000000082f5f720}: 'void java.lang.invoke.DirectMethodHandle$Holder.invokeStaticInit(java.lang.Object, java.lang.Object, java.lang.Object, java.lang.Object)'> (0x0000000082f5f720) 
thrown [s\open\src\hotspot\share\interpreter\linkResolver.cpp, line 759]
Event: 30.545 Thread 0x000002558fb094d0 Exception <a 'java/lang/NoSuchMethodError'{0x0000000082f81c18}: 'void java.lang.invoke.DirectMethodHandle$Holder.invokeStaticInit(java.lang.Object, java.lang.Object, java.lang.Object, java.lang.Object, java.lang.Object)'> (0x0000000082f81c18) 
thrown [s\open\src\hotspot\share\interpreter\linkResolver.cpp, line 759]
Event: 30.546 Thread 0x000002558fb094d0 Exception <a 'java/lang/NoSuchMethodError'{0x0000000082f899a0}: 'int java.lang.invoke.DirectMethodHandle$Holder.invokeStaticInit(java.lang.Object, java.lang.Object, java.lang.Object)'> (0x0000000082f899a0) 
thrown [s\open\src\hotspot\share\interpreter\linkResolver.cpp, line 759]
Event: 30.567 Thread 0x000002558fb094d0 Exception <a 'java/lang/NoSuchMethodError'{0x0000000082fe11c8}: 'int java.lang.invoke.DirectMethodHandle$Holder.invokeStaticInit(java.lang.Object, java.lang.Object, java.lang.Object, java.lang.Object)'> (0x0000000082fe11c8) 
thrown [s\open\src\hotspot\share\interpreter\linkResolver.cpp, line 759]
Event: 31.010 Thread 0x000002558fb094d0 Exception <a 'java/lang/ClassNotFoundException'{0x00000000828f6eb8}: groovy/lang/ExpandoMetaClassBeanInfo> (0x00000000828f6eb8) 
thrown [s\open\src\hotspot\share\classfile\systemDictionary.cpp, line 255]
Event: 31.012 Thread 0x000002558fb094d0 Exception <a 'java/lang/ClassNotFoundException'{0x00000000828fe8e0}: groovy/lang/MetaClassImplBeanInfo> (0x00000000828fe8e0) 
thrown [s\open\src\hotspot\share\classfile\systemDictionary.cpp, line 255]
Event: 31.013 Thread 0x000002558fb094d0 Exception <a 'java/lang/ClassNotFoundException'{0x0000000082703300}: java/lang/ObjectBeanInfo> (0x0000000082703300) 
thrown [s\open\src\hotspot\share\classfile\systemDictionary.cpp, line 255]
Event: 31.015 Thread 0x000002558fb094d0 Exception <a 'java/lang/ClassNotFoundException'{0x0000000082707f18}: java/lang/ObjectCustomizer> (0x0000000082707f18) 
thrown [s\open\src\hotspot\share\classfile\systemDictionary.cpp, line 255]
Event: 31.024 Thread 0x000002558fb094d0 Exception <a 'java/lang/IncompatibleClassChangeError'{0x000000008270c940}: Found class java.lang.Object, but interface was expected> (0x000000008270c940) 
thrown [s\open\src\hotspot\share\interpreter\linkResolver.cpp, line 826]
Event: 31.030 Thread 0x000002558fb094d0 Exception <a 'java/lang/ClassNotFoundException'{0x000000008271e9d8}: groovy/lang/MetaClassImplCustomizer> (0x000000008271e9d8) 
thrown [s\open\src\hotspot\share\classfile\systemDictionary.cpp, line 255]
Event: 31.037 Thread 0x000002558fb094d0 Exception <a 'java/lang/ClassNotFoundException'{0x0000000082744520}: groovy/lang/ExpandoMetaClassCustomizer> (0x0000000082744520) 
thrown [s\open\src\hotspot\share\classfile\systemDictionary.cpp, line 255]
Event: 32.149 Thread 0x000002558fb094d0 Exception <a 'java/lang/ClassNotFoundException'{0x000000008469f228}: org/gradle/internal/extensibility/DefaultExtraPropertiesExtensionBeanInfo> (0x000000008469f228) 
thrown [s\open\src\hotspot\share\classfile\systemDictionary.cpp, line 255]
Event: 32.150 Thread 0x000002558fb094d0 Exception <a 'java/lang/ClassNotFoundException'{0x00000000846a6c80}: groovy/lang/GroovyObjectSupportBeanInfo> (0x00000000846a6c80) 
thrown [s\open\src\hotspot\share\classfile\systemDictionary.cpp, line 255]
Event: 32.150 Thread 0x000002558fb094d0 Exception <a 'java/lang/ClassNotFoundException'{0x00000000846ae6e0}: groovy/lang/GroovyObjectSupportCustomizer> (0x00000000846ae6e0) 
thrown [s\open\src\hotspot\share\classfile\systemDictionary.cpp, line 255]

VM Operations (20 events):
Event: 29.592 Executing VM operation: HandshakeAllThreads
Event: 29.655 Executing VM operation: HandshakeAllThreads done
Event: 30.379 Executing VM operation: HandshakeAllThreads
Event: 30.379 Executing VM operation: HandshakeAllThreads done
Event: 30.379 Executing VM operation: Cleanup
Event: 30.379 Executing VM operation: Cleanup done
Event: 30.878 Executing VM operation: HandshakeAllThreads
Event: 30.878 Executing VM operation: HandshakeAllThreads done
Event: 31.288 Executing VM operation: HandshakeAllThreads
Event: 31.288 Executing VM operation: HandshakeAllThreads done
Event: 31.289 Executing VM operation: HandshakeAllThreads
Event: 31.289 Executing VM operation: HandshakeAllThreads done
Event: 31.303 Executing VM operation: HandshakeAllThreads
Event: 31.303 Executing VM operation: HandshakeAllThreads done
Event: 31.314 Executing VM operation: HandshakeAllThreads
Event: 31.314 Executing VM operation: HandshakeAllThreads done
Event: 31.454 Executing VM operation: G1CollectForAllocation
Event: 31.714 Executing VM operation: G1CollectForAllocation done
Event: 31.867 Executing VM operation: HandshakeAllThreads
Event: 31.867 Executing VM operation: HandshakeAllThreads done

Events (20 events):
Event: 18.028 Thread 0x000002558fc44670 Thread added: 0x000002558fc44670
Event: 24.527 Thread 0x000002558fc5a5c0 Thread added: 0x000002558fc5a5c0
Event: 24.930 Thread 0x000002558fd3bb40 Thread added: 0x000002558fd3bb40
Event: 25.805 Thread 0x000002558fb09010 Thread added: 0x000002558fb09010
Event: 25.999 Thread 0x000002558fb094d0 Thread added: 0x000002558fb094d0
Event: 26.019 Thread 0x000002558f8e67b0 Thread added: 0x000002558f8e67b0
Event: 26.027 Thread 0x000002558fc90010 Thread added: 0x000002558fc90010
Event: 26.036 Thread 0x000002558fc8de60 Thread added: 0x000002558fc8de60
Event: 26.564 Thread 0x000002558fc904e0 Thread added: 0x000002558fc904e0
Event: 26.577 Thread 0x000002558fc8f670 Thread added: 0x000002558fc8f670
Event: 26.937 Thread 0x000002558fc8d990 Thread added: 0x000002558fc8d990
Event: 27.128 Thread 0x000002558fc8e330 Thread added: 0x000002558fc8e330
Event: 28.129 Thread 0x000002558fc8ecd0 Thread added: 0x000002558fc8ecd0
Event: 28.137 Thread 0x000002558fc909b0 Thread added: 0x000002558fc909b0
Event: 28.594 Thread 0x000002558fc8f1a0 Thread added: 0x000002558fc8f1a0
Event: 28.709 Thread 0x000002558fc8d4c0 Thread added: 0x000002558fc8d4c0
Event: 28.917 Thread 0x000002559095b230 Thread added: 0x000002559095b230
Event: 29.142 Thread 0x0000025590957d40 Thread added: 0x0000025590957d40
Event: 29.204 Thread 0x0000025590958210 Thread added: 0x0000025590958210
Event: 29.516 Thread 0x000002559095a3c0 Thread added: 0x000002559095a3c0


Dynamic libraries:
0x00007ff703370000 - 0x00007ff703380000 	C:\Program Files\Java\jdk-18.0.2.1\bin\java.exe
0x00007ffa89790000 - 0x00007ffa899a7000 	C:\WINDOWS\SYSTEM32\ntdll.dll
0x00007ffa88910000 - 0x00007ffa889d4000 	C:\WINDOWS\System32\KERNEL32.DLL
0x00007ffa86d70000 - 0x00007ffa87115000 	C:\WINDOWS\System32\KERNELBASE.dll
0x00007ffa86c50000 - 0x00007ffa86d61000 	C:\WINDOWS\System32\ucrtbase.dll
0x00007ff9f8250000 - 0x00007ff9f8268000 	C:\Program Files\Java\jdk-18.0.2.1\bin\jli.dll
0x00007ffa88c00000 - 0x00007ffa88cb1000 	C:\WINDOWS\System32\ADVAPI32.dll
0x00007ffa88d20000 - 0x00007ffa88dc7000 	C:\WINDOWS\System32\msvcrt.dll
0x00007ffa87ed0000 - 0x00007ffa87f76000 	C:\WINDOWS\System32\sechost.dll
0x00007ffa88e40000 - 0x00007ffa88f57000 	C:\WINDOWS\System32\RPCRT4.dll
0x00007ffa88a50000 - 0x00007ffa88bfe000 	C:\WINDOWS\System32\USER32.dll
0x00007ffa86c20000 - 0x00007ffa86c46000 	C:\WINDOWS\System32\win32u.dll
0x00007ffa888e0000 - 0x00007ffa88909000 	C:\WINDOWS\System32\GDI32.dll
0x00007ffa86b00000 - 0x00007ffa86c19000 	C:\WINDOWS\System32\gdi32full.dll
0x00007ffa87250000 - 0x00007ffa872ea000 	C:\WINDOWS\System32\msvcp_win.dll
0x00007ff9f8230000 - 0x00007ff9f824a000 	C:\Program Files\Java\jdk-18.0.2.1\bin\VCRUNTIME140.dll
0x00007ffa70620000 - 0x00007ffa708b3000 	C:\WINDOWS\WinSxS\amd64_microsoft.windows.common-controls_6595b64144ccf1df_6.0.22621.2506_none_270c5ae97388e100\COMCTL32.dll
0x00007ffa7eee0000 - 0x00007ffa7eeea000 	C:\WINDOWS\SYSTEM32\VERSION.dll
0x00007ffa896f0000 - 0x00007ffa89721000 	C:\WINDOWS\System32\IMM32.DLL
0x00007ffa50750000 - 0x00007ffa5075c000 	C:\Program Files\Java\jdk-18.0.2.1\bin\vcruntime140_1.dll
0x00007ff9f7d70000 - 0x00007ff9f7dfd000 	C:\Program Files\Java\jdk-18.0.2.1\bin\msvcp140.dll
0x00007ff9f1e00000 - 0x00007ff9f2a11000 	C:\Program Files\Java\jdk-18.0.2.1\bin\server\jvm.dll
0x00007ffa888d0000 - 0x00007ffa888d8000 	C:\WINDOWS\System32\PSAPI.DLL
0x00007ffa6b640000 - 0x00007ffa6b649000 	C:\WINDOWS\SYSTEM32\WSOCK32.dll
0x00007ffa87e50000 - 0x00007ffa87ec1000 	C:\WINDOWS\System32\WS2_32.dll
0x00007ffa7ec90000 - 0x00007ffa7ecc4000 	C:\WINDOWS\SYSTEM32\WINMM.dll
0x00007ffa85bf0000 - 0x00007ffa85c08000 	C:\WINDOWS\SYSTEM32\kernel.appcore.dll
0x00007ffa484e0000 - 0x00007ffa484ea000 	C:\Program Files\Java\jdk-18.0.2.1\bin\jimage.dll
0x00007ffa84460000 - 0x00007ffa84693000 	C:\WINDOWS\SYSTEM32\DBGHELP.DLL
0x00007ffa891c0000 - 0x00007ffa89549000 	C:\WINDOWS\System32\combase.dll
0x00007ffa88280000 - 0x00007ffa88357000 	C:\WINDOWS\System32\OLEAUT32.dll
0x00007ffa6e970000 - 0x00007ffa6e9a2000 	C:\WINDOWS\SYSTEM32\dbgcore.DLL
0x00007ffa872f0000 - 0x00007ffa8736a000 	C:\WINDOWS\System32\bcryptPrimitives.dll
0x00007ff9f8200000 - 0x00007ff9f8225000 	C:\Program Files\Java\jdk-18.0.2.1\bin\java.dll
0x00007ff9f1d20000 - 0x00007ff9f1df6000 	C:\Program Files\Java\jdk-18.0.2.1\bin\jsvml.dll
0x00007ffa875e0000 - 0x00007ffa87e39000 	C:\WINDOWS\System32\SHELL32.dll
0x00007ffa84a30000 - 0x00007ffa85324000 	C:\WINDOWS\SYSTEM32\windows.storage.dll
0x00007ffa848f0000 - 0x00007ffa84a2e000 	C:\WINDOWS\SYSTEM32\wintypes.dll
0x00007ffa874e0000 - 0x00007ffa875d3000 	C:\WINDOWS\System32\SHCORE.dll
0x00007ffa88cc0000 - 0x00007ffa88d1e000 	C:\WINDOWS\System32\shlwapi.dll
0x00007ffa86a30000 - 0x00007ffa86a56000 	C:\WINDOWS\SYSTEM32\profapi.dll
0x00007ff9f81e0000 - 0x00007ff9f81f3000 	C:\Program Files\Java\jdk-18.0.2.1\bin\net.dll
0x00007ffa7eb50000 - 0x00007ffa7ec87000 	C:\WINDOWS\SYSTEM32\WINHTTP.dll
0x00007ffa86070000 - 0x00007ffa860d9000 	C:\WINDOWS\system32\mswsock.dll
0x00007ff9f7d50000 - 0x00007ff9f7d66000 	C:\Program Files\Java\jdk-18.0.2.1\bin\nio.dll
0x00007ff9f5940000 - 0x00007ff9f5958000 	C:\Program Files\Java\jdk-18.0.2.1\bin\zip.dll
0x00007ffa825a0000 - 0x00007ffa825b0000 	C:\Program Files\Java\jdk-18.0.2.1\bin\verify.dll
0x00007ffa6b750000 - 0x00007ffa6b777000 	C:\Users\LENOVO ideapadGAMING\.gradle\native\68d5fa5c4cc2d200863cafc0d521ce42e7d3e7ee720ec0a83991735586a16f82\windows-amd64\native-platform.dll
0x00007ffa30310000 - 0x00007ffa30454000 	C:\Users\LENOVO ideapadGAMING\.gradle\native\e376f236ea51e6404a007f0833ffe2c6e607c4080706a723a18a27aeea778392\windows-amd64\native-platform-file-events.dll
0x00007ffa6b4f0000 - 0x00007ffa6b4f9000 	C:\Program Files\Java\jdk-18.0.2.1\bin\management.dll
0x00007ffa30460000 - 0x00007ffa3046b000 	C:\Program Files\Java\jdk-18.0.2.1\bin\management_ext.dll
0x00007ffa862c0000 - 0x00007ffa862db000 	C:\WINDOWS\SYSTEM32\CRYPTSP.dll
0x00007ffa85b50000 - 0x00007ffa85b85000 	C:\WINDOWS\system32\rsaenh.dll
0x00007ffa86160000 - 0x00007ffa8618c000 	C:\WINDOWS\SYSTEM32\USERENV.dll
0x00007ffa864b0000 - 0x00007ffa864d8000 	C:\WINDOWS\SYSTEM32\bcrypt.dll
0x00007ffa862e0000 - 0x00007ffa862ec000 	C:\WINDOWS\SYSTEM32\CRYPTBASE.dll
0x00007ffa85600000 - 0x00007ffa8562d000 	C:\WINDOWS\SYSTEM32\IPHLPAPI.DLL
0x00007ffa87e40000 - 0x00007ffa87e49000 	C:\WINDOWS\System32\NSI.dll
0x00007ffa7eef0000 - 0x00007ffa7ef09000 	C:\WINDOWS\SYSTEM32\dhcpcsvc6.DLL
0x00007ffa7ecd0000 - 0x00007ffa7ecef000 	C:\WINDOWS\SYSTEM32\dhcpcsvc.DLL
0x00007ffa85670000 - 0x00007ffa85769000 	C:\WINDOWS\SYSTEM32\DNSAPI.dll

dbghelp: loaded successfully - version: 4.0.5 - missing functions: none
symbol engine: initialized successfully - sym options: 0x614 - pdb path: .;C:\Program Files\Java\jdk-18.0.2.1\bin;C:\WINDOWS\SYSTEM32;C:\WINDOWS\WinSxS\amd64_microsoft.windows.common-controls_6595b64144ccf1df_6.0.22621.2506_none_270c5ae97388e100;C:\Program Files\Java\jdk-18.0.2.1\bin\server;C:\Users\LENOVO ideapadGAMING\.gradle\native\68d5fa5c4cc2d200863cafc0d521ce42e7d3e7ee720ec0a83991735586a16f82\windows-amd64;C:\Users\LENOVO ideapadGAMING\.gradle\native\e376f236ea51e6404a007f0833ffe2c6e607c4080706a723a18a27aeea778392\windows-amd64

VM Arguments:
jvm_args: -XX:MaxMetaspaceSize=512m --add-opens=java.base/java.util=ALL-UNNAMED --add-opens=java.base/java.lang=ALL-UNNAMED --add-opens=java.base/java.lang.invoke=ALL-UNNAMED --add-opens=java.prefs/java.util.prefs=ALL-UNNAMED --add-opens=java.base/java.nio.charset=ALL-UNNAMED --add-opens=java.base/java.net=ALL-UNNAMED --add-opens=java.base/java.util.concurrent.atomic=ALL-UNNAMED -Xmx2048m -Dfile.encoding=UTF-8 -Duser.country=US -Duser.language=en -Duser.variant 
java_command: org.gradle.launcher.daemon.bootstrap.GradleDaemon 8.0.1
java_class_path (initial): C:\Users\LENOVO ideapadGAMING\.gradle\wrapper\dists\gradle-8.0.1-all\aro4hu1c3oeioove7l0i4i14o\gradle-8.0.1\lib\gradle-launcher-8.0.1.jar
Launcher Type: SUN_STANDARD

[Global flags]
     intx CICompilerCount                          = 4                                         {product} {ergonomic}
   size_t CompressedClassSpaceSize                 = 432013312                                 {product} {ergonomic}
     uint ConcGCThreads                            = 3                                         {product} {ergonomic}
     uint G1ConcRefinementThreads                  = 10                                        {product} {ergonomic}
   size_t G1HeapRegionSize                         = 1048576                                   {product} {ergonomic}
    uintx GCDrainStackTargetSize                   = 64                                        {product} {ergonomic}
   size_t InitialHeapSize                          = 132120576                                 {product} {ergonomic}
   size_t MarkStackSize                            = 4194304                                   {product} {ergonomic}
   size_t MaxHeapSize                              = 2147483648                                {product} {command line}
   size_t MaxMetaspaceSize                         = 536870912                                 {product} {command line}
   size_t MaxNewSize                               = 1287651328                                {product} {ergonomic}
   size_t MinHeapDeltaBytes                        = 1048576                                   {product} {ergonomic}
   size_t MinHeapSize                              = 8388608                                   {product} {ergonomic}
    uintx NonNMethodCodeHeapSize                   = 5839372                                {pd product} {ergonomic}
    uintx NonProfiledCodeHeapSize                  = 122909434                              {pd product} {ergonomic}
    uintx ProfiledCodeHeapSize                     = 122909434                              {pd product} {ergonomic}
    uintx ReservedCodeCacheSize                    = 251658240                              {pd product} {ergonomic}
     bool SegmentedCodeCache                       = true                                      {product} {ergonomic}
   size_t SoftMaxHeapSize                          = 2147483648                             {manageable} {ergonomic}
     bool UseCompressedClassPointers               = true                           {product lp64_product} {ergonomic}
     bool UseCompressedOops                        = true                           {product lp64_product} {ergonomic}
     bool UseG1GC                                  = true                                      {product} {ergonomic}
     bool UseLargePagesIndividualAllocation        = false                                  {pd product} {ergonomic}

Logging:
Log output configuration:
 #0: stdout all=warning uptime,level,tags foldmultilines=false
 #1: stderr all=off uptime,level,tags foldmultilines=false

Environment Variables:
JAVA_HOME=C:\Program Files\Java\jdk-18.0.2.1
CLASSPATH=D:\KULIAH\SMT 5\PGPBL\Acara7\AwesomeProject\android\\gradle\wrapper\gradle-wrapper.jar
PATH=D:\KULIAH\SMT 5\PGPBL\Acara7\AwesomeProject\node_modules\.bin;D:\KULIAH\SMT 5\PGPBL\Acara7\AwesomeProject\node_modules\.bin;D:\KULIAH\SMT 5\PGPBL\Acara7\node_modules\.bin;D:\KULIAH\SMT 5\PGPBL\node_modules\.bin;D:\KULIAH\SMT 5\node_modules\.bin;D:\KULIAH\node_modules\.bin;D:\node_modules\.bin;C:\Program Files\nodejs\node_modules\npm\node_modules\@npmcli\run-script\lib\node-gyp-bin;D:\KULIAH\SMT 5\PGPBL\Acara7\AwesomeProject\node_modules\.bin;D:\KULIAH\SMT 5\PGPBL\Acara7\node_modules\.bin;D:\KULIAH\SMT 5\PGPBL\node_modules\.bin;D:\KULIAH\SMT 5\node_modules\.bin;D:\KULIAH\node_modules\.bin;D:\node_modules\.bin;C:\Program Files\nodejs\node_modules\npm\node_modules\@npmcli\run-script\lib\node-gyp-bin;C:\Program Files (x86)\Common Files\Intel\Shared Libraries\redist\intel64\compiler;C:\Python27;C:\PCI Geomatics\Geomatica 2015\exe;C:\Program Files\Common Files\Oracle\Java\javapath;C:\Program Files (x86)\Common Files\Oracle\Java\javapath;C:\Program Files (x86)\Common Files\Intel\Shared Files\cpp\bin\Intel64;C:\Windows\system32;C:\Windows;C:\Windows\System32\Wbem;C:\Windows\System32\WindowsPowerShell\v1.0\;C:\Windows\System32\OpenSSH\;C:\Program Files (x86)\NVIDIA Corporation\PhysX\Common;C:\Program Files\NVIDIA Corporation\NVIDIA NvDLISR;C:\WINDOWS\system32;C:\WINDOWS;C:\WINDOWS\System32\Wbem;C:\WINDOWS\System32\WindowsPowerShell\v1.0\;C:\WINDOWS\System32\OpenSSH\;C:\Anaconda3;C:\Anaconda3\Scripts;C:\Program Files\dotnet\;C:\dev\MapWinGIS;C:\ProgramData\ComposerSetup\bin;C:\xampp\php;C:\WINDOWS\system32;C:\WINDOWS;C:\WINDOWS\System32\Wbem;C:\WINDOWS\System32\WindowsPowerShell\v1.0\;C:\WINDOWS\System32\OpenSSH\;C:\Program Files\Git\cmd;C:\ProgramData\chocolatey\bin;C:\Program Files\nodejs\;C:\Users\LENOVO ideapadGAMING\AppData\Local\Programs\Python\Python39\;C:\Users\LENOVO ideapadGAMING\AppData\Local\Programs\Python\Python39\Scripts;C:\Program Files\MySQL\MySQL Shell 8.0\bin\;C:\Users\LENOVO ideapadGAMING\AppData\Local\Microsoft\WindowsApps;C:\Users\LENOVO ideapadGAMING\.dotnet\tools;C:\Users\LENOVO ideapadGAMING\AppData\Local\Programs\Microsoft VS Code\bin;C:\Users\LENOVO ideapadGAMING\AppData\Roaming\Composer\vendor\bin;C:\xampp\php;C:\Program Files\Git\bin\;C:\Program Files\Gitcmd\;C:\Users\LENOVO ideapadGAMING\AppData\Roaming\npm
USERNAME=LENOVO ideapadGAMING
LANG=en_US.UTF-8
OS=Windows_NT
PROCESSOR_IDENTIFIER=Intel64 Family 6 Model 165 Stepping 2, GenuineIntel



---------------  S Y S T E M  ---------------

OS:
 Windows 11 , 64 bit Build 22621 (10.0.22621.2506)
OS uptime: 0 days 11:22 hours

CPU: total 12 (initial active 12) (6 cores per cpu, 2 threads per core) family 6 model 165 stepping 2 microcode 0xe0, cx8, cmov, fxsr, ht, mmx, 3dnowpref, sse, sse2, sse3, ssse3, sse4.1, sse4.2, popcnt, lzcnt, tsc, tscinvbit, avx, avx2, aes, erms, clmul, bmi1, bmi2, adx, fma, vzeroupper, clflush, clflushopt

Memory: 4k page, system-wide physical 8060M (27M free)
TotalPageFile size 27119M (AvailPageFile size 208M)
current process WorkingSet (physical memory assigned to process): 122M, peak: 179M
current process commit charge ("private bytes"): 258M, peak: 286M

vm_info: Java HotSpot(TM) 64-Bit Server VM (18.0.2.1+1-1) for windows-amd64 JRE (18.0.2.1+1-1), built on Aug 16 2022 01:46:33 by "mach5one" with MS VC++ 16.8 / 16.9 (VS2019)

END.
