#
# There is insufficient memory for the Java Runtime Environment to continue.
# Native memory allocation (mmap) failed to map 65536 bytes for Failed to commit metaspace.
# Possible reasons:
#   The system is out of physical RAM or swap space
#   The process is running with CompressedOops enabled, and the Java Heap may be blocking the growth of the native heap
# Possible solutions:
#   Reduce memory load on the system
#   Increase physical memory or swap space
#   Check if swap backing store is full
#   Decrease Java heap size (-Xmx/-Xms)
#   Decrease number of Java threads
#   Decrease Java thread stack sizes (-Xss)
#   Set larger code cache with -XX:ReservedCodeCacheSize=
#   JVM is running with Unscaled Compressed Oops mode in which the Java heap is
#     placed in the first 4GB address space. The Java Heap base address is the
#     maximum limit for the native heap growth. Please use -XX:HeapBaseMinAddress
#     to set the Java Heap base and to place the Java Heap above 4GB virtual address.
# This output file may be truncated or incomplete.
#
#  Out of Memory Error (virtualSpaceNode.cpp:110), pid=17420, tid=25516
#
# JRE version: Java(TM) SE Runtime Environment (18.0.2.1+1) (build 18.0.2.1+1-1)
# Java VM: Java HotSpot(TM) 64-Bit Server VM (18.0.2.1+1-1, mixed mode, sharing, tiered, compressed oops, compressed class ptrs, g1 gc, windows-amd64)
# No core dump will be written. Minidumps are not enabled by default on client versions of Windows
#

---------------  S U M M A R Y ------------

Command Line: -XX:MaxMetaspaceSize=512m --add-opens=java.base/java.util=ALL-UNNAMED --add-opens=java.base/java.lang=ALL-UNNAMED --add-opens=java.base/java.lang.invoke=ALL-UNNAMED --add-opens=java.prefs/java.util.prefs=ALL-UNNAMED --add-opens=java.base/java.nio.charset=ALL-UNNAMED --add-opens=java.base/java.net=ALL-UNNAMED --add-opens=java.base/java.util.concurrent.atomic=ALL-UNNAMED -Xmx2048m -Dfile.encoding=UTF-8 -Duser.country=US -Duser.language=en -Duser.variant org.gradle.launcher.daemon.bootstrap.GradleDaemon 8.0.1

Host: Intel(R) Core(TM) i7-10750H CPU @ 2.60GHz, 12 cores, 7G,  Windows 11 , 64 bit Build 22621 (10.0.22621.2506)
Time: Mon Nov 27 09:39:25 2023 SE Asia Standard Time elapsed time: 10.043475 seconds (0d 0h 0m 10s)

---------------  T H R E A D  ---------------

Current thread (0x0000016d04abe4d0):  JavaThread "Daemon worker" [_thread_in_vm, id=25516, stack(0x0000002c65100000,0x0000002c65200000)]

Stack: [0x0000002c65100000,0x0000002c65200000]
Native frames: (J=compiled Java code, j=interpreted, Vv=VM code, C=native code)
V  [jvm.dll+0x6993aa]
V  [jvm.dll+0x7f46dd]
V  [jvm.dll+0x7f5fee]
V  [jvm.dll+0x7f66a3]
V  [jvm.dll+0x25cf1f]
V  [jvm.dll+0x7f03eb]
V  [jvm.dll+0x63f526]
V  [jvm.dll+0x1d75ce]
V  [jvm.dll+0x641ecb]
V  [jvm.dll+0x641cce]
V  [jvm.dll+0x63feee]
V  [jvm.dll+0x38e1f2]
V  [jvm.dll+0x1fa60b]
V  [jvm.dll+0x55dc2e]
V  [jvm.dll+0x76eabd]
V  [jvm.dll+0x76ea1a]
V  [jvm.dll+0x42de11]
V  [jvm.dll+0x440a23]
C  [java.dll+0x1657]

Java frames: (J=compiled Java code, j=interpreted, Vv=VM code)
j  java.lang.ClassLoader.defineClass0(Ljava/lang/ClassLoader;Ljava/lang/Class;Ljava/lang/String;[BIILjava/security/ProtectionDomain;ZILjava/lang/Object;)Ljava/lang/Class;+0 java.base@18.0.2.1
j  java.lang.System$2.defineClass(Ljava/lang/ClassLoader;Ljava/lang/Class;Ljava/lang/String;[BLjava/security/ProtectionDomain;ZILjava/lang/Object;)Ljava/lang/Class;+17 java.base@18.0.2.1
j  java.lang.invoke.MethodHandles$Lookup$ClassDefiner.defineClass(ZLjava/lang/Object;)Ljava/lang/Class;+54 java.base@18.0.2.1
j  java.lang.invoke.InvokerBytecodeGenerator.loadMethod([B)Ljava/lang/invoke/MemberName;+19 java.base@18.0.2.1
j  java.lang.invoke.InvokerBytecodeGenerator.generateCustomizedCode(Ljava/lang/invoke/LambdaForm;Ljava/lang/invoke/MethodType;)Ljava/lang/invoke/MemberName;+30 java.base@18.0.2.1
j  java.lang.invoke.LambdaForm.compileToBytecode()V+69 java.base@18.0.2.1
j  java.lang.invoke.DirectMethodHandle.makePreparedLambdaForm(Ljava/lang/invoke/MethodType;I)Ljava/lang/invoke/LambdaForm;+792 java.base@18.0.2.1
J 1486 c1 java.lang.invoke.DirectMethodHandle.preparedLambdaForm(Ljava/lang/invoke/MemberName;Z)Ljava/lang/invoke/LambdaForm; java.base@18.0.2.1 (244 bytes) @ 0x0000016d69947c8c [0x0000016d69947280+0x0000000000000a0c]
J 1956 c1 java.lang.invoke.DirectMethodHandle.make(BLjava/lang/Class;Ljava/lang/invoke/MemberName;Ljava/lang/Class;)Ljava/lang/invoke/DirectMethodHandle; java.base@18.0.2.1 (275 bytes) @ 0x0000016d69a4508c [0x0000016d69a443a0+0x0000000000000cec]
j  java.lang.invoke.DirectMethodHandle.make(Ljava/lang/Class;Ljava/lang/invoke/MemberName;)Ljava/lang/invoke/DirectMethodHandle;+17 java.base@18.0.2.1
j  java.lang.invoke.DirectMethodHandle.make(Ljava/lang/invoke/MemberName;)Ljava/lang/invoke/DirectMethodHandle;+17 java.base@18.0.2.1
j  java.lang.invoke.Invokers.basicInvoker()Ljava/lang/invoke/MethodHandle;+60 java.base@18.0.2.1
j  java.lang.invoke.LambdaForm$NamedFunction.<init>(Ljava/lang/invoke/MethodType;)V+42 java.base@18.0.2.1
j  java.lang.invoke.LambdaForm$Name.<init>(Ljava/lang/invoke/MethodType;[Ljava/lang/Object;)V+6 java.base@18.0.2.1
J 1944 c1 java.lang.invoke.DelegatingMethodHandle.makeReinvokerForm(Ljava/lang/invoke/MethodHandle;ILjava/lang/Object;ZLjava/lang/invoke/LambdaForm$NamedFunction;Ljava/lang/invoke/LambdaForm$NamedFunction;)Ljava/lang/invoke/LambdaForm; java.base@18.0.2.1 (344 bytes) @ 0x0000016d69a3acd4 [0x0000016d69a392e0+0x00000000000019f4]
J 1943 c1 java.lang.invoke.DelegatingMethodHandle.makeReinvokerForm(Ljava/lang/invoke/MethodHandle;ILjava/lang/Object;Ljava/lang/invoke/LambdaForm$NamedFunction;)Ljava/lang/invoke/LambdaForm; java.base@18.0.2.1 (10 bytes) @ 0x0000016d69a38d84 [0x0000016d69a38d20+0x0000000000000064]
j  java.lang.invoke.BoundMethodHandle.makeReinvoker(Ljava/lang/invoke/MethodHandle;)Ljava/lang/invoke/BoundMethodHandle;+13 java.base@18.0.2.1
j  java.lang.invoke.DirectMethodHandle.rebind()Ljava/lang/invoke/BoundMethodHandle;+1 java.base@18.0.2.1
j  java.lang.invoke.MethodHandleImpl.makePairwiseConvertByEditor(Ljava/lang/invoke/MethodHandle;Ljava/lang/invoke/MethodType;ZZ)Ljava/lang/invoke/MethodHandle;+50 java.base@18.0.2.1
j  java.lang.invoke.MethodHandleImpl.makePairwiseConvert(Ljava/lang/invoke/MethodHandle;Ljava/lang/invoke/MethodType;ZZ)Ljava/lang/invoke/MethodHandle;+18 java.base@18.0.2.1
J 1951 c1 java.lang.invoke.MethodHandle.asTypeUncached(Ljava/lang/invoke/MethodType;)Ljava/lang/invoke/MethodHandle; java.base@18.0.2.1 (54 bytes) @ 0x0000016d69a41564 [0x0000016d69a40de0+0x0000000000000784]
j  java.lang.invoke.MethodHandle.asType(Ljava/lang/invoke/MethodType;)Ljava/lang/invoke/MethodHandle;+25 java.base@18.0.2.1
j  java.lang.invoke.MethodHandle.asSpreader(ILjava/lang/Class;I)Ljava/lang/invoke/MethodHandle;+12 java.base@18.0.2.1
j  jdk.internal.reflect.MethodHandleAccessorFactory.makeSpecializedTarget(Ljava/lang/invoke/MethodHandle;ZZ)Ljava/lang/invoke/MethodHandle;+67 java.base@18.0.2.1
j  jdk.internal.reflect.MethodHandleAccessorFactory.getDirectMethod(Ljava/lang/reflect/Method;Z)Ljava/lang/invoke/MethodHandle;+79 java.base@18.0.2.1
j  jdk.internal.reflect.MethodHandleAccessorFactory.newMethodAccessor(Ljava/lang/reflect/Method;Z)Ljdk/internal/reflect/MethodAccessorImpl;+41 java.base@18.0.2.1
j  jdk.internal.reflect.ReflectionFactory.newMethodAccessor(Ljava/lang/reflect/Method;Z)Ljdk/internal/reflect/MethodAccessor;+31 java.base@18.0.2.1
j  java.lang.reflect.Method.acquireMethodAccessor()Ljdk/internal/reflect/MethodAccessor;+38 java.base@18.0.2.1
J 1841 c1 java.lang.reflect.Method.invoke(Ljava/lang/Object;[Ljava/lang/Object;)Ljava/lang/Object; java.base@18.0.2.1 (108 bytes) @ 0x0000016d699f9894 [0x0000016d699f8e20+0x0000000000000a74]
j  org.gradle.internal.reflect.JavaMethod.invoke(Ljava/lang/Object;[Ljava/lang/Object;)Ljava/lang/Object;+6
j  org.gradle.internal.service.ReflectionBasedServiceMethod.invoke(Ljava/lang/Object;[Ljava/lang/Object;)Ljava/lang/Object;+6
j  org.gradle.internal.service.DefaultServiceRegistry$FactoryMethodService.invokeMethod([Ljava/lang/Object;)Ljava/lang/Object;+9
j  org.gradle.internal.service.DefaultServiceRegistry$FactoryService.createServiceInstance()Ljava/lang/Object;+7
j  org.gradle.internal.service.DefaultServiceRegistry$ManagedObjectServiceProvider.getInstance()Ljava/lang/Object;+24
j  org.gradle.internal.service.DefaultServiceRegistry$SingletonService.get()Ljava/lang/Object;+1
j  org.gradle.internal.service.DefaultServiceRegistry$FactoryService.assembleParameters()[Ljava/lang/Object;+44
j  org.gradle.internal.service.DefaultServiceRegistry$FactoryService.createServiceInstance()Ljava/lang/Object;+1
j  org.gradle.internal.service.DefaultServiceRegistry$ManagedObjectServiceProvider.getInstance()Ljava/lang/Object;+24
j  org.gradle.internal.service.DefaultServiceRegistry$SingletonService.get()Ljava/lang/Object;+1
j  org.gradle.internal.service.DefaultServiceRegistry.applyConfigureMethod(Lorg/gradle/internal/service/ServiceMethod;Ljava/lang/Object;)V+125
j  org.gradle.internal.service.DefaultServiceRegistry.findProviderMethods(Ljava/lang/Object;)V+196
j  org.gradle.internal.service.DefaultServiceRegistry.addProvider(Ljava/lang/Object;)Lorg/gradle/internal/service/DefaultServiceRegistry;+6
j  org.gradle.internal.service.DefaultServiceRegistry$1.addProvider(Ljava/lang/Object;)V+5
j  org.gradle.internal.service.scopes.GradleUserHomeScopeServices.configure(Lorg/gradle/internal/service/ServiceRegistration;)V+13
j  java.lang.invoke.DirectMethodHandle$Holder.invokeVirtual(Ljava/lang/Object;Ljava/lang/Object;Ljava/lang/Object;)V+11 java.base@18.0.2.1
j  java.lang.invoke.LambdaForm$MH+0x0000000800c26800.invoke(Ljava/lang/Object;Ljava/lang/Object;)Ljava/lang/Object;+39 java.base@18.0.2.1
j  java.lang.invoke.LambdaForm$MH+0x0000000800c26000.invoke(Ljava/lang/Object;Ljava/lang/Object;Ljava/lang/Object;)Ljava/lang/Object;+45 java.base@18.0.2.1
j  java.lang.invoke.Invokers$Holder.invokeExact_MT(Ljava/lang/Object;Ljava/lang/Object;Ljava/lang/Object;Ljava/lang/Object;)Ljava/lang/Object;+20 java.base@18.0.2.1
j  java.lang.invoke.MethodHandle.invokeWithArguments([Ljava/lang/Object;)Ljava/lang/Object;+28 java.base@18.0.2.1
j  org.gradle.internal.service.MethodHandleBasedServiceMethod.invoke(Ljava/lang/Object;[Ljava/lang/Object;)Ljava/lang/Object;+9
j  org.gradle.internal.service.DefaultServiceRegistry.applyConfigureMethod(Lorg/gradle/internal/service/ServiceMethod;Ljava/lang/Object;)V+140
j  org.gradle.internal.service.DefaultServiceRegistry.findProviderMethods(Ljava/lang/Object;)V+196
j  org.gradle.internal.service.DefaultServiceRegistry.addProvider(Ljava/lang/Object;)Lorg/gradle/internal/service/DefaultServiceRegistry;+6
j  org.gradle.internal.service.ServiceRegistryBuilder.build()Lorg/gradle/internal/service/ServiceRegistry;+56
j  org.gradle.internal.service.scopes.DefaultGradleUserHomeScopeServiceRegistry.getServicesFor(Ljava/io/File;)Lorg/gradle/internal/service/ServiceRegistry;+147
j  org.gradle.internal.session.BuildSessionState.<init>(Lorg/gradle/internal/service/scopes/GradleUserHomeScopeServiceRegistry;Lorg/gradle/internal/session/CrossBuildSessionState;Lorg/gradle/api/internal/StartParameterInternal;Lorg/gradle/initialization/BuildRequestMetaData;Lorg/gradle/internal/classpath/ClassPath;Lorg/gradle/initialization/BuildCancellationToken;Lorg/gradle/initialization/BuildClientMetaData;Lorg/gradle/initialization/BuildEventConsumer;)V+15
j  org.gradle.tooling.internal.provider.BuildSessionLifecycleBuildActionExecuter.execute(Lorg/gradle/internal/invocation/BuildAction;Lorg/gradle/launcher/exec/BuildActionParameters;Lorg/gradle/initialization/BuildRequestContext;)Lorg/gradle/launcher/exec/BuildActionResult;+86
j  org.gradle.tooling.internal.provider.BuildSessionLifecycleBuildActionExecuter.execute(Lorg/gradle/internal/invocation/BuildAction;Ljava/lang/Object;Ljava/lang/Object;)Lorg/gradle/launcher/exec/BuildActionResult;+10
j  org.gradle.tooling.internal.provider.StartParamsValidatingActionExecuter.execute(Lorg/gradle/internal/invocation/BuildAction;Lorg/gradle/launcher/exec/BuildActionParameters;Lorg/gradle/initialization/BuildRequestContext;)Lorg/gradle/launcher/exec/BuildActionResult;+177
j  org.gradle.tooling.internal.provider.StartParamsValidatingActionExecuter.execute(Lorg/gradle/internal/invocation/BuildAction;Ljava/lang/Object;Ljava/lang/Object;)Lorg/gradle/launcher/exec/BuildActionResult;+10
j  org.gradle.tooling.internal.provider.SessionFailureReportingActionExecuter.execute(Lorg/gradle/internal/invocation/BuildAction;Lorg/gradle/launcher/exec/BuildActionParameters;Lorg/gradle/initialization/BuildRequestContext;)Lorg/gradle/launcher/exec/BuildActionResult;+7
j  org.gradle.tooling.internal.provider.SessionFailureReportingActionExecuter.execute(Lorg/gradle/internal/invocation/BuildAction;Ljava/lang/Object;Ljava/lang/Object;)Lorg/gradle/launcher/exec/BuildActionResult;+10
j  org.gradle.tooling.internal.provider.SetupLoggingActionExecuter.execute(Lorg/gradle/internal/invocation/BuildAction;Lorg/gradle/launcher/exec/BuildActionParameters;Lorg/gradle/initialization/BuildRequestContext;)Lorg/gradle/launcher/exec/BuildActionResult;+50
j  org.gradle.tooling.internal.provider.SetupLoggingActionExecuter.execute(Lorg/gradle/internal/invocation/BuildAction;Ljava/lang/Object;Ljava/lang/Object;)Lorg/gradle/launcher/exec/BuildActionResult;+10
j  org.gradle.launcher.daemon.server.exec.ExecuteBuild.doBuild(Lorg/gradle/launcher/daemon/server/api/DaemonCommandExecution;Lorg/gradle/launcher/daemon/protocol/Build;)V+117
j  org.gradle.launcher.daemon.server.exec.BuildCommandOnly.execute(Lorg/gradle/launcher/daemon/server/api/DaemonCommandExecution;)V+49
j  org.gradle.launcher.daemon.server.api.DaemonCommandExecution.proceed()Z+23
j  org.gradle.launcher.daemon.server.exec.WatchForDisconnection.execute(Lorg/gradle/launcher/daemon/server/api/DaemonCommandExecution;)V+19
j  org.gradle.launcher.daemon.server.api.DaemonCommandExecution.proceed()Z+23
j  org.gradle.launcher.daemon.server.exec.ResetDeprecationLogger.execute(Lorg/gradle/launcher/daemon/server/api/DaemonCommandExecution;)V+7
j  org.gradle.launcher.daemon.server.api.DaemonCommandExecution.proceed()Z+23
j  org.gradle.launcher.daemon.server.exec.RequestStopIfSingleUsedDaemon.execute(Lorg/gradle/launcher/daemon/server/api/DaemonCommandExecution;)V+33
j  org.gradle.launcher.daemon.server.api.DaemonCommandExecution.proceed()Z+23
j  org.gradle.launcher.daemon.server.exec.ForwardClientInput$2.create()Ljava/lang/Void;+4
j  org.gradle.launcher.daemon.server.exec.ForwardClientInput$2.create()Ljava/lang/Object;+1
j  org.gradle.util.internal.Swapper.swap(Ljava/lang/Object;Lorg/gradle/internal/Factory;)Ljava/lang/Object;+21
j  org.gradle.launcher.daemon.server.exec.ForwardClientInput.execute(Lorg/gradle/launcher/daemon/server/api/DaemonCommandExecution;)V+63
j  org.gradle.launcher.daemon.server.api.DaemonCommandExecution.proceed()Z+23
j  org.gradle.launcher.daemon.server.exec.LogAndCheckHealth.execute(Lorg/gradle/launcher/daemon/server/api/DaemonCommandExecution;)V+51
j  org.gradle.launcher.daemon.server.api.DaemonCommandExecution.proceed()Z+23
j  org.gradle.launcher.daemon.server.exec.LogToClient.doBuild(Lorg/gradle/launcher/daemon/server/api/DaemonCommandExecution;Lorg/gradle/launcher/daemon/protocol/Build;)V+87
j  org.gradle.launcher.daemon.server.exec.BuildCommandOnly.execute(Lorg/gradle/launcher/daemon/server/api/DaemonCommandExecution;)V+49
j  org.gradle.launcher.daemon.server.api.DaemonCommandExecution.proceed()Z+23
j  org.gradle.launcher.daemon.server.exec.EstablishBuildEnvironment.doBuild(Lorg/gradle/launcher/daemon/server/api/DaemonCommandExecution;Lorg/gradle/launcher/daemon/protocol/Build;)V+356
j  org.gradle.launcher.daemon.server.exec.BuildCommandOnly.execute(Lorg/gradle/launcher/daemon/server/api/DaemonCommandExecution;)V+49
j  org.gradle.launcher.daemon.server.api.DaemonCommandExecution.proceed()Z+23
j  org.gradle.launcher.daemon.server.exec.StartBuildOrRespondWithBusy$1.run()V+44
j  org.gradle.launcher.daemon.server.DaemonStateCoordinator$1.run()V+4
j  org.gradle.internal.concurrent.ExecutorPolicy$CatchAndRecordFailures.onExecute(Ljava/lang/Runnable;)V+1
j  org.gradle.internal.concurrent.ManagedExecutorImpl$1.run()V+25
j  java.util.concurrent.ThreadPoolExecutor.runWorker(Ljava/util/concurrent/ThreadPoolExecutor$Worker;)V+92 java.base@18.0.2.1
j  java.util.concurrent.ThreadPoolExecutor$Worker.run()V+5 java.base@18.0.2.1
j  java.lang.Thread.run()V+11 java.base@18.0.2.1
v  ~StubRoutines::call_stub

---------------  P R O C E S S  ---------------

Threads class SMR info:
_java_thread_list=0x0000016d061c29c0, length=22, elements={
0x0000016d5ffb9750, 0x0000016d006bdc70, 0x0000016d006be8d0, 0x0000016d006d6480,
0x0000016d006d6e20, 0x0000016d006d77c0, 0x0000016d006d8160, 0x0000016d006d8e30,
0x0000016d006db820, 0x0000016d006e3ec0, 0x0000016d049b8750, 0x0000016d049bb5e0,
0x0000016d05828de0, 0x0000016d059ce970, 0x0000016d05846390, 0x0000016d0614f9d0,
0x0000016d05359450, 0x0000016d060868e0, 0x0000016d04abe4d0, 0x0000016d056c7780,
0x0000016d061fe5a0, 0x0000016d061ff8e0
}

Java Threads: ( => current thread )
  0x0000016d5ffb9750 JavaThread "main" [_thread_blocked, id=33536, stack(0x0000002c63400000,0x0000002c63500000)]
  0x0000016d006bdc70 JavaThread "Reference Handler" daemon [_thread_blocked, id=18420, stack(0x0000002c63b00000,0x0000002c63c00000)]
  0x0000016d006be8d0 JavaThread "Finalizer" daemon [_thread_blocked, id=31320, stack(0x0000002c63c00000,0x0000002c63d00000)]
  0x0000016d006d6480 JavaThread "Signal Dispatcher" daemon [_thread_blocked, id=29112, stack(0x0000002c63d00000,0x0000002c63e00000)]
  0x0000016d006d6e20 JavaThread "Attach Listener" daemon [_thread_blocked, id=21212, stack(0x0000002c63e00000,0x0000002c63f00000)]
  0x0000016d006d77c0 JavaThread "Service Thread" daemon [_thread_blocked, id=30084, stack(0x0000002c63f00000,0x0000002c64000000)]
  0x0000016d006d8160 JavaThread "Monitor Deflation Thread" daemon [_thread_blocked, id=30136, stack(0x0000002c64000000,0x0000002c64100000)]
  0x0000016d006d8e30 JavaThread "C2 CompilerThread0" daemon [_thread_blocked, id=31724, stack(0x0000002c64100000,0x0000002c64200000)]
  0x0000016d006db820 JavaThread "C1 CompilerThread0" daemon [_thread_blocked, id=30092, stack(0x0000002c64200000,0x0000002c64300000)]
  0x0000016d006e3ec0 JavaThread "Sweeper thread" daemon [_thread_blocked, id=15988, stack(0x0000002c64300000,0x0000002c64400000)]
  0x0000016d049b8750 JavaThread "Common-Cleaner" daemon [_thread_blocked, id=7560, stack(0x0000002c64400000,0x0000002c64500000)]
  0x0000016d049bb5e0 JavaThread "Notification Thread" daemon [_thread_blocked, id=26616, stack(0x0000002c64500000,0x0000002c64600000)]
  0x0000016d05828de0 JavaThread "Daemon health stats" [_thread_in_vm, id=33380, stack(0x0000002c64b00000,0x0000002c64c00000)]
  0x0000016d059ce970 JavaThread "Incoming local TCP Connector on port 60003" [_thread_in_native, id=31056, stack(0x0000002c64c00000,0x0000002c64d00000)]
  0x0000016d05846390 JavaThread "Daemon periodic checks" [_thread_blocked, id=6376, stack(0x0000002c64d00000,0x0000002c64e00000)]
  0x0000016d0614f9d0 JavaThread "Daemon" [_thread_blocked, id=20140, stack(0x0000002c64e00000,0x0000002c64f00000)]
  0x0000016d05359450 JavaThread "Handler for socket connection from /127.0.0.1:60003 to /127.0.0.1:60004" [_thread_in_native, id=33392, stack(0x0000002c64f00000,0x0000002c65000000)]
  0x0000016d060868e0 JavaThread "Cancel handler" [_thread_blocked, id=2676, stack(0x0000002c65000000,0x0000002c65100000)]
=>0x0000016d04abe4d0 JavaThread "Daemon worker" [_thread_in_vm, id=25516, stack(0x0000002c65100000,0x0000002c65200000)]
  0x0000016d056c7780 JavaThread "Asynchronous log dispatcher for DefaultDaemonConnection: socket connection from /127.0.0.1:60003 to /127.0.0.1:60004" [_thread_blocked, id=22584, stack(0x0000002c65200000,0x0000002c65300000)]
  0x0000016d061fe5a0 JavaThread "Stdin handler" [_thread_blocked, id=19960, stack(0x0000002c65300000,0x0000002c65400000)]
  0x0000016d061ff8e0 JavaThread "Daemon client event forwarder" [_thread_blocked, id=31740, stack(0x0000002c65400000,0x0000002c65500000)]

Other Threads:
  0x0000016d60034960 VMThread "VM Thread" [stack: 0x0000002c63a00000,0x0000002c63b00000] [id=30328]
  0x0000016d049c1ac0 WatcherThread "VM Periodic Task Thread" [stack: 0x0000002c64600000,0x0000002c64700000] [id=27396]
  0x0000016d6001a830 WorkerThread "GC Thread#0" [stack: 0x0000002c63500000,0x0000002c63600000] [id=9896]
  0x0000016d05538390 WorkerThread "GC Thread#1" [stack: 0x0000002c64700000,0x0000002c64800000] [id=33904]
  0x0000016d05538630 WorkerThread "GC Thread#2" [stack: 0x0000002c64800000,0x0000002c64900000] [id=33896]
  0x0000016d054fadc0 WorkerThread "GC Thread#3" [stack: 0x0000002c64900000,0x0000002c64a00000] [id=14312]
  0x0000016d054c1680 WorkerThread "GC Thread#4" [stack: 0x0000002c64a00000,0x0000002c64b00000] [id=29212]
  0x0000016d6002b760 ConcurrentGCThread "G1 Main Marker" [stack: 0x0000002c63600000,0x0000002c63700000] [id=32408]
  0x0000016d6002c150 WorkerThread "G1 Conc#0" [stack: 0x0000002c63700000,0x0000002c63800000] [id=15172]
  0x0000016d6006e890 ConcurrentGCThread "G1 Refine#0" [stack: 0x0000002c63800000,0x0000002c63900000] [id=33964]
  0x0000016d00578390 ConcurrentGCThread "G1 Service" [stack: 0x0000002c63900000,0x0000002c63a00000] [id=31772]

Threads with active compile tasks:

VM state: not at safepoint (normal execution)

VM Mutex/Monitor currently owned by a thread:  ([mutex/lock_event])
[0x0000016d5fd595c0] Metaspace_lock - owner thread: 0x0000016d04abe4d0

Heap address: 0x0000000080000000, size: 2048 MB, Compressed Oops mode: 32-bit

CDS archive(s) mapped at: [0x0000000800000000-0x0000000800ba0000-0x0000000800ba0000), size 12189696, SharedBaseAddress: 0x0000000800000000, ArchiveRelocationMode: 0.
Compressed class space mapped at: 0x0000000800c00000-0x000000081a800000, reserved size: 432013312
Narrow klass base: 0x0000000800000000, Narrow klass shift: 0, Narrow klass range: 0x100000000

GC Precious Log:
 CardTable entry size: 512
 Card Set container configuration: InlinePtr #cards 5 size 8 Array Of Cards #cards 12 size 40 Howl #buckets 4 coarsen threshold 1843 Howl Bitmap #cards 512 size 80 coarsen threshold 460 Card regions per heap region 1 cards per card region 2048
 CPUs: 12 total, 12 available
 Memory: 8060M
 Large Page Support: Disabled
 NUMA Support: Disabled
 Compressed Oops: Enabled (32-bit)
 Heap Region Size: 1M
 Heap Min Capacity: 8M
 Heap Initial Capacity: 126M
 Heap Max Capacity: 2G
 Pre-touch: Disabled
 Parallel Workers: 10
 Concurrent Workers: 3
 Concurrent Refinement Workers: 10
 Periodic GC: Disabled

Heap:
 garbage-first heap   total 129024K, used 45017K [0x0000000080000000, 0x0000000100000000)
  region size 1024K, 35 young (35840K), 4 survivors (4096K)
 Metaspace       used 10276K, committed 10560K, reserved 487424K
  class space    used 1373K, committed 1472K, reserved 421888K

Heap Regions: E=young(eden), S=young(survivor), O=old, HS=humongous(starts), HC=humongous(continues), CS=collection set, F=free, OA=open archive, CA=closed archive, TAMS=top-at-mark-start (previous, next)
|   0|0x0000000080000000, 0x0000000080100000, 0x0000000080100000|100%|HS|  |TAMS 0x0000000080000000, 0x0000000080000000| Complete 
|   1|0x0000000080100000, 0x0000000080200000, 0x0000000080200000|100%|HC|  |TAMS 0x0000000080100000, 0x0000000080100000| Complete 
|   2|0x0000000080200000, 0x0000000080300000, 0x0000000080300000|100%|HC|  |TAMS 0x0000000080200000, 0x0000000080200000| Complete 
|   3|0x0000000080300000, 0x0000000080400000, 0x0000000080400000|100%|HC|  |TAMS 0x0000000080300000, 0x0000000080300000| Complete 
|   4|0x0000000080400000, 0x0000000080500000, 0x0000000080500000|100%| O|  |TAMS 0x0000000080400000, 0x0000000080400000| Untracked 
|   5|0x0000000080500000, 0x0000000080600000, 0x0000000080600000|100%| O|  |TAMS 0x0000000080500000, 0x0000000080500000| Untracked 
|   6|0x0000000080600000, 0x0000000080700000, 0x0000000080700000|100%| O|  |TAMS 0x0000000080600000, 0x0000000080600000| Untracked 
|   7|0x0000000080700000, 0x0000000080800000, 0x0000000080800000|100%| O|  |TAMS 0x0000000080700000, 0x0000000080700000| Untracked 
|   8|0x0000000080800000, 0x0000000080800000, 0x0000000080900000|  0%| F|  |TAMS 0x0000000080800000, 0x0000000080800000| Untracked 
|   9|0x0000000080900000, 0x0000000080a00000, 0x0000000080a00000|100%| O|  |TAMS 0x0000000080900000, 0x0000000080900000| Untracked 
|  10|0x0000000080a00000, 0x0000000080b00000, 0x0000000080b00000|100%| O|  |TAMS 0x0000000080a00000, 0x0000000080a00000| Untracked 
|  11|0x0000000080b00000, 0x0000000080b2b400, 0x0000000080c00000| 16%| O|  |TAMS 0x0000000080b00000, 0x0000000080b00000| Untracked 
|  12|0x0000000080c00000, 0x0000000080c00000, 0x0000000080d00000|  0%| F|  |TAMS 0x0000000080c00000, 0x0000000080c00000| Untracked 
|  13|0x0000000080d00000, 0x0000000080d00000, 0x0000000080e00000|  0%| F|  |TAMS 0x0000000080d00000, 0x0000000080d00000| Untracked 
|  14|0x0000000080e00000, 0x0000000080e00000, 0x0000000080f00000|  0%| F|  |TAMS 0x0000000080e00000, 0x0000000080e00000| Untracked 
|  15|0x0000000080f00000, 0x0000000080f00000, 0x0000000081000000|  0%| F|  |TAMS 0x0000000080f00000, 0x0000000080f00000| Untracked 
|  16|0x0000000081000000, 0x0000000081000000, 0x0000000081100000|  0%| F|  |TAMS 0x0000000081000000, 0x0000000081000000| Untracked 
|  17|0x0000000081100000, 0x0000000081100000, 0x0000000081200000|  0%| F|  |TAMS 0x0000000081100000, 0x0000000081100000| Untracked 
|  18|0x0000000081200000, 0x0000000081200000, 0x0000000081300000|  0%| F|  |TAMS 0x0000000081200000, 0x0000000081200000| Untracked 
|  19|0x0000000081300000, 0x0000000081300000, 0x0000000081400000|  0%| F|  |TAMS 0x0000000081300000, 0x0000000081300000| Untracked 
|  20|0x0000000081400000, 0x0000000081400000, 0x0000000081500000|  0%| F|  |TAMS 0x0000000081400000, 0x0000000081400000| Untracked 
|  21|0x0000000081500000, 0x0000000081500000, 0x0000000081600000|  0%| F|  |TAMS 0x0000000081500000, 0x0000000081500000| Untracked 
|  22|0x0000000081600000, 0x0000000081600000, 0x0000000081700000|  0%| F|  |TAMS 0x0000000081600000, 0x0000000081600000| Untracked 
|  23|0x0000000081700000, 0x0000000081700000, 0x0000000081800000|  0%| F|  |TAMS 0x0000000081700000, 0x0000000081700000| Untracked 
|  24|0x0000000081800000, 0x0000000081800000, 0x0000000081900000|  0%| F|  |TAMS 0x0000000081800000, 0x0000000081800000| Untracked 
|  25|0x0000000081900000, 0x0000000081900000, 0x0000000081a00000|  0%| F|  |TAMS 0x0000000081900000, 0x0000000081900000| Untracked 
|  26|0x0000000081a00000, 0x0000000081a00000, 0x0000000081b00000|  0%| F|  |TAMS 0x0000000081a00000, 0x0000000081a00000| Untracked 
|  27|0x0000000081b00000, 0x0000000081b00000, 0x0000000081c00000|  0%| F|  |TAMS 0x0000000081b00000, 0x0000000081b00000| Untracked 
|  28|0x0000000081c00000, 0x0000000081c00000, 0x0000000081d00000|  0%| F|  |TAMS 0x0000000081c00000, 0x0000000081c00000| Untracked 
|  29|0x0000000081d00000, 0x0000000081d00000, 0x0000000081e00000|  0%| F|  |TAMS 0x0000000081d00000, 0x0000000081d00000| Untracked 
|  30|0x0000000081e00000, 0x0000000081e00000, 0x0000000081f00000|  0%| F|  |TAMS 0x0000000081e00000, 0x0000000081e00000| Untracked 
|  31|0x0000000081f00000, 0x0000000081f00000, 0x0000000082000000|  0%| F|  |TAMS 0x0000000081f00000, 0x0000000081f00000| Untracked 
|  32|0x0000000082000000, 0x0000000082000000, 0x0000000082100000|  0%| F|  |TAMS 0x0000000082000000, 0x0000000082000000| Untracked 
|  33|0x0000000082100000, 0x0000000082100000, 0x0000000082200000|  0%| F|  |TAMS 0x0000000082100000, 0x0000000082100000| Untracked 
|  34|0x0000000082200000, 0x0000000082200000, 0x0000000082300000|  0%| F|  |TAMS 0x0000000082200000, 0x0000000082200000| Untracked 
|  35|0x0000000082300000, 0x0000000082300000, 0x0000000082400000|  0%| F|  |TAMS 0x0000000082300000, 0x0000000082300000| Untracked 
|  36|0x0000000082400000, 0x0000000082400000, 0x0000000082500000|  0%| F|  |TAMS 0x0000000082400000, 0x0000000082400000| Untracked 
|  37|0x0000000082500000, 0x0000000082500000, 0x0000000082600000|  0%| F|  |TAMS 0x0000000082500000, 0x0000000082500000| Untracked 
|  38|0x0000000082600000, 0x0000000082600000, 0x0000000082700000|  0%| F|  |TAMS 0x0000000082600000, 0x0000000082600000| Untracked 
|  39|0x0000000082700000, 0x0000000082700000, 0x0000000082800000|  0%| F|  |TAMS 0x0000000082700000, 0x0000000082700000| Untracked 
|  40|0x0000000082800000, 0x0000000082800000, 0x0000000082900000|  0%| F|  |TAMS 0x0000000082800000, 0x0000000082800000| Untracked 
|  41|0x0000000082900000, 0x0000000082900000, 0x0000000082a00000|  0%| F|  |TAMS 0x0000000082900000, 0x0000000082900000| Untracked 
|  42|0x0000000082a00000, 0x0000000082a00000, 0x0000000082b00000|  0%| F|  |TAMS 0x0000000082a00000, 0x0000000082a00000| Untracked 
|  43|0x0000000082b00000, 0x0000000082b00000, 0x0000000082c00000|  0%| F|  |TAMS 0x0000000082b00000, 0x0000000082b00000| Untracked 
|  44|0x0000000082c00000, 0x0000000082c00000, 0x0000000082d00000|  0%| F|  |TAMS 0x0000000082c00000, 0x0000000082c00000| Untracked 
|  45|0x0000000082d00000, 0x0000000082d00000, 0x0000000082e00000|  0%| F|  |TAMS 0x0000000082d00000, 0x0000000082d00000| Untracked 
|  46|0x0000000082e00000, 0x0000000082e00000, 0x0000000082f00000|  0%| F|  |TAMS 0x0000000082e00000, 0x0000000082e00000| Untracked 
|  47|0x0000000082f00000, 0x0000000082f00000, 0x0000000083000000|  0%| F|  |TAMS 0x0000000082f00000, 0x0000000082f00000| Untracked 
|  48|0x0000000083000000, 0x0000000083000000, 0x0000000083100000|  0%| F|  |TAMS 0x0000000083000000, 0x0000000083000000| Untracked 
|  49|0x0000000083100000, 0x0000000083100000, 0x0000000083200000|  0%| F|  |TAMS 0x0000000083100000, 0x0000000083100000| Untracked 
|  50|0x0000000083200000, 0x0000000083200000, 0x0000000083300000|  0%| F|  |TAMS 0x0000000083200000, 0x0000000083200000| Untracked 
|  51|0x0000000083300000, 0x0000000083300000, 0x0000000083400000|  0%| F|  |TAMS 0x0000000083300000, 0x0000000083300000| Untracked 
|  52|0x0000000083400000, 0x0000000083400000, 0x0000000083500000|  0%| F|  |TAMS 0x0000000083400000, 0x0000000083400000| Untracked 
|  53|0x0000000083500000, 0x0000000083500000, 0x0000000083600000|  0%| F|  |TAMS 0x0000000083500000, 0x0000000083500000| Untracked 
|  54|0x0000000083600000, 0x0000000083600000, 0x0000000083700000|  0%| F|  |TAMS 0x0000000083600000, 0x0000000083600000| Untracked 
|  55|0x0000000083700000, 0x0000000083700000, 0x0000000083800000|  0%| F|  |TAMS 0x0000000083700000, 0x0000000083700000| Untracked 
|  56|0x0000000083800000, 0x0000000083800000, 0x0000000083900000|  0%| F|  |TAMS 0x0000000083800000, 0x0000000083800000| Untracked 
|  57|0x0000000083900000, 0x0000000083900000, 0x0000000083a00000|  0%| F|  |TAMS 0x0000000083900000, 0x0000000083900000| Untracked 
|  58|0x0000000083a00000, 0x0000000083a00000, 0x0000000083b00000|  0%| F|  |TAMS 0x0000000083a00000, 0x0000000083a00000| Untracked 
|  59|0x0000000083b00000, 0x0000000083b00000, 0x0000000083c00000|  0%| F|  |TAMS 0x0000000083b00000, 0x0000000083b00000| Untracked 
|  60|0x0000000083c00000, 0x0000000083c00000, 0x0000000083d00000|  0%| F|  |TAMS 0x0000000083c00000, 0x0000000083c00000| Untracked 
|  61|0x0000000083d00000, 0x0000000083d00000, 0x0000000083e00000|  0%| F|  |TAMS 0x0000000083d00000, 0x0000000083d00000| Untracked 
|  62|0x0000000083e00000, 0x0000000083e00000, 0x0000000083f00000|  0%| F|  |TAMS 0x0000000083e00000, 0x0000000083e00000| Untracked 
|  63|0x0000000083f00000, 0x0000000083f00000, 0x0000000084000000|  0%| F|  |TAMS 0x0000000083f00000, 0x0000000083f00000| Untracked 
|  64|0x0000000084000000, 0x0000000084000000, 0x0000000084100000|  0%| F|  |TAMS 0x0000000084000000, 0x0000000084000000| Untracked 
|  65|0x0000000084100000, 0x0000000084100000, 0x0000000084200000|  0%| F|  |TAMS 0x0000000084100000, 0x0000000084100000| Untracked 
|  66|0x0000000084200000, 0x0000000084200000, 0x0000000084300000|  0%| F|  |TAMS 0x0000000084200000, 0x0000000084200000| Untracked 
|  67|0x0000000084300000, 0x0000000084300000, 0x0000000084400000|  0%| F|  |TAMS 0x0000000084300000, 0x0000000084300000| Untracked 
|  68|0x0000000084400000, 0x0000000084400000, 0x0000000084500000|  0%| F|  |TAMS 0x0000000084400000, 0x0000000084400000| Untracked 
|  69|0x0000000084500000, 0x0000000084500000, 0x0000000084600000|  0%| F|  |TAMS 0x0000000084500000, 0x0000000084500000| Untracked 
|  70|0x0000000084600000, 0x0000000084600000, 0x0000000084700000|  0%| F|  |TAMS 0x0000000084600000, 0x0000000084600000| Untracked 
|  71|0x0000000084700000, 0x0000000084700000, 0x0000000084800000|  0%| F|  |TAMS 0x0000000084700000, 0x0000000084700000| Untracked 
|  72|0x0000000084800000, 0x0000000084800000, 0x0000000084900000|  0%| F|  |TAMS 0x0000000084800000, 0x0000000084800000| Untracked 
|  73|0x0000000084900000, 0x0000000084900000, 0x0000000084a00000|  0%| F|  |TAMS 0x0000000084900000, 0x0000000084900000| Untracked 
|  74|0x0000000084a00000, 0x0000000084a00000, 0x0000000084b00000|  0%| F|  |TAMS 0x0000000084a00000, 0x0000000084a00000| Untracked 
|  75|0x0000000084b00000, 0x0000000084b00000, 0x0000000084c00000|  0%| F|  |TAMS 0x0000000084b00000, 0x0000000084b00000| Untracked 
|  76|0x0000000084c00000, 0x0000000084c00000, 0x0000000084d00000|  0%| F|  |TAMS 0x0000000084c00000, 0x0000000084c00000| Untracked 
|  77|0x0000000084d00000, 0x0000000084d00000, 0x0000000084e00000|  0%| F|  |TAMS 0x0000000084d00000, 0x0000000084d00000| Untracked 
|  78|0x0000000084e00000, 0x0000000084e00000, 0x0000000084f00000|  0%| F|  |TAMS 0x0000000084e00000, 0x0000000084e00000| Untracked 
|  79|0x0000000084f00000, 0x0000000084f00000, 0x0000000085000000|  0%| F|  |TAMS 0x0000000084f00000, 0x0000000084f00000| Untracked 
|  80|0x0000000085000000, 0x0000000085000000, 0x0000000085100000|  0%| F|  |TAMS 0x0000000085000000, 0x0000000085000000| Untracked 
|  81|0x0000000085100000, 0x0000000085100000, 0x0000000085200000|  0%| F|  |TAMS 0x0000000085100000, 0x0000000085100000| Untracked 
|  82|0x0000000085200000, 0x0000000085200000, 0x0000000085300000|  0%| F|  |TAMS 0x0000000085200000, 0x0000000085200000| Untracked 
|  83|0x0000000085300000, 0x0000000085300000, 0x0000000085400000|  0%| F|  |TAMS 0x0000000085300000, 0x0000000085300000| Untracked 
|  84|0x0000000085400000, 0x0000000085400000, 0x0000000085500000|  0%| F|  |TAMS 0x0000000085400000, 0x0000000085400000| Untracked 
|  85|0x0000000085500000, 0x0000000085500000, 0x0000000085600000|  0%| F|  |TAMS 0x0000000085500000, 0x0000000085500000| Untracked 
|  86|0x0000000085600000, 0x0000000085600000, 0x0000000085700000|  0%| F|  |TAMS 0x0000000085600000, 0x0000000085600000| Untracked 
|  87|0x0000000085700000, 0x0000000085700000, 0x0000000085800000|  0%| F|  |TAMS 0x0000000085700000, 0x0000000085700000| Untracked 
|  88|0x0000000085800000, 0x0000000085800000, 0x0000000085900000|  0%| F|  |TAMS 0x0000000085800000, 0x0000000085800000| Untracked 
|  89|0x0000000085900000, 0x0000000085900000, 0x0000000085a00000|  0%| F|  |TAMS 0x0000000085900000, 0x0000000085900000| Untracked 
|  90|0x0000000085a00000, 0x0000000085acb1d8, 0x0000000085b00000| 79%| S|CS|TAMS 0x0000000085a00000, 0x0000000085a00000| Complete 
|  91|0x0000000085b00000, 0x0000000085c00000, 0x0000000085c00000|100%| S|CS|TAMS 0x0000000085b00000, 0x0000000085b00000| Complete 
|  92|0x0000000085c00000, 0x0000000085d00000, 0x0000000085d00000|100%| S|CS|TAMS 0x0000000085c00000, 0x0000000085c00000| Complete 
|  93|0x0000000085d00000, 0x0000000085e00000, 0x0000000085e00000|100%| S|CS|TAMS 0x0000000085d00000, 0x0000000085d00000| Complete 
|  94|0x0000000085e00000, 0x0000000085e00000, 0x0000000085f00000|  0%| F|  |TAMS 0x0000000085e00000, 0x0000000085e00000| Untracked 
|  95|0x0000000085f00000, 0x0000000085f80800, 0x0000000086000000| 50%| E|  |TAMS 0x0000000085f00000, 0x0000000085f00000| Complete 
|  96|0x0000000086000000, 0x0000000086100000, 0x0000000086100000|100%| E|CS|TAMS 0x0000000086000000, 0x0000000086000000| Complete 
|  97|0x0000000086100000, 0x0000000086200000, 0x0000000086200000|100%| E|CS|TAMS 0x0000000086100000, 0x0000000086100000| Complete 
|  98|0x0000000086200000, 0x0000000086300000, 0x0000000086300000|100%| E|CS|TAMS 0x0000000086200000, 0x0000000086200000| Complete 
|  99|0x0000000086300000, 0x0000000086400000, 0x0000000086400000|100%| E|CS|TAMS 0x0000000086300000, 0x0000000086300000| Complete 
| 100|0x0000000086400000, 0x0000000086500000, 0x0000000086500000|100%| E|CS|TAMS 0x0000000086400000, 0x0000000086400000| Complete 
| 101|0x0000000086500000, 0x0000000086600000, 0x0000000086600000|100%| E|CS|TAMS 0x0000000086500000, 0x0000000086500000| Complete 
| 102|0x0000000086600000, 0x0000000086700000, 0x0000000086700000|100%| E|CS|TAMS 0x0000000086600000, 0x0000000086600000| Complete 
| 103|0x0000000086700000, 0x0000000086800000, 0x0000000086800000|100%| E|CS|TAMS 0x0000000086700000, 0x0000000086700000| Complete 
| 104|0x0000000086800000, 0x0000000086900000, 0x0000000086900000|100%| E|CS|TAMS 0x0000000086800000, 0x0000000086800000| Complete 
| 105|0x0000000086900000, 0x0000000086a00000, 0x0000000086a00000|100%| E|CS|TAMS 0x0000000086900000, 0x0000000086900000| Complete 
| 106|0x0000000086a00000, 0x0000000086b00000, 0x0000000086b00000|100%| E|CS|TAMS 0x0000000086a00000, 0x0000000086a00000| Complete 
| 107|0x0000000086b00000, 0x0000000086c00000, 0x0000000086c00000|100%| E|CS|TAMS 0x0000000086b00000, 0x0000000086b00000| Complete 
| 108|0x0000000086c00000, 0x0000000086d00000, 0x0000000086d00000|100%| E|CS|TAMS 0x0000000086c00000, 0x0000000086c00000| Complete 
| 109|0x0000000086d00000, 0x0000000086e00000, 0x0000000086e00000|100%| E|CS|TAMS 0x0000000086d00000, 0x0000000086d00000| Complete 
| 110|0x0000000086e00000, 0x0000000086f00000, 0x0000000086f00000|100%| E|CS|TAMS 0x0000000086e00000, 0x0000000086e00000| Complete 
| 111|0x0000000086f00000, 0x0000000087000000, 0x0000000087000000|100%| E|CS|TAMS 0x0000000086f00000, 0x0000000086f00000| Complete 
| 112|0x0000000087000000, 0x0000000087100000, 0x0000000087100000|100%| E|CS|TAMS 0x0000000087000000, 0x0000000087000000| Complete 
| 113|0x0000000087100000, 0x0000000087200000, 0x0000000087200000|100%| E|CS|TAMS 0x0000000087100000, 0x0000000087100000| Complete 
| 114|0x0000000087200000, 0x0000000087300000, 0x0000000087300000|100%| E|CS|TAMS 0x0000000087200000, 0x0000000087200000| Complete 
| 115|0x0000000087300000, 0x0000000087400000, 0x0000000087400000|100%| E|CS|TAMS 0x0000000087300000, 0x0000000087300000| Complete 
| 116|0x0000000087400000, 0x0000000087500000, 0x0000000087500000|100%| E|CS|TAMS 0x0000000087400000, 0x0000000087400000| Complete 
| 117|0x0000000087500000, 0x0000000087600000, 0x0000000087600000|100%| E|CS|TAMS 0x0000000087500000, 0x0000000087500000| Complete 
| 118|0x0000000087600000, 0x0000000087700000, 0x0000000087700000|100%| E|CS|TAMS 0x0000000087600000, 0x0000000087600000| Complete 
| 119|0x0000000087700000, 0x0000000087800000, 0x0000000087800000|100%| E|CS|TAMS 0x0000000087700000, 0x0000000087700000| Complete 
| 120|0x0000000087800000, 0x0000000087900000, 0x0000000087900000|100%| E|CS|TAMS 0x0000000087800000, 0x0000000087800000| Complete 
| 121|0x0000000087900000, 0x0000000087a00000, 0x0000000087a00000|100%| E|CS|TAMS 0x0000000087900000, 0x0000000087900000| Complete 
| 122|0x0000000087a00000, 0x0000000087b00000, 0x0000000087b00000|100%| E|CS|TAMS 0x0000000087a00000, 0x0000000087a00000| Complete 
| 123|0x0000000087b00000, 0x0000000087c00000, 0x0000000087c00000|100%| E|CS|TAMS 0x0000000087b00000, 0x0000000087b00000| Complete 
| 124|0x0000000087c00000, 0x0000000087d00000, 0x0000000087d00000|100%| E|CS|TAMS 0x0000000087c00000, 0x0000000087c00000| Complete 
| 125|0x0000000087d00000, 0x0000000087e00000, 0x0000000087e00000|100%| E|CS|TAMS 0x0000000087d00000, 0x0000000087d00000| Complete 

Card table byte_map: [0x0000016d79170000,0x0000016d79570000] _byte_map_base: 0x0000016d78d70000

Marking Bits (Prev, Next): (CMBitMap*) 0x0000016d6001ae30, (CMBitMap*) 0x0000016d6001ae70
 Prev Bits: [0x0000016d79970000, 0x0000016d7b970000)
 Next Bits: [0x0000016d7b970000, 0x0000016d7d970000)

Polling page: 0x0000016d69090000

Metaspace:

Usage:
  Non-class:      8.69 MB used.
      Class:      1.34 MB used.
       Both:     10.04 MB used.

Virtual space:
  Non-class space:       64.00 MB reserved,       8.88 MB ( 14%) committed,  1 nodes.
      Class space:      412.00 MB reserved,       1.44 MB ( <1%) committed,  1 nodes.
             Both:      476.00 MB reserved,      10.31 MB (  2%) committed. 

Chunk freelists:
   Non-Class:  3.12 MB
       Class:  2.44 MB
        Both:  5.56 MB

MaxMetaspaceSize: 512.00 MB
CompressedClassSpaceSize: 412.00 MB
Initial GC threshold: 21.00 MB
Current GC threshold: 21.00 MB
CDS: on
MetaspaceReclaimPolicy: balanced
 - commit_granule_bytes: 65536.
 - commit_granule_words: 8192.
 - virtual_space_node_default_size: 8388608.
 - enlarge_chunks_in_place: 1.
 - new_chunks_are_fully_committed: 0.
 - uncommit_free_chunks: 1.
 - use_allocation_guard: 0.


Internal statistics:

num_allocs_failed_limit: 0.
num_arena_births: 264.
num_arena_deaths: 0.
num_vsnodes_births: 2.
num_vsnodes_deaths: 0.
num_space_committed: 165.
num_space_uncommitted: 0.
num_chunks_returned_to_freelist: 0.
num_chunks_taken_from_freelist: 565.
num_chunk_merges: 0.
num_chunk_splits: 366.
num_chunks_enlarged: 264.
num_inconsistent_stats: 0.

CodeHeap 'non-profiled nmethods': size=120000Kb used=896Kb max_used=896Kb free=119103Kb
 bounds [0x0000016d70b80000, 0x0000016d70df0000, 0x0000016d780b0000]
CodeHeap 'profiled nmethods': size=120000Kb used=4084Kb max_used=4084Kb free=115915Kb
 bounds [0x0000016d69650000, 0x0000016d69a50000, 0x0000016d70b80000]
CodeHeap 'non-nmethods': size=5760Kb used=1216Kb max_used=1236Kb free=4544Kb
 bounds [0x0000016d690b0000, 0x0000016d69320000, 0x0000016d69650000]
 total_blobs=2475 nmethods=1970 adapters=417
 compilation: enabled
              stopped_count=0, restarted_count=0
 full_count=0

Compilation events (20 events):
Event: 9.626 Thread 0x0000016d006db820 1956       3       java.lang.invoke.DirectMethodHandle::make (275 bytes)
Event: 9.628 Thread 0x0000016d006db820 nmethod 1956 0x0000016d69a44010 code [0x0000016d69a443a0, 0x0000016d69a45878]
Event: 9.628 Thread 0x0000016d006db820 1957       3       java.lang.invoke.MemberName::isField (8 bytes)
Event: 9.628 Thread 0x0000016d006db820 nmethod 1957 0x0000016d69a46090 code [0x0000016d69a46240, 0x0000016d69a46478]
Event: 9.630 Thread 0x0000016d006db820 1958       3       java.util.regex.Pattern::sequence (647 bytes)
Event: 9.972 Thread 0x0000016d006db820 nmethod 1958 0x0000016d69a46590 code [0x0000016d69a46b80, 0x0000016d69a49ab8]
Event: 9.973 Thread 0x0000016d006db820 1959       3       java.lang.invoke.LambdaFormEditor$TransformKey::bval (26 bytes)
Event: 9.973 Thread 0x0000016d006db820 nmethod 1959 0x0000016d69a4a890 code [0x0000016d69a4aa20, 0x0000016d69a4ab18]
Event: 9.975 Thread 0x0000016d006db820 1960       3       java.lang.invoke.LambdaFormBuffer::insertName (106 bytes)
Event: 9.976 Thread 0x0000016d006db820 nmethod 1960 0x0000016d69a4ab90 code [0x0000016d69a4ad40, 0x0000016d69a4af58]
Event: 9.976 Thread 0x0000016d006d8e30 1961       4       java.util.ImmutableCollections$ListN::size (6 bytes)
Event: 9.977 Thread 0x0000016d006d8e30 nmethod 1961 0x0000016d70c5e790 code [0x0000016d70c5e900, 0x0000016d70c5e998]
Event: 9.981 Thread 0x0000016d006d8e30 1962       4       java.lang.invoke.MethodType::hashCode (53 bytes)
Event: 9.981 Thread 0x0000016d006db820 1963       3       java.lang.invoke.InvokerBytecodeGenerator::assertStaticType (58 bytes)
Event: 9.982 Thread 0x0000016d006db820 nmethod 1963 0x0000016d69a4b010 code [0x0000016d69a4b200, 0x0000016d69a4b718]
Event: 9.984 Thread 0x0000016d006d8e30 nmethod 1962 0x0000016d70c5ea90 code [0x0000016d70c5ec20, 0x0000016d70c5edd8]
Event: 10.012 Thread 0x0000016d006db820 1966       3       java.lang.invoke.MethodHandleNatives::refKindIsMethod (19 bytes)
Event: 10.012 Thread 0x0000016d006db820 nmethod 1966 0x0000016d69a4b910 code [0x0000016d69a4bac0, 0x0000016d69a4bd18]
Event: 10.012 Thread 0x0000016d006db820 1967       3       java.lang.invoke.TypeConvertingMethodAdapter::descriptorToName (36 bytes)
Event: 10.014 Thread 0x0000016d006db820 nmethod 1967 0x0000016d69a4be10 code [0x0000016d69a4c080, 0x0000016d69a4cc68]

GC Heap History (4 events):
Event: 3.258 GC heap before
{Heap before GC invocations=0 (full 0):
 garbage-first heap   total 129024K, used 26624K [0x0000000080000000, 0x0000000100000000)
  region size 1024K, 23 young (23552K), 0 survivors (0K)
 Metaspace       used 3025K, committed 3200K, reserved 487424K
  class space    used 375K, committed 448K, reserved 421888K
}
Event: 3.393 GC heap after
{Heap after GC invocations=1 (full 0):
 garbage-first heap   total 129024K, used 10373K [0x0000000080000000, 0x0000000100000000)
  region size 1024K, 3 young (3072K), 3 survivors (3072K)
 Metaspace       used 3025K, committed 3200K, reserved 487424K
  class space    used 375K, committed 448K, reserved 421888K
}
Event: 7.129 GC heap before
{Heap before GC invocations=1 (full 0):
 garbage-first heap   total 129024K, used 40069K [0x0000000080000000, 0x0000000100000000)
  region size 1024K, 32 young (32768K), 3 survivors (3072K)
 Metaspace       used 3989K, committed 4224K, reserved 487424K
  class space    used 473K, committed 576K, reserved 421888K
}
Event: 7.140 GC heap after
{Heap after GC invocations=2 (full 0):
 garbage-first heap   total 129024K, used 14297K [0x0000000080000000, 0x0000000100000000)
  region size 1024K, 4 young (4096K), 4 survivors (4096K)
 Metaspace       used 3989K, committed 4224K, reserved 487424K
  class space    used 473K, committed 576K, reserved 421888K
}

Deoptimization events (20 events):
Event: 8.658 Thread 0x0000016d5ffb9750 Uncommon trap: trap_request=0xffffffc6 fr.pc=0x0000016d70bf21dc relative=0x00000000000005bc
Event: 8.658 Thread 0x0000016d5ffb9750 Uncommon trap: reason=bimorphic_or_optimized_type_check action=maybe_recompile pc=0x0000016d70bf21dc method=java.util.HashMap.getNode(Ljava/lang/Object;)Ljava/util/HashMap$Node; @ 63 c2
Event: 8.659 Thread 0x0000016d5ffb9750 DEOPT PACKING pc=0x0000016d70bf21dc sp=0x0000002c634fe630
Event: 8.659 Thread 0x0000016d5ffb9750 DEOPT UNPACKING pc=0x0000016d691023a3 sp=0x0000002c634fe548 mode 2
Event: 9.078 Thread 0x0000016d059ce970 Uncommon trap: trap_request=0xffffffc6 fr.pc=0x0000016d70bf2bb0 relative=0x0000000000000090
Event: 9.078 Thread 0x0000016d059ce970 Uncommon trap: reason=bimorphic_or_optimized_type_check action=maybe_recompile pc=0x0000016d70bf2bb0 method=java.util.AbstractList$Itr.hasNext()Z @ 8 c2
Event: 9.078 Thread 0x0000016d059ce970 DEOPT PACKING pc=0x0000016d70bf2bb0 sp=0x0000002c64cfe360
Event: 9.078 Thread 0x0000016d059ce970 DEOPT UNPACKING pc=0x0000016d691023a3 sp=0x0000002c64cfe2f8 mode 2
Event: 9.078 Thread 0x0000016d059ce970 Uncommon trap: trap_request=0xffffffc6 fr.pc=0x0000016d70bf2fcc relative=0x000000000000012c
Event: 9.078 Thread 0x0000016d059ce970 Uncommon trap: reason=bimorphic_or_optimized_type_check action=maybe_recompile pc=0x0000016d70bf2fcc method=java.util.AbstractList$Itr.next()Ljava/lang/Object; @ 14 c2
Event: 9.078 Thread 0x0000016d059ce970 DEOPT PACKING pc=0x0000016d70bf2fcc sp=0x0000002c64cfe350
Event: 9.078 Thread 0x0000016d059ce970 DEOPT UNPACKING pc=0x0000016d691023a3 sp=0x0000002c64cfe2e8 mode 2
Event: 9.517 Thread 0x0000016d04abe4d0 Uncommon trap: trap_request=0xffffff45 fr.pc=0x0000016d70c3d6cc relative=0x00000000000003ec
Event: 9.517 Thread 0x0000016d04abe4d0 Uncommon trap: reason=unstable_if action=reinterpret pc=0x0000016d70c3d6cc method=jdk.internal.org.objectweb.asm.Frame.push(I)V @ 26 c2
Event: 9.517 Thread 0x0000016d04abe4d0 DEOPT PACKING pc=0x0000016d70c3d6cc sp=0x0000002c651fcd40
Event: 9.517 Thread 0x0000016d04abe4d0 DEOPT UNPACKING pc=0x0000016d691023a3 sp=0x0000002c651fcc48 mode 2
Event: 9.535 Thread 0x0000016d04abe4d0 Uncommon trap: trap_request=0xffffff45 fr.pc=0x0000016d70c42350 relative=0x0000000000001690
Event: 9.535 Thread 0x0000016d04abe4d0 Uncommon trap: reason=unstable_if action=reinterpret pc=0x0000016d70c42350 method=java.util.concurrent.ConcurrentHashMap.transfer([Ljava/util/concurrent/ConcurrentHashMap$Node;[Ljava/util/concurrent/ConcurrentHashMap$Node;)V @ 26 c2
Event: 9.535 Thread 0x0000016d04abe4d0 DEOPT PACKING pc=0x0000016d70c42350 sp=0x0000002c651fab80
Event: 9.535 Thread 0x0000016d04abe4d0 DEOPT UNPACKING pc=0x0000016d691023a3 sp=0x0000002c651faaf0 mode 2

Classes loaded (20 events):
Event: 9.459 Loading class java/lang/invoke/DirectMethodHandle$StaticAccessor
Event: 9.462 Loading class java/lang/invoke/DirectMethodHandle$StaticAccessor done
Event: 9.469 Loading class java/util/concurrent/CountDownLatch
Event: 9.469 Loading class java/util/concurrent/CountDownLatch done
Event: 9.469 Loading class java/util/concurrent/CountDownLatch$Sync
Event: 9.469 Loading class java/util/concurrent/CountDownLatch$Sync done
Event: 9.471 Loading class java/math/MathContext
Event: 9.472 Loading class java/math/MathContext done
Event: 9.472 Loading class java/math/BigDecimal
Event: 9.473 Loading class java/math/BigDecimal done
Event: 9.474 Loading class java/io/PipedOutputStream
Event: 9.475 Loading class java/io/PipedOutputStream done
Event: 9.475 Loading class java/io/PipedInputStream
Event: 9.475 Loading class java/io/PipedInputStream done
Event: 9.529 Loading class java/util/function/LongSupplier
Event: 9.529 Loading class java/util/function/LongSupplier done
Event: 9.591 Loading class java/util/concurrent/ExecutionException
Event: 9.592 Loading class java/util/concurrent/ExecutionException done
Event: 9.620 Loading class java/util/concurrent/atomic/AtomicReferenceArray
Event: 9.621 Loading class java/util/concurrent/atomic/AtomicReferenceArray done

Classes unloaded (0 events):
No events

Classes redefined (0 events):
No events

Internal exceptions (20 events):
Event: 3.171 Thread 0x0000016d5ffb9750 Exception <a 'java/lang/NoSuchMethodError'{0x00000000869e4ac8}: 'java.lang.Object java.lang.invoke.DirectMethodHandle$Holder.invokeVirtual(java.lang.Object, java.lang.Object, java.lang.Object)'> (0x00000000869e4ac8) 
thrown [s\open\src\hotspot\share\interpreter\linkResolver.cpp, line 759]
Event: 3.476 Thread 0x0000016d5ffb9750 Exception <a 'java/lang/NoSuchMethodError'{0x0000000087c6ea08}: 'java.lang.Object java.lang.invoke.DirectMethodHandle$Holder.invokeVirtual(java.lang.Object, java.lang.Object, java.lang.Object, java.lang.Object)'> (0x0000000087c6ea08) 
thrown [s\open\src\hotspot\share\interpreter\linkResolver.cpp, line 759]
Event: 3.479 Thread 0x0000016d5ffb9750 Exception <a 'java/lang/NoSuchMethodError'{0x0000000087c7f798}: 'java.lang.Object java.lang.invoke.Invokers$Holder.invokeExact_MT(java.lang.Object, java.lang.Object, java.lang.Object, java.lang.Object, java.lang.Object)'> (0x0000000087c7f798) 
thrown [s\open\src\hotspot\share\interpreter\linkResolver.cpp, line 759]
Event: 3.543 Thread 0x0000016d5ffb9750 Exception <a 'java/lang/NoSuchMethodError'{0x0000000087a1b9a8}: 'void java.lang.invoke.DirectMethodHandle$Holder.invokeInterface(java.lang.Object, java.lang.Object, java.lang.Object)'> (0x0000000087a1b9a8) 
thrown [s\open\src\hotspot\share\interpreter\linkResolver.cpp, line 759]
Event: 7.241 Thread 0x0000016d5ffb9750 Exception <a 'java/lang/NoSuchMethodError'{0x00000000879e2d18}: 'void java.lang.invoke.DirectMethodHandle$Holder.invokeVirtual(java.lang.Object, java.lang.Object, java.lang.Object, java.lang.Object)'> (0x00000000879e2d18) 
thrown [s\open\src\hotspot\share\interpreter\linkResolver.cpp, line 759]
Event: 7.242 Thread 0x0000016d5ffb9750 Exception <a 'java/lang/NoSuchMethodError'{0x00000000879e7018}: 'void java.lang.invoke.DirectMethodHandle$Holder.invokeSpecial(java.lang.Object, java.lang.Object, java.lang.Object, java.lang.Object, java.lang.Object)'> (0x00000000879e7018) 
thrown [s\open\src\hotspot\share\interpreter\linkResolver.cpp, line 759]
Event: 7.570 Thread 0x0000016d5ffb9750 Exception <a 'java/lang/NoSuchMethodError'{0x00000000871705f0}: 'java.lang.Object java.lang.invoke.DirectMethodHandle$Holder.invokeStaticInit(java.lang.Object)'> (0x00000000871705f0) 
thrown [s\open\src\hotspot\share\interpreter\linkResolver.cpp, line 759]
Event: 7.634 Thread 0x0000016d5ffb9750 Exception <a 'java/lang/NoSuchMethodError'{0x00000000871cd678}: 'java.lang.Object java.lang.invoke.DirectMethodHandle$Holder.invokeInterface(java.lang.Object, java.lang.Object)'> (0x00000000871cd678) 
thrown [s\open\src\hotspot\share\interpreter\linkResolver.cpp, line 759]
Event: 7.645 Thread 0x0000016d5ffb9750 Exception <a 'java/lang/NoSuchMethodError'{0x0000000087000fa0}: 'java.lang.Object java.lang.invoke.DirectMethodHandle$Holder.invokeVirtual(java.lang.Object, java.lang.Object, java.lang.Object, java.lang.Object, java.lang.Object)'> (0x0000000087000fa0) 
thrown [s\open\src\hotspot\share\interpreter\linkResolver.cpp, line 759]
Event: 7.648 Thread 0x0000016d5ffb9750 Exception <a 'java/lang/NoSuchMethodError'{0x0000000087015268}: 'java.lang.Object java.lang.invoke.Invokers$Holder.invokeExact_MT(java.lang.Object, java.lang.Object, java.lang.Object, java.lang.Object, java.lang.Object, java.lang.Object)'> (0x0000000087015268) 
thrown [s\open\src\hotspot\share\interpreter\linkResolver.cpp, line 759]
Event: 7.768 Thread 0x0000016d5ffb9750 Exception <a 'java/lang/NoSuchMethodError'{0x0000000086fe8d20}: 'java.lang.Object java.lang.invoke.DirectMethodHandle$Holder.invokeVirtual(java.lang.Object, java.lang.Object, java.lang.Object, java.lang.Object, java.lang.Object, java.lang.Object)'> (0x0000000086fe8d20) 
thrown [s\open\src\hotspot\share\interpreter\linkResolver.cpp, line 759]
Event: 7.781 Thread 0x0000016d5ffb9750 Exception <a 'java/lang/NoSuchMethodError'{0x0000000086e39f00}: 'java.lang.Object java.lang.invoke.DirectMethodHandle$Holder.invokeVirtual(java.lang.Object, java.lang.Object, java.lang.Object, java.lang.Object, java.lang.Object, java.lang.Object, java.lang.Object, java.lang.Object)'> (0x0000000086e39f00) 
thrown [s\open\src\hotspot\share\interpreter\linkResolver.cpp, line 759]
Event: 7.782 Thread 0x0000016d5ffb9750 Exception <a 'java/lang/NoSuchMethodError'{0x0000000086e3f148}: 'java.lang.Object java.lang.invoke.DirectMethodHandle$Holder.invokeSpecial(java.lang.Object, java.lang.Object, java.lang.Object, java.lang.Object, java.lang.Object, java.lang.Object, java.lang.Object, java.lang.Object, java.lang.Object)'> (0x0000000086e3f148) 
thrown [s\open\src\hotspot\share\interpreter\linkResolver.cpp, line 759]
Event: 7.966 Thread 0x0000016d5ffb9750 Exception <a 'java/lang/NoSuchMethodError'{0x0000000086b3b088}: 'java.lang.Object java.lang.invoke.DirectMethodHandle$Holder.invokeStaticInit(java.lang.Object, int, int, int, int)'> (0x0000000086b3b088) 
thrown [s\open\src\hotspot\share\interpreter\linkResolver.cpp, line 759]
Event: 8.229 Thread 0x0000016d5ffb9750 Exception <a 'java/lang/NoSuchMethodError'{0x0000000086bf7900}: 'java.lang.Object java.lang.invoke.DirectMethodHandle$Holder.invokeStaticInit(java.lang.Object, java.lang.Object, int, int, int, int)'> (0x0000000086bf7900) 
thrown [s\open\src\hotspot\share\interpreter\linkResolver.cpp, line 759]
Event: 8.645 Thread 0x0000016d5ffb9750 Exception <a 'java/lang/NoSuchMethodError'{0x0000000086954090}: 'void java.lang.invoke.DirectMethodHandle$Holder.invokeStatic(java.lang.Object, java.lang.Object, java.lang.Object)'> (0x0000000086954090) 
thrown [s\open\src\hotspot\share\interpreter\linkResolver.cpp, line 759]
Event: 9.006 Thread 0x0000016d5ffb9750 Exception <a 'java/io/IOException'{0x00000000869f3be0}> (0x00000000869f3be0) 
thrown [s\open\src\hotspot\share\prims\jni.cpp, line 516]
Event: 9.530 Thread 0x0000016d04abe4d0 Exception <a 'java/lang/NoSuchMethodError'{0x000000008635f8c8}: 'long java.lang.invoke.DirectMethodHandle$Holder.invokeInterface(java.lang.Object, java.lang.Object)'> (0x000000008635f8c8) 
thrown [s\open\src\hotspot\share\interpreter\linkResolver.cpp, line 759]
Event: 10.013 Thread 0x0000016d04abe4d0 Exception <a 'java/lang/NoSuchMethodError'{0x0000000085f2f6b0}: 'java.lang.Object java.lang.invoke.DirectMethodHandle$Holder.invokeVirtual(java.lang.Object, java.lang.Object, java.lang.Object, java.lang.Object, java.lang.Object, java.lang.Object, java.lang.Object, java.lang.Object, java.lang.Object, java.lang.Object, java.lang.Object, java.lang.Object)'> (0x0000000085f2f6b0) 
thrown [s\open\src\hotspot\share\interpreter\linkResolver.cpp, line 759]
Event: 10.014 Thread 0x0000016d04abe4d0 Exception <a 'java/lang/NoSuchMethodError'{0x0000000085f34e48}: 'java.lang.Object java.lang.invoke.DirectMethodHandle$Holder.invokeSpecial(java.lang.Object, java.lang.Object, java.lang.Object, java.lang.Object, java.lang.Object, java.lang.Object, java.lang.Object, java.lang.Object, java.lang.Object, java.lang.Object, java.lang.Object, java.lang.Object, java.lang.Object)'> (0x0000000085f34e48) 
thrown [s\open\src\hotspot\share\interpreter\linkResolver.cpp, line 759]

VM Operations (20 events):
Event: 7.491 Executing VM operation: HandshakeAllThreads
Event: 7.491 Executing VM operation: HandshakeAllThreads done
Event: 7.546 Executing VM operation: HandshakeAllThreads
Event: 7.546 Executing VM operation: HandshakeAllThreads done
Event: 7.622 Executing VM operation: HandshakeAllThreads
Event: 7.622 Executing VM operation: HandshakeAllThreads done
Event: 7.803 Executing VM operation: HandshakeAllThreads
Event: 7.803 Executing VM operation: HandshakeAllThreads done
Event: 7.877 Executing VM operation: HandshakeAllThreads
Event: 7.877 Executing VM operation: HandshakeAllThreads done
Event: 7.915 Executing VM operation: HandshakeAllThreads
Event: 7.915 Executing VM operation: HandshakeAllThreads done
Event: 8.207 Executing VM operation: HandshakeAllThreads
Event: 8.207 Executing VM operation: HandshakeAllThreads done
Event: 8.207 Executing VM operation: Cleanup
Event: 8.207 Executing VM operation: Cleanup done
Event: 8.643 Executing VM operation: HandshakeAllThreads
Event: 8.643 Executing VM operation: HandshakeAllThreads done
Event: 9.652 Executing VM operation: Cleanup
Event: 9.977 Executing VM operation: Cleanup done

Events (20 events):
Event: 0.110 Thread 0x0000016d049bb5e0 Thread added: 0x0000016d049bb5e0
Event: 0.121 Loaded shared library C:\Program Files\Java\jdk-18.0.2.1\bin\net.dll
Event: 0.123 Loaded shared library C:\Program Files\Java\jdk-18.0.2.1\bin\nio.dll
Event: 0.130 Loaded shared library C:\Program Files\Java\jdk-18.0.2.1\bin\zip.dll
Event: 0.888 Loaded shared library C:\Program Files\Java\jdk-18.0.2.1\bin\jimage.dll
Event: 1.154 Loaded shared library C:\Program Files\Java\jdk-18.0.2.1\bin\verify.dll
Event: 3.000 Loaded shared library C:\Users\LENOVO ideapadGAMING\.gradle\native\68d5fa5c4cc2d200863cafc0d521ce42e7d3e7ee720ec0a83991735586a16f82\windows-amd64\native-platform.dll
Event: 3.008 Loaded shared library C:\Users\LENOVO ideapadGAMING\.gradle\native\e376f236ea51e6404a007f0833ffe2c6e607c4080706a723a18a27aeea778392\windows-amd64\native-platform-file-events.dll
Event: 7.576 Loaded shared library C:\Program Files\Java\jdk-18.0.2.1\bin\management.dll
Event: 7.580 Loaded shared library C:\Program Files\Java\jdk-18.0.2.1\bin\management_ext.dll
Event: 7.679 Thread 0x0000016d05828de0 Thread added: 0x0000016d05828de0
Event: 8.608 Thread 0x0000016d059ce970 Thread added: 0x0000016d059ce970
Event: 9.022 Thread 0x0000016d05846390 Thread added: 0x0000016d05846390
Event: 9.091 Thread 0x0000016d0614f9d0 Thread added: 0x0000016d0614f9d0
Event: 9.248 Thread 0x0000016d05359450 Thread added: 0x0000016d05359450
Event: 9.407 Thread 0x0000016d060868e0 Thread added: 0x0000016d060868e0
Event: 9.448 Thread 0x0000016d04abe4d0 Thread added: 0x0000016d04abe4d0
Event: 9.471 Thread 0x0000016d056c7780 Thread added: 0x0000016d056c7780
Event: 9.476 Thread 0x0000016d061fe5a0 Thread added: 0x0000016d061fe5a0
Event: 9.485 Thread 0x0000016d061ff8e0 Thread added: 0x0000016d061ff8e0


Dynamic libraries:
0x00007ff703370000 - 0x00007ff703380000 	C:\Program Files\Java\jdk-18.0.2.1\bin\java.exe
0x00007ffa89790000 - 0x00007ffa899a7000 	C:\WINDOWS\SYSTEM32\ntdll.dll
0x00007ffa88910000 - 0x00007ffa889d4000 	C:\WINDOWS\System32\KERNEL32.DLL
0x00007ffa86d70000 - 0x00007ffa87115000 	C:\WINDOWS\System32\KERNELBASE.dll
0x00007ffa86c50000 - 0x00007ffa86d61000 	C:\WINDOWS\System32\ucrtbase.dll
0x00007ff9f8250000 - 0x00007ff9f8268000 	C:\Program Files\Java\jdk-18.0.2.1\bin\jli.dll
0x00007ffa88c00000 - 0x00007ffa88cb1000 	C:\WINDOWS\System32\ADVAPI32.dll
0x00007ffa88d20000 - 0x00007ffa88dc7000 	C:\WINDOWS\System32\msvcrt.dll
0x00007ffa87ed0000 - 0x00007ffa87f76000 	C:\WINDOWS\System32\sechost.dll
0x00007ffa88e40000 - 0x00007ffa88f57000 	C:\WINDOWS\System32\RPCRT4.dll
0x00007ffa88a50000 - 0x00007ffa88bfe000 	C:\WINDOWS\System32\USER32.dll
0x00007ffa86c20000 - 0x00007ffa86c46000 	C:\WINDOWS\System32\win32u.dll
0x00007ff9f8230000 - 0x00007ff9f824a000 	C:\Program Files\Java\jdk-18.0.2.1\bin\VCRUNTIME140.dll
0x00007ffa888e0000 - 0x00007ffa88909000 	C:\WINDOWS\System32\GDI32.dll
0x00007ffa86b00000 - 0x00007ffa86c19000 	C:\WINDOWS\System32\gdi32full.dll
0x00007ffa87250000 - 0x00007ffa872ea000 	C:\WINDOWS\System32\msvcp_win.dll
0x00007ffa70620000 - 0x00007ffa708b3000 	C:\WINDOWS\WinSxS\amd64_microsoft.windows.common-controls_6595b64144ccf1df_6.0.22621.2506_none_270c5ae97388e100\COMCTL32.dll
0x00007ffa7eee0000 - 0x00007ffa7eeea000 	C:\WINDOWS\SYSTEM32\VERSION.dll
0x00007ffa896f0000 - 0x00007ffa89721000 	C:\WINDOWS\System32\IMM32.DLL
0x00007ffa50750000 - 0x00007ffa5075c000 	C:\Program Files\Java\jdk-18.0.2.1\bin\vcruntime140_1.dll
0x00007ff9f7d70000 - 0x00007ff9f7dfd000 	C:\Program Files\Java\jdk-18.0.2.1\bin\msvcp140.dll
0x00007ff9f1e00000 - 0x00007ff9f2a11000 	C:\Program Files\Java\jdk-18.0.2.1\bin\server\jvm.dll
0x00007ffa888d0000 - 0x00007ffa888d8000 	C:\WINDOWS\System32\PSAPI.DLL
0x00007ffa6b640000 - 0x00007ffa6b649000 	C:\WINDOWS\SYSTEM32\WSOCK32.dll
0x00007ffa87e50000 - 0x00007ffa87ec1000 	C:\WINDOWS\System32\WS2_32.dll
0x00007ffa7ec90000 - 0x00007ffa7ecc4000 	C:\WINDOWS\SYSTEM32\WINMM.dll
0x00007ffa85bf0000 - 0x00007ffa85c08000 	C:\WINDOWS\SYSTEM32\kernel.appcore.dll
0x00007ffa484e0000 - 0x00007ffa484ea000 	C:\Program Files\Java\jdk-18.0.2.1\bin\jimage.dll
0x00007ffa84460000 - 0x00007ffa84693000 	C:\WINDOWS\SYSTEM32\DBGHELP.DLL
0x00007ffa891c0000 - 0x00007ffa89549000 	C:\WINDOWS\System32\combase.dll
0x00007ffa88280000 - 0x00007ffa88357000 	C:\WINDOWS\System32\OLEAUT32.dll
0x00007ffa6e970000 - 0x00007ffa6e9a2000 	C:\WINDOWS\SYSTEM32\dbgcore.DLL
0x00007ffa872f0000 - 0x00007ffa8736a000 	C:\WINDOWS\System32\bcryptPrimitives.dll
0x00007ff9f8200000 - 0x00007ff9f8225000 	C:\Program Files\Java\jdk-18.0.2.1\bin\java.dll
0x00007ff9f1d20000 - 0x00007ff9f1df6000 	C:\Program Files\Java\jdk-18.0.2.1\bin\jsvml.dll
0x00007ffa875e0000 - 0x00007ffa87e39000 	C:\WINDOWS\System32\SHELL32.dll
0x00007ffa84a30000 - 0x00007ffa85324000 	C:\WINDOWS\SYSTEM32\windows.storage.dll
0x00007ffa848f0000 - 0x00007ffa84a2e000 	C:\WINDOWS\SYSTEM32\wintypes.dll
0x00007ffa874e0000 - 0x00007ffa875d3000 	C:\WINDOWS\System32\SHCORE.dll
0x00007ffa88cc0000 - 0x00007ffa88d1e000 	C:\WINDOWS\System32\shlwapi.dll
0x00007ffa86a30000 - 0x00007ffa86a56000 	C:\WINDOWS\SYSTEM32\profapi.dll
0x00007ff9f81e0000 - 0x00007ff9f81f3000 	C:\Program Files\Java\jdk-18.0.2.1\bin\net.dll
0x00007ffa7eb50000 - 0x00007ffa7ec87000 	C:\WINDOWS\SYSTEM32\WINHTTP.dll
0x00007ffa86070000 - 0x00007ffa860d9000 	C:\WINDOWS\system32\mswsock.dll
0x00007ff9f7d50000 - 0x00007ff9f7d66000 	C:\Program Files\Java\jdk-18.0.2.1\bin\nio.dll
0x00007ff9f5940000 - 0x00007ff9f5958000 	C:\Program Files\Java\jdk-18.0.2.1\bin\zip.dll
0x00007ffa825a0000 - 0x00007ffa825b0000 	C:\Program Files\Java\jdk-18.0.2.1\bin\verify.dll
0x00007ffa6b750000 - 0x00007ffa6b777000 	C:\Users\LENOVO ideapadGAMING\.gradle\native\68d5fa5c4cc2d200863cafc0d521ce42e7d3e7ee720ec0a83991735586a16f82\windows-amd64\native-platform.dll
0x00007ffa30310000 - 0x00007ffa30454000 	C:\Users\LENOVO ideapadGAMING\.gradle\native\e376f236ea51e6404a007f0833ffe2c6e607c4080706a723a18a27aeea778392\windows-amd64\native-platform-file-events.dll
0x00007ffa6b4f0000 - 0x00007ffa6b4f9000 	C:\Program Files\Java\jdk-18.0.2.1\bin\management.dll
0x00007ffa30460000 - 0x00007ffa3046b000 	C:\Program Files\Java\jdk-18.0.2.1\bin\management_ext.dll
0x00007ffa862c0000 - 0x00007ffa862db000 	C:\WINDOWS\SYSTEM32\CRYPTSP.dll
0x00007ffa85b50000 - 0x00007ffa85b85000 	C:\WINDOWS\system32\rsaenh.dll
0x00007ffa86160000 - 0x00007ffa8618c000 	C:\WINDOWS\SYSTEM32\USERENV.dll
0x00007ffa864b0000 - 0x00007ffa864d8000 	C:\WINDOWS\SYSTEM32\bcrypt.dll
0x00007ffa862e0000 - 0x00007ffa862ec000 	C:\WINDOWS\SYSTEM32\CRYPTBASE.dll
0x00007ffa85600000 - 0x00007ffa8562d000 	C:\WINDOWS\SYSTEM32\IPHLPAPI.DLL
0x00007ffa87e40000 - 0x00007ffa87e49000 	C:\WINDOWS\System32\NSI.dll
0x00007ffa7eef0000 - 0x00007ffa7ef09000 	C:\WINDOWS\SYSTEM32\dhcpcsvc6.DLL
0x00007ffa7ecd0000 - 0x00007ffa7ecef000 	C:\WINDOWS\SYSTEM32\dhcpcsvc.DLL
0x00007ffa85670000 - 0x00007ffa85769000 	C:\WINDOWS\SYSTEM32\DNSAPI.dll

dbghelp: loaded successfully - version: 4.0.5 - missing functions: none
symbol engine: initialized successfully - sym options: 0x614 - pdb path: .;C:\Program Files\Java\jdk-18.0.2.1\bin;C:\WINDOWS\SYSTEM32;C:\WINDOWS\WinSxS\amd64_microsoft.windows.common-controls_6595b64144ccf1df_6.0.22621.2506_none_270c5ae97388e100;C:\Program Files\Java\jdk-18.0.2.1\bin\server;C:\Users\LENOVO ideapadGAMING\.gradle\native\68d5fa5c4cc2d200863cafc0d521ce42e7d3e7ee720ec0a83991735586a16f82\windows-amd64;C:\Users\LENOVO ideapadGAMING\.gradle\native\e376f236ea51e6404a007f0833ffe2c6e607c4080706a723a18a27aeea778392\windows-amd64

VM Arguments:
jvm_args: -XX:MaxMetaspaceSize=512m --add-opens=java.base/java.util=ALL-UNNAMED --add-opens=java.base/java.lang=ALL-UNNAMED --add-opens=java.base/java.lang.invoke=ALL-UNNAMED --add-opens=java.prefs/java.util.prefs=ALL-UNNAMED --add-opens=java.base/java.nio.charset=ALL-UNNAMED --add-opens=java.base/java.net=ALL-UNNAMED --add-opens=java.base/java.util.concurrent.atomic=ALL-UNNAMED -Xmx2048m -Dfile.encoding=UTF-8 -Duser.country=US -Duser.language=en -Duser.variant 
java_command: org.gradle.launcher.daemon.bootstrap.GradleDaemon 8.0.1
java_class_path (initial): C:\Users\LENOVO ideapadGAMING\.gradle\wrapper\dists\gradle-8.0.1-all\aro4hu1c3oeioove7l0i4i14o\gradle-8.0.1\lib\gradle-launcher-8.0.1.jar
Launcher Type: SUN_STANDARD

[Global flags]
     intx CICompilerCount                          = 4                                         {product} {ergonomic}
   size_t CompressedClassSpaceSize                 = 432013312                                 {product} {ergonomic}
     uint ConcGCThreads                            = 3                                         {product} {ergonomic}
     uint G1ConcRefinementThreads                  = 10                                        {product} {ergonomic}
   size_t G1HeapRegionSize                         = 1048576                                   {product} {ergonomic}
    uintx GCDrainStackTargetSize                   = 64                                        {product} {ergonomic}
   size_t InitialHeapSize                          = 132120576                                 {product} {ergonomic}
   size_t MarkStackSize                            = 4194304                                   {product} {ergonomic}
   size_t MaxHeapSize                              = 2147483648                                {product} {command line}
   size_t MaxMetaspaceSize                         = 536870912                                 {product} {command line}
   size_t MaxNewSize                               = 1287651328                                {product} {ergonomic}
   size_t MinHeapDeltaBytes                        = 1048576                                   {product} {ergonomic}
   size_t MinHeapSize                              = 8388608                                   {product} {ergonomic}
    uintx NonNMethodCodeHeapSize                   = 5839372                                {pd product} {ergonomic}
    uintx NonProfiledCodeHeapSize                  = 122909434                              {pd product} {ergonomic}
    uintx ProfiledCodeHeapSize                     = 122909434                              {pd product} {ergonomic}
    uintx ReservedCodeCacheSize                    = 251658240                              {pd product} {ergonomic}
     bool SegmentedCodeCache                       = true                                      {product} {ergonomic}
   size_t SoftMaxHeapSize                          = 2147483648                             {manageable} {ergonomic}
     bool UseCompressedClassPointers               = true                           {product lp64_product} {ergonomic}
     bool UseCompressedOops                        = true                           {product lp64_product} {ergonomic}
     bool UseG1GC                                  = true                                      {product} {ergonomic}
     bool UseLargePagesIndividualAllocation        = false                                  {pd product} {ergonomic}

Logging:
Log output configuration:
 #0: stdout all=warning uptime,level,tags foldmultilines=false
 #1: stderr all=off uptime,level,tags foldmultilines=false

Environment Variables:
JAVA_HOME=C:\Program Files\Java\jdk-18.0.2.1
CLASSPATH=D:\KULIAH\SMT 5\PGPBL\Acara7\AwesomeProject\android\\gradle\wrapper\gradle-wrapper.jar
PATH=D:\KULIAH\SMT 5\PGPBL\Acara7\AwesomeProject\node_modules\.bin;D:\KULIAH\SMT 5\PGPBL\Acara7\AwesomeProject\node_modules\.bin;D:\KULIAH\SMT 5\PGPBL\Acara7\node_modules\.bin;D:\KULIAH\SMT 5\PGPBL\node_modules\.bin;D:\KULIAH\SMT 5\node_modules\.bin;D:\KULIAH\node_modules\.bin;D:\node_modules\.bin;C:\Program Files\nodejs\node_modules\npm\node_modules\@npmcli\run-script\lib\node-gyp-bin;D:\KULIAH\SMT 5\PGPBL\Acara7\AwesomeProject\node_modules\.bin;D:\KULIAH\SMT 5\PGPBL\Acara7\node_modules\.bin;D:\KULIAH\SMT 5\PGPBL\node_modules\.bin;D:\KULIAH\SMT 5\node_modules\.bin;D:\KULIAH\node_modules\.bin;D:\node_modules\.bin;C:\Program Files\nodejs\node_modules\npm\node_modules\@npmcli\run-script\lib\node-gyp-bin;C:\Program Files (x86)\Common Files\Intel\Shared Libraries\redist\intel64\compiler;C:\Python27;C:\PCI Geomatics\Geomatica 2015\exe;C:\Program Files\Common Files\Oracle\Java\javapath;C:\Program Files (x86)\Common Files\Oracle\Java\javapath;C:\Program Files (x86)\Common Files\Intel\Shared Files\cpp\bin\Intel64;C:\Windows\system32;C:\Windows;C:\Windows\System32\Wbem;C:\Windows\System32\WindowsPowerShell\v1.0\;C:\Windows\System32\OpenSSH\;C:\Program Files (x86)\NVIDIA Corporation\PhysX\Common;C:\Program Files\NVIDIA Corporation\NVIDIA NvDLISR;C:\WINDOWS\system32;C:\WINDOWS;C:\WINDOWS\System32\Wbem;C:\WINDOWS\System32\WindowsPowerShell\v1.0\;C:\WINDOWS\System32\OpenSSH\;C:\Anaconda3;C:\Anaconda3\Scripts;C:\Program Files\dotnet\;C:\dev\MapWinGIS;C:\ProgramData\ComposerSetup\bin;C:\xampp\php;C:\WINDOWS\system32;C:\WINDOWS;C:\WINDOWS\System32\Wbem;C:\WINDOWS\System32\WindowsPowerShell\v1.0\;C:\WINDOWS\System32\OpenSSH\;C:\Program Files\Git\cmd;C:\ProgramData\chocolatey\bin;C:\Program Files\nodejs\;C:\Users\LENOVO ideapadGAMING\AppData\Local\Programs\Python\Python39\;C:\Users\LENOVO ideapadGAMING\AppData\Local\Programs\Python\Python39\Scripts;C:\Program Files\MySQL\MySQL Shell 8.0\bin\;C:\Users\LENOVO ideapadGAMING\AppData\Local\Microsoft\WindowsApps;C:\Users\LENOVO ideapadGAMING\.dotnet\tools;C:\Users\LENOVO ideapadGAMING\AppData\Local\Programs\Microsoft VS Code\bin;C:\Users\LENOVO ideapadGAMING\AppData\Roaming\Composer\vendor\bin;C:\xampp\php;C:\Program Files\Git\bin\;C:\Program Files\Gitcmd\;C:\Users\LENOVO ideapadGAMING\AppData\Roaming\npm
USERNAME=LENOVO ideapadGAMING
LANG=en_US.UTF-8
OS=Windows_NT
PROCESSOR_IDENTIFIER=Intel64 Family 6 Model 165 Stepping 2, GenuineIntel



---------------  S Y S T E M  ---------------

OS:
 Windows 11 , 64 bit Build 22621 (10.0.22621.2506)
OS uptime: 0 days 11:22 hours

CPU: total 12 (initial active 12) (6 cores per cpu, 2 threads per core) family 6 model 165 stepping 2 microcode 0xe0, cx8, cmov, fxsr, ht, mmx, 3dnowpref, sse, sse2, sse3, ssse3, sse4.1, sse4.2, popcnt, lzcnt, tsc, tscinvbit, avx, avx2, aes, erms, clmul, bmi1, bmi2, adx, fma, vzeroupper, clflush, clflushopt

Memory: 4k page, system-wide physical 8060M (2M free)
TotalPageFile size 27119M (AvailPageFile size 0M)
current process WorkingSet (physical memory assigned to process): 67M, peak: 111M
current process commit charge ("private bytes"): 250M, peak: 250M

vm_info: Java HotSpot(TM) 64-Bit Server VM (18.0.2.1+1-1) for windows-amd64 JRE (18.0.2.1+1-1), built on Aug 16 2022 01:46:33 by "mach5one" with MS VC++ 16.8 / 16.9 (VS2019)

END.
