#
# There is insufficient memory for the Java Runtime Environment to continue.
# Native memory allocation (malloc) failed to allocate 1009696 bytes for Chunk::new
# Possible reasons:
#   The system is out of physical RAM or swap space
#   The process is running with CompressedOops enabled, and the Java Heap may be blocking the growth of the native heap
# Possible solutions:
#   Reduce memory load on the system
#   Increase physical memory or swap space
#   Check if swap backing store is full
#   Decrease Java heap size (-Xmx/-Xms)
#   Decrease number of Java threads
#   Decrease Java thread stack sizes (-Xss)
#   Set larger code cache with -XX:ReservedCodeCacheSize=
#   JVM is running with Unscaled Compressed Oops mode in which the Java heap is
#     placed in the first 4GB address space. The Java Heap base address is the
#     maximum limit for the native heap growth. Please use -XX:HeapBaseMinAddress
#     to set the Java Heap base and to place the Java Heap above 4GB virtual address.
# This output file may be truncated or incomplete.
#
#  Out of Memory Error (arena.cpp:184), pid=31956, tid=28524
#
# JRE version: Java(TM) SE Runtime Environment (18.0.2.1+1) (build 18.0.2.1+1-1)
# Java VM: Java HotSpot(TM) 64-Bit Server VM (18.0.2.1+1-1, mixed mode, sharing, tiered, compressed oops, compressed class ptrs, g1 gc, windows-amd64)
# No core dump will be written. Minidumps are not enabled by default on client versions of Windows
#

---------------  S U M M A R Y ------------

Command Line: -XX:MaxMetaspaceSize=512m --add-opens=java.base/java.util=ALL-UNNAMED --add-opens=java.base/java.lang=ALL-UNNAMED --add-opens=java.base/java.lang.invoke=ALL-UNNAMED --add-opens=java.prefs/java.util.prefs=ALL-UNNAMED --add-opens=java.base/java.nio.charset=ALL-UNNAMED --add-opens=java.base/java.net=ALL-UNNAMED --add-opens=java.base/java.util.concurrent.atomic=ALL-UNNAMED -Xmx2048m -Dfile.encoding=UTF-8 -Duser.country=US -Duser.language=en -Duser.variant org.gradle.launcher.daemon.bootstrap.GradleDaemon 8.0.1

Host: Intel(R) Core(TM) i7-10750H CPU @ 2.60GHz, 12 cores, 7G,  Windows 11 , 64 bit Build 22621 (10.0.22621.2506)
Time: Mon Nov 27 09:39:25 2023 SE Asia Standard Time elapsed time: 11.545297 seconds (0d 0h 0m 11s)

---------------  T H R E A D  ---------------

Current thread (0x000002072bc19a50):  JavaThread "C2 CompilerThread0" daemon [_thread_in_native, id=28524, stack(0x000000aa97b00000,0x000000aa97c00000)]


Current CompileTask:
C2:  11545 2921       4       java.net.URLClassLoader$1::run (5 bytes)

Stack: [0x000000aa97b00000,0x000000aa97c00000]
Native frames: (J=compiled Java code, j=interpreted, Vv=VM code, C=native code)
V  [jvm.dll+0x6993aa]
V  [jvm.dll+0x7f46dd]
V  [jvm.dll+0x7f5fee]
V  [jvm.dll+0x7f66a3]
V  [jvm.dll+0x25cf1f]
V  [jvm.dll+0xb8c2f]
V  [jvm.dll+0xb8fa5]
V  [jvm.dll+0x2c7e2f]
V  [jvm.dll+0x5a0d8e]
V  [jvm.dll+0x2388de]
V  [jvm.dll+0x231ea5]
V  [jvm.dll+0x22f3cb]
V  [jvm.dll+0x1ba01c]
V  [jvm.dll+0x23ee0a]
V  [jvm.dll+0x23d0f5]
V  [jvm.dll+0x7a6dd1]
V  [jvm.dll+0x7a120a]
V  [jvm.dll+0x698255]
C  [ucrtbase.dll+0x29363]
C  [KERNEL32.DLL+0x1257d]
C  [ntdll.dll+0x5aa58]


---------------  P R O C E S S  ---------------

Threads class SMR info:
_java_thread_list=0x0000020730e94390, length=34, elements={
0x000002070d577e40, 0x000002072bbfed30, 0x000002072bbff990, 0x000002072bc170a0,
0x000002072bc17a40, 0x000002072bc183e0, 0x000002072bc18d80, 0x000002072bc19a50,
0x000002072bc1d850, 0x000002072bc20240, 0x00000207300b3cf0, 0x00000207300b6b80,
0x0000020731039870, 0x0000020730cb4e30, 0x000002073105b130, 0x0000020730df31e0,
0x00000207302b6830, 0x0000020730bf7130, 0x0000020730809380, 0x0000020730e0ea70,
0x0000020730bdbbd0, 0x0000020730bd9a20, 0x0000020730bda3c0, 0x0000020730bd9ef0,
0x0000020730bdb700, 0x0000020730bda890, 0x0000020730bd9080, 0x0000020730bd9550,
0x0000020730bdc0a0, 0x0000020730bdc570, 0x0000020732a58580, 0x0000020732a55090,
0x0000020732a568a0, 0x0000020732a55f00
}

Java Threads: ( => current thread )
  0x000002070d577e40 JavaThread "main" [_thread_blocked, id=33804, stack(0x000000aa96e00000,0x000000aa96f00000)]
  0x000002072bbfed30 JavaThread "Reference Handler" daemon [_thread_blocked, id=28308, stack(0x000000aa97500000,0x000000aa97600000)]
  0x000002072bbff990 JavaThread "Finalizer" daemon [_thread_blocked, id=30616, stack(0x000000aa97600000,0x000000aa97700000)]
  0x000002072bc170a0 JavaThread "Signal Dispatcher" daemon [_thread_blocked, id=30620, stack(0x000000aa97700000,0x000000aa97800000)]
  0x000002072bc17a40 JavaThread "Attach Listener" daemon [_thread_blocked, id=30624, stack(0x000000aa97800000,0x000000aa97900000)]
  0x000002072bc183e0 JavaThread "Service Thread" daemon [_thread_blocked, id=30628, stack(0x000000aa97900000,0x000000aa97a00000)]
  0x000002072bc18d80 JavaThread "Monitor Deflation Thread" daemon [_thread_blocked, id=30632, stack(0x000000aa97a00000,0x000000aa97b00000)]
=>0x000002072bc19a50 JavaThread "C2 CompilerThread0" daemon [_thread_in_native, id=28524, stack(0x000000aa97b00000,0x000000aa97c00000)]
  0x000002072bc1d850 JavaThread "C1 CompilerThread0" daemon [_thread_blocked, id=24056, stack(0x000000aa97c00000,0x000000aa97d00000)]
  0x000002072bc20240 JavaThread "Sweeper thread" daemon [_thread_blocked, id=32860, stack(0x000000aa97d00000,0x000000aa97e00000)]
  0x00000207300b3cf0 JavaThread "Common-Cleaner" daemon [_thread_blocked, id=22612, stack(0x000000aa97e00000,0x000000aa97f00000)]
  0x00000207300b6b80 JavaThread "Notification Thread" daemon [_thread_blocked, id=4204, stack(0x000000aa97f00000,0x000000aa98000000)]
  0x0000020731039870 JavaThread "Daemon health stats" [_thread_blocked, id=17500, stack(0x000000aa98500000,0x000000aa98600000)]
  0x0000020730cb4e30 JavaThread "Incoming local TCP Connector on port 59982" [_thread_in_native, id=9632, stack(0x000000aa98600000,0x000000aa98700000)]
  0x000002073105b130 JavaThread "Daemon periodic checks" [_thread_blocked, id=4420, stack(0x000000aa98700000,0x000000aa98800000)]
  0x0000020730df31e0 JavaThread "Daemon" [_thread_blocked, id=20936, stack(0x000000aa98800000,0x000000aa98900000)]
  0x00000207302b6830 JavaThread "Handler for socket connection from /127.0.0.1:59982 to /127.0.0.1:59984" [_thread_in_native, id=31928, stack(0x000000aa98900000,0x000000aa98a00000)]
  0x0000020730bf7130 JavaThread "Cancel handler" [_thread_blocked, id=5600, stack(0x000000aa98a00000,0x000000aa98b00000)]
  0x0000020730809380 JavaThread "Daemon worker" [_thread_in_native_trans, id=31392, stack(0x000000aa98b00000,0x000000aa98c00000)]
  0x0000020730e0ea70 JavaThread "Asynchronous log dispatcher for DefaultDaemonConnection: socket connection from /127.0.0.1:59982 to /127.0.0.1:59984" [_thread_blocked, id=28820, stack(0x000000aa98c00000,0x000000aa98d00000)]
  0x0000020730bdbbd0 JavaThread "Stdin handler" [_thread_blocked, id=30012, stack(0x000000aa98d00000,0x000000aa98e00000)]
  0x0000020730bd9a20 JavaThread "Daemon client event forwarder" [_thread_blocked, id=33236, stack(0x000000aa98e00000,0x000000aa98f00000)]
  0x0000020730bda3c0 JavaThread "Cache worker for journal cache (C:\Users\LENOVO ideapadGAMING\.gradle\caches\journal-1)" [_thread_blocked, id=34656, stack(0x000000aa98f00000,0x000000aa99000000)]
  0x0000020730bd9ef0 JavaThread "File lock request listener" [_thread_in_native, id=1480, stack(0x000000aa99000000,0x000000aa99100000)]
  0x0000020730bdb700 JavaThread "Cache worker for file hash cache (C:\Users\LENOVO ideapadGAMING\.gradle\caches\8.0.1\fileHashes)" [_thread_blocked, id=21312, stack(0x000000aa99100000,0x000000aa99200000)]
  0x0000020730bda890 JavaThread "File lock release action executor" [_thread_blocked, id=2280, stack(0x000000aa99200000,0x000000aa99300000)]
  0x0000020730bd9080 JavaThread "File watcher server" daemon [_thread_in_native, id=22608, stack(0x000000aa99800000,0x000000aa99900000)]
  0x0000020730bd9550 JavaThread "File watcher consumer" daemon [_thread_blocked, id=28416, stack(0x000000aa99900000,0x000000aa99a00000)]
  0x0000020730bdc0a0 JavaThread "Cache worker for checksums cache (D:\KULIAH\SMT 5\PGPBL\Acara7\AwesomeProject\android\.gradle\8.0.1\checksums)" [_thread_blocked, id=34164, stack(0x000000aa99a00000,0x000000aa99b00000)]
  0x0000020730bdc570 JavaThread "Cache worker for cache directory md-rule (C:\Users\LENOVO ideapadGAMING\.gradle\caches\8.0.1\md-rule)" [_thread_blocked, id=2652, stack(0x000000aa99b00000,0x000000aa99c00000)]
  0x0000020732a58580 JavaThread "Cache worker for file content cache (C:\Users\LENOVO ideapadGAMING\.gradle\caches\8.0.1\fileContent)" [_thread_blocked, id=26704, stack(0x000000aa99e00000,0x000000aa99f00000)]
  0x0000020732a55090 JavaThread "Cache worker for file hash cache (D:\KULIAH\SMT 5\PGPBL\Acara7\AwesomeProject\android\.gradle\8.0.1\fileHashes)" [_thread_blocked, id=9044, stack(0x000000aa99f00000,0x000000aa9a000000)]
  0x0000020732a568a0 JavaThread "Cache worker for cache directory md-supplier (C:\Users\LENOVO ideapadGAMING\.gradle\caches\8.0.1\md-supplier)" [_thread_blocked, id=30732, stack(0x000000aa9a000000,0x000000aa9a100000)]
  0x0000020732a55f00 JavaThread "Cache worker for execution history cache (C:\Users\LENOVO ideapadGAMING\.gradle\caches\8.0.1\executionHistory)" [_thread_blocked, id=28996, stack(0x000000aa9a100000,0x000000aa9a200000)]

Other Threads:
  0x000002072bbfabc0 VMThread "VM Thread" [stack: 0x000000aa97400000,0x000000aa97500000] [id=27188]
  0x00000207300bb050 WatcherThread "VM Periodic Task Thread" [stack: 0x000000aa98000000,0x000000aa98100000] [id=34460]
  0x000002070d5da430 WorkerThread "GC Thread#0" [stack: 0x000000aa96f00000,0x000000aa97000000] [id=33524]
  0x00000207308a16b0 WorkerThread "GC Thread#1" [stack: 0x000000aa98100000,0x000000aa98200000] [id=34596]
  0x00000207308b2070 WorkerThread "GC Thread#2" [stack: 0x000000aa98200000,0x000000aa98300000] [id=20268]
  0x0000020730889840 WorkerThread "GC Thread#3" [stack: 0x000000aa98300000,0x000000aa98400000] [id=16088]
  0x00000207315b0d20 WorkerThread "GC Thread#4" [stack: 0x000000aa98400000,0x000000aa98500000] [id=10776]
  0x0000020730ce8410 WorkerThread "GC Thread#5" [stack: 0x000000aa99300000,0x000000aa99400000] [id=11872]
  0x0000020731b32850 WorkerThread "GC Thread#6" [stack: 0x000000aa99400000,0x000000aa99500000] [id=9876]
  0x0000020731b32af0 WorkerThread "GC Thread#7" [stack: 0x000000aa99500000,0x000000aa99600000] [id=4136]
  0x0000020731b32d90 WorkerThread "GC Thread#8" [stack: 0x000000aa99600000,0x000000aa99700000] [id=32588]
  0x00000207321af920 WorkerThread "GC Thread#9" [stack: 0x000000aa99700000,0x000000aa99800000] [id=26672]
  0x000002070d5eb360 ConcurrentGCThread "G1 Main Marker" [stack: 0x000000aa97000000,0x000000aa97100000] [id=13708]
  0x000002070d5ebd50 WorkerThread "G1 Conc#0" [stack: 0x000000aa97100000,0x000000aa97200000] [id=31160]
  0x00000207311872f0 WorkerThread "G1 Conc#1" [stack: 0x000000aa99c00000,0x000000aa99d00000] [id=25708]
  0x0000020731186db0 WorkerThread "G1 Conc#2" [stack: 0x000000aa99d00000,0x000000aa99e00000] [id=28152]
  0x000002070d62ec60 ConcurrentGCThread "G1 Refine#0" [stack: 0x000000aa97200000,0x000000aa97300000] [id=25336]
  0x000002072bab5760 ConcurrentGCThread "G1 Service" [stack: 0x000000aa97300000,0x000000aa97400000] [id=19588]

Threads with active compile tasks:
C2 CompilerThread0    11597 2921       4       java.net.URLClassLoader$1::run (5 bytes)
C1 CompilerThread0    11597 3370       3       java.util.TreeMap::fixAfterInsertion (267 bytes)

VM state: not at safepoint (normal execution)

VM Mutex/Monitor currently owned by a thread: None

Heap address: 0x0000000080000000, size: 2048 MB, Compressed Oops mode: 32-bit

CDS archive(s) mapped at: [0x0000000800000000-0x0000000800ba0000-0x0000000800ba0000), size 12189696, SharedBaseAddress: 0x0000000800000000, ArchiveRelocationMode: 0.
Compressed class space mapped at: 0x0000000800c00000-0x000000081a800000, reserved size: 432013312
Narrow klass base: 0x0000000800000000, Narrow klass shift: 0, Narrow klass range: 0x100000000

GC Precious Log:
 CardTable entry size: 512
 Card Set container configuration: InlinePtr #cards 5 size 8 Array Of Cards #cards 12 size 40 Howl #buckets 4 coarsen threshold 1843 Howl Bitmap #cards 512 size 80 coarsen threshold 460 Card regions per heap region 1 cards per card region 2048
 CPUs: 12 total, 12 available
 Memory: 8060M
 Large Page Support: Disabled
 NUMA Support: Disabled
 Compressed Oops: Enabled (32-bit)
 Heap Region Size: 1M
 Heap Min Capacity: 8M
 Heap Initial Capacity: 126M
 Heap Max Capacity: 2G
 Pre-touch: Disabled
 Parallel Workers: 10
 Concurrent Workers: 3
 Concurrent Refinement Workers: 10
 Periodic GC: Disabled

Heap:
 garbage-first heap   total 81920K, used 66640K [0x0000000080000000, 0x0000000100000000)
  region size 1024K, 47 young (48128K), 3 survivors (3072K)
 Metaspace       used 28780K, committed 29952K, reserved 487424K
  class space    used 4137K, committed 4736K, reserved 421888K

Heap Regions: E=young(eden), S=young(survivor), O=old, HS=humongous(starts), HC=humongous(continues), CS=collection set, F=free, OA=open archive, CA=closed archive, TAMS=top-at-mark-start (previous, next)
|   0|0x0000000080000000, 0x0000000080100000, 0x0000000080100000|100%|HS|  |TAMS 0x0000000080100000, 0x0000000080000000| Complete 
|   1|0x0000000080100000, 0x0000000080200000, 0x0000000080200000|100%|HC|  |TAMS 0x0000000080200000, 0x0000000080100000| Complete 
|   2|0x0000000080200000, 0x0000000080300000, 0x0000000080300000|100%|HC|  |TAMS 0x0000000080300000, 0x0000000080200000| Complete 
|   3|0x0000000080300000, 0x0000000080400000, 0x0000000080400000|100%|HC|  |TAMS 0x0000000080400000, 0x0000000080300000| Complete 
|   4|0x0000000080400000, 0x0000000080500000, 0x0000000080500000|100%| O|  |TAMS 0x0000000080500000, 0x0000000080400000| Untracked 
|   5|0x0000000080500000, 0x0000000080600000, 0x0000000080600000|100%| O|  |TAMS 0x0000000080600000, 0x0000000080500000| Untracked 
|   6|0x0000000080600000, 0x0000000080700000, 0x0000000080700000|100%| O|  |TAMS 0x0000000080700000, 0x0000000080600000| Untracked 
|   7|0x0000000080700000, 0x0000000080800000, 0x0000000080800000|100%| O|  |TAMS 0x0000000080700000, 0x0000000080700000| Untracked 
|   8|0x0000000080800000, 0x0000000080900000, 0x0000000080900000|100%| O|  |TAMS 0x0000000080900000, 0x0000000080800000| Untracked 
|   9|0x0000000080900000, 0x0000000080a00000, 0x0000000080a00000|100%| O|  |TAMS 0x0000000080a00000, 0x0000000080900000| Untracked 
|  10|0x0000000080a00000, 0x0000000080b00000, 0x0000000080b00000|100%| O|  |TAMS 0x0000000080b00000, 0x0000000080a00000| Complete 
|  11|0x0000000080b00000, 0x0000000080c00000, 0x0000000080c00000|100%| O|  |TAMS 0x0000000080b00000, 0x0000000080b00000| Untracked 
|  12|0x0000000080c00000, 0x0000000080d00000, 0x0000000080d00000|100%| O|  |TAMS 0x0000000080c00000, 0x0000000080c00000| Untracked 
|  13|0x0000000080d00000, 0x0000000080e00000, 0x0000000080e00000|100%| O|  |TAMS 0x0000000080d00000, 0x0000000080d00000| Untracked 
|  14|0x0000000080e00000, 0x0000000080f00000, 0x0000000080f00000|100%| O|  |TAMS 0x0000000080e00000, 0x0000000080e00000| Untracked 
|  15|0x0000000080f00000, 0x0000000081000000, 0x0000000081000000|100%| O|  |TAMS 0x0000000080f00000, 0x0000000080f00000| Untracked 
|  16|0x0000000081000000, 0x0000000081100000, 0x0000000081100000|100%| O|  |TAMS 0x0000000081000000, 0x0000000081000000| Untracked 
|  17|0x0000000081100000, 0x0000000081200000, 0x0000000081200000|100%| O|  |TAMS 0x0000000081100000, 0x0000000081100000| Untracked 
|  18|0x0000000081200000, 0x0000000081300000, 0x0000000081300000|100%| O|  |TAMS 0x0000000081200000, 0x0000000081200000| Untracked 
|  19|0x0000000081300000, 0x00000000813dfa00, 0x0000000081400000| 87%| O|  |TAMS 0x0000000081300000, 0x0000000081300000| Untracked 
|  20|0x0000000081400000, 0x0000000081400000, 0x0000000081500000|  0%| F|  |TAMS 0x0000000081400000, 0x0000000081400000| Untracked 
|  21|0x0000000081500000, 0x0000000081500000, 0x0000000081600000|  0%| F|  |TAMS 0x0000000081500000, 0x0000000081500000| Untracked 
|  22|0x0000000081600000, 0x0000000081600000, 0x0000000081700000|  0%| F|  |TAMS 0x0000000081600000, 0x0000000081600000| Untracked 
|  23|0x0000000081700000, 0x0000000081700000, 0x0000000081800000|  0%| F|  |TAMS 0x0000000081700000, 0x0000000081700000| Untracked 
|  24|0x0000000081800000, 0x0000000081800000, 0x0000000081900000|  0%| F|  |TAMS 0x0000000081800000, 0x0000000081800000| Untracked 
|  25|0x0000000081900000, 0x0000000081900000, 0x0000000081a00000|  0%| F|  |TAMS 0x0000000081900000, 0x0000000081900000| Untracked 
|  26|0x0000000081a00000, 0x0000000081a00000, 0x0000000081b00000|  0%| F|  |TAMS 0x0000000081a00000, 0x0000000081a00000| Untracked 
|  27|0x0000000081b00000, 0x0000000081b00000, 0x0000000081c00000|  0%| F|  |TAMS 0x0000000081b00000, 0x0000000081b00000| Untracked 
|  28|0x0000000081c00000, 0x0000000081c00000, 0x0000000081d00000|  0%| F|  |TAMS 0x0000000081c00000, 0x0000000081c00000| Untracked 
|  29|0x0000000081d00000, 0x0000000081d00000, 0x0000000081e00000|  0%| F|  |TAMS 0x0000000081d00000, 0x0000000081d00000| Untracked 
|  30|0x0000000081e00000, 0x0000000081e00000, 0x0000000081f00000|  0%| F|  |TAMS 0x0000000081e00000, 0x0000000081e00000| Untracked 
|  31|0x0000000081f00000, 0x0000000081f00000, 0x0000000082000000|  0%| F|  |TAMS 0x0000000081f00000, 0x0000000081f00000| Untracked 
|  32|0x0000000082000000, 0x0000000082000000, 0x0000000082100000|  0%| F|  |TAMS 0x0000000082000000, 0x0000000082000000| Untracked 
|  33|0x0000000082100000, 0x0000000082200000, 0x0000000082200000|100%| E|  |TAMS 0x0000000082100000, 0x0000000082100000| Complete 
|  34|0x0000000082200000, 0x0000000082300000, 0x0000000082300000|100%| E|CS|TAMS 0x0000000082200000, 0x0000000082200000| Complete 
|  35|0x0000000082300000, 0x0000000082400000, 0x0000000082400000|100%| E|CS|TAMS 0x0000000082300000, 0x0000000082300000| Complete 
|  36|0x0000000082400000, 0x0000000082500000, 0x0000000082500000|100%| E|CS|TAMS 0x0000000082400000, 0x0000000082400000| Complete 
|  37|0x0000000082500000, 0x0000000082600000, 0x0000000082600000|100%| E|CS|TAMS 0x0000000082500000, 0x0000000082500000| Complete 
|  38|0x0000000082600000, 0x0000000082700000, 0x0000000082700000|100%| E|CS|TAMS 0x0000000082600000, 0x0000000082600000| Complete 
|  39|0x0000000082700000, 0x0000000082800000, 0x0000000082800000|100%| E|CS|TAMS 0x0000000082700000, 0x0000000082700000| Complete 
|  40|0x0000000082800000, 0x0000000082900000, 0x0000000082900000|100%| E|CS|TAMS 0x0000000082800000, 0x0000000082800000| Complete 
|  41|0x0000000082900000, 0x0000000082a00000, 0x0000000082a00000|100%| E|CS|TAMS 0x0000000082900000, 0x0000000082900000| Complete 
|  42|0x0000000082a00000, 0x0000000082b00000, 0x0000000082b00000|100%| E|CS|TAMS 0x0000000082a00000, 0x0000000082a00000| Complete 
|  43|0x0000000082b00000, 0x0000000082c00000, 0x0000000082c00000|100%| E|CS|TAMS 0x0000000082b00000, 0x0000000082b00000| Complete 
|  44|0x0000000082c00000, 0x0000000082d00000, 0x0000000082d00000|100%| E|CS|TAMS 0x0000000082c00000, 0x0000000082c00000| Complete 
|  45|0x0000000082d00000, 0x0000000082e00000, 0x0000000082e00000|100%| E|CS|TAMS 0x0000000082d00000, 0x0000000082d00000| Complete 
|  46|0x0000000082e00000, 0x0000000082f00000, 0x0000000082f00000|100%| E|CS|TAMS 0x0000000082e00000, 0x0000000082e00000| Complete 
|  47|0x0000000082f00000, 0x0000000083000000, 0x0000000083000000|100%| E|CS|TAMS 0x0000000082f00000, 0x0000000082f00000| Complete 
|  48|0x0000000083000000, 0x0000000083100000, 0x0000000083100000|100%| E|CS|TAMS 0x0000000083000000, 0x0000000083000000| Complete 
|  49|0x0000000083100000, 0x0000000083200000, 0x0000000083200000|100%| E|CS|TAMS 0x0000000083100000, 0x0000000083100000| Complete 
|  50|0x0000000083200000, 0x0000000083300000, 0x0000000083300000|100%| E|CS|TAMS 0x0000000083200000, 0x0000000083200000| Complete 
|  51|0x0000000083300000, 0x0000000083400000, 0x0000000083400000|100%| E|CS|TAMS 0x0000000083300000, 0x0000000083300000| Complete 
|  52|0x0000000083400000, 0x0000000083500000, 0x0000000083500000|100%| E|CS|TAMS 0x0000000083400000, 0x0000000083400000| Complete 
|  53|0x0000000083500000, 0x0000000083600000, 0x0000000083600000|100%| E|CS|TAMS 0x0000000083500000, 0x0000000083500000| Complete 
|  54|0x0000000083600000, 0x0000000083700000, 0x0000000083700000|100%| E|CS|TAMS 0x0000000083600000, 0x0000000083600000| Complete 
|  55|0x0000000083700000, 0x0000000083800000, 0x0000000083800000|100%| E|CS|TAMS 0x0000000083700000, 0x0000000083700000| Complete 
|  56|0x0000000083800000, 0x0000000083900000, 0x0000000083900000|100%| E|CS|TAMS 0x0000000083800000, 0x0000000083800000| Complete 
|  57|0x0000000083900000, 0x0000000083a00000, 0x0000000083a00000|100%| E|CS|TAMS 0x0000000083900000, 0x0000000083900000| Complete 
|  58|0x0000000083a00000, 0x0000000083b00000, 0x0000000083b00000|100%| E|CS|TAMS 0x0000000083a00000, 0x0000000083a00000| Complete 
|  59|0x0000000083b00000, 0x0000000083c00000, 0x0000000083c00000|100%| E|CS|TAMS 0x0000000083b00000, 0x0000000083b00000| Complete 
|  60|0x0000000083c00000, 0x0000000083d00000, 0x0000000083d00000|100%| E|CS|TAMS 0x0000000083c00000, 0x0000000083c00000| Complete 
|  61|0x0000000083d00000, 0x0000000083e00000, 0x0000000083e00000|100%| E|CS|TAMS 0x0000000083d00000, 0x0000000083d00000| Complete 
|  62|0x0000000083e00000, 0x0000000083f00000, 0x0000000083f00000|100%| E|CS|TAMS 0x0000000083e00000, 0x0000000083e00000| Complete 
|  63|0x0000000083f00000, 0x0000000084000000, 0x0000000084000000|100%| E|CS|TAMS 0x0000000083f00000, 0x0000000083f00000| Complete 
|  64|0x0000000084000000, 0x0000000084100000, 0x0000000084100000|100%| E|CS|TAMS 0x0000000084000000, 0x0000000084000000| Complete 
|  65|0x0000000084100000, 0x0000000084200000, 0x0000000084200000|100%| E|CS|TAMS 0x0000000084100000, 0x0000000084100000| Complete 
|  66|0x0000000084200000, 0x0000000084300000, 0x0000000084300000|100%| E|CS|TAMS 0x0000000084200000, 0x0000000084200000| Complete 
|  67|0x0000000084300000, 0x0000000084400000, 0x0000000084400000|100%| E|CS|TAMS 0x0000000084300000, 0x0000000084300000| Complete 
|  68|0x0000000084400000, 0x0000000084500000, 0x0000000084500000|100%| E|CS|TAMS 0x0000000084400000, 0x0000000084400000| Complete 
|  69|0x0000000084500000, 0x0000000084600000, 0x0000000084600000|100%| E|CS|TAMS 0x0000000084500000, 0x0000000084500000| Complete 
|  70|0x0000000084600000, 0x0000000084700000, 0x0000000084700000|100%| E|CS|TAMS 0x0000000084600000, 0x0000000084600000| Complete 
|  71|0x0000000084700000, 0x0000000084800000, 0x0000000084800000|100%| E|CS|TAMS 0x0000000084700000, 0x0000000084700000| Complete 
|  72|0x0000000084800000, 0x0000000084900000, 0x0000000084900000|100%| E|CS|TAMS 0x0000000084800000, 0x0000000084800000| Complete 
|  73|0x0000000084900000, 0x0000000084a00000, 0x0000000084a00000|100%| E|CS|TAMS 0x0000000084900000, 0x0000000084900000| Complete 
|  74|0x0000000084a00000, 0x0000000084b00000, 0x0000000084b00000|100%| E|CS|TAMS 0x0000000084a00000, 0x0000000084a00000| Complete 
|  75|0x0000000084b00000, 0x0000000084c00000, 0x0000000084c00000|100%| E|CS|TAMS 0x0000000084b00000, 0x0000000084b00000| Complete 
|  95|0x0000000085f00000, 0x0000000085f34710, 0x0000000086000000| 20%| S|CS|TAMS 0x0000000085f00000, 0x0000000085f00000| Complete 
|  96|0x0000000086000000, 0x0000000086100000, 0x0000000086100000|100%| S|CS|TAMS 0x0000000086000000, 0x0000000086000000| Complete 
|  97|0x0000000086100000, 0x0000000086200000, 0x0000000086200000|100%| S|CS|TAMS 0x0000000086100000, 0x0000000086100000| Complete 
| 125|0x0000000087d00000, 0x0000000087e00000, 0x0000000087e00000|100%| E|CS|TAMS 0x0000000087d00000, 0x0000000087d00000| Complete 

Card table byte_map: [0x00000207247f0000,0x0000020724bf0000] _byte_map_base: 0x00000207243f0000

Marking Bits (Prev, Next): (CMBitMap*) 0x000002070d5daa70, (CMBitMap*) 0x000002070d5daa30
 Prev Bits: [0x0000020726ff0000, 0x0000020728ff0000)
 Next Bits: [0x0000020724ff0000, 0x0000020726ff0000)

Polling page: 0x000002070b520000

Metaspace:

Usage:
  Non-class:     24.08 MB used.
      Class:      4.04 MB used.
       Both:     28.12 MB used.

Virtual space:
  Non-class space:       64.00 MB reserved,      24.62 MB ( 38%) committed,  1 nodes.
      Class space:      412.00 MB reserved,       4.62 MB (  1%) committed,  1 nodes.
             Both:      476.00 MB reserved,      29.25 MB (  6%) committed. 

Chunk freelists:
   Non-Class:  2.84 MB
       Class:  3.22 MB
        Both:  6.06 MB

MaxMetaspaceSize: 512.00 MB
CompressedClassSpaceSize: 412.00 MB
Initial GC threshold: 21.00 MB
Current GC threshold: 35.12 MB
CDS: on
MetaspaceReclaimPolicy: balanced
 - commit_granule_bytes: 65536.
 - commit_granule_words: 8192.
 - virtual_space_node_default_size: 8388608.
 - enlarge_chunks_in_place: 1.
 - new_chunks_are_fully_committed: 0.
 - uncommit_free_chunks: 1.
 - use_allocation_guard: 0.


Internal statistics:

num_allocs_failed_limit: 3.
num_arena_births: 1900.
num_arena_deaths: 0.
num_vsnodes_births: 2.
num_vsnodes_deaths: 0.
num_space_committed: 468.
num_space_uncommitted: 0.
num_chunks_returned_to_freelist: 3.
num_chunks_taken_from_freelist: 3163.
num_chunk_merges: 3.
num_chunk_splits: 2058.
num_chunks_enlarged: 1278.
num_inconsistent_stats: 0.

CodeHeap 'non-profiled nmethods': size=120000Kb used=1550Kb max_used=1550Kb free=118449Kb
 bounds [0x000002071c970000, 0x000002071cbe0000, 0x0000020723ea0000]
CodeHeap 'profiled nmethods': size=120000Kb used=6941Kb max_used=6941Kb free=113058Kb
 bounds [0x0000020715440000, 0x0000020715b10000, 0x000002071c970000]
CodeHeap 'non-nmethods': size=5760Kb used=1261Kb max_used=1323Kb free=4498Kb
 bounds [0x0000020714ea0000, 0x0000020715110000, 0x0000020715440000]
 total_blobs=3908 nmethods=3348 adapters=472
 compilation: enabled
              stopped_count=0, restarted_count=0
 full_count=0

Compilation events (20 events):
Event: 11.521 Thread 0x000002072bc1d850 3321       3       java.util.StringJoiner::<init> (63 bytes)
Event: 11.521 Thread 0x000002072bc1d850 nmethod 3321 0x0000020715ad8010 code [0x0000020715ad8260, 0x0000020715ad8bc8]
Event: 11.521 Thread 0x000002072bc1d850 3322       3       java.util.StringJoiner::toString (53 bytes)
Event: 11.522 Thread 0x000002072bc1d850 nmethod 3322 0x0000020715ad8f10 code [0x0000020715ad90c0, 0x0000020715ad92e8]
Event: 11.522 Thread 0x000002072bc1d850 3323       3       java.lang.System$2::join (11 bytes)
Event: 11.524 Thread 0x000002072bc1d850 nmethod 3323 0x0000020715ad9390 code [0x0000020715ad96e0, 0x0000020715adac08]
Event: 11.529 Thread 0x000002072bc1d850 3324       3       org.codehaus.groovy.util.ReferenceManager$CallBackedManager::afterReferenceCreation (5 bytes)
Event: 11.529 Thread 0x000002072bc1d850 nmethod 3324 0x0000020715adb690 code [0x0000020715adb840, 0x0000020715adb988]
Event: 11.529 Thread 0x000002072bc1d850 3325   !   3       org.codehaus.groovy.util.ReferenceManager$CallBackedManager::removeStallEntries (43 bytes)
Event: 11.530 Thread 0x000002072bc1d850 nmethod 3325 0x0000020715adba10 code [0x0000020715adbc00, 0x0000020715adc078]
Event: 11.535 Thread 0x000002072bc1d850 3326       3       java.util.stream.ReferencePipeline$3::<init> (15 bytes)
Event: 11.536 Thread 0x000002072bc1d850 nmethod 3326 0x0000020715adc290 code [0x0000020715adc440, 0x0000020715adc6c8]
Event: 11.536 Thread 0x000002072bc1d850 3327       3       java.util.stream.ReferencePipeline$3::opWrapSink (10 bytes)
Event: 11.536 Thread 0x000002072bc1d850 nmethod 3327 0x0000020715adc810 code [0x0000020715adca00, 0x0000020715adcfc8]
Event: 11.536 Thread 0x000002072bc1d850 3328       3       java.util.stream.ReferencePipeline$3$1::<init> (11 bytes)
Event: 11.536 Thread 0x000002072bc1d850 nmethod 3328 0x0000020715add190 code [0x0000020715add360, 0x0000020715add868]
Event: 11.538 Thread 0x000002072bc1d850 3329       3       java.lang.Class::methodToString (78 bytes)
Event: 11.539 Thread 0x000002072bc1d850 nmethod 3329 0x0000020715adda10 code [0x0000020715addd00, 0x0000020715adeb88]
Event: 11.539 Thread 0x000002072bc1d850 3330       3       java.lang.NoSuchMethodException::<init> (6 bytes)
Event: 11.539 Thread 0x000002072bc1d850 nmethod 3330 0x0000020715adf090 code [0x0000020715adf240, 0x0000020715adf448]

GC Heap History (8 events):
Event: 2.415 GC heap before
{Heap before GC invocations=0 (full 0):
 garbage-first heap   total 129024K, used 26624K [0x0000000080000000, 0x0000000100000000)
  region size 1024K, 23 young (23552K), 0 survivors (0K)
 Metaspace       used 3038K, committed 3200K, reserved 487424K
  class space    used 375K, committed 448K, reserved 421888K
}
Event: 2.604 GC heap after
{Heap after GC invocations=1 (full 0):
 garbage-first heap   total 129024K, used 10059K [0x0000000080000000, 0x0000000100000000)
  region size 1024K, 3 young (3072K), 3 survivors (3072K)
 Metaspace       used 3038K, committed 3200K, reserved 487424K
  class space    used 375K, committed 448K, reserved 421888K
}
Event: 4.184 GC heap before
{Heap before GC invocations=1 (full 0):
 garbage-first heap   total 129024K, used 37707K [0x0000000080000000, 0x0000000100000000)
  region size 1024K, 30 young (30720K), 3 survivors (3072K)
 Metaspace       used 3970K, committed 4160K, reserved 487424K
  class space    used 473K, committed 576K, reserved 421888K
}
Event: 4.191 GC heap after
{Heap after GC invocations=2 (full 0):
 garbage-first heap   total 129024K, used 13194K [0x0000000080000000, 0x0000000100000000)
  region size 1024K, 3 young (3072K), 3 survivors (3072K)
 Metaspace       used 3970K, committed 4160K, reserved 487424K
  class space    used 473K, committed 576K, reserved 421888K
}
Event: 8.626 GC heap before
{Heap before GC invocations=2 (full 0):
 garbage-first heap   total 129024K, used 85898K [0x0000000080000000, 0x0000000100000000)
  region size 1024K, 74 young (75776K), 3 survivors (3072K)
 Metaspace       used 16800K, committed 17344K, reserved 487424K
  class space    used 2395K, committed 2688K, reserved 421888K
}
Event: 8.665 GC heap after
{Heap after GC invocations=3 (full 0):
 garbage-first heap   total 129024K, used 20300K [0x0000000080000000, 0x0000000100000000)
  region size 1024K, 10 young (10240K), 10 survivors (10240K)
 Metaspace       used 16800K, committed 17344K, reserved 487424K
  class space    used 2395K, committed 2688K, reserved 421888K
}
Event: 10.206 GC heap before
{Heap before GC invocations=3 (full 0):
 garbage-first heap   total 129024K, used 47948K [0x0000000080000000, 0x0000000100000000)
  region size 1024K, 38 young (38912K), 10 survivors (10240K)
 Metaspace       used 20764K, committed 21504K, reserved 487424K
  class space    used 3057K, committed 3456K, reserved 421888K
}
Event: 10.222 GC heap after
{Heap after GC invocations=4 (full 0):
 garbage-first heap   total 129024K, used 22608K [0x0000000080000000, 0x0000000100000000)
  region size 1024K, 3 young (3072K), 3 survivors (3072K)
 Metaspace       used 20764K, committed 21504K, reserved 487424K
  class space    used 3057K, committed 3456K, reserved 421888K
}

Deoptimization events (20 events):
Event: 11.211 Thread 0x0000020730809380 DEOPT PACKING pc=0x000002071ca9f55c sp=0x000000aa98bf1ec0
Event: 11.211 Thread 0x0000020730809380 DEOPT UNPACKING pc=0x0000020714ef23a3 sp=0x000000aa98bf1e88 mode 2
Event: 11.211 Thread 0x0000020730809380 Uncommon trap: trap_request=0xffffff45 fr.pc=0x000002071cac89c8 relative=0x00000000000012e8
Event: 11.211 Thread 0x0000020730809380 Uncommon trap: reason=unstable_if action=reinterpret pc=0x000002071cac89c8 method=jdk.internal.org.objectweb.asm.MethodWriter.visitMethodInsn(ILjava/lang/String;Ljava/lang/String;Ljava/lang/String;Z)V @ 81 c2
Event: 11.211 Thread 0x0000020730809380 DEOPT PACKING pc=0x000002071cac89c8 sp=0x000000aa98bf1ea0
Event: 11.211 Thread 0x0000020730809380 DEOPT UNPACKING pc=0x0000020714ef23a3 sp=0x000000aa98bf1e60 mode 2
Event: 11.214 Thread 0x0000020730809380 Uncommon trap: trap_request=0xffffff45 fr.pc=0x000002071cab75a4 relative=0x0000000000001224
Event: 11.214 Thread 0x0000020730809380 Uncommon trap: reason=unstable_if action=reinterpret pc=0x000002071cab75a4 method=java.lang.invoke.LambdaForm.useCount(Ljava/lang/invoke/LambdaForm$Name;)I @ 8 c2
Event: 11.214 Thread 0x0000020730809380 DEOPT PACKING pc=0x000002071cab75a4 sp=0x000000aa98bf6480
Event: 11.214 Thread 0x0000020730809380 DEOPT UNPACKING pc=0x0000020714ef23a3 sp=0x000000aa98bf62e0 mode 2
Event: 11.309 Thread 0x0000020730809380 DEOPT PACKING pc=0x000002071592fbea sp=0x000000aa98bf65d0
Event: 11.309 Thread 0x0000020730809380 DEOPT UNPACKING pc=0x0000020714ef2b43 sp=0x000000aa98bf5ae0 mode 0
Event: 11.424 Thread 0x0000020730809380 Uncommon trap: trap_request=0xffffff45 fr.pc=0x000002071c9e8f70 relative=0x0000000000000670
Event: 11.424 Thread 0x0000020730809380 Uncommon trap: reason=unstable_if action=reinterpret pc=0x000002071c9e8f70 method=java.util.Properties$LineReader.readLine()I @ 95 c2
Event: 11.424 Thread 0x0000020730809380 DEOPT PACKING pc=0x000002071c9e8f70 sp=0x000000aa98bf8e70
Event: 11.424 Thread 0x0000020730809380 DEOPT UNPACKING pc=0x0000020714ef23a3 sp=0x000000aa98bf8e20 mode 2
Event: 11.443 Thread 0x0000020730809380 Uncommon trap: trap_request=0xffffff45 fr.pc=0x000002071ca81d4c relative=0x00000000000086ec
Event: 11.443 Thread 0x0000020730809380 Uncommon trap: reason=unstable_if action=reinterpret pc=0x000002071ca81d4c method=jdk.internal.loader.BuiltinClassLoader.loadClassOrNull(Ljava/lang/String;Z)Ljava/lang/Class; @ 42 c2
Event: 11.443 Thread 0x0000020730809380 DEOPT PACKING pc=0x000002071ca81d4c sp=0x000000aa98bf4910
Event: 11.443 Thread 0x0000020730809380 DEOPT UNPACKING pc=0x0000020714ef23a3 sp=0x000000aa98bf47a0 mode 2

Classes loaded (20 events):
Event: 11.536 Loading class javax/swing/event/TableColumnModelListener
Event: 11.536 Loading class javax/swing/event/TableColumnModelListener done
Event: 11.537 Loading class javax/swing/MenuSelectionManager
Event: 11.537 Loading class javax/swing/MenuSelectionManager done
Event: 11.537 Loading class javax/swing/event/TableModelListener
Event: 11.537 Loading class javax/swing/event/TableModelListener done
Event: 11.539 Loading class javax/swing/Icon
Event: 11.539 Loading class javax/swing/Icon done
Event: 11.539 Loading class javax/swing/AbstractButton$Handler
Event: 11.539 Loading class javax/swing/event/ChangeListener
Event: 11.539 Loading class javax/swing/event/ChangeListener done
Event: 11.539 Loading class javax/swing/AbstractButton$Handler done
Event: 11.539 Loading class javax/swing/ButtonModel
Event: 11.539 Loading class javax/swing/ButtonModel done
Event: 11.540 Loading class java/awt/LayoutManager
Event: 11.540 Loading class java/awt/LayoutManager done
Event: 11.540 Loading class javax/swing/plaf/ButtonUI
Event: 11.540 Loading class javax/swing/plaf/ButtonUI done
Event: 11.540 Loading class java/awt/event/ItemEvent
Event: 11.540 Loading class java/awt/event/ItemEvent done

Classes unloaded (0 events):
No events

Classes redefined (0 events):
No events

Internal exceptions (20 events):
Event: 10.934 Thread 0x0000020730809380 Exception <a 'java/lang/NoSuchMethodError'{0x00000000836bd218}: 'java.lang.Object java.lang.invoke.DirectMethodHandle$Holder.invokeVirtual(java.lang.Object, java.lang.Object, java.lang.Object, java.lang.Object, java.lang.Object, java.lang.Object, java.lang.Object, java.lang.Object, java.lang.Object, java.lang.Object, java.lang.Object, java.lang.Object, java.lang.Object, java.lang.Object, java.lang.Object)'> (0x00000000836bd218) 
thrown [s\open\src\hotspot\share\interpreter\linkResolver.cpp, line 759]
Event: 10.935 Thread 0x0000020730809380 Exception <a 'java/lang/NoSuchMethodError'{0x00000000836c3008}: 'java.lang.Object java.lang.invoke.DirectMethodHandle$Holder.invokeSpecial(java.lang.Object, java.lang.Object, java.lang.Object, java.lang.Object, java.lang.Object, java.lang.Object, java.lang.Object, java.lang.Object, java.lang.Object, java.lang.Object, java.lang.Object, java.lang.Object, java.lang.Object, java.lang.Object, java.lang.Object, java.lang.Object)'> (0x00000000836c3008) 
thrown [s\open\src\hotspot\share\interpreter\linkResolver.cp
Event: 10.960 Thread 0x0000020730809380 Exception <a 'java/lang/NoSuchMethodError'{0x00000000835fb688}: 'java.lang.Object java.lang.invoke.DirectMethodHandle$Holder.invokeVirtual(java.lang.Object, java.lang.Object, java.lang.Object, java.lang.Object, java.lang.Object, java.lang.Object, java.lang.Object, java.lang.Object, java.lang.Object, java.lang.Object, java.lang.Object, java.lang.Object, java.lang.Object, java.lang.Object, java.lang.Object, java.lang.Object, java.lang.Object, java.lang.Object, java.lang.Object, java.lang.Object, java.lang.Ob
Event: 10.960 Thread 0x0000020730809380 Exception <a 'java/lang/NoSuchMethodError'{0x00000000834023d0}: 'java.lang.Object java.lang.invoke.DirectMethodHandle$Holder.invokeSpecial(java.lang.Object, java.lang.Object, java.lang.Object, java.lang.Object, java.lang.Object, java.lang.Object, java.lang.Object, java.lang.Object, java.lang.Object, java.lang.Object, java.lang.Object, java.lang.Object, java.lang.Object, java.lang.Object, java.lang.Object, java.lang.Object, java.lang.Object, java.lang.Object, java.lang.Object, java.lang.Object, java.lang.Ob
Event: 10.961 Thread 0x0000020730809380 Exception <a 'java/lang/NoSuchMethodError'{0x0000000083408360}: 'java.lang.Object java.lang.invoke.DelegatingMethodHandle$Holder.reinvoke_L(java.lang.Object, java.lang.Object, java.lang.Object, java.lang.Object, java.lang.Object, java.lang.Object, java.lang.Object, java.lang.Object, java.lang.Object, java.lang.Object, java.lang.Object, java.lang.Object, java.lang.Object, java.lang.Object, java.lang.Object, java.lang.Object, java.lang.Object, java.lang.Object, java.lang.Object, java.lang.Object, java.lang.O
Event: 10.979 Thread 0x0000020730809380 Exception <a 'java/lang/NoSuchMethodError'{0x0000000083342d00}: 'java.lang.Object java.lang.invoke.DirectMethodHandle$Holder.invokeVirtual(java.lang.Object, java.lang.Object, java.lang.Object, java.lang.Object, java.lang.Object, java.lang.Object, java.lang.Object, java.lang.Object, java.lang.Object, java.lang.Object, java.lang.Object, java.lang.Object, java.lang.Object, java.lang.Object, java.lang.Object, java.lang.Object, java.lang.Object, java.lang.Object)'> (0x0000000083342d00) 
thrown [s\open\src\hotsp
Event: 10.979 Thread 0x0000020730809380 Exception <a 'java/lang/NoSuchMethodError'{0x0000000083348e10}: 'java.lang.Object java.lang.invoke.DirectMethodHandle$Holder.invokeSpecial(java.lang.Object, java.lang.Object, java.lang.Object, java.lang.Object, java.lang.Object, java.lang.Object, java.lang.Object, java.lang.Object, java.lang.Object, java.lang.Object, java.lang.Object, java.lang.Object, java.lang.Object, java.lang.Object, java.lang.Object, java.lang.Object, java.lang.Object, java.lang.Object, java.lang.Object)'> (0x0000000083348e10) 
thrown
Event: 10.979 Thread 0x0000020730809380 Exception <a 'java/lang/NoSuchMethodError'{0x000000008334e728}: 'java.lang.Object java.lang.invoke.DelegatingMethodHandle$Holder.reinvoke_L(java.lang.Object, java.lang.Object, java.lang.Object, java.lang.Object, java.lang.Object, java.lang.Object, java.lang.Object, java.lang.Object, java.lang.Object, java.lang.Object, java.lang.Object, java.lang.Object, java.lang.Object, java.lang.Object, java.lang.Object, java.lang.Object, java.lang.Object, java.lang.Object)'> (0x000000008334e728) 
thrown [s\open\src\hots
Event: 11.026 Thread 0x0000020730809380 Exception <a 'java/lang/NoSuchMethodError'{0x00000000831b96e0}: 'java.lang.Object java.lang.invoke.DirectMethodHandle$Holder.newInvokeSpecial(java.lang.Object, java.lang.Object, java.lang.Object, java.lang.Object, java.lang.Object, java.lang.Object, java.lang.Object, java.lang.Object, java.lang.Object, java.lang.Object, java.lang.Object, java.lang.Object, java.lang.Object, java.lang.Object)'> (0x00000000831b96e0) 
thrown [s\open\src\hotspot\share\interpreter\linkResolver.cpp, line 759]
Event: 11.096 Thread 0x0000020730809380 Exception <a 'java/lang/NoSuchMethodError'{0x0000000082fe8240}: 'java.lang.Object java.lang.invoke.DirectMethodHandle$Holder.newInvokeSpecial(java.lang.Object, java.lang.Object, int, int)'> (0x0000000082fe8240) 
thrown [s\open\src\hotspot\share\interpreter\linkResolver.cpp, line 759]
Event: 11.102 Thread 0x0000020730809380 Exception <a 'java/lang/NoSuchMethodError'{0x0000000082e1e498}: 'void java.lang.invoke.DirectMethodHandle$Holder.invokeSpecial(java.lang.Object, java.lang.Object, int)'> (0x0000000082e1e498) 
thrown [s\open\src\hotspot\share\interpreter\linkResolver.cpp, line 759]
Event: 11.102 Thread 0x0000020730809380 Exception <a 'java/lang/NoSuchMethodError'{0x0000000082e229d0}: 'void java.lang.invoke.Invokers$Holder.invokeExact_MT(java.lang.Object, int, java.lang.Object)'> (0x0000000082e229d0) 
thrown [s\open\src\hotspot\share\interpreter\linkResolver.cpp, line 759]
Event: 11.211 Thread 0x0000020730809380 Implicit null exception at 0x000002071ca9f086 to 0x000002071ca9f550
Event: 11.211 Thread 0x0000020730809380 Implicit null exception at 0x000002071cac77d5 to 0x000002071cac89ac
Event: 11.211 Thread 0x0000020730809380 Exception <a 'java/lang/NoSuchMethodError'{0x0000000082a901f0}: 'java.lang.reflect.Method[] java.lang.Class.getDeclaredMethods(java.lang.Class)'> (0x0000000082a901f0) 
thrown [s\open\src\hotspot\share\interpreter\linkResolver.cpp, line 759]
Event: 11.274 Thread 0x0000020730809380 Exception <a 'java/lang/NoSuchMethodError'{0x00000000829acc50}: 'void java.lang.invoke.DirectMethodHandle$Holder.invokeStaticInit(java.lang.Object, java.lang.Object, java.lang.Object)'> (0x00000000829acc50) 
thrown [s\open\src\hotspot\share\interpreter\linkResolver.cpp, line 759]
Event: 11.275 Thread 0x0000020730809380 Exception <a 'java/lang/NoSuchMethodError'{0x00000000829b4078}: 'void java.lang.invoke.DirectMethodHandle$Holder.invokeStaticInit(java.lang.Object, java.lang.Object, java.lang.Object, java.lang.Object)'> (0x00000000829b4078) 
thrown [s\open\src\hotspot\share\interpreter\linkResolver.cpp, line 759]
Event: 11.289 Thread 0x0000020730809380 Exception <a 'java/lang/NoSuchMethodError'{0x00000000829d6328}: 'void java.lang.invoke.DirectMethodHandle$Holder.invokeStaticInit(java.lang.Object, java.lang.Object, java.lang.Object, java.lang.Object, java.lang.Object)'> (0x00000000829d6328) 
thrown [s\open\src\hotspot\share\interpreter\linkResolver.cpp, line 759]
Event: 11.290 Thread 0x0000020730809380 Exception <a 'java/lang/NoSuchMethodError'{0x00000000829de0b0}: 'int java.lang.invoke.DirectMethodHandle$Holder.invokeStaticInit(java.lang.Object, java.lang.Object, java.lang.Object)'> (0x00000000829de0b0) 
thrown [s\open\src\hotspot\share\interpreter\linkResolver.cpp, line 759]
Event: 11.305 Thread 0x0000020730809380 Exception <a 'java/lang/NoSuchMethodError'{0x0000000082835eb0}: 'int java.lang.invoke.DirectMethodHandle$Holder.invokeStaticInit(java.lang.Object, java.lang.Object, java.lang.Object, java.lang.Object)'> (0x0000000082835eb0) 
thrown [s\open\src\hotspot\share\interpreter\linkResolver.cpp, line 759]

VM Operations (20 events):
Event: 9.676 Executing VM operation: Cleanup
Event: 9.677 Executing VM operation: Cleanup done
Event: 10.206 Executing VM operation: CollectForMetadataAllocation
Event: 10.222 Executing VM operation: CollectForMetadataAllocation done
Event: 10.243 Executing VM operation: G1Concurrent
Event: 10.257 Executing VM operation: G1Concurrent done
Event: 10.262 Executing VM operation: G1Concurrent
Event: 10.266 Executing VM operation: G1Concurrent done
Event: 10.391 Executing VM operation: HandshakeAllThreads
Event: 10.391 Executing VM operation: HandshakeAllThreads done
Event: 10.857 Executing VM operation: HandshakeAllThreads
Event: 10.857 Executing VM operation: HandshakeAllThreads done
Event: 11.200 Executing VM operation: HandshakeAllThreads
Event: 11.200 Executing VM operation: HandshakeAllThreads done
Event: 11.329 Executing VM operation: ICBufferFull
Event: 11.329 Executing VM operation: ICBufferFull done
Event: 11.443 Executing VM operation: HandshakeAllThreads
Event: 11.443 Executing VM operation: HandshakeAllThreads done
Event: 11.501 Executing VM operation: HandshakeAllThreads
Event: 11.501 Executing VM operation: HandshakeAllThreads done

Events (20 events):
Event: 6.710 Thread 0x000002073105b130 Thread added: 0x000002073105b130
Event: 6.777 Thread 0x0000020730df31e0 Thread added: 0x0000020730df31e0
Event: 6.860 Thread 0x00000207302b6830 Thread added: 0x00000207302b6830
Event: 6.911 Thread 0x0000020730bf7130 Thread added: 0x0000020730bf7130
Event: 6.933 Thread 0x0000020730809380 Thread added: 0x0000020730809380
Event: 6.953 Thread 0x0000020730e0ea70 Thread added: 0x0000020730e0ea70
Event: 6.957 Thread 0x0000020730bdbbd0 Thread added: 0x0000020730bdbbd0
Event: 6.966 Thread 0x0000020730bd9a20 Thread added: 0x0000020730bd9a20
Event: 7.502 Thread 0x0000020730bda3c0 Thread added: 0x0000020730bda3c0
Event: 7.514 Thread 0x0000020730bd9ef0 Thread added: 0x0000020730bd9ef0
Event: 7.981 Thread 0x0000020730bdb700 Thread added: 0x0000020730bdb700
Event: 8.155 Thread 0x0000020730bda890 Thread added: 0x0000020730bda890
Event: 9.277 Thread 0x0000020730bd9080 Thread added: 0x0000020730bd9080
Event: 9.291 Thread 0x0000020730bd9550 Thread added: 0x0000020730bd9550
Event: 9.681 Thread 0x0000020730bdc0a0 Thread added: 0x0000020730bdc0a0
Event: 10.162 Thread 0x0000020730bdc570 Thread added: 0x0000020730bdc570
Event: 10.272 Thread 0x0000020732a58580 Thread added: 0x0000020732a58580
Event: 10.513 Thread 0x0000020732a55090 Thread added: 0x0000020732a55090
Event: 10.588 Thread 0x0000020732a568a0 Thread added: 0x0000020732a568a0
Event: 10.798 Thread 0x0000020732a55f00 Thread added: 0x0000020732a55f00


Dynamic libraries:
0x00007ff703370000 - 0x00007ff703380000 	C:\Program Files\Java\jdk-18.0.2.1\bin\java.exe
0x00007ffa89790000 - 0x00007ffa899a7000 	C:\WINDOWS\SYSTEM32\ntdll.dll
0x00007ffa88910000 - 0x00007ffa889d4000 	C:\WINDOWS\System32\KERNEL32.DLL
0x00007ffa86d70000 - 0x00007ffa87115000 	C:\WINDOWS\System32\KERNELBASE.dll
0x00007ffa86c50000 - 0x00007ffa86d61000 	C:\WINDOWS\System32\ucrtbase.dll
0x00007ff9f8230000 - 0x00007ff9f824a000 	C:\Program Files\Java\jdk-18.0.2.1\bin\VCRUNTIME140.dll
0x00007ff9f8250000 - 0x00007ff9f8268000 	C:\Program Files\Java\jdk-18.0.2.1\bin\jli.dll
0x00007ffa88c00000 - 0x00007ffa88cb1000 	C:\WINDOWS\System32\ADVAPI32.dll
0x00007ffa88d20000 - 0x00007ffa88dc7000 	C:\WINDOWS\System32\msvcrt.dll
0x00007ffa87ed0000 - 0x00007ffa87f76000 	C:\WINDOWS\System32\sechost.dll
0x00007ffa88e40000 - 0x00007ffa88f57000 	C:\WINDOWS\System32\RPCRT4.dll
0x00007ffa88a50000 - 0x00007ffa88bfe000 	C:\WINDOWS\System32\USER32.dll
0x00007ffa86c20000 - 0x00007ffa86c46000 	C:\WINDOWS\System32\win32u.dll
0x00007ffa70620000 - 0x00007ffa708b3000 	C:\WINDOWS\WinSxS\amd64_microsoft.windows.common-controls_6595b64144ccf1df_6.0.22621.2506_none_270c5ae97388e100\COMCTL32.dll
0x00007ffa888e0000 - 0x00007ffa88909000 	C:\WINDOWS\System32\GDI32.dll
0x00007ffa86b00000 - 0x00007ffa86c19000 	C:\WINDOWS\System32\gdi32full.dll
0x00007ffa87250000 - 0x00007ffa872ea000 	C:\WINDOWS\System32\msvcp_win.dll
0x00007ffa7eee0000 - 0x00007ffa7eeea000 	C:\WINDOWS\SYSTEM32\VERSION.dll
0x00007ffa896f0000 - 0x00007ffa89721000 	C:\WINDOWS\System32\IMM32.DLL
0x00007ffa50750000 - 0x00007ffa5075c000 	C:\Program Files\Java\jdk-18.0.2.1\bin\vcruntime140_1.dll
0x00007ff9f7d70000 - 0x00007ff9f7dfd000 	C:\Program Files\Java\jdk-18.0.2.1\bin\msvcp140.dll
0x00007ff9f1e00000 - 0x00007ff9f2a11000 	C:\Program Files\Java\jdk-18.0.2.1\bin\server\jvm.dll
0x00007ffa888d0000 - 0x00007ffa888d8000 	C:\WINDOWS\System32\PSAPI.DLL
0x00007ffa6b640000 - 0x00007ffa6b649000 	C:\WINDOWS\SYSTEM32\WSOCK32.dll
0x00007ffa87e50000 - 0x00007ffa87ec1000 	C:\WINDOWS\System32\WS2_32.dll
0x00007ffa7ec90000 - 0x00007ffa7ecc4000 	C:\WINDOWS\SYSTEM32\WINMM.dll
0x00007ffa85bf0000 - 0x00007ffa85c08000 	C:\WINDOWS\SYSTEM32\kernel.appcore.dll
0x00007ffa484e0000 - 0x00007ffa484ea000 	C:\Program Files\Java\jdk-18.0.2.1\bin\jimage.dll
0x00007ffa84460000 - 0x00007ffa84693000 	C:\WINDOWS\SYSTEM32\DBGHELP.DLL
0x00007ffa891c0000 - 0x00007ffa89549000 	C:\WINDOWS\System32\combase.dll
0x00007ffa88280000 - 0x00007ffa88357000 	C:\WINDOWS\System32\OLEAUT32.dll
0x00007ffa6e970000 - 0x00007ffa6e9a2000 	C:\WINDOWS\SYSTEM32\dbgcore.DLL
0x00007ffa872f0000 - 0x00007ffa8736a000 	C:\WINDOWS\System32\bcryptPrimitives.dll
0x00007ff9f8200000 - 0x00007ff9f8225000 	C:\Program Files\Java\jdk-18.0.2.1\bin\java.dll
0x00007ff9f1d20000 - 0x00007ff9f1df6000 	C:\Program Files\Java\jdk-18.0.2.1\bin\jsvml.dll
0x00007ffa875e0000 - 0x00007ffa87e39000 	C:\WINDOWS\System32\SHELL32.dll
0x00007ffa84a30000 - 0x00007ffa85324000 	C:\WINDOWS\SYSTEM32\windows.storage.dll
0x00007ffa848f0000 - 0x00007ffa84a2e000 	C:\WINDOWS\SYSTEM32\wintypes.dll
0x00007ffa874e0000 - 0x00007ffa875d3000 	C:\WINDOWS\System32\SHCORE.dll
0x00007ffa88cc0000 - 0x00007ffa88d1e000 	C:\WINDOWS\System32\shlwapi.dll
0x00007ffa86a30000 - 0x00007ffa86a56000 	C:\WINDOWS\SYSTEM32\profapi.dll
0x00007ff9f81e0000 - 0x00007ff9f81f3000 	C:\Program Files\Java\jdk-18.0.2.1\bin\net.dll
0x00007ffa7eb50000 - 0x00007ffa7ec87000 	C:\WINDOWS\SYSTEM32\WINHTTP.dll
0x00007ffa86070000 - 0x00007ffa860d9000 	C:\WINDOWS\system32\mswsock.dll
0x00007ff9f7d50000 - 0x00007ff9f7d66000 	C:\Program Files\Java\jdk-18.0.2.1\bin\nio.dll
0x00007ff9f5940000 - 0x00007ff9f5958000 	C:\Program Files\Java\jdk-18.0.2.1\bin\zip.dll
0x00007ffa825a0000 - 0x00007ffa825b0000 	C:\Program Files\Java\jdk-18.0.2.1\bin\verify.dll
0x00007ffa6b750000 - 0x00007ffa6b777000 	C:\Users\LENOVO ideapadGAMING\.gradle\native\68d5fa5c4cc2d200863cafc0d521ce42e7d3e7ee720ec0a83991735586a16f82\windows-amd64\native-platform.dll
0x00007ffa30310000 - 0x00007ffa30454000 	C:\Users\LENOVO ideapadGAMING\.gradle\native\e376f236ea51e6404a007f0833ffe2c6e607c4080706a723a18a27aeea778392\windows-amd64\native-platform-file-events.dll
0x00007ffa6b4f0000 - 0x00007ffa6b4f9000 	C:\Program Files\Java\jdk-18.0.2.1\bin\management.dll
0x00007ffa30460000 - 0x00007ffa3046b000 	C:\Program Files\Java\jdk-18.0.2.1\bin\management_ext.dll
0x00007ffa862c0000 - 0x00007ffa862db000 	C:\WINDOWS\SYSTEM32\CRYPTSP.dll
0x00007ffa85b50000 - 0x00007ffa85b85000 	C:\WINDOWS\system32\rsaenh.dll
0x00007ffa86160000 - 0x00007ffa8618c000 	C:\WINDOWS\SYSTEM32\USERENV.dll
0x00007ffa864b0000 - 0x00007ffa864d8000 	C:\WINDOWS\SYSTEM32\bcrypt.dll
0x00007ffa862e0000 - 0x00007ffa862ec000 	C:\WINDOWS\SYSTEM32\CRYPTBASE.dll
0x00007ffa85600000 - 0x00007ffa8562d000 	C:\WINDOWS\SYSTEM32\IPHLPAPI.DLL
0x00007ffa87e40000 - 0x00007ffa87e49000 	C:\WINDOWS\System32\NSI.dll
0x00007ffa7eef0000 - 0x00007ffa7ef09000 	C:\WINDOWS\SYSTEM32\dhcpcsvc6.DLL
0x00007ffa7ecd0000 - 0x00007ffa7ecef000 	C:\WINDOWS\SYSTEM32\dhcpcsvc.DLL
0x00007ffa85670000 - 0x00007ffa85769000 	C:\WINDOWS\SYSTEM32\DNSAPI.dll

dbghelp: loaded successfully - version: 4.0.5 - missing functions: none
symbol engine: initialized successfully - sym options: 0x614 - pdb path: .;C:\Program Files\Java\jdk-18.0.2.1\bin;C:\WINDOWS\SYSTEM32;C:\WINDOWS\WinSxS\amd64_microsoft.windows.common-controls_6595b64144ccf1df_6.0.22621.2506_none_270c5ae97388e100;C:\Program Files\Java\jdk-18.0.2.1\bin\server;C:\Users\LENOVO ideapadGAMING\.gradle\native\68d5fa5c4cc2d200863cafc0d521ce42e7d3e7ee720ec0a83991735586a16f82\windows-amd64;C:\Users\LENOVO ideapadGAMING\.gradle\native\e376f236ea51e6404a007f0833ffe2c6e607c4080706a723a18a27aeea778392\windows-amd64

VM Arguments:
jvm_args: -XX:MaxMetaspaceSize=512m --add-opens=java.base/java.util=ALL-UNNAMED --add-opens=java.base/java.lang=ALL-UNNAMED --add-opens=java.base/java.lang.invoke=ALL-UNNAMED --add-opens=java.prefs/java.util.prefs=ALL-UNNAMED --add-opens=java.base/java.nio.charset=ALL-UNNAMED --add-opens=java.base/java.net=ALL-UNNAMED --add-opens=java.base/java.util.concurrent.atomic=ALL-UNNAMED -Xmx2048m -Dfile.encoding=UTF-8 -Duser.country=US -Duser.language=en -Duser.variant 
java_command: org.gradle.launcher.daemon.bootstrap.GradleDaemon 8.0.1
java_class_path (initial): C:\Users\LENOVO ideapadGAMING\.gradle\wrapper\dists\gradle-8.0.1-all\aro4hu1c3oeioove7l0i4i14o\gradle-8.0.1\lib\gradle-launcher-8.0.1.jar
Launcher Type: SUN_STANDARD

[Global flags]
     intx CICompilerCount                          = 4                                         {product} {ergonomic}
   size_t CompressedClassSpaceSize                 = 432013312                                 {product} {ergonomic}
     uint ConcGCThreads                            = 3                                         {product} {ergonomic}
     uint G1ConcRefinementThreads                  = 10                                        {product} {ergonomic}
   size_t G1HeapRegionSize                         = 1048576                                   {product} {ergonomic}
    uintx GCDrainStackTargetSize                   = 64                                        {product} {ergonomic}
   size_t InitialHeapSize                          = 132120576                                 {product} {ergonomic}
   size_t MarkStackSize                            = 4194304                                   {product} {ergonomic}
   size_t MaxHeapSize                              = 2147483648                                {product} {command line}
   size_t MaxMetaspaceSize                         = 536870912                                 {product} {command line}
   size_t MaxNewSize                               = 1287651328                                {product} {ergonomic}
   size_t MinHeapDeltaBytes                        = 1048576                                   {product} {ergonomic}
   size_t MinHeapSize                              = 8388608                                   {product} {ergonomic}
    uintx NonNMethodCodeHeapSize                   = 5839372                                {pd product} {ergonomic}
    uintx NonProfiledCodeHeapSize                  = 122909434                              {pd product} {ergonomic}
    uintx ProfiledCodeHeapSize                     = 122909434                              {pd product} {ergonomic}
    uintx ReservedCodeCacheSize                    = 251658240                              {pd product} {ergonomic}
     bool SegmentedCodeCache                       = true                                      {product} {ergonomic}
   size_t SoftMaxHeapSize                          = 2147483648                             {manageable} {ergonomic}
     bool UseCompressedClassPointers               = true                           {product lp64_product} {ergonomic}
     bool UseCompressedOops                        = true                           {product lp64_product} {ergonomic}
     bool UseG1GC                                  = true                                      {product} {ergonomic}
     bool UseLargePagesIndividualAllocation        = false                                  {pd product} {ergonomic}

Logging:
Log output configuration:
 #0: stdout all=warning uptime,level,tags foldmultilines=false
 #1: stderr all=off uptime,level,tags foldmultilines=false

Environment Variables:
JAVA_HOME=C:\Program Files\Java\jdk-18.0.2.1
CLASSPATH=D:\KULIAH\SMT 5\PGPBL\Acara7\AwesomeProject\android\\gradle\wrapper\gradle-wrapper.jar
PATH=D:\KULIAH\SMT 5\PGPBL\Acara7\AwesomeProject\node_modules\.bin;D:\KULIAH\SMT 5\PGPBL\Acara7\AwesomeProject\node_modules\.bin;D:\KULIAH\SMT 5\PGPBL\Acara7\node_modules\.bin;D:\KULIAH\SMT 5\PGPBL\node_modules\.bin;D:\KULIAH\SMT 5\node_modules\.bin;D:\KULIAH\node_modules\.bin;D:\node_modules\.bin;C:\Program Files\nodejs\node_modules\npm\node_modules\@npmcli\run-script\lib\node-gyp-bin;D:\KULIAH\SMT 5\PGPBL\Acara7\AwesomeProject\node_modules\.bin;D:\KULIAH\SMT 5\PGPBL\Acara7\node_modules\.bin;D:\KULIAH\SMT 5\PGPBL\node_modules\.bin;D:\KULIAH\SMT 5\node_modules\.bin;D:\KULIAH\node_modules\.bin;D:\node_modules\.bin;C:\Program Files\nodejs\node_modules\npm\node_modules\@npmcli\run-script\lib\node-gyp-bin;C:\Program Files (x86)\Common Files\Intel\Shared Libraries\redist\intel64\compiler;C:\Python27;C:\PCI Geomatics\Geomatica 2015\exe;C:\Program Files\Common Files\Oracle\Java\javapath;C:\Program Files (x86)\Common Files\Oracle\Java\javapath;C:\Program Files (x86)\Common Files\Intel\Shared Files\cpp\bin\Intel64;C:\Windows\system32;C:\Windows;C:\Windows\System32\Wbem;C:\Windows\System32\WindowsPowerShell\v1.0\;C:\Windows\System32\OpenSSH\;C:\Program Files (x86)\NVIDIA Corporation\PhysX\Common;C:\Program Files\NVIDIA Corporation\NVIDIA NvDLISR;C:\WINDOWS\system32;C:\WINDOWS;C:\WINDOWS\System32\Wbem;C:\WINDOWS\System32\WindowsPowerShell\v1.0\;C:\WINDOWS\System32\OpenSSH\;C:\Anaconda3;C:\Anaconda3\Scripts;C:\Program Files\dotnet\;C:\dev\MapWinGIS;C:\ProgramData\ComposerSetup\bin;C:\xampp\php;C:\WINDOWS\system32;C:\WINDOWS;C:\WINDOWS\System32\Wbem;C:\WINDOWS\System32\WindowsPowerShell\v1.0\;C:\WINDOWS\System32\OpenSSH\;C:\Program Files\Git\cmd;C:\ProgramData\chocolatey\bin;C:\Program Files\nodejs\;C:\Users\LENOVO ideapadGAMING\AppData\Local\Programs\Python\Python39\;C:\Users\LENOVO ideapadGAMING\AppData\Local\Programs\Python\Python39\Scripts;C:\Program Files\MySQL\MySQL Shell 8.0\bin\;C:\Users\LENOVO ideapadGAMING\AppData\Local\Microsoft\WindowsApps;C:\Users\LENOVO ideapadGAMING\.dotnet\tools;C:\Users\LENOVO ideapadGAMING\AppData\Local\Programs\Microsoft VS Code\bin;C:\Users\LENOVO ideapadGAMING\AppData\Roaming\Composer\vendor\bin;C:\xampp\php;C:\Program Files\Git\bin\;C:\Program Files\Gitcmd\;C:\Users\LENOVO ideapadGAMING\AppData\Roaming\npm
USERNAME=LENOVO ideapadGAMING
LANG=en_US.UTF-8
OS=Windows_NT
PROCESSOR_IDENTIFIER=Intel64 Family 6 Model 165 Stepping 2, GenuineIntel



---------------  S Y S T E M  ---------------

OS:
 Windows 11 , 64 bit Build 22621 (10.0.22621.2506)
OS uptime: 0 days 11:22 hours

CPU: total 12 (initial active 12) (6 cores per cpu, 2 threads per core) family 6 model 165 stepping 2 microcode 0xe0, cx8, cmov, fxsr, ht, mmx, 3dnowpref, sse, sse2, sse3, ssse3, sse4.1, sse4.2, popcnt, lzcnt, tsc, tscinvbit, avx, avx2, aes, erms, clmul, bmi1, bmi2, adx, fma, vzeroupper, clflush, clflushopt

Memory: 4k page, system-wide physical 8060M (14M free)
TotalPageFile size 27119M (AvailPageFile size 0M)
current process WorkingSet (physical memory assigned to process): 170M, peak: 194M
current process commit charge ("private bytes"): 249M, peak: 286M

vm_info: Java HotSpot(TM) 64-Bit Server VM (18.0.2.1+1-1) for windows-amd64 JRE (18.0.2.1+1-1), built on Aug 16 2022 01:46:33 by "mach5one" with MS VC++ 16.8 / 16.9 (VS2019)

END.
