#
# There is insufficient memory for the Java Runtime Environment to continue.
# Native memory allocation (mmap) failed to map 321912832 bytes for G1 virtual space
# Possible reasons:
#   The system is out of physical RAM or swap space
#   The process is running with CompressedOops enabled, and the Java Heap may be blocking the growth of the native heap
# Possible solutions:
#   Reduce memory load on the system
#   Increase physical memory or swap space
#   Check if swap backing store is full
#   Decrease Java heap size (-Xmx/-Xms)
#   Decrease number of Java threads
#   Decrease Java thread stack sizes (-Xss)
#   Set larger code cache with -XX:ReservedCodeCacheSize=
#   JVM is running with Unscaled Compressed Oops mode in which the Java heap is
#     placed in the first 4GB address space. The Java Heap base address is the
#     maximum limit for the native heap growth. Please use -XX:HeapBaseMinAddress
#     to set the Java Heap base and to place the Java Heap above 4GB virtual address.
# This output file may be truncated or incomplete.
#
#  Out of Memory Error (os_windows.cpp:3530), pid=24192, tid=13004
#
# JRE version: Java(TM) SE Runtime Environment (18.0.2.1+1) (build 18.0.2.1+1-1)
# Java VM: Java HotSpot(TM) 64-Bit Server VM (18.0.2.1+1-1, mixed mode, sharing, tiered, compressed oops, compressed class ptrs, g1 gc, windows-amd64)
# No core dump will be written. Minidumps are not enabled by default on client versions of Windows
#

---------------  S U M M A R Y ------------

Command Line: -XX:MaxMetaspaceSize=512m --add-opens=java.base/java.util=ALL-UNNAMED --add-opens=java.base/java.lang=ALL-UNNAMED --add-opens=java.base/java.lang.invoke=ALL-UNNAMED --add-opens=java.prefs/java.util.prefs=ALL-UNNAMED --add-opens=java.base/java.nio.charset=ALL-UNNAMED --add-opens=java.base/java.net=ALL-UNNAMED --add-opens=java.base/java.util.concurrent.atomic=ALL-UNNAMED -Xmx2048m -Dfile.encoding=UTF-8 -Duser.country=US -Duser.language=en -Duser.variant org.gradle.launcher.daemon.bootstrap.GradleDaemon 8.0.1

Host: Intel(R) Core(TM) i7-10750H CPU @ 2.60GHz, 12 cores, 7G,  Windows 11 , 64 bit Build 22621 (10.0.22621.2428)
Time: Mon Oct 23 11:02:18 2023 SE Asia Standard Time elapsed time: 39.914136 seconds (0d 0h 0m 39s)

---------------  T H R E A D  ---------------

Current thread (0x000002191008e0f0):  VMThread "VM Thread" [stack: 0x000000b892100000,0x000000b892200000] [id=13004]

Stack: [0x000000b892100000,0x000000b892200000]
Native frames: (J=compiled Java code, j=interpreted, Vv=VM code, C=native code)
V  [jvm.dll+0x6993aa]
V  [jvm.dll+0x7f46dd]
V  [jvm.dll+0x7f5fee]
V  [jvm.dll+0x7f66a3]
V  [jvm.dll+0x25cf1f]
V  [jvm.dll+0x6962f9]
V  [jvm.dll+0x68ae2a]
V  [jvm.dll+0x32255b]
V  [jvm.dll+0x329f36]
V  [jvm.dll+0x37eade]
V  [jvm.dll+0x37ed0f]
V  [jvm.dll+0x2fa2da]
V  [jvm.dll+0x2fa387]
V  [jvm.dll+0x33e8c2]
V  [jvm.dll+0x33ce64]
V  [jvm.dll+0x2f9ab0]
V  [jvm.dll+0x33c43b]
V  [jvm.dll+0x7fb48b]
V  [jvm.dll+0x7fc224]
V  [jvm.dll+0x7fc75c]
V  [jvm.dll+0x7fcbb4]
V  [jvm.dll+0x7fcc77]
V  [jvm.dll+0x7a120a]
V  [jvm.dll+0x698255]
C  [ucrtbase.dll+0x29363]
C  [KERNEL32.DLL+0x1257d]
C  [ntdll.dll+0x5aa78]

VM_Operation (0x000000b8938f0b70): G1CollectForAllocation, mode: safepoint, requested by thread 0x000002193423e830


---------------  P R O C E S S  ---------------

Threads class SMR info:
_java_thread_list=0x0000021943b892e0, length=75, elements={
0x0000021910008030, 0x000002192e693030, 0x000002192e6942a0, 0x000002192e6a9b80,
0x000002192e6aa520, 0x000002192e6aaec0, 0x000002192e6ad870, 0x000002192e6d72a0,
0x000002192e6e1ca0, 0x000002192e6e4690, 0x00000219329e8a70, 0x00000219329ebf50,
0x0000021933f42c60, 0x0000021933a038b0, 0x0000021933fa5050, 0x0000021933cce050,
0x0000021933ba7350, 0x0000021933fa3c80, 0x000002193423e830, 0x0000021934367f00,
0x0000021934149ed0, 0x000002193414b210, 0x0000021934149a00, 0x000002193414ad40,
0x0000021934149530, 0x0000021934149060, 0x000002193414b6e0, 0x000002193414c080,
0x000002193414c550, 0x000002193414ca20, 0x0000021934adf370, 0x0000021934ae0b80,
0x0000021934adccf0, 0x0000021934addb60, 0x0000021934ade030, 0x0000021934ade500,
0x0000021934ad9cd0, 0x0000021934ae1050, 0x00000219337b5f40, 0x00000219337b85c0,
0x00000219337b55a0, 0x0000021932b51050, 0x0000021932b53200, 0x0000021932b4e500,
0x0000021932b53ba0, 0x0000021932b4e9d0, 0x0000021932b4d690, 0x0000021932b54070,
0x0000021932b4db60, 0x0000021932b4eea0, 0x0000021932b4c820, 0x0000021932b4f370,
0x0000021932b4ccf0, 0x0000021932b4d1c0, 0x0000021932b51520, 0x0000021932b536d0,
0x0000021932b519f0, 0x0000021932b4e030, 0x0000021932b4fd10, 0x0000021932b506b0,
0x0000021932b50b80, 0x0000021932b51ec0, 0x0000021932b52390, 0x0000021932b52d30,
0x000002193f2ba850, 0x000002193f2b69c0, 0x000002193f2b6e90, 0x000002193f2b4ce0,
0x000002193f2b9eb0, 0x000002193f2b7830, 0x000002193f2b6020, 0x000002193f2bb1f0,
0x000002193f2b64f0, 0x000002193f2bc530, 0x000002193f2b7360
}

Java Threads: ( => current thread )
  0x0000021910008030 JavaThread "main" [_thread_blocked, id=27668, stack(0x000000b891b00000,0x000000b891c00000)]
  0x000002192e693030 JavaThread "Reference Handler" daemon [_thread_blocked, id=26520, stack(0x000000b892200000,0x000000b892300000)]
  0x000002192e6942a0 JavaThread "Finalizer" daemon [_thread_blocked, id=6008, stack(0x000000b892300000,0x000000b892400000)]
  0x000002192e6a9b80 JavaThread "Signal Dispatcher" daemon [_thread_blocked, id=26668, stack(0x000000b892400000,0x000000b892500000)]
  0x000002192e6aa520 JavaThread "Attach Listener" daemon [_thread_blocked, id=8604, stack(0x000000b892500000,0x000000b892600000)]
  0x000002192e6aaec0 JavaThread "Service Thread" daemon [_thread_blocked, id=17740, stack(0x000000b892600000,0x000000b892700000)]
  0x000002192e6ad870 JavaThread "Monitor Deflation Thread" daemon [_thread_blocked, id=27944, stack(0x000000b892700000,0x000000b892800000)]
  0x000002192e6d72a0 JavaThread "C2 CompilerThread0" daemon [_thread_blocked, id=28512, stack(0x000000b892800000,0x000000b892900000)]
  0x000002192e6e1ca0 JavaThread "C1 CompilerThread0" daemon [_thread_blocked, id=7300, stack(0x000000b892900000,0x000000b892a00000)]
  0x000002192e6e4690 JavaThread "Sweeper thread" daemon [_thread_blocked, id=28204, stack(0x000000b892a00000,0x000000b892b00000)]
  0x00000219329e8a70 JavaThread "Common-Cleaner" daemon [_thread_blocked, id=28464, stack(0x000000b892b00000,0x000000b892c00000)]
  0x00000219329ebf50 JavaThread "Notification Thread" daemon [_thread_blocked, id=27904, stack(0x000000b892c00000,0x000000b892d00000)]
  0x0000021933f42c60 JavaThread "Daemon health stats" [_thread_blocked, id=5148, stack(0x000000b893200000,0x000000b893300000)]
  0x0000021933a038b0 JavaThread "Incoming local TCP Connector on port 50155" [_thread_in_native, id=28428, stack(0x000000b893300000,0x000000b893400000)]
  0x0000021933fa5050 JavaThread "Daemon periodic checks" [_thread_blocked, id=8364, stack(0x000000b893400000,0x000000b893500000)]
  0x0000021933cce050 JavaThread "Daemon" [_thread_blocked, id=9712, stack(0x000000b893500000,0x000000b893600000)]
  0x0000021933ba7350 JavaThread "Handler for socket connection from /127.0.0.1:50155 to /127.0.0.1:50156" [_thread_in_native, id=26652, stack(0x000000b893600000,0x000000b893700000)]
  0x0000021933fa3c80 JavaThread "Cancel handler" [_thread_blocked, id=11764, stack(0x000000b893700000,0x000000b893800000)]
  0x000002193423e830 JavaThread "Daemon worker" [_thread_blocked, id=13372, stack(0x000000b893800000,0x000000b893900000)]
  0x0000021934367f00 JavaThread "Asynchronous log dispatcher for DefaultDaemonConnection: socket connection from /127.0.0.1:50155 to /127.0.0.1:50156" [_thread_blocked, id=24544, stack(0x000000b893900000,0x000000b893a00000)]
  0x0000021934149ed0 JavaThread "Stdin handler" [_thread_blocked, id=26060, stack(0x000000b893a00000,0x000000b893b00000)]
  0x000002193414b210 JavaThread "Daemon client event forwarder" [_thread_blocked, id=20008, stack(0x000000b893b00000,0x000000b893c00000)]
  0x0000021934149a00 JavaThread "Cache worker for journal cache (C:\Users\LENOVO ideapadGAMING\.gradle\caches\journal-1)" [_thread_blocked, id=17296, stack(0x000000b893c00000,0x000000b893d00000)]
  0x000002193414ad40 JavaThread "File lock request listener" [_thread_in_native, id=27652, stack(0x000000b893d00000,0x000000b893e00000)]
  0x0000021934149530 JavaThread "Cache worker for file hash cache (C:\Users\LENOVO ideapadGAMING\.gradle\caches\8.0.1\fileHashes)" [_thread_blocked, id=7564, stack(0x000000b893e00000,0x000000b893f00000)]
  0x0000021934149060 JavaThread "File watcher server" daemon [_thread_in_native, id=22912, stack(0x000000b894400000,0x000000b894500000)]
  0x000002193414b6e0 JavaThread "File watcher consumer" daemon [_thread_blocked, id=23124, stack(0x000000b894500000,0x000000b894600000)]
  0x000002193414c080 JavaThread "Cache worker for checksums cache (D:\KULIAH\SMT 5\PGPBL\Acara7\AwesomeProject\android\.gradle\8.0.1\checksums)" [_thread_blocked, id=27264, stack(0x000000b894600000,0x000000b894700000)]
  0x000002193414c550 JavaThread "Cache worker for cache directory md-rule (C:\Users\LENOVO ideapadGAMING\.gradle\caches\8.0.1\md-rule)" [_thread_blocked, id=11360, stack(0x000000b894700000,0x000000b894800000)]
  0x000002193414ca20 JavaThread "Cache worker for file content cache (C:\Users\LENOVO ideapadGAMING\.gradle\caches\8.0.1\fileContent)" [_thread_blocked, id=23340, stack(0x000000b894a00000,0x000000b894b00000)]
  0x0000021934adf370 JavaThread "Cache worker for file hash cache (D:\KULIAH\SMT 5\PGPBL\Acara7\AwesomeProject\android\.gradle\8.0.1\fileHashes)" [_thread_blocked, id=15240, stack(0x000000b894b00000,0x000000b894c00000)]
  0x0000021934ae0b80 JavaThread "Cache worker for cache directory md-supplier (C:\Users\LENOVO ideapadGAMING\.gradle\caches\8.0.1\md-supplier)" [_thread_blocked, id=8620, stack(0x000000b894c00000,0x000000b894d00000)]
  0x0000021934adccf0 JavaThread "Cache worker for execution history cache (C:\Users\LENOVO ideapadGAMING\.gradle\caches\8.0.1\executionHistory)" [_thread_blocked, id=27164, stack(0x000000b894d00000,0x000000b894e00000)]
  0x0000021934addb60 JavaThread "jar transforms" [_thread_blocked, id=13896, stack(0x000000b894e00000,0x000000b894f00000)]
  0x0000021934ade030 JavaThread "jar transforms Thread 2" [_thread_blocked, id=25700, stack(0x000000b894f00000,0x000000b895000000)]
  0x0000021934ade500 JavaThread "jar transforms Thread 3" [_thread_blocked, id=15560, stack(0x000000b895000000,0x000000b895100000)]
  0x0000021934ad9cd0 JavaThread "jar transforms Thread 4" [_thread_blocked, id=12440, stack(0x000000b895100000,0x000000b895200000)]
  0x0000021934ae1050 JavaThread "Cache worker for kotlin-dsl (C:\Users\LENOVO ideapadGAMING\.gradle\caches\8.0.1\kotlin-dsl)" [_thread_blocked, id=22028, stack(0x000000b895200000,0x000000b895300000)]
  0x00000219337b5f40 JavaThread "jar transforms Thread 5" [_thread_blocked, id=9396, stack(0x000000b895a00000,0x000000b895b00000)]
  0x00000219337b85c0 JavaThread "jar transforms Thread 6" [_thread_blocked, id=18424, stack(0x000000b895d00000,0x000000b895e00000)]
  0x00000219337b55a0 JavaThread "Cache worker for dependencies-accessors (D:\KULIAH\SMT 5\PGPBL\Acara7\AwesomeProject\android\.gradle\8.0.1\dependencies-accessors)" [_thread_blocked, id=24712, stack(0x000000b895e00000,0x000000b895f00000)]
  0x0000021932b51050 JavaThread "Cache worker for Build Output Cleanup Cache (D:\KULIAH\SMT 5\PGPBL\Acara7\AwesomeProject\node_modules\@react-native\gradle-plugin\.gradle\buildOutputCleanup)" [_thread_blocked, id=26600, stack(0x000000b895f00000,0x000000b896000000)]
  0x0000021932b53200 JavaThread "jar transforms Thread 7" [_thread_blocked, id=1324, stack(0x000000b896000000,0x000000b896100000)]
  0x0000021932b4e500 JavaThread "Unconstrained build operations" [_thread_blocked, id=12000, stack(0x000000b896100000,0x000000b896200000)]
  0x0000021932b53ba0 JavaThread "Unconstrained build operations Thread 2" [_thread_blocked, id=14216, stack(0x000000b896200000,0x000000b896300000)]
  0x0000021932b4e9d0 JavaThread "Unconstrained build operations Thread 3" [_thread_blocked, id=24784, stack(0x000000b896300000,0x000000b896400000)]
  0x0000021932b4d690 JavaThread "Unconstrained build operations Thread 4" [_thread_blocked, id=25896, stack(0x000000b896400000,0x000000b896500000)]
  0x0000021932b54070 JavaThread "Unconstrained build operations Thread 5" [_thread_blocked, id=13524, stack(0x000000b896500000,0x000000b896600000)]
  0x0000021932b4db60 JavaThread "Unconstrained build operations Thread 6" [_thread_blocked, id=27172, stack(0x000000b896600000,0x000000b896700000)]
  0x0000021932b4eea0 JavaThread "Unconstrained build operations Thread 7" [_thread_blocked, id=6288, stack(0x000000b896700000,0x000000b896800000)]
  0x0000021932b4c820 JavaThread "Unconstrained build operations Thread 8" [_thread_blocked, id=26492, stack(0x000000b896800000,0x000000b896900000)]
  0x0000021932b4f370 JavaThread "Unconstrained build operations Thread 9" [_thread_blocked, id=24188, stack(0x000000b896900000,0x000000b896a00000)]
  0x0000021932b4ccf0 JavaThread "Unconstrained build operations Thread 10" [_thread_blocked, id=27592, stack(0x000000b896a00000,0x000000b896b00000)]
  0x0000021932b4d1c0 JavaThread "Unconstrained build operations Thread 11" [_thread_blocked, id=26684, stack(0x000000b896b00000,0x000000b896c00000)]
  0x0000021932b51520 JavaThread "Unconstrained build operations Thread 12" [_thread_blocked, id=23092, stack(0x000000b896c00000,0x000000b896d00000)]
  0x0000021932b536d0 JavaThread "Unconstrained build operations Thread 13" [_thread_blocked, id=26864, stack(0x000000b896d00000,0x000000b896e00000)]
  0x0000021932b519f0 JavaThread "Unconstrained build operations Thread 14" [_thread_blocked, id=26116, stack(0x000000b896e00000,0x000000b896f00000)]
  0x0000021932b4e030 JavaThread "Unconstrained build operations Thread 15" [_thread_blocked, id=11052, stack(0x000000b896f00000,0x000000b897000000)]
  0x0000021932b4fd10 JavaThread "Unconstrained build operations Thread 16" [_thread_blocked, id=5224, stack(0x000000b897000000,0x000000b897100000)]
  0x0000021932b506b0 JavaThread "Unconstrained build operations Thread 17" [_thread_blocked, id=3008, stack(0x000000b897100000,0x000000b897200000)]
  0x0000021932b50b80 JavaThread "Unconstrained build operations Thread 18" [_thread_blocked, id=27136, stack(0x000000b897200000,0x000000b897300000)]
  0x0000021932b51ec0 JavaThread "Unconstrained build operations Thread 19" [_thread_blocked, id=26104, stack(0x000000b897300000,0x000000b897400000)]
  0x0000021932b52390 JavaThread "Unconstrained build operations Thread 20" [_thread_blocked, id=23148, stack(0x000000b897400000,0x000000b897500000)]
  0x0000021932b52d30 JavaThread "Unconstrained build operations Thread 21" [_thread_blocked, id=21524, stack(0x000000b897500000,0x000000b897600000)]
  0x000002193f2ba850 JavaThread "Unconstrained build operations Thread 22" [_thread_blocked, id=25840, stack(0x000000b897600000,0x000000b897700000)]
  0x000002193f2b69c0 JavaThread "Unconstrained build operations Thread 23" [_thread_blocked, id=12356, stack(0x000000b897700000,0x000000b897800000)]
  0x000002193f2b6e90 JavaThread "Unconstrained build operations Thread 24" [_thread_blocked, id=27840, stack(0x000000b897800000,0x000000b897900000)]
  0x000002193f2b4ce0 JavaThread "Unconstrained build operations Thread 25" [_thread_blocked, id=23668, stack(0x000000b897900000,0x000000b897a00000)]
  0x000002193f2b9eb0 JavaThread "Unconstrained build operations Thread 26" [_thread_blocked, id=11432, stack(0x000000b897a00000,0x000000b897b00000)]
  0x000002193f2b7830 JavaThread "jar transforms Thread 8" [_thread_blocked, id=4452, stack(0x000000b897b00000,0x000000b897c00000)]
  0x000002193f2b6020 JavaThread "jar transforms Thread 9" [_thread_blocked, id=28504, stack(0x000000b897c00000,0x000000b897d00000)]
  0x000002193f2bb1f0 JavaThread "jar transforms Thread 10" [_thread_blocked, id=20856, stack(0x000000b897d00000,0x000000b897e00000)]
  0x000002193f2b64f0 JavaThread "jar transforms Thread 11" [_thread_blocked, id=27048, stack(0x000000b897e00000,0x000000b897f00000)]
  0x000002193f2bc530 JavaThread "jar transforms Thread 12" [_thread_blocked, id=23508, stack(0x000000b897f00000,0x000000b898000000)]
  0x000002193f2b7360 JavaThread "Memory manager" [_thread_blocked, id=24968, stack(0x000000b898000000,0x000000b898100000)]

Other Threads:
=>0x000002191008e0f0 VMThread "VM Thread" [stack: 0x000000b892100000,0x000000b892200000] [id=13004]
  0x00000219329ee420 WatcherThread "VM Periodic Task Thread" [stack: 0x000000b892d00000,0x000000b892e00000] [id=28604]
  0x0000021910067690 WorkerThread "GC Thread#0" [stack: 0x000000b891c00000,0x000000b891d00000] [id=27716]
  0x00000219332646f0 WorkerThread "GC Thread#1" [stack: 0x000000b892e00000,0x000000b892f00000] [id=20656]
  0x000002193326cab0 WorkerThread "GC Thread#2" [stack: 0x000000b892f00000,0x000000b893000000] [id=25900]
  0x000002193325d480 WorkerThread "GC Thread#3" [stack: 0x000000b893000000,0x000000b893100000] [id=19492]
  0x0000021933cb0c80 WorkerThread "GC Thread#4" [stack: 0x000000b893100000,0x000000b893200000] [id=12160]
  0x00000219344ced20 WorkerThread "GC Thread#5" [stack: 0x000000b893f00000,0x000000b894000000] [id=10496]
  0x00000219344cc790 WorkerThread "GC Thread#6" [stack: 0x000000b894000000,0x000000b894100000] [id=8468]
  0x0000021934f0b960 WorkerThread "GC Thread#7" [stack: 0x000000b894100000,0x000000b894200000] [id=25596]
  0x000002193549ec70 WorkerThread "GC Thread#8" [stack: 0x000000b894200000,0x000000b894300000] [id=27064]
  0x000002193408c150 WorkerThread "GC Thread#9" [stack: 0x000000b894300000,0x000000b894400000] [id=20340]
  0x00000219100795d0 ConcurrentGCThread "G1 Main Marker" [stack: 0x000000b891d00000,0x000000b891e00000] [id=18356]
  0x000002191007a760 WorkerThread "G1 Conc#0" [stack: 0x000000b891e00000,0x000000b891f00000] [id=20844]
  0x0000021934549060 WorkerThread "G1 Conc#1" [stack: 0x000000b894800000,0x000000b894900000] [id=28192]
  0x0000021934548340 WorkerThread "G1 Conc#2" [stack: 0x000000b894900000,0x000000b894a00000] [id=28144]
  0x00000219100be1a0 ConcurrentGCThread "G1 Refine#0" [stack: 0x000000b891f00000,0x000000b892000000] [id=26232]
  0x00000219349c2440 ConcurrentGCThread "G1 Refine#1" [stack: 0x000000b895300000,0x000000b895400000] [id=9528]
  0x00000219349c3520 ConcurrentGCThread "G1 Refine#2" [stack: 0x000000b895400000,0x000000b895500000] [id=3984]
  0x00000219349bffb0 ConcurrentGCThread "G1 Refine#3" [stack: 0x000000b895500000,0x000000b895600000] [id=9520]
  0x00000219349c2f80 ConcurrentGCThread "G1 Refine#4" [stack: 0x000000b895600000,0x000000b895700000] [id=21648]
  0x00000219349c1ea0 ConcurrentGCThread "G1 Refine#5" [stack: 0x000000b895700000,0x000000b895800000] [id=17948]
  0x00000219349c2170 ConcurrentGCThread "G1 Refine#6" [stack: 0x000000b895800000,0x000000b895900000] [id=27052]
  0x00000219349c2710 ConcurrentGCThread "G1 Refine#7" [stack: 0x000000b895900000,0x000000b895a00000] [id=2780]
  0x00000219100beab0 ConcurrentGCThread "G1 Service" [stack: 0x000000b892000000,0x000000b892100000] [id=3884]

Threads with active compile tasks:
C2 CompilerThread0    39980 10576       4       org.jetbrains.kotlin.cli.jvm.index.JvmDependenciesIndexImpl::search (379 bytes)

VM state: at safepoint (normal execution)

VM Mutex/Monitor currently owned by a thread:  ([mutex/lock_event])
[0x0000021910001ef0] Threads_lock - owner thread: 0x000002191008e0f0
[0x0000021910006f50] Heap_lock - owner thread: 0x000002193423e830

Heap address: 0x0000000080000000, size: 2048 MB, Compressed Oops mode: 32-bit

CDS archive(s) mapped at: [0x0000000800000000-0x0000000800ba0000-0x0000000800ba0000), size 12189696, SharedBaseAddress: 0x0000000800000000, ArchiveRelocationMode: 0.
Compressed class space mapped at: 0x0000000800c00000-0x000000081a800000, reserved size: 432013312
Narrow klass base: 0x0000000800000000, Narrow klass shift: 0, Narrow klass range: 0x100000000

GC Precious Log:
 CardTable entry size: 512
 Card Set container configuration: InlinePtr #cards 5 size 8 Array Of Cards #cards 12 size 40 Howl #buckets 4 coarsen threshold 1843 Howl Bitmap #cards 512 size 80 coarsen threshold 460 Card regions per heap region 1 cards per card region 2048
 CPUs: 12 total, 12 available
 Memory: 8060M
 Large Page Support: Disabled
 NUMA Support: Disabled
 Compressed Oops: Enabled (32-bit)
 Heap Region Size: 1M
 Heap Min Capacity: 8M
 Heap Initial Capacity: 126M
 Heap Max Capacity: 2G
 Pre-touch: Disabled
 Parallel Workers: 10
 Concurrent Workers: 3
 Concurrent Refinement Workers: 10
 Periodic GC: Disabled

Heap:
 garbage-first heap   total 199680K, used 108517K [0x0000000080000000, 0x0000000100000000)
  region size 1024K, 1 young (1024K), 1 survivors (1024K)
 Metaspace       used 110140K, committed 112384K, reserved 552960K
  class space    used 14333K, committed 15488K, reserved 421888K

Heap Regions: E=young(eden), S=young(survivor), O=old, HS=humongous(starts), HC=humongous(continues), CS=collection set, F=free, OA=open archive, CA=closed archive, TAMS=top-at-mark-start (previous, next)
|   0|0x0000000080000000, 0x0000000080100000, 0x0000000080100000|100%|HS|  |TAMS 0x0000000080100000, 0x0000000080000000| Complete 
|   1|0x0000000080100000, 0x0000000080200000, 0x0000000080200000|100%|HC|  |TAMS 0x0000000080200000, 0x0000000080100000| Complete 
|   2|0x0000000080200000, 0x0000000080300000, 0x0000000080300000|100%|HC|  |TAMS 0x0000000080300000, 0x0000000080200000| Complete 
|   3|0x0000000080300000, 0x0000000080400000, 0x0000000080400000|100%|HC|  |TAMS 0x0000000080400000, 0x0000000080300000| Complete 
|   4|0x0000000080400000, 0x0000000080500000, 0x0000000080500000|100%| O|  |TAMS 0x0000000080500000, 0x0000000080400000| Untracked 
|   5|0x0000000080500000, 0x0000000080600000, 0x0000000080600000|100%| O|  |TAMS 0x0000000080600000, 0x0000000080500000| Untracked 
|   6|0x0000000080600000, 0x0000000080700000, 0x0000000080700000|100%| O|  |TAMS 0x0000000080700000, 0x0000000080600000| Untracked 
|   7|0x0000000080700000, 0x0000000080800000, 0x0000000080800000|100%| O|  |TAMS 0x0000000080800000, 0x0000000080700000| Untracked 
|   8|0x0000000080800000, 0x0000000080900000, 0x0000000080900000|100%| O|  |TAMS 0x0000000080900000, 0x0000000080800000| Untracked 
|   9|0x0000000080900000, 0x0000000080a00000, 0x0000000080a00000|100%| O|  |TAMS 0x0000000080a00000, 0x0000000080900000| Untracked 
|  10|0x0000000080a00000, 0x0000000080b00000, 0x0000000080b00000|100%| O|  |TAMS 0x0000000080b00000, 0x0000000080a00000| Untracked 
|  11|0x0000000080b00000, 0x0000000080c00000, 0x0000000080c00000|100%| O|  |TAMS 0x0000000080c00000, 0x0000000080b00000| Untracked 
|  12|0x0000000080c00000, 0x0000000080d00000, 0x0000000080d00000|100%| O|  |TAMS 0x0000000080d00000, 0x0000000080c00000| Untracked 
|  13|0x0000000080d00000, 0x0000000080e00000, 0x0000000080e00000|100%| O|  |TAMS 0x0000000080e00000, 0x0000000080d00000| Untracked 
|  14|0x0000000080e00000, 0x0000000080f00000, 0x0000000080f00000|100%| O|  |TAMS 0x0000000080f00000, 0x0000000080e00000| Untracked 
|  15|0x0000000080f00000, 0x0000000081000000, 0x0000000081000000|100%| O|  |TAMS 0x0000000081000000, 0x0000000080f00000| Untracked 
|  16|0x0000000081000000, 0x0000000081100000, 0x0000000081100000|100%| O|  |TAMS 0x0000000081100000, 0x0000000081000000| Untracked 
|  17|0x0000000081100000, 0x0000000081200000, 0x0000000081200000|100%| O|  |TAMS 0x0000000081200000, 0x0000000081100000| Untracked 
|  18|0x0000000081200000, 0x0000000081300000, 0x0000000081300000|100%| O|  |TAMS 0x0000000081300000, 0x0000000081200000| Untracked 
|  19|0x0000000081300000, 0x00000000813ed000, 0x0000000081400000| 92%| O|  |TAMS 0x00000000813ed000, 0x0000000081300000| Untracked 
|  20|0x0000000081400000, 0x0000000081500000, 0x0000000081500000|100%| O|  |TAMS 0x0000000081500000, 0x0000000081400000| Untracked 
|  21|0x0000000081500000, 0x0000000081600000, 0x0000000081600000|100%| O|  |TAMS 0x0000000081600000, 0x0000000081500000| Untracked 
|  22|0x0000000081600000, 0x0000000081700000, 0x0000000081700000|100%| O|  |TAMS 0x0000000081700000, 0x0000000081600000| Untracked 
|  23|0x0000000081700000, 0x0000000081800000, 0x0000000081800000|100%| O|  |TAMS 0x0000000081800000, 0x0000000081700000| Untracked 
|  24|0x0000000081800000, 0x0000000081900000, 0x0000000081900000|100%| O|  |TAMS 0x0000000081900000, 0x0000000081800000| Untracked 
|  25|0x0000000081900000, 0x0000000081a00000, 0x0000000081a00000|100%| O|  |TAMS 0x0000000081a00000, 0x0000000081900000| Untracked 
|  26|0x0000000081a00000, 0x0000000081b00000, 0x0000000081b00000|100%| O|  |TAMS 0x0000000081b00000, 0x0000000081a00000| Untracked 
|  27|0x0000000081b00000, 0x0000000081c00000, 0x0000000081c00000|100%| O|  |TAMS 0x0000000081c00000, 0x0000000081b00000| Untracked 
|  28|0x0000000081c00000, 0x0000000081d00000, 0x0000000081d00000|100%| O|  |TAMS 0x0000000081d00000, 0x0000000081c00000| Untracked 
|  29|0x0000000081d00000, 0x0000000081e00000, 0x0000000081e00000|100%| O|  |TAMS 0x0000000081e00000, 0x0000000081d00000| Untracked 
|  30|0x0000000081e00000, 0x0000000081f00000, 0x0000000081f00000|100%| O|  |TAMS 0x0000000081f00000, 0x0000000081e00000| Untracked 
|  31|0x0000000081f00000, 0x0000000082000000, 0x0000000082000000|100%| O|  |TAMS 0x0000000082000000, 0x0000000081f00000| Untracked 
|  32|0x0000000082000000, 0x0000000082100000, 0x0000000082100000|100%| O|  |TAMS 0x0000000082100000, 0x0000000082000000| Untracked 
|  33|0x0000000082100000, 0x0000000082200000, 0x0000000082200000|100%| O|  |TAMS 0x0000000082200000, 0x0000000082100000| Untracked 
|  34|0x0000000082200000, 0x0000000082300000, 0x0000000082300000|100%|HS|  |TAMS 0x0000000082300000, 0x0000000082200000| Complete 
|  35|0x0000000082300000, 0x0000000082400000, 0x0000000082400000|100%|HC|  |TAMS 0x0000000082400000, 0x0000000082300000| Complete 
|  36|0x0000000082400000, 0x0000000082500000, 0x0000000082500000|100%|HC|  |TAMS 0x0000000082500000, 0x0000000082400000| Complete 
|  37|0x0000000082500000, 0x0000000082600000, 0x0000000082600000|100%|HC|  |TAMS 0x0000000082600000, 0x0000000082500000| Complete 
|  38|0x0000000082600000, 0x0000000082700000, 0x0000000082700000|100%| O|  |TAMS 0x0000000082700000, 0x0000000082600000| Untracked 
|  39|0x0000000082700000, 0x0000000082800000, 0x0000000082800000|100%| O|  |TAMS 0x0000000082800000, 0x0000000082700000| Untracked 
|  40|0x0000000082800000, 0x0000000082900000, 0x0000000082900000|100%| O|  |TAMS 0x0000000082900000, 0x0000000082800000| Untracked 
|  41|0x0000000082900000, 0x0000000082a00000, 0x0000000082a00000|100%| O|  |TAMS 0x0000000082a00000, 0x0000000082900000| Untracked 
|  42|0x0000000082a00000, 0x0000000082b00000, 0x0000000082b00000|100%| O|  |TAMS 0x0000000082b00000, 0x0000000082a00000| Untracked 
|  43|0x0000000082b00000, 0x0000000082c00000, 0x0000000082c00000|100%| O|  |TAMS 0x0000000082c00000, 0x0000000082b00000| Untracked 
|  44|0x0000000082c00000, 0x0000000082d00000, 0x0000000082d00000|100%| O|  |TAMS 0x0000000082d00000, 0x0000000082c00000| Untracked 
|  45|0x0000000082d00000, 0x0000000082e00000, 0x0000000082e00000|100%| O|  |TAMS 0x0000000082e00000, 0x0000000082d00000| Untracked 
|  46|0x0000000082e00000, 0x0000000082f00000, 0x0000000082f00000|100%| O|  |TAMS 0x0000000082f00000, 0x0000000082e00000| Untracked 
|  47|0x0000000082f00000, 0x0000000083000000, 0x0000000083000000|100%| O|  |TAMS 0x0000000083000000, 0x0000000082f00000| Untracked 
|  48|0x0000000083000000, 0x0000000083100000, 0x0000000083100000|100%| O|  |TAMS 0x0000000083100000, 0x0000000083000000| Untracked 
|  49|0x0000000083100000, 0x0000000083200000, 0x0000000083200000|100%|HS|  |TAMS 0x0000000083200000, 0x0000000083100000| Complete 
|  50|0x0000000083200000, 0x0000000083300000, 0x0000000083300000|100%|HC|  |TAMS 0x0000000083300000, 0x0000000083200000| Complete 
|  51|0x0000000083300000, 0x0000000083400000, 0x0000000083400000|100%|HC|  |TAMS 0x0000000083400000, 0x0000000083300000| Complete 
|  52|0x0000000083400000, 0x0000000083500000, 0x0000000083500000|100%|HC|  |TAMS 0x0000000083500000, 0x0000000083400000| Complete 
|  53|0x0000000083500000, 0x0000000083600000, 0x0000000083600000|100%|HC|  |TAMS 0x0000000083600000, 0x0000000083500000| Complete 
|  54|0x0000000083600000, 0x0000000083700000, 0x0000000083700000|100%|HC|  |TAMS 0x0000000083700000, 0x0000000083600000| Complete 
|  55|0x0000000083700000, 0x0000000083800000, 0x0000000083800000|100%| O|  |TAMS 0x0000000083800000, 0x0000000083700000| Untracked 
|  56|0x0000000083800000, 0x0000000083900000, 0x0000000083900000|100%| O|  |TAMS 0x0000000083900000, 0x0000000083800000| Untracked 
|  57|0x0000000083900000, 0x0000000083a00000, 0x0000000083a00000|100%| O|  |TAMS 0x0000000083a00000, 0x0000000083900000| Untracked 
|  58|0x0000000083a00000, 0x0000000083b00000, 0x0000000083b00000|100%| O|  |TAMS 0x0000000083a00000, 0x0000000083a00000| Untracked 
|  59|0x0000000083b00000, 0x0000000083c00000, 0x0000000083c00000|100%| O|  |TAMS 0x0000000083c00000, 0x0000000083b00000| Untracked 
|  60|0x0000000083c00000, 0x0000000083d00000, 0x0000000083d00000|100%| O|  |TAMS 0x0000000083d00000, 0x0000000083c00000| Untracked 
|  61|0x0000000083d00000, 0x0000000083e00000, 0x0000000083e00000|100%| O|  |TAMS 0x0000000083e00000, 0x0000000083d00000| Untracked 
|  62|0x0000000083e00000, 0x0000000083f00000, 0x0000000083f00000|100%| O|  |TAMS 0x0000000083e00000, 0x0000000083e00000| Untracked 
|  63|0x0000000083f00000, 0x0000000084000000, 0x0000000084000000|100%| O|  |TAMS 0x0000000084000000, 0x0000000083f00000| Untracked 
|  64|0x0000000084000000, 0x0000000084000000, 0x0000000084100000|  0%| F|  |TAMS 0x0000000084000000, 0x0000000084000000| Untracked 
|  65|0x0000000084100000, 0x0000000084100000, 0x0000000084200000|  0%| F|  |TAMS 0x0000000084100000, 0x0000000084100000| Untracked 
|  66|0x0000000084200000, 0x0000000084300000, 0x0000000084300000|100%| O|  |TAMS 0x0000000084300000, 0x0000000084200000| Untracked 
|  67|0x0000000084300000, 0x0000000084400000, 0x0000000084400000|100%| O|  |TAMS 0x0000000084300000, 0x0000000084300000| Untracked 
|  68|0x0000000084400000, 0x0000000084400000, 0x0000000084500000|  0%| F|  |TAMS 0x0000000084400000, 0x0000000084400000| Untracked 
|  69|0x0000000084500000, 0x0000000084600000, 0x0000000084600000|100%| O|  |TAMS 0x0000000084600000, 0x0000000084500000| Untracked 
|  70|0x0000000084600000, 0x0000000084700000, 0x0000000084700000|100%| O|  |TAMS 0x0000000084700000, 0x0000000084600000| Untracked 
|  71|0x0000000084700000, 0x0000000084800000, 0x0000000084800000|100%| O|  |TAMS 0x0000000084700000, 0x0000000084700000| Untracked 
|  72|0x0000000084800000, 0x0000000084800000, 0x0000000084900000|  0%| F|  |TAMS 0x0000000084800000, 0x0000000084800000| Untracked 
|  73|0x0000000084900000, 0x0000000084900000, 0x0000000084a00000|  0%| F|  |TAMS 0x0000000084900000, 0x0000000084900000| Untracked 
|  74|0x0000000084a00000, 0x0000000084b00000, 0x0000000084b00000|100%| O|  |TAMS 0x0000000084b00000, 0x0000000084a00000| Untracked 
|  75|0x0000000084b00000, 0x0000000084c00000, 0x0000000084c00000|100%| O|  |TAMS 0x0000000084c00000, 0x0000000084b00000| Untracked 
|  76|0x0000000084c00000, 0x0000000084c00000, 0x0000000084d00000|  0%| F|  |TAMS 0x0000000084c00000, 0x0000000084c00000| Untracked 
|  77|0x0000000084d00000, 0x0000000084d00000, 0x0000000084e00000|  0%| F|  |TAMS 0x0000000084d00000, 0x0000000084d00000| Untracked 
|  78|0x0000000084e00000, 0x0000000084f00000, 0x0000000084f00000|100%| O|  |TAMS 0x0000000084f00000, 0x0000000084e00000| Untracked 
|  79|0x0000000084f00000, 0x0000000085000000, 0x0000000085000000|100%| O|  |TAMS 0x0000000085000000, 0x0000000084f00000| Untracked 
|  80|0x0000000085000000, 0x0000000085000000, 0x0000000085100000|  0%| F|  |TAMS 0x0000000085000000, 0x0000000085000000| Untracked 
|  81|0x0000000085100000, 0x0000000085100000, 0x0000000085200000|  0%| F|  |TAMS 0x0000000085100000, 0x0000000085100000| Untracked 
|  82|0x0000000085200000, 0x0000000085300000, 0x0000000085300000|100%| O|  |TAMS 0x0000000085300000, 0x0000000085200000| Untracked 
|  83|0x0000000085300000, 0x0000000085400000, 0x0000000085400000|100%|HS|  |TAMS 0x0000000085400000, 0x0000000085300000| Complete 
|  84|0x0000000085400000, 0x0000000085500000, 0x0000000085500000|100%|HC|  |TAMS 0x0000000085500000, 0x0000000085400000| Complete 
|  85|0x0000000085500000, 0x0000000085600000, 0x0000000085600000|100%| O|  |TAMS 0x0000000085600000, 0x0000000085500000| Untracked 
|  86|0x0000000085600000, 0x0000000085700000, 0x0000000085700000|100%| O|  |TAMS 0x0000000085700000, 0x0000000085600000| Untracked 
|  87|0x0000000085700000, 0x0000000085700000, 0x0000000085800000|  0%| F|  |TAMS 0x0000000085700000, 0x0000000085700000| Untracked 
|  88|0x0000000085800000, 0x0000000085800000, 0x0000000085900000|  0%| F|  |TAMS 0x0000000085800000, 0x0000000085800000| Untracked 
|  89|0x0000000085900000, 0x0000000085a00000, 0x0000000085a00000|100%|HS|  |TAMS 0x0000000085a00000, 0x0000000085900000| Complete 
|  90|0x0000000085a00000, 0x0000000085b00000, 0x0000000085b00000|100%|HC|  |TAMS 0x0000000085b00000, 0x0000000085a00000| Complete 
|  91|0x0000000085b00000, 0x0000000085c00000, 0x0000000085c00000|100%|HC|  |TAMS 0x0000000085c00000, 0x0000000085b00000| Complete 
|  92|0x0000000085c00000, 0x0000000085d00000, 0x0000000085d00000|100%|HC|  |TAMS 0x0000000085d00000, 0x0000000085c00000| Complete 
|  93|0x0000000085d00000, 0x0000000085e00000, 0x0000000085e00000|100%| O|  |TAMS 0x0000000085e00000, 0x0000000085d00000| Untracked 
|  94|0x0000000085e00000, 0x0000000085f00000, 0x0000000085f00000|100%| O|  |TAMS 0x0000000085f00000, 0x0000000085e00000| Untracked 
|  95|0x0000000085f00000, 0x0000000086000000, 0x0000000086000000|100%| O|  |TAMS 0x0000000086000000, 0x0000000085f00000| Untracked 
|  96|0x0000000086000000, 0x0000000086100000, 0x0000000086100000|100%| O|  |TAMS 0x0000000086100000, 0x0000000086000000| Untracked 
|  97|0x0000000086100000, 0x0000000086200000, 0x0000000086200000|100%| O|  |TAMS 0x0000000086200000, 0x0000000086100000| Untracked 
|  98|0x0000000086200000, 0x0000000086300000, 0x0000000086300000|100%| O|  |TAMS 0x0000000086300000, 0x0000000086200000| Untracked 
|  99|0x0000000086300000, 0x0000000086400000, 0x0000000086400000|100%| O|  |TAMS 0x0000000086309c00, 0x0000000086300000| Untracked 
| 100|0x0000000086400000, 0x0000000086500000, 0x0000000086500000|100%| O|  |TAMS 0x0000000086400000, 0x0000000086400000| Untracked 
| 101|0x0000000086500000, 0x0000000086600000, 0x0000000086600000|100%| O|  |TAMS 0x0000000086500000, 0x0000000086500000| Untracked 
| 102|0x0000000086600000, 0x0000000086700000, 0x0000000086700000|100%| O|  |TAMS 0x0000000086600000, 0x0000000086600000| Untracked 
| 103|0x0000000086700000, 0x0000000086800000, 0x0000000086800000|100%| O|  |TAMS 0x0000000086700000, 0x0000000086700000| Untracked 
| 104|0x0000000086800000, 0x0000000086900000, 0x0000000086900000|100%| O|  |TAMS 0x0000000086800000, 0x0000000086800000| Untracked 
| 105|0x0000000086900000, 0x0000000086a00000, 0x0000000086a00000|100%| O|  |TAMS 0x0000000086900000, 0x0000000086900000| Untracked 
| 106|0x0000000086a00000, 0x0000000086b00000, 0x0000000086b00000|100%| O|  |TAMS 0x0000000086a00000, 0x0000000086a00000| Untracked 
| 107|0x0000000086b00000, 0x0000000086c00000, 0x0000000086c00000|100%| O|  |TAMS 0x0000000086b00000, 0x0000000086b00000| Untracked 
| 108|0x0000000086c00000, 0x0000000086d00000, 0x0000000086d00000|100%| O|  |TAMS 0x0000000086c00000, 0x0000000086c00000| Untracked 
| 109|0x0000000086d00000, 0x0000000086e00000, 0x0000000086e00000|100%| O|  |TAMS 0x0000000086d00000, 0x0000000086d00000| Untracked 
| 110|0x0000000086e00000, 0x0000000086f00000, 0x0000000086f00000|100%| O|  |TAMS 0x0000000086e00000, 0x0000000086e00000| Untracked 
| 111|0x0000000086f00000, 0x0000000087000000, 0x0000000087000000|100%| O|  |TAMS 0x0000000086f00000, 0x0000000086f00000| Untracked 
| 112|0x0000000087000000, 0x0000000087100000, 0x0000000087100000|100%| O|  |TAMS 0x0000000087000000, 0x0000000087000000| Untracked 
| 113|0x0000000087100000, 0x0000000087200000, 0x0000000087200000|100%| O|  |TAMS 0x0000000087100000, 0x0000000087100000| Untracked 
| 114|0x0000000087200000, 0x0000000087222600, 0x0000000087300000| 13%| O|  |TAMS 0x0000000087200000, 0x0000000087200000| Untracked 
| 115|0x0000000087300000, 0x0000000087300000, 0x0000000087400000|  0%| F|  |TAMS 0x0000000087300000, 0x0000000087300000| Untracked 
| 116|0x0000000087400000, 0x0000000087400000, 0x0000000087500000|  0%| F|  |TAMS 0x0000000087400000, 0x0000000087400000| Untracked 
| 117|0x0000000087500000, 0x0000000087500000, 0x0000000087600000|  0%| F|  |TAMS 0x0000000087500000, 0x0000000087500000| Untracked 
| 118|0x0000000087600000, 0x0000000087600000, 0x0000000087700000|  0%| F|  |TAMS 0x0000000087600000, 0x0000000087600000| Untracked 
| 119|0x0000000087700000, 0x0000000087700000, 0x0000000087800000|  0%| F|  |TAMS 0x0000000087700000, 0x0000000087700000| Untracked 
| 120|0x0000000087800000, 0x0000000087800000, 0x0000000087900000|  0%| F|  |TAMS 0x0000000087800000, 0x0000000087800000| Untracked 
| 121|0x0000000087900000, 0x0000000087900000, 0x0000000087a00000|  0%| F|  |TAMS 0x0000000087900000, 0x0000000087900000| Untracked 
| 122|0x0000000087a00000, 0x0000000087a00000, 0x0000000087b00000|  0%| F|  |TAMS 0x0000000087a00000, 0x0000000087a00000| Untracked 
| 123|0x0000000087b00000, 0x0000000087b00000, 0x0000000087c00000|  0%| F|  |TAMS 0x0000000087b00000, 0x0000000087b00000| Untracked 
| 124|0x0000000087c00000, 0x0000000087c00000, 0x0000000087d00000|  0%| F|  |TAMS 0x0000000087c00000, 0x0000000087c00000| Untracked 
| 125|0x0000000087d00000, 0x0000000087d00000, 0x0000000087e00000|  0%| F|  |TAMS 0x0000000087d00000, 0x0000000087d00000| Untracked 
| 126|0x0000000087e00000, 0x0000000087e00000, 0x0000000087f00000|  0%| F|  |TAMS 0x0000000087e00000, 0x0000000087e00000| Untracked 
| 127|0x0000000087f00000, 0x0000000087f00000, 0x0000000088000000|  0%| F|  |TAMS 0x0000000087f00000, 0x0000000087f00000| Untracked 
| 128|0x0000000088000000, 0x0000000088000000, 0x0000000088100000|  0%| F|  |TAMS 0x0000000088000000, 0x0000000088000000| Untracked 
| 129|0x0000000088100000, 0x0000000088100000, 0x0000000088200000|  0%| F|  |TAMS 0x0000000088100000, 0x0000000088100000| Untracked 
| 130|0x0000000088200000, 0x0000000088200000, 0x0000000088300000|  0%| F|  |TAMS 0x0000000088200000, 0x0000000088200000| Untracked 
| 131|0x0000000088300000, 0x0000000088300000, 0x0000000088400000|  0%| F|  |TAMS 0x0000000088300000, 0x0000000088300000| Untracked 
| 132|0x0000000088400000, 0x0000000088400000, 0x0000000088500000|  0%| F|  |TAMS 0x0000000088400000, 0x0000000088400000| Untracked 
| 133|0x0000000088500000, 0x0000000088500000, 0x0000000088600000|  0%| F|  |TAMS 0x0000000088500000, 0x0000000088500000| Untracked 
| 134|0x0000000088600000, 0x0000000088600000, 0x0000000088700000|  0%| F|  |TAMS 0x0000000088600000, 0x0000000088600000| Untracked 
| 135|0x0000000088700000, 0x0000000088700000, 0x0000000088800000|  0%| F|  |TAMS 0x0000000088700000, 0x0000000088700000| Untracked 
| 136|0x0000000088800000, 0x0000000088800000, 0x0000000088900000|  0%| F|  |TAMS 0x0000000088800000, 0x0000000088800000| Untracked 
| 137|0x0000000088900000, 0x0000000088900000, 0x0000000088a00000|  0%| F|  |TAMS 0x0000000088900000, 0x0000000088900000| Untracked 
| 138|0x0000000088a00000, 0x0000000088a00000, 0x0000000088b00000|  0%| F|  |TAMS 0x0000000088a00000, 0x0000000088a00000| Untracked 
| 139|0x0000000088b00000, 0x0000000088b00000, 0x0000000088c00000|  0%| F|  |TAMS 0x0000000088b00000, 0x0000000088b00000| Untracked 
| 140|0x0000000088c00000, 0x0000000088c00000, 0x0000000088d00000|  0%| F|  |TAMS 0x0000000088c00000, 0x0000000088c00000| Untracked 
| 141|0x0000000088d00000, 0x0000000088d00000, 0x0000000088e00000|  0%| F|  |TAMS 0x0000000088d00000, 0x0000000088d00000| Untracked 
| 142|0x0000000088e00000, 0x0000000088e00000, 0x0000000088f00000|  0%| F|  |TAMS 0x0000000088e00000, 0x0000000088e00000| Untracked 
| 143|0x0000000088f00000, 0x0000000088f00000, 0x0000000089000000|  0%| F|  |TAMS 0x0000000088f00000, 0x0000000088f00000| Untracked 
| 144|0x0000000089000000, 0x0000000089000000, 0x0000000089100000|  0%| F|  |TAMS 0x0000000089000000, 0x0000000089000000| Untracked 
| 145|0x0000000089100000, 0x0000000089100000, 0x0000000089200000|  0%| F|  |TAMS 0x0000000089100000, 0x0000000089100000| Untracked 
| 146|0x0000000089200000, 0x0000000089200000, 0x0000000089300000|  0%| F|  |TAMS 0x0000000089200000, 0x0000000089200000| Untracked 
| 147|0x0000000089300000, 0x0000000089300000, 0x0000000089400000|  0%| F|  |TAMS 0x0000000089300000, 0x0000000089300000| Untracked 
| 148|0x0000000089400000, 0x0000000089400000, 0x0000000089500000|  0%| F|  |TAMS 0x0000000089400000, 0x0000000089400000| Untracked 
| 149|0x0000000089500000, 0x0000000089500000, 0x0000000089600000|  0%| F|  |TAMS 0x0000000089500000, 0x0000000089500000| Untracked 
| 150|0x0000000089600000, 0x0000000089600000, 0x0000000089700000|  0%| F|  |TAMS 0x0000000089600000, 0x0000000089600000| Untracked 
| 151|0x0000000089700000, 0x0000000089700000, 0x0000000089800000|  0%| F|  |TAMS 0x0000000089700000, 0x0000000089700000| Untracked 
| 152|0x0000000089800000, 0x0000000089800000, 0x0000000089900000|  0%| F|  |TAMS 0x0000000089800000, 0x0000000089800000| Untracked 
| 153|0x0000000089900000, 0x0000000089900000, 0x0000000089a00000|  0%| F|  |TAMS 0x0000000089900000, 0x0000000089900000| Untracked 
| 154|0x0000000089a00000, 0x0000000089a00000, 0x0000000089b00000|  0%| F|  |TAMS 0x0000000089a00000, 0x0000000089a00000| Untracked 
| 155|0x0000000089b00000, 0x0000000089b00000, 0x0000000089c00000|  0%| F|  |TAMS 0x0000000089b00000, 0x0000000089b00000| Untracked 
| 156|0x0000000089c00000, 0x0000000089c00000, 0x0000000089d00000|  0%| F|  |TAMS 0x0000000089c00000, 0x0000000089c00000| Untracked 
| 157|0x0000000089d00000, 0x0000000089d00000, 0x0000000089e00000|  0%| F|  |TAMS 0x0000000089d00000, 0x0000000089d00000| Untracked 
| 158|0x0000000089e00000, 0x0000000089e00000, 0x0000000089f00000|  0%| F|  |TAMS 0x0000000089e00000, 0x0000000089e00000| Untracked 
| 159|0x0000000089f00000, 0x0000000089f00000, 0x000000008a000000|  0%| F|  |TAMS 0x0000000089f00000, 0x0000000089f00000| Untracked 
| 160|0x000000008a000000, 0x000000008a000000, 0x000000008a100000|  0%| F|  |TAMS 0x000000008a000000, 0x000000008a000000| Untracked 
| 161|0x000000008a100000, 0x000000008a100000, 0x000000008a200000|  0%| F|  |TAMS 0x000000008a100000, 0x000000008a100000| Untracked 
| 162|0x000000008a200000, 0x000000008a200000, 0x000000008a300000|  0%| F|  |TAMS 0x000000008a200000, 0x000000008a200000| Untracked 
| 163|0x000000008a300000, 0x000000008a300000, 0x000000008a400000|  0%| F|  |TAMS 0x000000008a300000, 0x000000008a300000| Untracked 
| 164|0x000000008a400000, 0x000000008a400000, 0x000000008a500000|  0%| F|  |TAMS 0x000000008a400000, 0x000000008a400000| Untracked 
| 165|0x000000008a500000, 0x000000008a500000, 0x000000008a600000|  0%| F|  |TAMS 0x000000008a500000, 0x000000008a500000| Untracked 
| 166|0x000000008a600000, 0x000000008a600000, 0x000000008a700000|  0%| F|  |TAMS 0x000000008a600000, 0x000000008a600000| Untracked 
| 167|0x000000008a700000, 0x000000008a700000, 0x000000008a800000|  0%| F|  |TAMS 0x000000008a700000, 0x000000008a700000| Untracked 
| 168|0x000000008a800000, 0x000000008a800000, 0x000000008a900000|  0%| F|  |TAMS 0x000000008a800000, 0x000000008a800000| Untracked 
| 169|0x000000008a900000, 0x000000008a900000, 0x000000008aa00000|  0%| F|  |TAMS 0x000000008a900000, 0x000000008a900000| Untracked 
| 170|0x000000008aa00000, 0x000000008aa00000, 0x000000008ab00000|  0%| F|  |TAMS 0x000000008aa00000, 0x000000008aa00000| Untracked 
| 171|0x000000008ab00000, 0x000000008ab00000, 0x000000008ac00000|  0%| F|  |TAMS 0x000000008ab00000, 0x000000008ab00000| Untracked 
| 172|0x000000008ac00000, 0x000000008ac00000, 0x000000008ad00000|  0%| F|  |TAMS 0x000000008ac00000, 0x000000008ac00000| Untracked 
| 173|0x000000008ad00000, 0x000000008ad00000, 0x000000008ae00000|  0%| F|  |TAMS 0x000000008ad00000, 0x000000008ad00000| Untracked 
| 174|0x000000008ae00000, 0x000000008ae00000, 0x000000008af00000|  0%| F|  |TAMS 0x000000008ae00000, 0x000000008ae00000| Untracked 
| 175|0x000000008af00000, 0x000000008af00000, 0x000000008b000000|  0%| F|  |TAMS 0x000000008af00000, 0x000000008af00000| Untracked 
| 176|0x000000008b000000, 0x000000008b000000, 0x000000008b100000|  0%| F|  |TAMS 0x000000008b000000, 0x000000008b000000| Untracked 
| 177|0x000000008b100000, 0x000000008b100000, 0x000000008b200000|  0%| F|  |TAMS 0x000000008b100000, 0x000000008b100000| Untracked 
| 178|0x000000008b200000, 0x000000008b200000, 0x000000008b300000|  0%| F|  |TAMS 0x000000008b200000, 0x000000008b200000| Untracked 
| 179|0x000000008b300000, 0x000000008b300000, 0x000000008b400000|  0%| F|  |TAMS 0x000000008b300000, 0x000000008b300000| Untracked 
| 180|0x000000008b400000, 0x000000008b400000, 0x000000008b500000|  0%| F|  |TAMS 0x000000008b400000, 0x000000008b400000| Untracked 
| 181|0x000000008b500000, 0x000000008b500000, 0x000000008b600000|  0%| F|  |TAMS 0x000000008b500000, 0x000000008b500000| Untracked 
| 182|0x000000008b600000, 0x000000008b600000, 0x000000008b700000|  0%| F|  |TAMS 0x000000008b600000, 0x000000008b600000| Untracked 
| 183|0x000000008b700000, 0x000000008b700000, 0x000000008b800000|  0%| F|  |TAMS 0x000000008b700000, 0x000000008b700000| Untracked 
| 184|0x000000008b800000, 0x000000008b800000, 0x000000008b900000|  0%| F|  |TAMS 0x000000008b800000, 0x000000008b800000| Untracked 
| 185|0x000000008b900000, 0x000000008b900000, 0x000000008ba00000|  0%| F|  |TAMS 0x000000008b900000, 0x000000008b900000| Untracked 
| 186|0x000000008ba00000, 0x000000008ba00000, 0x000000008bb00000|  0%| F|  |TAMS 0x000000008ba00000, 0x000000008ba00000| Untracked 
| 187|0x000000008bb00000, 0x000000008bb00000, 0x000000008bc00000|  0%| F|  |TAMS 0x000000008bb00000, 0x000000008bb00000| Untracked 
| 188|0x000000008bc00000, 0x000000008bcea180, 0x000000008bd00000| 91%| S|CS|TAMS 0x000000008bc00000, 0x000000008bc00000| Complete 
| 189|0x000000008bd00000, 0x000000008bd00000, 0x000000008be00000|  0%| F|  |TAMS 0x000000008bd00000, 0x000000008bd00000| Untracked 
| 190|0x000000008be00000, 0x000000008be00000, 0x000000008bf00000|  0%| F|  |TAMS 0x000000008be00000, 0x000000008be00000| Untracked 
| 191|0x000000008bf00000, 0x000000008bf00000, 0x000000008c000000|  0%| F|  |TAMS 0x000000008bf00000, 0x000000008bf00000| Untracked 
| 192|0x000000008c000000, 0x000000008c000000, 0x000000008c100000|  0%| F|  |TAMS 0x000000008c000000, 0x000000008c000000| Untracked 
|2046|0x00000000ffe00000, 0x00000000fff00000, 0x00000000fff00000|100%| O|  |TAMS 0x00000000fff00000, 0x00000000ffe00000| Untracked 
|2047|0x00000000fff00000, 0x0000000100000000, 0x0000000100000000|100%| O|  |TAMS 0x0000000100000000, 0x00000000fff00000| Untracked 

Card table byte_map: [0x0000021927280000,0x0000021927680000] _byte_map_base: 0x0000021926e80000

Marking Bits (Prev, Next): (CMBitMap*) 0x0000021910067c90, (CMBitMap*) 0x0000021910067cd0
 Prev Bits: [0x0000021927a80000, 0x0000021929a80000)
 Next Bits: [0x0000021929a80000, 0x000002192ba80000)

Polling page: 0x000002190f7c0000

Metaspace:

Usage:
  Non-class:     93.56 MB used.
      Class:     14.00 MB used.
       Both:    107.56 MB used.

Virtual space:
  Non-class space:      128.00 MB reserved,      94.62 MB ( 74%) committed,  2 nodes.
      Class space:      412.00 MB reserved,      15.12 MB (  4%) committed,  1 nodes.
             Both:      540.00 MB reserved,     109.75 MB ( 20%) committed. 

Chunk freelists:
   Non-Class:  1.11 MB
       Class:  799.00 KB
        Both:  1.89 MB

MaxMetaspaceSize: 512.00 MB
CompressedClassSpaceSize: 412.00 MB
Initial GC threshold: 21.00 MB
Current GC threshold: 182.75 MB
CDS: on
MetaspaceReclaimPolicy: balanced
 - commit_granule_bytes: 65536.
 - commit_granule_words: 8192.
 - virtual_space_node_default_size: 8388608.
 - enlarge_chunks_in_place: 1.
 - new_chunks_are_fully_committed: 0.
 - uncommit_free_chunks: 1.
 - use_allocation_guard: 0.


Internal statistics:

num_allocs_failed_limit: 6.
num_arena_births: 4004.
num_arena_deaths: 0.
num_vsnodes_births: 3.
num_vsnodes_deaths: 0.
num_space_committed: 1754.
num_space_uncommitted: 0.
num_chunks_returned_to_freelist: 6.
num_chunks_taken_from_freelist: 8628.
num_chunk_merges: 6.
num_chunk_splits: 6064.
num_chunks_enlarged: 4200.
num_inconsistent_stats: 0.

CodeHeap 'non-profiled nmethods': size=120000Kb used=4633Kb max_used=4933Kb free=115367Kb
 bounds [0x000002191f400000, 0x000002191f8e0000, 0x0000021926930000]
CodeHeap 'profiled nmethods': size=120000Kb used=20575Kb max_used=20771Kb free=99424Kb
 bounds [0x0000021917ed0000, 0x0000021919320000, 0x000002191f400000]
CodeHeap 'non-nmethods': size=5760Kb used=2516Kb max_used=2570Kb free=3244Kb
 bounds [0x0000021917930000, 0x0000021917bc0000, 0x0000021917ed0000]
 total_blobs=10754 nmethods=9692 adapters=973
 compilation: enabled
              stopped_count=0, restarted_count=0
 full_count=0

Compilation events (20 events):
Event: 39.866 Thread 0x000002192e6e1ca0 10754       2       org.jetbrains.kotlin.com.intellij.util.io.UnsyncByteArrayInputStream::read (36 bytes)
Event: 39.866 Thread 0x000002192e6e1ca0 nmethod 10754 0x0000021919306090 code [0x0000021919306220, 0x0000021919306398]
Event: 39.866 Thread 0x000002192e6e1ca0 10755       2       org.jetbrains.kotlin.serialization.deserialization.DeserializedPackageFragmentImpl::getMemberScope (16 bytes)
Event: 39.866 Thread 0x000002192e6e1ca0 nmethod 10755 0x0000021919306490 code [0x00000219193066a0, 0x0000021919306a78]
Event: 39.868 Thread 0x000002192e6e1ca0 10756       2       org.jetbrains.kotlin.load.kotlin.header.KotlinClassHeader::getMultifileClassName (33 bytes)
Event: 39.868 Thread 0x000002192e6e1ca0 nmethod 10756 0x0000021919306d10 code [0x0000021919306ea0, 0x0000021919306fd8]
Event: 39.868 Thread 0x000002192e6e1ca0 10757       2       org.jetbrains.kotlin.load.kotlin.JvmPackagePartSource::<init> (125 bytes)
Event: 39.869 Thread 0x000002192e6e1ca0 nmethod 10757 0x0000021919307090 code [0x0000021919307400, 0x00000219193081e8]
Event: 39.869 Thread 0x000002192e6e1ca0 10758       2       org.jetbrains.kotlin.metadata.deserialization.ProtoBufUtilKt::getExtensionOrNull (30 bytes)
Event: 39.870 Thread 0x000002192e6e1ca0 nmethod 10758 0x0000021919308a10 code [0x0000021919308cc0, 0x0000021919309478]
Event: 39.870 Thread 0x000002192e6e1ca0 10759       2       org.jetbrains.kotlin.load.java.lazy.descriptors.LazyJavaPackageFragment::toString (41 bytes)
Event: 39.870 Thread 0x000002192e6e1ca0 nmethod 10759 0x0000021919309990 code [0x0000021919309ba0, 0x0000021919309f08]
Event: 39.870 Thread 0x000002192e6e1ca0 10760       2       org.jetbrains.kotlin.load.kotlin.JvmPackagePartSource::<init> (119 bytes)
Event: 39.871 Thread 0x000002192e6e1ca0 nmethod 10760 0x000002191930a190 code [0x000002191930a4c0, 0x000002191930afd8]
Event: 39.871 Thread 0x000002192e6e1ca0 10761       2       org.jetbrains.kotlin.load.kotlin.JvmPackagePartSource::toString (34 bytes)
Event: 39.871 Thread 0x000002192e6e1ca0 nmethod 10761 0x000002191930b790 code [0x000002191930b980, 0x000002191930bc88]
Event: 39.872 Thread 0x000002192e6e1ca0 10762 %     3       org.jetbrains.kotlin.serialization.deserialization.descriptors.DeserializedMemberScope$OptimizedImplementation::<init> @ 91 (881 bytes)
Event: 39.878 Thread 0x000002192e6e1ca0 nmethod 10762% 0x000002191930be90 code [0x000002191930ca20, 0x00000219193144f8]
Event: 39.896 Thread 0x000002192e6e1ca0 10763       3       org.jetbrains.kotlin.metadata.jvm.deserialization.JvmNameResolverKt::toExpandedRecordsList (106 bytes)
Event: 39.896 Thread 0x000002192e6e1ca0 nmethod 10763 0x0000021919317010 code [0x0000021919317300, 0x0000021919318668]

GC Heap History (20 events):
Event: 27.014 GC heap after
{Heap after GC invocations=34 (full 0):
 garbage-first heap   total 147456K, used 78698K [0x0000000080000000, 0x0000000100000000)
  region size 1024K, 3 young (3072K), 3 survivors (3072K)
 Metaspace       used 93497K, committed 95360K, reserved 552960K
  class space    used 11977K, committed 12928K, reserved 421888K
}
Event: 35.908 GC heap before
{Heap before GC invocations=34 (full 0):
 garbage-first heap   total 147456K, used 115562K [0x0000000080000000, 0x0000000100000000)
  region size 1024K, 40 young (40960K), 3 survivors (3072K)
 Metaspace       used 95478K, committed 97472K, reserved 552960K
  class space    used 12290K, committed 13312K, reserved 421888K
}
Event: 35.937 GC heap after
{Heap after GC invocations=35 (full 0):
 garbage-first heap   total 147456K, used 82602K [0x0000000080000000, 0x0000000100000000)
  region size 1024K, 6 young (6144K), 6 survivors (6144K)
 Metaspace       used 95478K, committed 97472K, reserved 552960K
  class space    used 12290K, committed 13312K, reserved 421888K
}
Event: 36.181 GC heap before
{Heap before GC invocations=36 (full 0):
 garbage-first heap   total 193536K, used 123562K [0x0000000080000000, 0x0000000100000000)
  region size 1024K, 45 young (46080K), 6 survivors (6144K)
 Metaspace       used 95684K, committed 97664K, reserved 552960K
  class space    used 12293K, committed 13312K, reserved 421888K
}
Event: 36.211 GC heap after
{Heap after GC invocations=37 (full 0):
 garbage-first heap   total 193536K, used 86420K [0x0000000080000000, 0x0000000100000000)
  region size 1024K, 4 young (4096K), 4 survivors (4096K)
 Metaspace       used 95684K, committed 97664K, reserved 552960K
  class space    used 12293K, committed 13312K, reserved 421888K
}
Event: 36.241 GC heap before
{Heap before GC invocations=37 (full 0):
 garbage-first heap   total 193536K, used 91540K [0x0000000080000000, 0x0000000100000000)
  region size 1024K, 9 young (9216K), 4 survivors (4096K)
 Metaspace       used 95699K, committed 97664K, reserved 552960K
  class space    used 12293K, committed 13312K, reserved 421888K
}
Event: 36.249 GC heap after
{Heap after GC invocations=38 (full 0):
 garbage-first heap   total 193536K, used 86298K [0x0000000080000000, 0x0000000100000000)
  region size 1024K, 1 young (1024K), 1 survivors (1024K)
 Metaspace       used 95699K, committed 97664K, reserved 552960K
  class space    used 12293K, committed 13312K, reserved 421888K
}
Event: 38.063 GC heap before
{Heap before GC invocations=38 (full 0):
 garbage-first heap   total 193536K, used 152858K [0x0000000080000000, 0x0000000100000000)
  region size 1024K, 67 young (68608K), 1 survivors (1024K)
 Metaspace       used 101661K, committed 103616K, reserved 552960K
  class space    used 13166K, committed 14208K, reserved 421888K
}
Event: 38.073 GC heap after
{Heap after GC invocations=39 (full 0):
 garbage-first heap   total 193536K, used 90872K [0x0000000080000000, 0x0000000100000000)
  region size 1024K, 6 young (6144K), 6 survivors (6144K)
 Metaspace       used 101661K, committed 103616K, reserved 552960K
  class space    used 13166K, committed 14208K, reserved 421888K
}
Event: 38.289 GC heap before
{Heap before GC invocations=39 (full 0):
 garbage-first heap   total 193536K, used 102136K [0x0000000080000000, 0x0000000100000000)
  region size 1024K, 17 young (17408K), 6 survivors (6144K)
 Metaspace       used 101864K, committed 103936K, reserved 552960K
  class space    used 13185K, committed 14272K, reserved 421888K
}
Event: 38.314 GC heap after
{Heap after GC invocations=40 (full 0):
 garbage-first heap   total 193536K, used 94295K [0x0000000080000000, 0x0000000100000000)
  region size 1024K, 2 young (2048K), 2 survivors (2048K)
 Metaspace       used 101864K, committed 103936K, reserved 552960K
  class space    used 13185K, committed 14272K, reserved 421888K
}
Event: 39.230 GC heap before
{Heap before GC invocations=41 (full 0):
 garbage-first heap   total 193536K, used 158807K [0x0000000080000000, 0x0000000100000000)
  region size 1024K, 61 young (62464K), 2 survivors (2048K)
 Metaspace       used 109145K, committed 111360K, reserved 552960K
  class space    used 14257K, committed 15424K, reserved 421888K
}
Event: 39.234 GC heap after
{Heap after GC invocations=42 (full 0):
 garbage-first heap   total 193536K, used 102708K [0x0000000080000000, 0x0000000100000000)
  region size 1024K, 6 young (6144K), 6 survivors (6144K)
 Metaspace       used 109145K, committed 111360K, reserved 552960K
  class space    used 14257K, committed 15424K, reserved 421888K
}
Event: 39.322 GC heap before
{Heap before GC invocations=42 (full 0):
 garbage-first heap   total 193536K, used 105780K [0x0000000080000000, 0x0000000100000000)
  region size 1024K, 9 young (9216K), 6 survivors (6144K)
 Metaspace       used 109533K, committed 111680K, reserved 552960K
  class space    used 14308K, committed 15424K, reserved 421888K
}
Event: 39.333 GC heap after
{Heap after GC invocations=43 (full 0):
 garbage-first heap   total 193536K, used 100049K [0x0000000080000000, 0x0000000100000000)
  region size 1024K, 1 young (1024K), 1 survivors (1024K)
 Metaspace       used 109533K, committed 111680K, reserved 552960K
  class space    used 14308K, committed 15424K, reserved 421888K
}
Event: 39.713 GC heap before
{Heap before GC invocations=43 (full 0):
 garbage-first heap   total 193536K, used 156369K [0x0000000080000000, 0x0000000100000000)
  region size 1024K, 57 young (58368K), 1 survivors (1024K)
 Metaspace       used 109986K, committed 112192K, reserved 552960K
  class space    used 14331K, committed 15488K, reserved 421888K
}
Event: 39.722 GC heap after
{Heap after GC invocations=44 (full 0):
 garbage-first heap   total 193536K, used 111955K [0x0000000080000000, 0x0000000100000000)
  region size 1024K, 8 young (8192K), 8 survivors (8192K)
 Metaspace       used 109986K, committed 112192K, reserved 552960K
  class space    used 14331K, committed 15488K, reserved 421888K
}
Event: 39.881 GC heap before
{Heap before GC invocations=45 (full 0):
 garbage-first heap   total 199680K, used 157011K [0x0000000080000000, 0x0000000100000000)
  region size 1024K, 51 young (52224K), 8 survivors (8192K)
 Metaspace       used 110140K, committed 112384K, reserved 552960K
  class space    used 14333K, committed 15488K, reserved 421888K
}
Event: 39.888 GC heap after
{Heap after GC invocations=46 (full 0):
 garbage-first heap   total 199680K, used 116682K [0x0000000080000000, 0x0000000100000000)
  region size 1024K, 5 young (5120K), 5 survivors (5120K)
 Metaspace       used 110140K, committed 112384K, reserved 552960K
  class space    used 14333K, committed 15488K, reserved 421888K
}
Event: 39.899 GC heap before
{Heap before GC invocations=46 (full 0):
 garbage-first heap   total 199680K, used 120778K [0x0000000080000000, 0x0000000100000000)
  region size 1024K, 9 young (9216K), 5 survivors (5120K)
 Metaspace       used 110140K, committed 112384K, reserved 552960K
  class space    used 14333K, committed 15488K, reserved 421888K
}

Deoptimization events (20 events):
Event: 39.827 Thread 0x000002193423e830 DEOPT PACKING pc=0x000002191f8c9958 sp=0x000000b8938f2560
Event: 39.827 Thread 0x000002193423e830 DEOPT UNPACKING pc=0x00000219179823a3 sp=0x000000b8938f2568 mode 2
Event: 39.833 Thread 0x000002193423e830 Uncommon trap: trap_request=0xffffffbe fr.pc=0x000002191f8c9958 relative=0x0000000000006618
Event: 39.833 Thread 0x000002193423e830 Uncommon trap: reason=profile_predicate action=maybe_recompile pc=0x000002191f8c9958 method=org.jetbrains.org.objectweb.asm.ClassReader.accept(Lorg/jetbrains/org/objectweb/asm/ClassVisitor;[Lorg/jetbrains/org/objectweb/asm/Attribute;I)V @ 1131 c2
Event: 39.833 Thread 0x000002193423e830 DEOPT PACKING pc=0x000002191f8c9958 sp=0x000000b8938f2560
Event: 39.833 Thread 0x000002193423e830 DEOPT UNPACKING pc=0x00000219179823a3 sp=0x000000b8938f2568 mode 2
Event: 39.852 Thread 0x000002193423e830 DEOPT PACKING pc=0x00000219191799fb sp=0x000000b8938f2640
Event: 39.852 Thread 0x000002193423e830 DEOPT UNPACKING pc=0x0000021917982b43 sp=0x000000b8938f1ae0 mode 0
Event: 39.854 Thread 0x000002193423e830 DEOPT PACKING pc=0x00000219191799fb sp=0x000000b8938f2640
Event: 39.854 Thread 0x000002193423e830 DEOPT UNPACKING pc=0x0000021917982b43 sp=0x000000b8938f1ae0 mode 0
Event: 39.856 Thread 0x000002193423e830 DEOPT PACKING pc=0x00000219191799fb sp=0x000000b8938f2640
Event: 39.856 Thread 0x000002193423e830 DEOPT UNPACKING pc=0x0000021917982b43 sp=0x000000b8938f1ae0 mode 0
Event: 39.858 Thread 0x000002193423e830 DEOPT PACKING pc=0x00000219191799fb sp=0x000000b8938f1370
Event: 39.858 Thread 0x000002193423e830 DEOPT UNPACKING pc=0x0000021917982b43 sp=0x000000b8938f0810 mode 0
Event: 39.860 Thread 0x000002193423e830 DEOPT PACKING pc=0x00000219191799fb sp=0x000000b8938f2640
Event: 39.860 Thread 0x000002193423e830 DEOPT UNPACKING pc=0x0000021917982b43 sp=0x000000b8938f1ae0 mode 0
Event: 39.862 Thread 0x000002193423e830 DEOPT PACKING pc=0x00000219191799fb sp=0x000000b8938f2640
Event: 39.862 Thread 0x000002193423e830 DEOPT UNPACKING pc=0x0000021917982b43 sp=0x000000b8938f1ae0 mode 0
Event: 39.896 Thread 0x000002193423e830 DEOPT PACKING pc=0x0000021918a2c50a sp=0x000000b8938f23c0
Event: 39.896 Thread 0x000002193423e830 DEOPT UNPACKING pc=0x0000021917982b43 sp=0x000000b8938f18a8 mode 0

Classes loaded (20 events):
Event: 38.847 Loading class javax/xml/parsers/FactoryFinder$1
Event: 38.848 Loading class javax/xml/parsers/FactoryFinder$1 done
Event: 38.848 Loading class com/sun/org/apache/xerces/internal/jaxp/DocumentBuilderFactoryImpl
Event: 38.848 Loading class com/sun/org/apache/xerces/internal/jaxp/DocumentBuilderFactoryImpl done
Event: 38.858 Loading class javax/management/InstanceNotFoundException
Event: 38.858 Loading class javax/management/InstanceNotFoundException done
Event: 38.858 Loading class javax/management/ReflectionException
Event: 38.859 Loading class javax/management/ReflectionException done
Event: 38.859 Loading class javax/management/MalformedObjectNameException
Event: 38.859 Loading class javax/management/MalformedObjectNameException done
Event: 38.859 Loading class javax/management/MBeanException
Event: 38.859 Loading class javax/management/MBeanException done
Event: 38.859 Loading class javax/management/AttributeNotFoundException
Event: 38.859 Loading class javax/management/AttributeNotFoundException done
Event: 38.859 Loading class sun/reflect/misc/MethodUtil
Event: 38.859 Loading class sun/reflect/misc/MethodUtil done
Event: 38.859 Loading class sun/reflect/misc/MethodUtil$1
Event: 38.859 Loading class sun/reflect/misc/MethodUtil$1 done
Event: 38.899 Loading class java/util/regex/Pattern$SliceI
Event: 38.899 Loading class java/util/regex/Pattern$SliceI done

Classes unloaded (0 events):
No events

Classes redefined (0 events):
No events

Internal exceptions (20 events):
Event: 39.051 Thread 0x000002193423e830 Exception <a 'java/lang/ClassNotFoundException'{0x0000000088b72bb0}: org/gradle/api/plugins/internal/DefaultJavaPluginConvention_DecoratedBeanInfo> (0x0000000088b72bb0) 
thrown [s\open\src\hotspot\share\classfile\systemDictionary.cpp, line 255]
Event: 39.052 Thread 0x000002193423e830 Exception <a 'java/lang/ClassNotFoundException'{0x0000000088b8a9a0}: org/gradle/api/plugins/internal/DefaultJavaPluginConventionBeanInfo> (0x0000000088b8a9a0) 
thrown [s\open\src\hotspot\share\classfile\systemDictionary.cpp, line 255]
Event: 39.052 Thread 0x000002193423e830 Exception <a 'java/lang/ClassNotFoundException'{0x0000000088ba2168}: org/gradle/api/plugins/JavaPluginConventionBeanInfo> (0x0000000088ba2168) 
thrown [s\open\src\hotspot\share\classfile\systemDictionary.cpp, line 255]
Event: 39.053 Thread 0x000002193423e830 Exception <a 'java/lang/ClassNotFoundException'{0x0000000088bb98f8}: org/gradle/api/plugins/JavaPluginConventionCustomizer> (0x0000000088bb98f8) 
thrown [s\open\src\hotspot\share\classfile\systemDictionary.cpp, line 255]
Event: 39.053 Thread 0x000002193423e830 Exception <a 'java/lang/ClassNotFoundException'{0x0000000088be5190}: org/gradle/api/plugins/internal/DefaultJavaPluginConventionCustomizer> (0x0000000088be5190) 
thrown [s\open\src\hotspot\share\classfile\systemDictionary.cpp, line 255]
Event: 39.054 Thread 0x000002193423e830 Exception <a 'java/lang/ClassNotFoundException'{0x0000000088a23858}: org/gradle/api/plugins/internal/DefaultJavaPluginConvention_DecoratedCustomizer> (0x0000000088a23858) 
thrown [s\open\src\hotspot\share\classfile\systemDictionary.cpp, line 255]
Event: 39.137 Thread 0x000002193423e830 Exception <a 'java/lang/NoSuchMethodError'{0x00000000885e02a0}: 'int java.lang.invoke.DirectMethodHandle$Holder.invokeInterface(java.lang.Object, java.lang.Object, java.lang.Object, java.lang.Object)'> (0x00000000885e02a0) 
thrown [s\open\src\hotspot\share\interpreter\linkResolver.cpp, line 759]
Event: 39.199 Thread 0x000002193423e830 Exception <a 'java/lang/ClassNotFoundException'{0x0000000088060978}: org/jetbrains/kotlin/gradle/targets/js/npm/DefaultNpmDependencyExtensionBeanInfo> (0x0000000088060978) 
thrown [s\open\src\hotspot\share\classfile\systemDictionary.cpp, line 255]
Event: 39.200 Thread 0x000002193423e830 Exception <a 'java/lang/ClassNotFoundException'{0x000000008806b9c0}: org/jetbrains/kotlin/gradle/targets/js/npm/DefaultNpmDependencyExtensionCustomizer> (0x000000008806b9c0) 
thrown [s\open\src\hotspot\share\classfile\systemDictionary.cpp, line 255]
Event: 39.204 Thread 0x000002193423e830 Exception <a 'java/lang/ClassNotFoundException'{0x00000000880e2248}: org/jetbrains/kotlin/gradle/targets/js/npm/NpmDependencyExtensionKt$defaultNpmDependencyDelegate$1BeanInfo> (0x00000000880e2248) 
thrown [s\open\src\hotspot\share\classfile\systemDictionary.cpp, line 255]
Event: 39.204 Thread 0x000002193423e830 Exception <a 'java/lang/ClassNotFoundException'{0x00000000880ed2d8}: org/jetbrains/kotlin/gradle/targets/js/npm/NpmDependencyExtensionDelegateBeanInfo> (0x00000000880ed2d8) 
thrown [s\open\src\hotspot\share\classfile\systemDictionary.cpp, line 255]
Event: 39.204 Thread 0x000002193423e830 Exception <a 'java/lang/ClassNotFoundException'{0x00000000880f8330}: org/jetbrains/kotlin/gradle/targets/js/npm/NpmDependencyExtensionDelegateCustomizer> (0x00000000880f8330) 
thrown [s\open\src\hotspot\share\classfile\systemDictionary.cpp, line 255]
Event: 39.205 Thread 0x000002193423e830 Exception <a 'java/lang/ClassNotFoundException'{0x0000000087f1c2c8}: org/jetbrains/kotlin/gradle/targets/js/npm/NpmDependencyExtensionKt$defaultNpmDependencyDelegate$1Customizer> (0x0000000087f1c2c8) 
thrown [s\open\src\hotspot\share\classfile\systemDictionary.cpp, line 255]
Event: 39.208 Thread 0x000002193423e830 Exception <a 'java/lang/ClassNotFoundException'{0x0000000087f57530}: org/jetbrains/kotlin/gradle/targets/js/npm/DefaultDevNpmDependencyExtensionBeanInfo> (0x0000000087f57530) 
thrown [s\open\src\hotspot\share\classfile\systemDictionary.cpp, line 255]
Event: 39.208 Thread 0x000002193423e830 Exception <a 'java/lang/ClassNotFoundException'{0x0000000087f62590}: org/jetbrains/kotlin/gradle/targets/js/npm/DefaultDevNpmDependencyExtensionCustomizer> (0x0000000087f62590) 
thrown [s\open\src\hotspot\share\classfile\systemDictionary.cpp, line 255]
Event: 39.210 Thread 0x000002193423e830 Exception <a 'java/lang/ClassNotFoundException'{0x0000000087fa0bb8}: org/jetbrains/kotlin/gradle/targets/js/npm/DefaultPeerNpmDependencyExtensionBeanInfo> (0x0000000087fa0bb8) 
thrown [s\open\src\hotspot\share\classfile\systemDictionary.cpp, line 255]
Event: 39.210 Thread 0x000002193423e830 Exception <a 'java/lang/ClassNotFoundException'{0x0000000087fabc28}: org/jetbrains/kotlin/gradle/targets/js/npm/DefaultPeerNpmDependencyExtensionCustomizer> (0x0000000087fabc28) 
thrown [s\open\src\hotspot\share\classfile\systemDictionary.cpp, line 255]
Event: 39.212 Thread 0x000002193423e830 Exception <a 'java/lang/ClassNotFoundException'{0x0000000087ff51e0}: org/jetbrains/kotlin/gradle/targets/js/npm/DefaultPeerNpmDependencyExtension$delegate$1BeanInfo> (0x0000000087ff51e0) 
thrown [s\open\src\hotspot\share\classfile\systemDictionary.cpp, line 255]
Event: 39.212 Thread 0x000002193423e830 Exception <a 'java/lang/ClassNotFoundException'{0x0000000087e00568}: org/jetbrains/kotlin/gradle/targets/js/npm/DefaultPeerNpmDependencyExtension$delegate$1Customizer> (0x0000000087e00568) 
thrown [s\open\src\hotspot\share\classfile\systemDictionary.cpp, line 255]
Event: 39.512 Thread 0x000002193423e830 Exception <a 'java/lang/NoSuchMethodError'{0x000000008b080818}: 'int java.lang.invoke.DirectMethodHandle$Holder.invokeSpecial(java.lang.Object, java.lang.Object, int, int)'> (0x000000008b080818) 
thrown [s\open\src\hotspot\share\interpreter\linkResolver.cpp, line 759]

VM Operations (20 events):
Event: 39.136 Executing VM operation: HandshakeAllThreads done
Event: 39.230 Executing VM operation: G1CollectForAllocation
Event: 39.234 Executing VM operation: G1CollectForAllocation done
Event: 39.321 Executing VM operation: G1CollectForAllocation
Event: 39.333 Executing VM operation: G1CollectForAllocation done
Event: 39.532 Executing VM operation: ICBufferFull
Event: 39.533 Executing VM operation: ICBufferFull done
Event: 39.713 Executing VM operation: G1CollectForAllocation
Event: 39.722 Executing VM operation: G1CollectForAllocation done
Event: 39.762 Executing VM operation: G1Concurrent
Event: 39.767 Executing VM operation: G1Concurrent done
Event: 39.786 Executing VM operation: G1Concurrent
Event: 39.786 Executing VM operation: G1Concurrent done
Event: 39.812 Executing VM operation: HandshakeAllThreads
Event: 39.812 Executing VM operation: HandshakeAllThreads done
Event: 39.881 Executing VM operation: G1CollectForAllocation
Event: 39.888 Executing VM operation: G1CollectForAllocation done
Event: 39.896 Executing VM operation: HandshakeAllThreads
Event: 39.897 Executing VM operation: HandshakeAllThreads done
Event: 39.899 Executing VM operation: G1CollectForAllocation

Events (20 events):
Event: 39.899 Thread 0x000002192e6e4690 flushing nmethod 0x0000021917f47d90
Event: 39.899 Thread 0x000002192e6e4690 flushing nmethod 0x0000021917f53d10
Event: 39.899 Thread 0x000002192e6e4690 flushing nmethod 0x0000021917f5c890
Event: 39.899 Thread 0x000002192e6e4690 flushing nmethod 0x0000021917f64f90
Event: 39.899 Thread 0x000002192e6e4690 flushing nmethod 0x0000021917f66e10
Event: 39.899 Thread 0x000002192e6e4690 flushing nmethod 0x0000021917f6a090
Event: 39.899 Thread 0x000002192e6e4690 flushing nmethod 0x0000021917f79590
Event: 39.899 Thread 0x000002192e6e4690 flushing nmethod 0x0000021917f7d110
Event: 39.899 Thread 0x000002192e6e4690 flushing nmethod 0x0000021917f87a90
Event: 39.899 Thread 0x000002192e6e4690 flushing nmethod 0x0000021917f89f10
Event: 39.899 Thread 0x000002192e6e4690 flushing nmethod 0x0000021917f8a490
Event: 39.899 Thread 0x000002192e6e4690 flushing nmethod 0x0000021917f8b290
Event: 39.899 Thread 0x000002192e6e4690 flushing nmethod 0x0000021917f8c510
Event: 39.899 Thread 0x000002192e6e4690 flushing nmethod 0x0000021917f90e10
Event: 39.899 Thread 0x000002192e6e4690 flushing nmethod 0x0000021917fa9390
Event: 39.899 Thread 0x000002192e6e4690 flushing nmethod 0x0000021917fe2f10
Event: 39.899 Thread 0x000002192e6e4690 flushing nmethod 0x0000021917fe5210
Event: 39.899 Thread 0x000002192e6e4690 flushing nmethod 0x0000021917fefb90
Event: 39.899 Thread 0x000002192e6e4690 flushing nmethod 0x0000021917ff1790
Event: 39.899 Thread 0x000002192e6e4690 flushing nmethod 0x0000021917ff8090


Dynamic libraries:
0x00007ff6da4b0000 - 0x00007ff6da4c0000 	C:\Program Files\Java\jdk-18.0.2.1\bin\java.exe
0x00007ffe6d0d0000 - 0x00007ffe6d2e7000 	C:\WINDOWS\SYSTEM32\ntdll.dll
0x00007ffe6b500000 - 0x00007ffe6b5c4000 	C:\WINDOWS\System32\KERNEL32.DLL
0x00007ffe6a570000 - 0x00007ffe6a916000 	C:\WINDOWS\System32\KERNELBASE.dll
0x00007ffe6a450000 - 0x00007ffe6a561000 	C:\WINDOWS\System32\ucrtbase.dll
0x00007ffe328a0000 - 0x00007ffe328b8000 	C:\Program Files\Java\jdk-18.0.2.1\bin\jli.dll
0x00007ffe305b0000 - 0x00007ffe305ca000 	C:\Program Files\Java\jdk-18.0.2.1\bin\VCRUNTIME140.dll
0x00007ffe6ae30000 - 0x00007ffe6aee0000 	C:\WINDOWS\System32\ADVAPI32.dll
0x00007ffe6aee0000 - 0x00007ffe6af87000 	C:\WINDOWS\System32\msvcrt.dll
0x00007ffe6ba70000 - 0x00007ffe6bb16000 	C:\WINDOWS\System32\sechost.dll
0x00007ffe6cbd0000 - 0x00007ffe6cce7000 	C:\WINDOWS\System32\RPCRT4.dll
0x00007ffe6b040000 - 0x00007ffe6b1ed000 	C:\WINDOWS\System32\USER32.dll
0x00007ffe6ad10000 - 0x00007ffe6ad36000 	C:\WINDOWS\System32\win32u.dll
0x00007ffe6c180000 - 0x00007ffe6c1a9000 	C:\WINDOWS\System32\GDI32.dll
0x00007ffe54a30000 - 0x00007ffe54cc3000 	C:\WINDOWS\WinSxS\amd64_microsoft.windows.common-controls_6595b64144ccf1df_6.0.22621.2361_none_2712ced57382f843\COMCTL32.dll
0x00007ffe6a920000 - 0x00007ffe6aa38000 	C:\WINDOWS\System32\gdi32full.dll
0x00007ffe6ac70000 - 0x00007ffe6ad0a000 	C:\WINDOWS\System32\msvcp_win.dll
0x00007ffe61aa0000 - 0x00007ffe61aaa000 	C:\WINDOWS\SYSTEM32\VERSION.dll
0x00007ffe6b4c0000 - 0x00007ffe6b4f1000 	C:\WINDOWS\System32\IMM32.DLL
0x00007ffe4bac0000 - 0x00007ffe4bacc000 	C:\Program Files\Java\jdk-18.0.2.1\bin\vcruntime140_1.dll
0x00007ffe03a80000 - 0x00007ffe03b0d000 	C:\Program Files\Java\jdk-18.0.2.1\bin\msvcp140.dll
0x00007ffbfdc20000 - 0x00007ffbfe831000 	C:\Program Files\Java\jdk-18.0.2.1\bin\server\jvm.dll
0x00007ffe6b340000 - 0x00007ffe6b348000 	C:\WINDOWS\System32\PSAPI.DLL
0x00007ffe51c60000 - 0x00007ffe51c69000 	C:\WINDOWS\SYSTEM32\WSOCK32.dll
0x00007ffe62750000 - 0x00007ffe62784000 	C:\WINDOWS\SYSTEM32\WINMM.dll
0x00007ffe6b650000 - 0x00007ffe6b6c1000 	C:\WINDOWS\System32\WS2_32.dll
0x00007ffe69580000 - 0x00007ffe69598000 	C:\WINDOWS\SYSTEM32\kernel.appcore.dll
0x00007ffe330c0000 - 0x00007ffe330ca000 	C:\Program Files\Java\jdk-18.0.2.1\bin\jimage.dll
0x00007ffe67db0000 - 0x00007ffe67fde000 	C:\WINDOWS\SYSTEM32\DBGHELP.DLL
0x00007ffe6cd00000 - 0x00007ffe6d08a000 	C:\WINDOWS\System32\combase.dll
0x00007ffe6b350000 - 0x00007ffe6b427000 	C:\WINDOWS\System32\OLEAUT32.dll
0x00007ffe50c40000 - 0x00007ffe50c72000 	C:\WINDOWS\SYSTEM32\dbgcore.DLL
0x00007ffe6ad40000 - 0x00007ffe6adba000 	C:\WINDOWS\System32\bcryptPrimitives.dll
0x00007ffe30320000 - 0x00007ffe30345000 	C:\Program Files\Java\jdk-18.0.2.1\bin\java.dll
0x00007ffddbfc0000 - 0x00007ffddc096000 	C:\Program Files\Java\jdk-18.0.2.1\bin\jsvml.dll
0x00007ffe6c370000 - 0x00007ffe6cbc8000 	C:\WINDOWS\System32\SHELL32.dll
0x00007ffe683c0000 - 0x00007ffe68cb2000 	C:\WINDOWS\SYSTEM32\windows.storage.dll
0x00007ffe68280000 - 0x00007ffe683be000 	C:\WINDOWS\SYSTEM32\wintypes.dll
0x00007ffe6b240000 - 0x00007ffe6b333000 	C:\WINDOWS\System32\SHCORE.dll
0x00007ffe6b5f0000 - 0x00007ffe6b64e000 	C:\WINDOWS\System32\shlwapi.dll
0x00007ffe6a380000 - 0x00007ffe6a3a6000 	C:\WINDOWS\SYSTEM32\profapi.dll
0x00007ffe30590000 - 0x00007ffe305a3000 	C:\Program Files\Java\jdk-18.0.2.1\bin\net.dll
0x00007ffe62f00000 - 0x00007ffe63037000 	C:\WINDOWS\SYSTEM32\WINHTTP.dll
0x00007ffe69a00000 - 0x00007ffe69a69000 	C:\WINDOWS\system32\mswsock.dll
0x00007ffe28520000 - 0x00007ffe28536000 	C:\Program Files\Java\jdk-18.0.2.1\bin\nio.dll
0x00007ffe1e5c0000 - 0x00007ffe1e5d8000 	C:\Program Files\Java\jdk-18.0.2.1\bin\zip.dll
0x00007ffe32890000 - 0x00007ffe328a0000 	C:\Program Files\Java\jdk-18.0.2.1\bin\verify.dll
0x00007ffe30220000 - 0x00007ffe30247000 	C:\Users\LENOVO ideapadGAMING\.gradle\native\68d5fa5c4cc2d200863cafc0d521ce42e7d3e7ee720ec0a83991735586a16f82\windows-amd64\native-platform.dll
0x00007ffe2c9c0000 - 0x00007ffe2cb04000 	C:\Users\LENOVO ideapadGAMING\.gradle\native\e376f236ea51e6404a007f0833ffe2c6e607c4080706a723a18a27aeea778392\windows-amd64\native-platform-file-events.dll
0x00007ffe31e40000 - 0x00007ffe31e49000 	C:\Program Files\Java\jdk-18.0.2.1\bin\management.dll
0x00007ffe302a0000 - 0x00007ffe302ab000 	C:\Program Files\Java\jdk-18.0.2.1\bin\management_ext.dll
0x00007ffe69c50000 - 0x00007ffe69c6b000 	C:\WINDOWS\SYSTEM32\CRYPTSP.dll
0x00007ffe694e0000 - 0x00007ffe69515000 	C:\WINDOWS\system32\rsaenh.dll
0x00007ffe69af0000 - 0x00007ffe69b1c000 	C:\WINDOWS\SYSTEM32\USERENV.dll
0x00007ffe69e10000 - 0x00007ffe69e38000 	C:\WINDOWS\SYSTEM32\bcrypt.dll
0x00007ffe69c70000 - 0x00007ffe69c7c000 	C:\WINDOWS\SYSTEM32\CRYPTBASE.dll
0x00007ffe68f90000 - 0x00007ffe68fbd000 	C:\WINDOWS\SYSTEM32\IPHLPAPI.DLL
0x00007ffe6c170000 - 0x00007ffe6c179000 	C:\WINDOWS\System32\NSI.dll
0x00007ffe62e60000 - 0x00007ffe62e79000 	C:\WINDOWS\SYSTEM32\dhcpcsvc6.DLL
0x00007ffe62c50000 - 0x00007ffe62c6f000 	C:\WINDOWS\SYSTEM32\dhcpcsvc.DLL
0x00007ffe69000000 - 0x00007ffe690f9000 	C:\WINDOWS\SYSTEM32\DNSAPI.dll

dbghelp: loaded successfully - version: 4.0.5 - missing functions: none
symbol engine: initialized successfully - sym options: 0x614 - pdb path: .;C:\Program Files\Java\jdk-18.0.2.1\bin;C:\WINDOWS\SYSTEM32;C:\WINDOWS\WinSxS\amd64_microsoft.windows.common-controls_6595b64144ccf1df_6.0.22621.2361_none_2712ced57382f843;C:\Program Files\Java\jdk-18.0.2.1\bin\server;C:\Users\LENOVO ideapadGAMING\.gradle\native\68d5fa5c4cc2d200863cafc0d521ce42e7d3e7ee720ec0a83991735586a16f82\windows-amd64;C:\Users\LENOVO ideapadGAMING\.gradle\native\e376f236ea51e6404a007f0833ffe2c6e607c4080706a723a18a27aeea778392\windows-amd64

VM Arguments:
jvm_args: -XX:MaxMetaspaceSize=512m --add-opens=java.base/java.util=ALL-UNNAMED --add-opens=java.base/java.lang=ALL-UNNAMED --add-opens=java.base/java.lang.invoke=ALL-UNNAMED --add-opens=java.prefs/java.util.prefs=ALL-UNNAMED --add-opens=java.base/java.nio.charset=ALL-UNNAMED --add-opens=java.base/java.net=ALL-UNNAMED --add-opens=java.base/java.util.concurrent.atomic=ALL-UNNAMED -Xmx2048m -Dfile.encoding=UTF-8 -Duser.country=US -Duser.language=en -Duser.variant 
java_command: org.gradle.launcher.daemon.bootstrap.GradleDaemon 8.0.1
java_class_path (initial): C:\Users\LENOVO ideapadGAMING\.gradle\wrapper\dists\gradle-8.0.1-all\aro4hu1c3oeioove7l0i4i14o\gradle-8.0.1\lib\gradle-launcher-8.0.1.jar
Launcher Type: SUN_STANDARD

[Global flags]
     intx CICompilerCount                          = 4                                         {product} {ergonomic}
   size_t CompressedClassSpaceSize                 = 432013312                                 {product} {ergonomic}
     uint ConcGCThreads                            = 3                                         {product} {ergonomic}
     uint G1ConcRefinementThreads                  = 10                                        {product} {ergonomic}
   size_t G1HeapRegionSize                         = 1048576                                   {product} {ergonomic}
    uintx GCDrainStackTargetSize                   = 64                                        {product} {ergonomic}
   size_t InitialHeapSize                          = 132120576                                 {product} {ergonomic}
   size_t MarkStackSize                            = 4194304                                   {product} {ergonomic}
   size_t MaxHeapSize                              = 2147483648                                {product} {command line}
   size_t MaxMetaspaceSize                         = 536870912                                 {product} {command line}
   size_t MaxNewSize                               = 1287651328                                {product} {ergonomic}
   size_t MinHeapDeltaBytes                        = 1048576                                   {product} {ergonomic}
   size_t MinHeapSize                              = 8388608                                   {product} {ergonomic}
    uintx NonNMethodCodeHeapSize                   = 5839372                                {pd product} {ergonomic}
    uintx NonProfiledCodeHeapSize                  = 122909434                              {pd product} {ergonomic}
    uintx ProfiledCodeHeapSize                     = 122909434                              {pd product} {ergonomic}
    uintx ReservedCodeCacheSize                    = 251658240                              {pd product} {ergonomic}
     bool SegmentedCodeCache                       = true                                      {product} {ergonomic}
   size_t SoftMaxHeapSize                          = 2147483648                             {manageable} {ergonomic}
     bool UseCompressedClassPointers               = true                           {product lp64_product} {ergonomic}
     bool UseCompressedOops                        = true                           {product lp64_product} {ergonomic}
     bool UseG1GC                                  = true                                      {product} {ergonomic}
     bool UseLargePagesIndividualAllocation        = false                                  {pd product} {ergonomic}

Logging:
Log output configuration:
 #0: stdout all=warning uptime,level,tags foldmultilines=false
 #1: stderr all=off uptime,level,tags foldmultilines=false

Environment Variables:
JAVA_HOME=C:\Program Files\Java\jdk-18.0.2.1
CLASSPATH=D:\KULIAH\SMT 5\PGPBL\Acara7\AwesomeProject\android\\gradle\wrapper\gradle-wrapper.jar
PATH=D:\KULIAH\SMT 5\PGPBL\Acara7\AwesomeProject\node_modules\.bin;D:\KULIAH\SMT 5\PGPBL\Acara7\node_modules\.bin;D:\KULIAH\SMT 5\PGPBL\node_modules\.bin;D:\KULIAH\SMT 5\node_modules\.bin;D:\KULIAH\node_modules\.bin;D:\node_modules\.bin;C:\Program Files\nodejs\node_modules\npm\node_modules\@npmcli\run-script\lib\node-gyp-bin;C:\Program Files (x86)\Common Files\Intel\Shared Libraries\redist\intel64\compiler;C:\Python27;C:\PCI Geomatics\Geomatica 2015\exe;C:\Program Files\Common Files\Oracle\Java\javapath;C:\Program Files (x86)\Common Files\Oracle\Java\javapath;C:\Program Files (x86)\Common Files\Intel\Shared Files\cpp\bin\Intel64;C:\Windows\system32;C:\Windows;C:\Windows\System32\Wbem;C:\Windows\System32\WindowsPowerShell\v1.0\;C:\Windows\System32\OpenSSH\;C:\Program Files (x86)\NVIDIA Corporation\PhysX\Common;C:\Program Files\NVIDIA Corporation\NVIDIA NvDLISR;C:\WINDOWS\system32;C:\WINDOWS;C:\WINDOWS\System32\Wbem;C:\WINDOWS\System32\WindowsPowerShell\v1.0\;C:\WINDOWS\System32\OpenSSH\;C:\Anaconda3;C:\Anaconda3\Scripts;C:\Program Files\dotnet\;C:\dev\MapWinGIS;C:\ProgramData\ComposerSetup\bin;C:\xampp\php;C:\WINDOWS\system32;C:\WINDOWS;C:\WINDOWS\System32\Wbem;C:\WINDOWS\System32\WindowsPowerShell\v1.0\;C:\WINDOWS\System32\OpenSSH\;C:\Program Files\Git\cmd;C:\ProgramData\chocolatey\bin;C:\Program Files\nodejs\;C:\Users\LENOVO ideapadGAMING\AppData\Local\Programs\Python\Python39\;C:\Users\LENOVO ideapadGAMING\AppData\Local\Programs\Python\Python39\Scripts;C:\Program Files\MySQL\MySQL Shell 8.0\bin\;C:\Users\LENOVO ideapadGAMING\AppData\Local\Microsoft\WindowsApps;C:\Users\LENOVO ideapadGAMING\.dotnet\tools;C:\Users\LENOVO ideapadGAMING\AppData\Local\Programs\Microsoft VS Code\bin;C:\Users\LENOVO ideapadGAMING\AppData\Roaming\Composer\vendor\bin;C:\xampp\php;C:\Program Files\Git\bin\;C:\Program Files\Gitcmd\;C:\Users\LENOVO ideapadGAMING\AppData\Local\GitHubDesktop\bin;C:\Users\LENOVO ideapadGAMING\AppData\Roaming\npm
USERNAME=LENOVO ideapadGAMING
LANG=en_US.UTF-8
OS=Windows_NT
PROCESSOR_IDENTIFIER=Intel64 Family 6 Model 165 Stepping 2, GenuineIntel



---------------  S Y S T E M  ---------------

OS:
 Windows 11 , 64 bit Build 22621 (10.0.22621.2428)
OS uptime: 0 days 2:23 hours

CPU: total 12 (initial active 12) (6 cores per cpu, 2 threads per core) family 6 model 165 stepping 2 microcode 0xe0, cx8, cmov, fxsr, ht, mmx, 3dnowpref, sse, sse2, sse3, ssse3, sse4.1, sse4.2, popcnt, lzcnt, tsc, tscinvbit, avx, avx2, aes, erms, clmul, bmi1, bmi2, adx, fma, vzeroupper, clflush, clflushopt

Memory: 4k page, system-wide physical 8060M (64M free)
TotalPageFile size 32636M (AvailPageFile size 67M)
current process WorkingSet (physical memory assigned to process): 361M, peak: 361M
current process commit charge ("private bytes"): 506M, peak: 813M

vm_info: Java HotSpot(TM) 64-Bit Server VM (18.0.2.1+1-1) for windows-amd64 JRE (18.0.2.1+1-1), built on Aug 16 2022 01:46:33 by "mach5one" with MS VC++ 16.8 / 16.9 (VS2019)

END.
