#
# There is insufficient memory for the Java Runtime Environment to continue.
# Native memory allocation (mmap) failed to map 65536 bytes for Failed to commit metaspace.
# Possible reasons:
#   The system is out of physical RAM or swap space
#   The process is running with CompressedOops enabled, and the Java Heap may be blocking the growth of the native heap
# Possible solutions:
#   Reduce memory load on the system
#   Increase physical memory or swap space
#   Check if swap backing store is full
#   Decrease Java heap size (-Xmx/-Xms)
#   Decrease number of Java threads
#   Decrease Java thread stack sizes (-Xss)
#   Set larger code cache with -XX:ReservedCodeCacheSize=
#   JVM is running with Unscaled Compressed Oops mode in which the Java heap is
#     placed in the first 4GB address space. The Java Heap base address is the
#     maximum limit for the native heap growth. Please use -XX:HeapBaseMinAddress
#     to set the Java Heap base and to place the Java Heap above 4GB virtual address.
# This output file may be truncated or incomplete.
#
#  Out of Memory Error (virtualSpaceNode.cpp:110), pid=10016, tid=9904
#
# JRE version: Java(TM) SE Runtime Environment (18.0.2.1+1) (build 18.0.2.1+1-1)
# Java VM: Java HotSpot(TM) 64-Bit Server VM (18.0.2.1+1-1, mixed mode, sharing, tiered, compressed oops, compressed class ptrs, g1 gc, windows-amd64)
# No core dump will be written. Minidumps are not enabled by default on client versions of Windows
#

---------------  S U M M A R Y ------------

Command Line: -XX:MaxMetaspaceSize=512m --add-opens=java.base/java.util=ALL-UNNAMED --add-opens=java.base/java.lang=ALL-UNNAMED --add-opens=java.base/java.lang.invoke=ALL-UNNAMED --add-opens=java.prefs/java.util.prefs=ALL-UNNAMED --add-opens=java.base/java.nio.charset=ALL-UNNAMED --add-opens=java.base/java.net=ALL-UNNAMED --add-opens=java.base/java.util.concurrent.atomic=ALL-UNNAMED -Xmx2048m -Dfile.encoding=UTF-8 -Duser.country=US -Duser.language=en -Duser.variant org.gradle.launcher.daemon.bootstrap.GradleDaemon 8.0.1

Host: Intel(R) Core(TM) i7-10750H CPU @ 2.60GHz, 12 cores, 7G,  Windows 11 , 64 bit Build 22621 (10.0.22621.2506)
Time: Mon Nov 27 09:38:56 2023 SE Asia Standard Time elapsed time: 34.131001 seconds (0d 0h 0m 34s)

---------------  T H R E A D  ---------------

Current thread (0x000001847f734670):  JavaThread "Daemon worker" [_thread_in_vm, id=9904, stack(0x0000001c04a00000,0x0000001c04b00000)]

Stack: [0x0000001c04a00000,0x0000001c04b00000]
Native frames: (J=compiled Java code, j=interpreted, Vv=VM code, C=native code)
V  [jvm.dll+0x6993aa]
V  [jvm.dll+0x7f46dd]
V  [jvm.dll+0x7f5fee]
V  [jvm.dll+0x7f66a3]
V  [jvm.dll+0x25cf1f]
V  [jvm.dll+0x7f03eb]
V  [jvm.dll+0x63f526]
V  [jvm.dll+0x1d75ce]
V  [jvm.dll+0x641ecb]
V  [jvm.dll+0x641cce]
V  [jvm.dll+0x63feee]
V  [jvm.dll+0x202e0e]
V  [jvm.dll+0x2038cf]
V  [jvm.dll+0x1f8d61]
V  [jvm.dll+0x55dc05]
V  [jvm.dll+0x76e943]
V  [jvm.dll+0x76ea24]
V  [jvm.dll+0x42d7b4]
V  [jvm.dll+0x4334bf]
C  [java.dll+0x17ec]

Java frames: (J=compiled Java code, j=interpreted, Vv=VM code)
J 927  java.lang.ClassLoader.defineClass1(Ljava/lang/ClassLoader;Ljava/lang/String;[BIILjava/security/ProtectionDomain;Ljava/lang/String;)Ljava/lang/Class; java.base@18.0.2.1 (0 bytes) @ 0x0000018407b23de3 [0x0000018407b23d20+0x00000000000000c3]
J 1243 c1 java.lang.ClassLoader.defineClass(Ljava/lang/String;[BIILjava/security/ProtectionDomain;)Ljava/lang/Class; java.base@18.0.2.1 (43 bytes) @ 0x000001840081cb54 [0x000001840081c800+0x0000000000000354]
J 1201 c1 java.security.SecureClassLoader.defineClass(Ljava/lang/String;[BIILjava/security/CodeSource;)Ljava/lang/Class; java.base@18.0.2.1 (16 bytes) @ 0x000001840080e28c [0x000001840080e1c0+0x00000000000000cc]
J 2759 c2 java.net.URLClassLoader.findClass(Ljava/lang/String;)Ljava/lang/Class; java.base@18.0.2.1 (47 bytes) @ 0x0000018407c18790 [0x0000018407c16080+0x0000000000002710]
J 2355 c2 java.lang.ClassLoader.loadClass(Ljava/lang/String;Z)Ljava/lang/Class; java.base@18.0.2.1 (121 bytes) @ 0x0000018407bdba44 [0x0000018407bd85a0+0x00000000000034a4]
J 615 c1 java.lang.ClassLoader.loadClass(Ljava/lang/String;)Ljava/lang/Class; java.base@18.0.2.1 (7 bytes) @ 0x000001840069d0cc [0x000001840069cfc0+0x000000000000010c]
j  org.codehaus.groovy.runtime.m12n.MetaInfExtensionModule.loadExtensionClass(Ljava/lang/ClassLoader;[Ljava/lang/String;Ljava/util/List;Ljava/util/List;)V+44
j  org.codehaus.groovy.runtime.m12n.MetaInfExtensionModule.newModule(Ljava/util/Properties;Ljava/lang/ClassLoader;)Lorg/codehaus/groovy/runtime/m12n/MetaInfExtensionModule;+118
j  org.codehaus.groovy.runtime.m12n.StandardPropertiesModuleFactory.newModule(Ljava/util/Properties;Ljava/lang/ClassLoader;)Lorg/codehaus/groovy/runtime/m12n/ExtensionModule;+121
j  org.codehaus.groovy.runtime.m12n.ExtensionModuleScanner.scanExtensionModuleFromProperties(Ljava/util/Properties;)V+14
j  org.codehaus.groovy.runtime.m12n.ExtensionModuleScanner.scanExtensionModuleFromMetaInf(Ljava/net/URL;)V+52
j  org.codehaus.groovy.runtime.m12n.ExtensionModuleScanner.scanClasspathModulesFrom(Ljava/lang/String;)V+30
j  org.codehaus.groovy.runtime.m12n.ExtensionModuleScanner.scanClasspathModules()V+3
j  org.codehaus.groovy.runtime.metaclass.MetaClassRegistryImpl.<init>(IZ)V+279
j  org.codehaus.groovy.runtime.metaclass.MetaClassRegistryImpl.<init>()V+3
j  groovy.lang.GroovySystem.<clinit>()V+8
v  ~StubRoutines::call_stub
j  org.codehaus.groovy.runtime.InvokerHelper.<clinit>()V+34
v  ~StubRoutines::call_stub
j  groovy.lang.GroovyObjectSupport.getDefaultMetaClass()Lgroovy/lang/MetaClass;+4
j  groovy.lang.GroovyObjectSupport.<init>()V+6
j  org.gradle.internal.extensibility.DefaultExtraPropertiesExtension.<init>()V+1
j  org.gradle.internal.extensibility.DefaultConvention.<init>(Lorg/gradle/internal/instantiation/InstanceGenerator;)V+33
j  org.gradle.internal.extensibility.ExtensibleDynamicObject.<init>(Ljava/lang/Object;Lorg/gradle/internal/metaobject/AbstractDynamicObject;Lorg/gradle/internal/instantiation/InstanceGenerator;)V+8
j  org.gradle.internal.instantiation.generator.MixInExtensibleDynamicObject.<init>(Ljava/lang/Object;Ljava/lang/Class;Lorg/gradle/internal/metaobject/DynamicObject;Lorg/gradle/internal/service/ServiceLookup;)V+13
j  org.gradle.initialization.DefaultSettings_Decorated.getAsDynamicObject()Lorg/gradle/internal/metaobject/DynamicObject;+26
j  org.gradle.initialization.SettingsFactory.createSettings(Lorg/gradle/api/internal/GradleInternal;Ljava/io/File;Lorg/gradle/groovy/scripts/ScriptSource;Lorg/gradle/api/internal/properties/GradleProperties;Lorg/gradle/StartParameter;Lorg/gradle/api/internal/initialization/ClassLoaderScope;)Lorg/gradle/initialization/SettingsState;+137
j  org.gradle.initialization.ScriptEvaluatingSettingsProcessor.process(Lorg/gradle/api/internal/GradleInternal;Lorg/gradle/initialization/SettingsLocation;Lorg/gradle/api/internal/initialization/ClassLoaderScope;Lorg/gradle/StartParameter;)Lorg/gradle/initialization/SettingsState;+47
j  org.gradle.initialization.SettingsEvaluatedCallbackFiringSettingsProcessor.process(Lorg/gradle/api/internal/GradleInternal;Lorg/gradle/initialization/SettingsLocation;Lorg/gradle/api/internal/initialization/ClassLoaderScope;Lorg/gradle/StartParameter;)Lorg/gradle/initialization/SettingsState;+9
j  org.gradle.initialization.RootBuildCacheControllerSettingsProcessor.process(Lorg/gradle/api/internal/GradleInternal;Lorg/gradle/initialization/SettingsLocation;Lorg/gradle/api/internal/initialization/ClassLoaderScope;Lorg/gradle/StartParameter;)Lorg/gradle/initialization/SettingsState;+9
j  org.gradle.initialization.BuildOperationSettingsProcessor$2.call(Lorg/gradle/internal/operations/BuildOperationContext;)Lorg/gradle/initialization/SettingsState;+23
j  org.gradle.initialization.BuildOperationSettingsProcessor$2.call(Lorg/gradle/internal/operations/BuildOperationContext;)Ljava/lang/Object;+2
j  org.gradle.internal.operations.DefaultBuildOperationRunner$CallableBuildOperationWorker.execute(Lorg/gradle/internal/operations/CallableBuildOperation;Lorg/gradle/internal/operations/BuildOperationContext;)V+3
j  org.gradle.internal.operations.DefaultBuildOperationRunner$CallableBuildOperationWorker.execute(Lorg/gradle/internal/operations/BuildOperation;Lorg/gradle/internal/operations/BuildOperationContext;)V+6
j  org.gradle.internal.operations.DefaultBuildOperationRunner$2.execute(Lorg/gradle/internal/operations/BuildOperationDescriptor;Lorg/gradle/internal/operations/BuildOperationState;Lorg/gradle/internal/operations/BuildOperationState;Lorg/gradle/internal/operations/DefaultBuildOperationRunner$ReadableBuildOperationContext;Lorg/gradle/internal/operations/DefaultBuildOperationRunner$BuildOperationExecutionListener;)Lorg/gradle/internal/operations/BuildOperation;+22
j  org.gradle.internal.operations.DefaultBuildOperationRunner$2.execute(Lorg/gradle/internal/operations/BuildOperationDescriptor;Lorg/gradle/internal/operations/BuildOperationState;Lorg/gradle/internal/operations/BuildOperationState;Lorg/gradle/internal/operations/DefaultBuildOperationRunner$ReadableBuildOperationContext;Lorg/gradle/internal/operations/DefaultBuildOperationRunner$BuildOperationExecutionListener;)Ljava/lang/Object;+8
j  org.gradle.internal.operations.DefaultBuildOperationRunner.execute(Lorg/gradle/internal/operations/BuildOperationDescriptor$Builder;Lorg/gradle/internal/operations/BuildOperationState;Lorg/gradle/internal/operations/DefaultBuildOperationRunner$BuildOperationExecution;)Ljava/lang/Object;+141
j  org.gradle.internal.operations.DefaultBuildOperationRunner.execute(Lorg/gradle/internal/operations/BuildOperation;Lorg/gradle/internal/operations/BuildOperationWorker;Lorg/gradle/internal/operations/BuildOperationState;)V+18
j  org.gradle.internal.operations.DefaultBuildOperationRunner.call(Lorg/gradle/internal/operations/CallableBuildOperation;)Ljava/lang/Object;+16
j  org.gradle.internal.operations.DefaultBuildOperationExecutor.call(Lorg/gradle/internal/operations/CallableBuildOperation;)Ljava/lang/Object;+5
j  org.gradle.initialization.BuildOperationSettingsProcessor.process(Lorg/gradle/api/internal/GradleInternal;Lorg/gradle/initialization/SettingsLocation;Lorg/gradle/api/internal/initialization/ClassLoaderScope;Lorg/gradle/StartParameter;)Lorg/gradle/initialization/SettingsState;+17
j  org.gradle.initialization.DefaultSettingsLoader.findSettingsAndLoadIfAppropriate(Lorg/gradle/api/internal/GradleInternal;Lorg/gradle/StartParameter;Lorg/gradle/initialization/SettingsLocation;Lorg/gradle/api/internal/initialization/ClassLoaderScope;)Lorg/gradle/initialization/SettingsState;+9
j  org.gradle.initialization.DefaultSettingsLoader.findAndLoadSettings(Lorg/gradle/api/internal/GradleInternal;)Lorg/gradle/initialization/SettingsState;+33
j  org.gradle.initialization.SettingsAttachingSettingsLoader.findAndLoadSettings(Lorg/gradle/api/internal/GradleInternal;)Lorg/gradle/initialization/SettingsState;+5
j  org.gradle.internal.composite.CommandLineIncludedBuildSettingsLoader.findAndLoadSettings(Lorg/gradle/api/internal/GradleInternal;)Lorg/gradle/initialization/SettingsState;+5
j  org.gradle.internal.composite.ChildBuildRegisteringSettingsLoader.findAndLoadSettings(Lorg/gradle/api/internal/GradleInternal;)Lorg/gradle/initialization/SettingsState;+5
j  org.gradle.internal.composite.CompositeBuildSettingsLoader.findAndLoadSettings(Lorg/gradle/api/internal/GradleInternal;)Lorg/gradle/initialization/SettingsState;+5
j  org.gradle.initialization.InitScriptHandlingSettingsLoader.findAndLoadSettings(Lorg/gradle/api/internal/GradleInternal;)Lorg/gradle/initialization/SettingsState;+13
j  org.gradle.api.internal.initialization.CacheConfigurationsHandlingSettingsLoader.findAndLoadSettings(Lorg/gradle/api/internal/GradleInternal;)Lorg/gradle/initialization/SettingsState;+15
j  org.gradle.initialization.GradlePropertiesHandlingSettingsLoader.findAndLoadSettings(Lorg/gradle/api/internal/GradleInternal;)Lorg/gradle/initialization/SettingsState;+39
j  org.gradle.initialization.DefaultSettingsPreparer.prepareSettings(Lorg/gradle/api/internal/GradleInternal;)V+33
j  org.gradle.initialization.BuildOperationFiringSettingsPreparer$LoadBuild.doLoadBuild()V+11
j  org.gradle.initialization.BuildOperationFiringSettingsPreparer$LoadBuild.run(Lorg/gradle/internal/operations/BuildOperationContext;)V+1
j  org.gradle.internal.operations.DefaultBuildOperationRunner$1.execute(Lorg/gradle/internal/operations/RunnableBuildOperation;Lorg/gradle/internal/operations/BuildOperationContext;)V+2
j  org.gradle.internal.operations.DefaultBuildOperationRunner$1.execute(Lorg/gradle/internal/operations/BuildOperation;Lorg/gradle/internal/operations/BuildOperationContext;)V+6
j  org.gradle.internal.operations.DefaultBuildOperationRunner$2.execute(Lorg/gradle/internal/operations/BuildOperationDescriptor;Lorg/gradle/internal/operations/BuildOperationState;Lorg/gradle/internal/operations/BuildOperationState;Lorg/gradle/internal/operations/DefaultBuildOperationRunner$ReadableBuildOperationContext;Lorg/gradle/internal/operations/DefaultBuildOperationRunner$BuildOperationExecutionListener;)Lorg/gradle/internal/operations/BuildOperation;+22
j  org.gradle.internal.operations.DefaultBuildOperationRunner$2.execute(Lorg/gradle/internal/operations/BuildOperationDescriptor;Lorg/gradle/internal/operations/BuildOperationState;Lorg/gradle/internal/operations/BuildOperationState;Lorg/gradle/internal/operations/DefaultBuildOperationRunner$ReadableBuildOperationContext;Lorg/gradle/internal/operations/DefaultBuildOperationRunner$BuildOperationExecutionListener;)Ljava/lang/Object;+8
j  org.gradle.internal.operations.DefaultBuildOperationRunner.execute(Lorg/gradle/internal/operations/BuildOperationDescriptor$Builder;Lorg/gradle/internal/operations/BuildOperationState;Lorg/gradle/internal/operations/DefaultBuildOperationRunner$BuildOperationExecution;)Ljava/lang/Object;+141
j  org.gradle.internal.operations.DefaultBuildOperationRunner.execute(Lorg/gradle/internal/operations/BuildOperation;Lorg/gradle/internal/operations/BuildOperationWorker;Lorg/gradle/internal/operations/BuildOperationState;)V+18
j  org.gradle.internal.operations.DefaultBuildOperationRunner.run(Lorg/gradle/internal/operations/RunnableBuildOperation;)V+9
j  org.gradle.internal.operations.DefaultBuildOperationExecutor.run(Lorg/gradle/internal/operations/RunnableBuildOperation;)V+5
j  org.gradle.initialization.BuildOperationFiringSettingsPreparer.prepareSettings(Lorg/gradle/api/internal/GradleInternal;)V+31
j  org.gradle.initialization.VintageBuildModelController.lambda$prepareSettings$1()V+8
j  org.gradle.initialization.VintageBuildModelController$$Lambda$247+0x0000000800f1f068.run()V+4
j  org.gradle.internal.model.StateTransitionController.lambda$doTransition$13(Ljava/lang/Runnable;)Lorg/gradle/internal/build/ExecutionResult;+1
j  org.gradle.internal.model.StateTransitionController$$Lambda$246+0x0000000800f1ee58.get()Ljava/lang/Object;+4
j  org.gradle.internal.model.StateTransitionController.doTransition(Lorg/gradle/internal/model/StateTransitionController$State;Lorg/gradle/internal/model/StateTransitionController$State;Ljava/util/function/Supplier;)Lorg/gradle/internal/build/ExecutionResult;+24
j  org.gradle.internal.model.StateTransitionController.doTransition(Lorg/gradle/internal/model/StateTransitionController$State;Lorg/gradle/internal/model/StateTransitionController$State;Ljava/lang/Runnable;)V+9
j  org.gradle.internal.model.StateTransitionController.lambda$transitionIfNotPreviously$11(Lorg/gradle/internal/model/StateTransitionController$State;Lorg/gradle/internal/model/StateTransitionController$State;Ljava/lang/Runnable;)V+16
j  org.gradle.internal.model.StateTransitionController$$Lambda$248+0x0000000800f1f278.run()V+16
j  org.gradle.internal.work.DefaultSynchronizer.withLock(Ljava/lang/Runnable;)V+6
j  org.gradle.internal.model.StateTransitionController.transitionIfNotPreviously(Lorg/gradle/internal/model/StateTransitionController$State;Lorg/gradle/internal/model/StateTransitionController$State;Ljava/lang/Runnable;)V+13
j  org.gradle.initialization.VintageBuildModelController.prepareSettings()V+16
j  org.gradle.initialization.VintageBuildModelController.prepareToScheduleTasks()V+1
j  org.gradle.internal.build.DefaultBuildLifecycleController.lambda$prepareToScheduleTasks$3()V+9
j  org.gradle.internal.build.DefaultBuildLifecycleController$$Lambda$244+0x0000000800f1ea38.run()V+4
j  org.gradle.internal.model.StateTransitionController.lambda$doTransition$13(Ljava/lang/Runnable;)Lorg/gradle/internal/build/ExecutionResult;+1
j  org.gradle.internal.model.StateTransitionController$$Lambda$246+0x0000000800f1ee58.get()Ljava/lang/Object;+4
j  org.gradle.internal.model.StateTransitionController.doTransition(Lorg/gradle/internal/model/StateTransitionController$State;Lorg/gradle/internal/model/StateTransitionController$State;Ljava/util/function/Supplier;)Lorg/gradle/internal/build/ExecutionResult;+24
j  org.gradle.internal.model.StateTransitionController.doTransition(Lorg/gradle/internal/model/StateTransitionController$State;Lorg/gradle/internal/model/StateTransitionController$State;Ljava/lang/Runnable;)V+9
j  org.gradle.internal.model.StateTransitionController.lambda$maybeTransition$9(Lorg/gradle/internal/model/StateTransitionController$State;Lorg/gradle/internal/model/StateTransitionController$State;Ljava/lang/Runnable;)V+16
j  org.gradle.internal.model.StateTransitionController$$Lambda$245+0x0000000800f1ec48.run()V+16
j  org.gradle.internal.work.DefaultSynchronizer.withLock(Ljava/lang/Runnable;)V+6
j  org.gradle.internal.model.StateTransitionController.maybeTransition(Lorg/gradle/internal/model/StateTransitionController$State;Lorg/gradle/internal/model/StateTransitionController$State;Ljava/lang/Runnable;)V+13
j  org.gradle.internal.build.DefaultBuildLifecycleController.prepareToScheduleTasks()V+16
j  org.gradle.internal.buildtree.DefaultBuildTreeWorkPreparer.scheduleRequestedTasks(Lorg/gradle/internal/buildtree/BuildTreeWorkGraph;Lorg/gradle/execution/EntryTaskSelector;)Lorg/gradle/internal/buildtree/BuildTreeWorkGraph$FinalizedGraph;+4
j  org.gradle.configurationcache.VintageBuildTreeWorkController$scheduleAndRunRequestedTasks$1.apply(Lorg/gradle/internal/buildtree/BuildTreeWorkGraph;)Lorg/gradle/internal/build/ExecutionResult;+18
j  org.gradle.configurationcache.VintageBuildTreeWorkController$scheduleAndRunRequestedTasks$1.apply(Ljava/lang/Object;)Ljava/lang/Object;+5
j  org.gradle.composite.internal.DefaultIncludedBuildTaskGraph.withNewWorkGraph(Ljava/util/function/Function;)Ljava/lang/Object;+30
j  org.gradle.configurationcache.VintageBuildTreeWorkController.scheduleAndRunRequestedTasks(Lorg/gradle/execution/EntryTaskSelector;)Lorg/gradle/internal/build/ExecutionResult;+16
j  org.gradle.internal.buildtree.DefaultBuildTreeLifecycleController.lambda$scheduleAndRunTasks$1(Lorg/gradle/execution/EntryTaskSelector;)Lorg/gradle/internal/build/ExecutionResult;+5
j  org.gradle.internal.buildtree.DefaultBuildTreeLifecycleController$$Lambda$239+0x0000000800f1dc40.get()Ljava/lang/Object;+8
j  org.gradle.internal.buildtree.DefaultBuildTreeLifecycleController.lambda$runBuild$4(Ljava/util/function/Supplier;)Ljava/lang/Object;+1
j  org.gradle.internal.buildtree.DefaultBuildTreeLifecycleController$$Lambda$240+0x0000000800f1de50.get()Ljava/lang/Object;+8
j  org.gradle.internal.model.StateTransitionController.lambda$transition$6(Ljava/util/function/Supplier;)Lorg/gradle/internal/build/ExecutionResult;+1
j  org.gradle.internal.model.StateTransitionController$$Lambda$242+0x0000000800f1e270.get()Ljava/lang/Object;+4
j  org.gradle.internal.model.StateTransitionController.doTransition(Lorg/gradle/internal/model/StateTransitionController$State;Lorg/gradle/internal/model/StateTransitionController$State;Ljava/util/function/Supplier;)Lorg/gradle/internal/build/ExecutionResult;+24
j  org.gradle.internal.model.StateTransitionController.lambda$transition$7(Lorg/gradle/internal/model/StateTransitionController$State;Lorg/gradle/internal/model/StateTransitionController$State;Ljava/util/function/Supplier;)Ljava/lang/Object;+9
j  org.gradle.internal.model.StateTransitionController$$Lambda$241+0x0000000800f1e060.create()Ljava/lang/Object;+16
j  org.gradle.internal.work.DefaultSynchronizer.withLock(Lorg/gradle/internal/Factory;)Ljava/lang/Object;+6
j  org.gradle.internal.model.StateTransitionController.transition(Lorg/gradle/internal/model/StateTransitionController$State;Lorg/gradle/internal/model/StateTransitionController$State;Ljava/util/function/Supplier;)Ljava/lang/Object;+13
j  org.gradle.internal.buildtree.DefaultBuildTreeLifecycleController.runBuild(Ljava/util/function/Supplier;)Ljava/lang/Object;+17
j  org.gradle.internal.buildtree.DefaultBuildTreeLifecycleController.scheduleAndRunTasks(Lorg/gradle/execution/EntryTaskSelector;)V+8
j  org.gradle.internal.buildtree.DefaultBuildTreeLifecycleController.scheduleAndRunTasks()V+2
j  org.gradle.tooling.internal.provider.ExecuteBuildActionRunner.run(Lorg/gradle/internal/invocation/BuildAction;Lorg/gradle/internal/buildtree/BuildTreeLifecycleController;)Lorg/gradle/internal/buildtree/BuildActionRunner$Result;+12
j  org.gradle.launcher.exec.ChainingBuildActionRunner.run(Lorg/gradle/internal/invocation/BuildAction;Lorg/gradle/internal/buildtree/BuildTreeLifecycleController;)Lorg/gradle/internal/buildtree/BuildActionRunner$Result;+34
j  org.gradle.internal.buildtree.ProblemReportingBuildActionRunner.run(Lorg/gradle/internal/invocation/BuildAction;Lorg/gradle/internal/buildtree/BuildTreeLifecycleController;)Lorg/gradle/internal/buildtree/BuildActionRunner$Result;+12
j  org.gradle.launcher.exec.BuildOutcomeReportingBuildActionRunner.run(Lorg/gradle/internal/invocation/BuildAction;Lorg/gradle/internal/buildtree/BuildTreeLifecycleController;)Lorg/gradle/internal/buildtree/BuildActionRunner$Result;+69
j  org.gradle.tooling.internal.provider.FileSystemWatchingBuildActionRunner.run(Lorg/gradle/internal/invocation/BuildAction;Lorg/gradle/internal/buildtree/BuildTreeLifecycleController;)Lorg/gradle/internal/buildtree/BuildActionRunner$Result;+335
j  org.gradle.launcher.exec.BuildCompletionNotifyingBuildActionRunner.run(Lorg/gradle/internal/invocation/BuildAction;Lorg/gradle/internal/buildtree/BuildTreeLifecycleController;)Lorg/gradle/internal/buildtree/BuildActionRunner$Result;+6
j  org.gradle.launcher.exec.RootBuildLifecycleBuildActionExecutor.lambda$execute$0(Lorg/gradle/internal/invocation/BuildAction;Lorg/gradle/internal/buildtree/BuildTreeLifecycleController;)Lorg/gradle/internal/buildtree/BuildActionRunner$Result;+6
j  org.gradle.launcher.exec.RootBuildLifecycleBuildActionExecutor$$Lambda$198+0x0000000800f05a78.apply(Ljava/lang/Object;)Ljava/lang/Object;+12
j  org.gradle.composite.internal.DefaultRootBuildState.run(Ljava/util/function/Function;)Ljava/lang/Object;+87
j  org.gradle.launcher.exec.RootBuildLifecycleBuildActionExecutor.execute(Lorg/gradle/internal/invocation/BuildAction;Lorg/gradle/internal/buildtree/BuildTreeContext;)Lorg/gradle/internal/buildtree/BuildActionRunner$Result;+28
j  org.gradle.internal.buildtree.DefaultBuildTreeContext.execute(Lorg/gradle/internal/invocation/BuildAction;)Lorg/gradle/internal/buildtree/BuildActionRunner$Result;+64
j  org.gradle.launcher.exec.BuildTreeLifecycleBuildActionExecutor.lambda$execute$0(Lorg/gradle/internal/invocation/BuildAction;Lorg/gradle/internal/buildtree/BuildTreeContext;)Lorg/gradle/internal/buildtree/BuildActionRunner$Result;+2
j  org.gradle.launcher.exec.BuildTreeLifecycleBuildActionExecutor$$Lambda$151+0x0000000800e31398.apply(Ljava/lang/Object;)Ljava/lang/Object;+8
j  org.gradle.internal.buildtree.BuildTreeState.run(Ljava/util/function/Function;)Ljava/lang/Object;+5
j  org.gradle.launcher.exec.BuildTreeLifecycleBuildActionExecutor.execute(Lorg/gradle/internal/invocation/BuildAction;Lorg/gradle/internal/session/BuildSessionContext;)Lorg/gradle/internal/buildtree/BuildActionRunner$Result;+181
j  org.gradle.launcher.exec.RunAsBuildOperationBuildActionExecutor$3.call(Lorg/gradle/internal/operations/BuildOperationContext;)Lorg/gradle/internal/buildtree/BuildActionRunner$Result;+25
j  org.gradle.launcher.exec.RunAsBuildOperationBuildActionExecutor$3.call(Lorg/gradle/internal/operations/BuildOperationContext;)Ljava/lang/Object;+2
j  org.gradle.internal.operations.DefaultBuildOperationRunner$CallableBuildOperationWorker.execute(Lorg/gradle/internal/operations/CallableBuildOperation;Lorg/gradle/internal/operations/BuildOperationContext;)V+3
j  org.gradle.internal.operations.DefaultBuildOperationRunner$CallableBuildOperationWorker.execute(Lorg/gradle/internal/operations/BuildOperation;Lorg/gradle/internal/operations/BuildOperationContext;)V+6
j  org.gradle.internal.operations.DefaultBuildOperationRunner$2.execute(Lorg/gradle/internal/operations/BuildOperationDescriptor;Lorg/gradle/internal/operations/BuildOperationState;Lorg/gradle/internal/operations/BuildOperationState;Lorg/gradle/internal/operations/DefaultBuildOperationRunner$ReadableBuildOperationContext;Lorg/gradle/internal/operations/DefaultBuildOperationRunner$BuildOperationExecutionListener;)Lorg/gradle/internal/operations/BuildOperation;+22
j  org.gradle.internal.operations.DefaultBuildOperationRunner$2.execute(Lorg/gradle/internal/operations/BuildOperationDescriptor;Lorg/gradle/internal/operations/BuildOperationState;Lorg/gradle/internal/operations/BuildOperationState;Lorg/gradle/internal/operations/DefaultBuildOperationRunner$ReadableBuildOperationContext;Lorg/gradle/internal/operations/DefaultBuildOperationRunner$BuildOperationExecutionListener;)Ljava/lang/Object;+8
j  org.gradle.internal.operations.DefaultBuildOperationRunner.execute(Lorg/gradle/internal/operations/BuildOperationDescriptor$Builder;Lorg/gradle/internal/operations/BuildOperationState;Lorg/gradle/internal/operations/DefaultBuildOperationRunner$BuildOperationExecution;)Ljava/lang/Object;+141
j  org.gradle.internal.operations.DefaultBuildOperationRunner.execute(Lorg/gradle/internal/operations/BuildOperation;Lorg/gradle/internal/operations/BuildOperationWorker;Lorg/gradle/internal/operations/BuildOperationState;)V+18
j  org.gradle.internal.operations.DefaultBuildOperationRunner.call(Lorg/gradle/internal/operations/CallableBuildOperation;)Ljava/lang/Object;+16
j  org.gradle.internal.operations.DefaultBuildOperationExecutor.call(Lorg/gradle/internal/operations/CallableBuildOperation;)Ljava/lang/Object;+5
j  org.gradle.launcher.exec.RunAsBuildOperationBuildActionExecutor.execute(Lorg/gradle/internal/invocation/BuildAction;Lorg/gradle/internal/session/BuildSessionContext;)Lorg/gradle/internal/buildtree/BuildActionRunner$Result;+23
j  org.gradle.launcher.exec.RunAsWorkerThreadBuildActionExecutor.lambda$execute$0(Lorg/gradle/internal/invocation/BuildAction;Lorg/gradle/internal/session/BuildSessionContext;)Lorg/gradle/internal/buildtree/BuildActionRunner$Result;+6
j  org.gradle.launcher.exec.RunAsWorkerThreadBuildActionExecutor$$Lambda$150+0x0000000800e15000.create()Ljava/lang/Object;+12
j  org.gradle.internal.work.DefaultWorkerLeaseService.withLocks(Ljava/util/Collection;Lorg/gradle/internal/Factory;)Ljava/lang/Object;+28
j  org.gradle.internal.work.DefaultWorkerLeaseService.runAsWorkerThread(Lorg/gradle/internal/Factory;)Ljava/lang/Object;+33
j  org.gradle.launcher.exec.RunAsWorkerThreadBuildActionExecutor.execute(Lorg/gradle/internal/invocation/BuildAction;Lorg/gradle/internal/session/BuildSessionContext;)Lorg/gradle/internal/buildtree/BuildActionRunner$Result;+12
j  org.gradle.tooling.internal.provider.continuous.ContinuousBuildActionExecutor.execute(Lorg/gradle/internal/invocation/BuildAction;Lorg/gradle/internal/session/BuildSessionContext;)Lorg/gradle/internal/buildtree/BuildActionRunner$Result;+58
j  org.gradle.tooling.internal.provider.SubscribableBuildActionExecutor.execute(Lorg/gradle/internal/invocation/BuildAction;Lorg/gradle/internal/session/BuildSessionContext;)Lorg/gradle/internal/buildtree/BuildActionRunner$Result;+30
j  org.gradle.internal.session.DefaultBuildSessionContext.execute(Lorg/gradle/internal/invocation/BuildAction;)Lorg/gradle/internal/buildtree/BuildActionRunner$Result;+64
j  org.gradle.tooling.internal.provider.BuildSessionLifecycleBuildActionExecuter$ActionImpl.apply(Lorg/gradle/internal/session/BuildSessionContext;)Lorg/gradle/launcher/exec/BuildActionResult;+6
j  org.gradle.tooling.internal.provider.BuildSessionLifecycleBuildActionExecuter$ActionImpl.apply(Ljava/lang/Object;)Ljava/lang/Object;+5
j  org.gradle.internal.session.BuildSessionState.run(Ljava/util/function/Function;)Ljava/lang/Object;+5
j  org.gradle.tooling.internal.provider.BuildSessionLifecycleBuildActionExecuter.execute(Lorg/gradle/internal/invocation/BuildAction;Lorg/gradle/launcher/exec/BuildActionParameters;Lorg/gradle/initialization/BuildRequestContext;)Lorg/gradle/launcher/exec/BuildActionResult;+95
j  org.gradle.tooling.internal.provider.BuildSessionLifecycleBuildActionExecuter.execute(Lorg/gradle/internal/invocation/BuildAction;Ljava/lang/Object;Ljava/lang/Object;)Lorg/gradle/launcher/exec/BuildActionResult;+10
j  org.gradle.tooling.internal.provider.StartParamsValidatingActionExecuter.execute(Lorg/gradle/internal/invocation/BuildAction;Lorg/gradle/launcher/exec/BuildActionParameters;Lorg/gradle/initialization/BuildRequestContext;)Lorg/gradle/launcher/exec/BuildActionResult;+177
j  org.gradle.tooling.internal.provider.StartParamsValidatingActionExecuter.execute(Lorg/gradle/internal/invocation/BuildAction;Ljava/lang/Object;Ljava/lang/Object;)Lorg/gradle/launcher/exec/BuildActionResult;+10
j  org.gradle.tooling.internal.provider.SessionFailureReportingActionExecuter.execute(Lorg/gradle/internal/invocation/BuildAction;Lorg/gradle/launcher/exec/BuildActionParameters;Lorg/gradle/initialization/BuildRequestContext;)Lorg/gradle/launcher/exec/BuildActionResult;+7
j  org.gradle.tooling.internal.provider.SessionFailureReportingActionExecuter.execute(Lorg/gradle/internal/invocation/BuildAction;Ljava/lang/Object;Ljava/lang/Object;)Lorg/gradle/launcher/exec/BuildActionResult;+10
j  org.gradle.tooling.internal.provider.SetupLoggingActionExecuter.execute(Lorg/gradle/internal/invocation/BuildAction;Lorg/gradle/launcher/exec/BuildActionParameters;Lorg/gradle/initialization/BuildRequestContext;)Lorg/gradle/launcher/exec/BuildActionResult;+50
j  org.gradle.tooling.internal.provider.SetupLoggingActionExecuter.execute(Lorg/gradle/internal/invocation/BuildAction;Ljava/lang/Object;Ljava/lang/Object;)Lorg/gradle/launcher/exec/BuildActionResult;+10
j  org.gradle.launcher.daemon.server.exec.ExecuteBuild.doBuild(Lorg/gradle/launcher/daemon/server/api/DaemonCommandExecution;Lorg/gradle/launcher/daemon/protocol/Build;)V+117
j  org.gradle.launcher.daemon.server.exec.BuildCommandOnly.execute(Lorg/gradle/launcher/daemon/server/api/DaemonCommandExecution;)V+49
j  org.gradle.launcher.daemon.server.api.DaemonCommandExecution.proceed()Z+23
j  org.gradle.launcher.daemon.server.exec.WatchForDisconnection.execute(Lorg/gradle/launcher/daemon/server/api/DaemonCommandExecution;)V+19
j  org.gradle.launcher.daemon.server.api.DaemonCommandExecution.proceed()Z+23
j  org.gradle.launcher.daemon.server.exec.ResetDeprecationLogger.execute(Lorg/gradle/launcher/daemon/server/api/DaemonCommandExecution;)V+7
j  org.gradle.launcher.daemon.server.api.DaemonCommandExecution.proceed()Z+23
j  org.gradle.launcher.daemon.server.exec.RequestStopIfSingleUsedDaemon.execute(Lorg/gradle/launcher/daemon/server/api/DaemonCommandExecution;)V+33
j  org.gradle.launcher.daemon.server.api.DaemonCommandExecution.proceed()Z+23
j  org.gradle.launcher.daemon.server.exec.ForwardClientInput$2.create()Ljava/lang/Void;+4
j  org.gradle.launcher.daemon.server.exec.ForwardClientInput$2.create()Ljava/lang/Object;+1
j  org.gradle.util.internal.Swapper.swap(Ljava/lang/Object;Lorg/gradle/internal/Factory;)Ljava/lang/Object;+21
j  org.gradle.launcher.daemon.server.exec.ForwardClientInput.execute(Lorg/gradle/launcher/daemon/server/api/DaemonCommandExecution;)V+63
j  org.gradle.launcher.daemon.server.api.DaemonCommandExecution.proceed()Z+23
j  org.gradle.launcher.daemon.server.exec.LogAndCheckHealth.execute(Lorg/gradle/launcher/daemon/server/api/DaemonCommandExecution;)V+51
j  org.gradle.launcher.daemon.server.api.DaemonCommandExecution.proceed()Z+23
j  org.gradle.launcher.daemon.server.exec.LogToClient.doBuild(Lorg/gradle/launcher/daemon/server/api/DaemonCommandExecution;Lorg/gradle/launcher/daemon/protocol/Build;)V+87
j  org.gradle.launcher.daemon.server.exec.BuildCommandOnly.execute(Lorg/gradle/launcher/daemon/server/api/DaemonCommandExecution;)V+49
j  org.gradle.launcher.daemon.server.api.DaemonCommandExecution.proceed()Z+23
j  org.gradle.launcher.daemon.server.exec.EstablishBuildEnvironment.doBuild(Lorg/gradle/launcher/daemon/server/api/DaemonCommandExecution;Lorg/gradle/launcher/daemon/protocol/Build;)V+356
j  org.gradle.launcher.daemon.server.exec.BuildCommandOnly.execute(Lorg/gradle/launcher/daemon/server/api/DaemonCommandExecution;)V+49
j  org.gradle.launcher.daemon.server.api.DaemonCommandExecution.proceed()Z+23
j  org.gradle.launcher.daemon.server.exec.StartBuildOrRespondWithBusy$1.run()V+44
j  org.gradle.launcher.daemon.server.DaemonStateCoordinator$1.run()V+4
j  org.gradle.internal.concurrent.ExecutorPolicy$CatchAndRecordFailures.onExecute(Ljava/lang/Runnable;)V+1
j  org.gradle.internal.concurrent.ManagedExecutorImpl$1.run()V+25
j  java.util.concurrent.ThreadPoolExecutor.runWorker(Ljava/util/concurrent/ThreadPoolExecutor$Worker;)V+92 java.base@18.0.2.1
j  java.util.concurrent.ThreadPoolExecutor$Worker.run()V+5 java.base@18.0.2.1
j  java.lang.Thread.run()V+11 java.base@18.0.2.1
v  ~StubRoutines::call_stub

---------------  P R O C E S S  ---------------

Threads class SMR info:
_java_thread_list=0x0000018415612260, length=34, elements={
0x000001846fe69a10, 0x000001847f4e3040, 0x000001847f4e44b0, 0x000001847f4facf0,
0x000001847f4fb690, 0x000001847f4fc030, 0x000001847f4fc9d0, 0x000001847f4fd6a0,
0x000001847f4fe080, 0x000001847f500a70, 0x000001847f765fe0, 0x000001847f7704c0,
0x00000184141b19a0, 0x000001847f93e0b0, 0x000001841366d520, 0x0000018413b9d140,
0x0000018413b3ba50, 0x000001847f92ec30, 0x000001847f734670, 0x00000184148377c0,
0x0000018413666430, 0x0000018413667770, 0x0000018413666900, 0x00000184136672a0,
0x0000018413665f60, 0x0000018413666dd0, 0x0000018413664c20, 0x0000018413664280,
0x0000018413664750, 0x0000018413665a90, 0x0000018414fc84b0, 0x0000018414fc5490,
0x0000018414fc32e0, 0x0000018414fc8e50
}

Java Threads: ( => current thread )
  0x000001846fe69a10 JavaThread "main" [_thread_blocked, id=30124, stack(0x0000001c02d00000,0x0000001c02e00000)]
  0x000001847f4e3040 JavaThread "Reference Handler" daemon [_thread_blocked, id=28456, stack(0x0000001c03400000,0x0000001c03500000)]
  0x000001847f4e44b0 JavaThread "Finalizer" daemon [_thread_blocked, id=32960, stack(0x0000001c03500000,0x0000001c03600000)]
  0x000001847f4facf0 JavaThread "Signal Dispatcher" daemon [_thread_blocked, id=27264, stack(0x0000001c03600000,0x0000001c03700000)]
  0x000001847f4fb690 JavaThread "Attach Listener" daemon [_thread_blocked, id=32384, stack(0x0000001c03700000,0x0000001c03800000)]
  0x000001847f4fc030 JavaThread "Service Thread" daemon [_thread_blocked, id=33380, stack(0x0000001c03800000,0x0000001c03900000)]
  0x000001847f4fc9d0 JavaThread "Monitor Deflation Thread" daemon [_thread_blocked, id=10920, stack(0x0000001c03900000,0x0000001c03a00000)]
  0x000001847f4fd6a0 JavaThread "C2 CompilerThread0" daemon [_thread_blocked, id=27808, stack(0x0000001c03a00000,0x0000001c03b00000)]
  0x000001847f4fe080 JavaThread "C1 CompilerThread0" daemon [_thread_blocked, id=31956, stack(0x0000001c03b00000,0x0000001c03c00000)]
  0x000001847f500a70 JavaThread "Sweeper thread" daemon [_thread_blocked, id=10780, stack(0x0000001c03c00000,0x0000001c03d00000)]
  0x000001847f765fe0 JavaThread "Common-Cleaner" daemon [_thread_blocked, id=24064, stack(0x0000001c03d00000,0x0000001c03e00000)]
  0x000001847f7704c0 JavaThread "Notification Thread" daemon [_thread_blocked, id=29604, stack(0x0000001c03e00000,0x0000001c03f00000)]
  0x00000184141b19a0 JavaThread "Daemon health stats" [_thread_blocked, id=21312, stack(0x0000001c04400000,0x0000001c04500000)]
  0x000001847f93e0b0 JavaThread "Incoming local TCP Connector on port 59865" [_thread_in_native, id=33804, stack(0x0000001c04500000,0x0000001c04600000)]
  0x000001841366d520 JavaThread "Daemon periodic checks" [_thread_blocked, id=17560, stack(0x0000001c04600000,0x0000001c04700000)]
  0x0000018413b9d140 JavaThread "Daemon" [_thread_blocked, id=26076, stack(0x0000001c04700000,0x0000001c04800000)]
  0x0000018413b3ba50 JavaThread "Handler for socket connection from /127.0.0.1:59865 to /127.0.0.1:59867" [_thread_in_native, id=5552, stack(0x0000001c04800000,0x0000001c04900000)]
  0x000001847f92ec30 JavaThread "Cancel handler" [_thread_blocked, id=20352, stack(0x0000001c04900000,0x0000001c04a00000)]
=>0x000001847f734670 JavaThread "Daemon worker" [_thread_in_vm, id=9904, stack(0x0000001c04a00000,0x0000001c04b00000)]
  0x00000184148377c0 JavaThread "Asynchronous log dispatcher for DefaultDaemonConnection: socket connection from /127.0.0.1:59865 to /127.0.0.1:59867" [_thread_blocked, id=31652, stack(0x0000001c04b00000,0x0000001c04c00000)]
  0x0000018413666430 JavaThread "Stdin handler" [_thread_blocked, id=19964, stack(0x0000001c04c00000,0x0000001c04d00000)]
  0x0000018413667770 JavaThread "Daemon client event forwarder" [_thread_blocked, id=28376, stack(0x0000001c04d00000,0x0000001c04e00000)]
  0x0000018413666900 JavaThread "Cache worker for journal cache (C:\Users\LENOVO ideapadGAMING\.gradle\caches\journal-1)" [_thread_blocked, id=25780, stack(0x0000001c05300000,0x0000001c05400000)]
  0x00000184136672a0 JavaThread "File lock request listener" [_thread_in_native, id=27812, stack(0x0000001c05400000,0x0000001c05500000)]
  0x0000018413665f60 JavaThread "File lock release action executor" [_thread_blocked, id=31032, stack(0x0000001c05500000,0x0000001c05600000)]
  0x0000018413666dd0 JavaThread "Cache worker for file hash cache (C:\Users\LENOVO ideapadGAMING\.gradle\caches\8.0.1\fileHashes)" [_thread_blocked, id=2104, stack(0x0000001c05600000,0x0000001c05700000)]
  0x0000018413664c20 JavaThread "File watcher server" daemon [_thread_in_native, id=32248, stack(0x0000001c05700000,0x0000001c05800000)]
  0x0000018413664280 JavaThread "File watcher consumer" daemon [_thread_blocked, id=12980, stack(0x0000001c05800000,0x0000001c05900000)]
  0x0000018413664750 JavaThread "Cache worker for checksums cache (D:\KULIAH\SMT 5\PGPBL\Acara7\AwesomeProject\android\.gradle\8.0.1\checksums)" [_thread_blocked, id=10172, stack(0x0000001c05900000,0x0000001c05a00000)]
  0x0000018413665a90 JavaThread "Cache worker for cache directory md-rule (C:\Users\LENOVO ideapadGAMING\.gradle\caches\8.0.1\md-rule)" [_thread_blocked, id=34252, stack(0x0000001c05a00000,0x0000001c05b00000)]
  0x0000018414fc84b0 JavaThread "Cache worker for file content cache (C:\Users\LENOVO ideapadGAMING\.gradle\caches\8.0.1\fileContent)" [_thread_blocked, id=29544, stack(0x0000001c05d00000,0x0000001c05e00000)]
  0x0000018414fc5490 JavaThread "Cache worker for file hash cache (D:\KULIAH\SMT 5\PGPBL\Acara7\AwesomeProject\android\.gradle\8.0.1\fileHashes)" [_thread_blocked, id=1576, stack(0x0000001c05e00000,0x0000001c05f00000)]
  0x0000018414fc32e0 JavaThread "Cache worker for cache directory md-supplier (C:\Users\LENOVO ideapadGAMING\.gradle\caches\8.0.1\md-supplier)" [_thread_blocked, id=32620, stack(0x0000001c05f00000,0x0000001c06000000)]
  0x0000018414fc8e50 JavaThread "Cache worker for execution history cache (C:\Users\LENOVO ideapadGAMING\.gradle\caches\8.0.1\executionHistory)" [_thread_blocked, id=25552, stack(0x0000001c06000000,0x0000001c06100000)]

Other Threads:
  0x000001846fef4be0 VMThread "VM Thread" [stack: 0x0000001c03300000,0x0000001c03400000] [id=33032]
  0x000001847f770980 WatcherThread "VM Periodic Task Thread" [stack: 0x0000001c03f00000,0x0000001c04000000] [id=28336]
  0x000001846fec9fc0 WorkerThread "GC Thread#0" [stack: 0x0000001c02e00000,0x0000001c02f00000] [id=33020]
  0x000001847f8adcb0 WorkerThread "GC Thread#1" [stack: 0x0000001c04000000,0x0000001c04100000] [id=34068]
  0x000001847f6f6f30 WorkerThread "GC Thread#2" [stack: 0x0000001c04100000,0x0000001c04200000] [id=7752]
  0x0000018413485140 WorkerThread "GC Thread#3" [stack: 0x0000001c04200000,0x0000001c04300000] [id=2232]
  0x00000184137f6a70 WorkerThread "GC Thread#4" [stack: 0x0000001c04300000,0x0000001c04400000] [id=33956]
  0x0000018414284140 WorkerThread "GC Thread#5" [stack: 0x0000001c04e00000,0x0000001c04f00000] [id=24696]
  0x00000184136fce40 WorkerThread "GC Thread#6" [stack: 0x0000001c04f00000,0x0000001c05000000] [id=31400]
  0x000001847f72cf20 WorkerThread "GC Thread#7" [stack: 0x0000001c05000000,0x0000001c05100000] [id=31392]
  0x0000018413767fc0 WorkerThread "GC Thread#8" [stack: 0x0000001c05100000,0x0000001c05200000] [id=31396]
  0x0000018413768260 WorkerThread "GC Thread#9" [stack: 0x0000001c05200000,0x0000001c05300000] [id=29472]
  0x000001846fedaef0 ConcurrentGCThread "G1 Main Marker" [stack: 0x0000001c02f00000,0x0000001c03000000] [id=32468]
  0x000001846fedb8e0 WorkerThread "G1 Conc#0" [stack: 0x0000001c03000000,0x0000001c03100000] [id=29848]
  0x0000018415011810 WorkerThread "G1 Conc#1" [stack: 0x0000001c05b00000,0x0000001c05c00000] [id=1720]
  0x0000018415011030 WorkerThread "G1 Conc#2" [stack: 0x0000001c05c00000,0x0000001c05d00000] [id=5168]
  0x000001847f396530 ConcurrentGCThread "G1 Refine#0" [stack: 0x0000001c03100000,0x0000001c03200000] [id=10148]
  0x000001847f396d50 ConcurrentGCThread "G1 Service" [stack: 0x0000001c03200000,0x0000001c03300000] [id=29844]

Threads with active compile tasks:

VM state: not at safepoint (normal execution)

VM Mutex/Monitor currently owned by a thread:  ([mutex/lock_event])
[0x000001846dca6090] Metaspace_lock - owner thread: 0x000001847f734670

Heap address: 0x0000000080000000, size: 2048 MB, Compressed Oops mode: 32-bit

CDS archive(s) mapped at: [0x0000000800000000-0x0000000800ba0000-0x0000000800ba0000), size 12189696, SharedBaseAddress: 0x0000000800000000, ArchiveRelocationMode: 0.
Compressed class space mapped at: 0x0000000800c00000-0x000000081a800000, reserved size: 432013312
Narrow klass base: 0x0000000800000000, Narrow klass shift: 0, Narrow klass range: 0x100000000

GC Precious Log:
 CardTable entry size: 512
 Card Set container configuration: InlinePtr #cards 5 size 8 Array Of Cards #cards 12 size 40 Howl #buckets 4 coarsen threshold 1843 Howl Bitmap #cards 512 size 80 coarsen threshold 460 Card regions per heap region 1 cards per card region 2048
 CPUs: 12 total, 12 available
 Memory: 8060M
 Large Page Support: Disabled
 NUMA Support: Disabled
 Compressed Oops: Enabled (32-bit)
 Heap Region Size: 1M
 Heap Min Capacity: 8M
 Heap Initial Capacity: 126M
 Heap Max Capacity: 2G
 Pre-touch: Disabled
 Parallel Workers: 10
 Concurrent Workers: 3
 Concurrent Refinement Workers: 10
 Periodic GC: Disabled

Heap:
 garbage-first heap   total 86016K, used 62806K [0x0000000080000000, 0x0000000100000000)
  region size 1024K, 44 young (45056K), 4 survivors (4096K)
 Metaspace       used 26788K, committed 27904K, reserved 487424K
  class space    used 3935K, committed 4544K, reserved 421888K

Heap Regions: E=young(eden), S=young(survivor), O=old, HS=humongous(starts), HC=humongous(continues), CS=collection set, F=free, OA=open archive, CA=closed archive, TAMS=top-at-mark-start (previous, next)
|   0|0x0000000080000000, 0x0000000080100000, 0x0000000080100000|100%|HS|  |TAMS 0x0000000080100000, 0x0000000080000000| Complete 
|   1|0x0000000080100000, 0x0000000080200000, 0x0000000080200000|100%|HC|  |TAMS 0x0000000080200000, 0x0000000080100000| Complete 
|   2|0x0000000080200000, 0x0000000080300000, 0x0000000080300000|100%|HC|  |TAMS 0x0000000080300000, 0x0000000080200000| Complete 
|   3|0x0000000080300000, 0x0000000080400000, 0x0000000080400000|100%|HC|  |TAMS 0x0000000080400000, 0x0000000080300000| Complete 
|   4|0x0000000080400000, 0x0000000080500000, 0x0000000080500000|100%| O|  |TAMS 0x0000000080500000, 0x0000000080400000| Untracked 
|   5|0x0000000080500000, 0x0000000080600000, 0x0000000080600000|100%| O|  |TAMS 0x0000000080600000, 0x0000000080500000| Untracked 
|   6|0x0000000080600000, 0x0000000080700000, 0x0000000080700000|100%| O|  |TAMS 0x0000000080700000, 0x0000000080600000| Untracked 
|   7|0x0000000080700000, 0x0000000080800000, 0x0000000080800000|100%| O|  |TAMS 0x0000000080800000, 0x0000000080700000| Untracked 
|   8|0x0000000080800000, 0x0000000080900000, 0x0000000080900000|100%| O|  |TAMS 0x0000000080900000, 0x0000000080800000| Untracked 
|   9|0x0000000080900000, 0x0000000080a00000, 0x0000000080a00000|100%| O|  |TAMS 0x0000000080a00000, 0x0000000080900000| Untracked 
|  10|0x0000000080a00000, 0x0000000080b00000, 0x0000000080b00000|100%| O|  |TAMS 0x0000000080b00000, 0x0000000080a00000| Untracked 
|  11|0x0000000080b00000, 0x0000000080c00000, 0x0000000080c00000|100%| O|  |TAMS 0x0000000080b00000, 0x0000000080b00000| Untracked 
|  12|0x0000000080c00000, 0x0000000080d00000, 0x0000000080d00000|100%| O|  |TAMS 0x0000000080d00000, 0x0000000080c00000| Untracked 
|  13|0x0000000080d00000, 0x0000000080e00000, 0x0000000080e00000|100%| O|  |TAMS 0x0000000080d86400, 0x0000000080d00000| Untracked 
|  14|0x0000000080e00000, 0x0000000080f00000, 0x0000000080f00000|100%| O|  |TAMS 0x0000000080e00000, 0x0000000080e00000| Untracked 
|  15|0x0000000080f00000, 0x0000000081000000, 0x0000000081000000|100%| O|  |TAMS 0x0000000080f00000, 0x0000000080f00000| Untracked 
|  16|0x0000000081000000, 0x0000000081100000, 0x0000000081100000|100%| O|  |TAMS 0x0000000081000000, 0x0000000081000000| Untracked 
|  17|0x0000000081100000, 0x0000000081200000, 0x0000000081200000|100%| O|  |TAMS 0x0000000081100000, 0x0000000081100000| Untracked 
|  18|0x0000000081200000, 0x000000008125b600, 0x0000000081300000| 35%| O|  |TAMS 0x0000000081200000, 0x0000000081200000| Untracked 
|  19|0x0000000081300000, 0x0000000081300000, 0x0000000081400000|  0%| F|  |TAMS 0x0000000081300000, 0x0000000081300000| Untracked 
|  20|0x0000000081400000, 0x0000000081400000, 0x0000000081500000|  0%| F|  |TAMS 0x0000000081400000, 0x0000000081400000| Untracked 
|  21|0x0000000081500000, 0x0000000081500000, 0x0000000081600000|  0%| F|  |TAMS 0x0000000081500000, 0x0000000081500000| Untracked 
|  22|0x0000000081600000, 0x0000000081600000, 0x0000000081700000|  0%| F|  |TAMS 0x0000000081600000, 0x0000000081600000| Untracked 
|  23|0x0000000081700000, 0x0000000081700000, 0x0000000081800000|  0%| F|  |TAMS 0x0000000081700000, 0x0000000081700000| Untracked 
|  24|0x0000000081800000, 0x0000000081800000, 0x0000000081900000|  0%| F|  |TAMS 0x0000000081800000, 0x0000000081800000| Untracked 
|  25|0x0000000081900000, 0x0000000081900000, 0x0000000081a00000|  0%| F|  |TAMS 0x0000000081900000, 0x0000000081900000| Untracked 
|  26|0x0000000081a00000, 0x0000000081a00000, 0x0000000081b00000|  0%| F|  |TAMS 0x0000000081a00000, 0x0000000081a00000| Untracked 
|  27|0x0000000081b00000, 0x0000000081b00000, 0x0000000081c00000|  0%| F|  |TAMS 0x0000000081b00000, 0x0000000081b00000| Untracked 
|  28|0x0000000081c00000, 0x0000000081c00000, 0x0000000081d00000|  0%| F|  |TAMS 0x0000000081c00000, 0x0000000081c00000| Untracked 
|  29|0x0000000081d00000, 0x0000000081d00000, 0x0000000081e00000|  0%| F|  |TAMS 0x0000000081d00000, 0x0000000081d00000| Untracked 
|  30|0x0000000081e00000, 0x0000000081e00000, 0x0000000081f00000|  0%| F|  |TAMS 0x0000000081e00000, 0x0000000081e00000| Untracked 
|  31|0x0000000081f00000, 0x0000000081f00000, 0x0000000082000000|  0%| F|  |TAMS 0x0000000081f00000, 0x0000000081f00000| Untracked 
|  32|0x0000000082000000, 0x0000000082000000, 0x0000000082100000|  0%| F|  |TAMS 0x0000000082000000, 0x0000000082000000| Untracked 
|  33|0x0000000082100000, 0x0000000082100000, 0x0000000082200000|  0%| F|  |TAMS 0x0000000082100000, 0x0000000082100000| Untracked 
|  34|0x0000000082200000, 0x0000000082200000, 0x0000000082300000|  0%| F|  |TAMS 0x0000000082200000, 0x0000000082200000| Untracked 
|  35|0x0000000082300000, 0x0000000082300000, 0x0000000082400000|  0%| F|  |TAMS 0x0000000082300000, 0x0000000082300000| Untracked 
|  36|0x0000000082400000, 0x0000000082400000, 0x0000000082500000|  0%| F|  |TAMS 0x0000000082400000, 0x0000000082400000| Untracked 
|  37|0x0000000082500000, 0x0000000082500000, 0x0000000082600000|  0%| F|  |TAMS 0x0000000082500000, 0x0000000082500000| Untracked 
|  38|0x0000000082600000, 0x0000000082600000, 0x0000000082700000|  0%| F|  |TAMS 0x0000000082600000, 0x0000000082600000| Untracked 
|  39|0x0000000082700000, 0x0000000082700000, 0x0000000082800000|  0%| F|  |TAMS 0x0000000082700000, 0x0000000082700000| Untracked 
|  40|0x0000000082800000, 0x0000000082900000, 0x0000000082900000|100%| E|  |TAMS 0x0000000082800000, 0x0000000082800000| Complete 
|  41|0x0000000082900000, 0x0000000082a00000, 0x0000000082a00000|100%| E|CS|TAMS 0x0000000082900000, 0x0000000082900000| Complete 
|  42|0x0000000082a00000, 0x0000000082b00000, 0x0000000082b00000|100%| E|CS|TAMS 0x0000000082a00000, 0x0000000082a00000| Complete 
|  43|0x0000000082b00000, 0x0000000082c00000, 0x0000000082c00000|100%| E|CS|TAMS 0x0000000082b00000, 0x0000000082b00000| Complete 
|  44|0x0000000082c00000, 0x0000000082d00000, 0x0000000082d00000|100%| E|CS|TAMS 0x0000000082c00000, 0x0000000082c00000| Complete 
|  45|0x0000000082d00000, 0x0000000082e00000, 0x0000000082e00000|100%| E|CS|TAMS 0x0000000082d00000, 0x0000000082d00000| Complete 
|  46|0x0000000082e00000, 0x0000000082f00000, 0x0000000082f00000|100%| E|CS|TAMS 0x0000000082e00000, 0x0000000082e00000| Complete 
|  47|0x0000000082f00000, 0x0000000083000000, 0x0000000083000000|100%| E|CS|TAMS 0x0000000082f00000, 0x0000000082f00000| Complete 
|  48|0x0000000083000000, 0x0000000083100000, 0x0000000083100000|100%| E|CS|TAMS 0x0000000083000000, 0x0000000083000000| Complete 
|  49|0x0000000083100000, 0x0000000083200000, 0x0000000083200000|100%| E|CS|TAMS 0x0000000083100000, 0x0000000083100000| Complete 
|  50|0x0000000083200000, 0x0000000083300000, 0x0000000083300000|100%| E|CS|TAMS 0x0000000083200000, 0x0000000083200000| Complete 
|  51|0x0000000083300000, 0x0000000083400000, 0x0000000083400000|100%| E|CS|TAMS 0x0000000083300000, 0x0000000083300000| Complete 
|  52|0x0000000083400000, 0x0000000083500000, 0x0000000083500000|100%| E|CS|TAMS 0x0000000083400000, 0x0000000083400000| Complete 
|  53|0x0000000083500000, 0x0000000083600000, 0x0000000083600000|100%| E|CS|TAMS 0x0000000083500000, 0x0000000083500000| Complete 
|  54|0x0000000083600000, 0x0000000083700000, 0x0000000083700000|100%| E|CS|TAMS 0x0000000083600000, 0x0000000083600000| Complete 
|  55|0x0000000083700000, 0x00000000837fa3d0, 0x0000000083800000| 97%| S|CS|TAMS 0x0000000083700000, 0x0000000083700000| Complete 
|  56|0x0000000083800000, 0x0000000083900000, 0x0000000083900000|100%| S|CS|TAMS 0x0000000083800000, 0x0000000083800000| Complete 
|  57|0x0000000083900000, 0x0000000083a00000, 0x0000000083a00000|100%| S|CS|TAMS 0x0000000083900000, 0x0000000083900000| Complete 
|  58|0x0000000083a00000, 0x0000000083b00000, 0x0000000083b00000|100%| S|CS|TAMS 0x0000000083a00000, 0x0000000083a00000| Complete 
|  59|0x0000000083b00000, 0x0000000083c00000, 0x0000000083c00000|100%| E|CS|TAMS 0x0000000083b00000, 0x0000000083b00000| Complete 
|  60|0x0000000083c00000, 0x0000000083d00000, 0x0000000083d00000|100%| E|CS|TAMS 0x0000000083c00000, 0x0000000083c00000| Complete 
|  61|0x0000000083d00000, 0x0000000083e00000, 0x0000000083e00000|100%| E|CS|TAMS 0x0000000083d00000, 0x0000000083d00000| Complete 
|  62|0x0000000083e00000, 0x0000000083f00000, 0x0000000083f00000|100%| E|CS|TAMS 0x0000000083e00000, 0x0000000083e00000| Complete 
|  63|0x0000000083f00000, 0x0000000084000000, 0x0000000084000000|100%| E|CS|TAMS 0x0000000083f00000, 0x0000000083f00000| Complete 
|  64|0x0000000084000000, 0x0000000084100000, 0x0000000084100000|100%| E|CS|TAMS 0x0000000084000000, 0x0000000084000000| Complete 
|  65|0x0000000084100000, 0x0000000084200000, 0x0000000084200000|100%| E|CS|TAMS 0x0000000084100000, 0x0000000084100000| Complete 
|  66|0x0000000084200000, 0x0000000084300000, 0x0000000084300000|100%| E|CS|TAMS 0x0000000084200000, 0x0000000084200000| Complete 
|  67|0x0000000084300000, 0x0000000084400000, 0x0000000084400000|100%| E|CS|TAMS 0x0000000084300000, 0x0000000084300000| Complete 
|  68|0x0000000084400000, 0x0000000084500000, 0x0000000084500000|100%| E|CS|TAMS 0x0000000084400000, 0x0000000084400000| Complete 
|  69|0x0000000084500000, 0x0000000084600000, 0x0000000084600000|100%| E|CS|TAMS 0x0000000084500000, 0x0000000084500000| Complete 
|  70|0x0000000084600000, 0x0000000084700000, 0x0000000084700000|100%| E|CS|TAMS 0x0000000084600000, 0x0000000084600000| Complete 
|  71|0x0000000084700000, 0x0000000084800000, 0x0000000084800000|100%| E|CS|TAMS 0x0000000084700000, 0x0000000084700000| Complete 
|  72|0x0000000084800000, 0x0000000084900000, 0x0000000084900000|100%| E|CS|TAMS 0x0000000084800000, 0x0000000084800000| Complete 
|  73|0x0000000084900000, 0x0000000084a00000, 0x0000000084a00000|100%| E|CS|TAMS 0x0000000084900000, 0x0000000084900000| Complete 
|  74|0x0000000084a00000, 0x0000000084b00000, 0x0000000084b00000|100%| E|CS|TAMS 0x0000000084a00000, 0x0000000084a00000| Complete 
|  75|0x0000000084b00000, 0x0000000084c00000, 0x0000000084c00000|100%| E|CS|TAMS 0x0000000084b00000, 0x0000000084b00000| Complete 
|  76|0x0000000084c00000, 0x0000000084d00000, 0x0000000084d00000|100%| E|CS|TAMS 0x0000000084c00000, 0x0000000084c00000| Complete 
|  77|0x0000000084d00000, 0x0000000084e00000, 0x0000000084e00000|100%| E|CS|TAMS 0x0000000084d00000, 0x0000000084d00000| Complete 
|  78|0x0000000084e00000, 0x0000000084f00000, 0x0000000084f00000|100%| E|CS|TAMS 0x0000000084e00000, 0x0000000084e00000| Complete 
|  79|0x0000000084f00000, 0x0000000085000000, 0x0000000085000000|100%| E|CS|TAMS 0x0000000084f00000, 0x0000000084f00000| Complete 
|  80|0x0000000085000000, 0x0000000085100000, 0x0000000085100000|100%| E|CS|TAMS 0x0000000085000000, 0x0000000085000000| Complete 
|  81|0x0000000085100000, 0x0000000085200000, 0x0000000085200000|100%| E|CS|TAMS 0x0000000085100000, 0x0000000085100000| Complete 
| 124|0x0000000087c00000, 0x0000000087d00000, 0x0000000087d00000|100%| E|CS|TAMS 0x0000000087c00000, 0x0000000087c00000| Complete 
| 125|0x0000000087d00000, 0x0000000087e00000, 0x0000000087e00000|100%| E|CS|TAMS 0x0000000087d00000, 0x0000000087d00000| Complete 

Card table byte_map: [0x00000184780e0000,0x00000184784e0000] _byte_map_base: 0x0000018477ce0000

Marking Bits (Prev, Next): (CMBitMap*) 0x000001846feca600, (CMBitMap*) 0x000001846feca5c0
 Prev Bits: [0x000001847a8e0000, 0x000001847c8e0000)
 Next Bits: [0x00000184788e0000, 0x000001847a8e0000)

Polling page: 0x000001846f620000

Metaspace:

Usage:
  Non-class:     22.32 MB used.
      Class:      3.84 MB used.
       Both:     26.16 MB used.

Virtual space:
  Non-class space:       64.00 MB reserved,      22.81 MB ( 36%) committed,  1 nodes.
      Class space:      412.00 MB reserved,       4.44 MB (  1%) committed,  1 nodes.
             Both:      476.00 MB reserved,      27.25 MB (  6%) committed. 

Chunk freelists:
   Non-Class:  816.00 KB
       Class:  3.59 MB
        Both:  4.39 MB

MaxMetaspaceSize: 512.00 MB
CompressedClassSpaceSize: 412.00 MB
Initial GC threshold: 21.00 MB
Current GC threshold: 35.25 MB
CDS: on
MetaspaceReclaimPolicy: balanced
 - commit_granule_bytes: 65536.
 - commit_granule_words: 8192.
 - virtual_space_node_default_size: 8388608.
 - enlarge_chunks_in_place: 1.
 - new_chunks_are_fully_committed: 0.
 - uncommit_free_chunks: 1.
 - use_allocation_guard: 0.


Internal statistics:

num_allocs_failed_limit: 3.
num_arena_births: 1924.
num_arena_deaths: 0.
num_vsnodes_births: 2.
num_vsnodes_deaths: 0.
num_space_committed: 436.
num_space_uncommitted: 0.
num_chunks_returned_to_freelist: 3.
num_chunks_taken_from_freelist: 3199.
num_chunk_merges: 3.
num_chunk_splits: 2075.
num_chunks_enlarged: 1263.
num_inconsistent_stats: 0.

CodeHeap 'non-profiled nmethods': size=120000Kb used=1713Kb max_used=1713Kb free=118286Kb
 bounds [0x0000018407ad0000, 0x0000018407d40000, 0x000001840f000000]
CodeHeap 'profiled nmethods': size=120000Kb used=6885Kb max_used=6885Kb free=113114Kb
 bounds [0x00000184005a0000, 0x0000018400c60000, 0x0000018407ad0000]
CodeHeap 'non-nmethods': size=5760Kb used=1254Kb max_used=1318Kb free=4505Kb
 bounds [0x0000018400000000, 0x0000018400270000, 0x00000184005a0000]
 total_blobs=3914 nmethods=3358 adapters=468
 compilation: enabled
              stopped_count=0, restarted_count=0
 full_count=0

Compilation events (20 events):
Event: 33.719 Thread 0x000001847f4fe080 nmethod 3395 0x0000018407c78010 code [0x0000018407c781a0, 0x0000018407c78278]
Event: 33.767 Thread 0x000001847f4fe080 3397       3       java.lang.invoke.DirectMethodHandle$Holder::newInvokeSpecial (20 bytes)
Event: 33.795 Thread 0x000001847f4fe080 nmethod 3397 0x0000018400c55810 code [0x0000018400c55a00, 0x0000018400c560e8]
Event: 33.983 Thread 0x000001847f4fe080 3401       3       java.util.stream.ReferencePipeline$Head::forEach (26 bytes)
Event: 33.983 Thread 0x000001847f4fe080 nmethod 3401 0x0000018400c56290 code [0x0000018400c564c0, 0x0000018400c56bf8]
Event: 33.983 Thread 0x000001847f4fe080 3402       3       java.util.stream.AbstractPipeline::sourceStageSpliterator (112 bytes)
Event: 33.984 Thread 0x000001847f4fe080 nmethod 3402 0x0000018400c56e90 code [0x0000018400c570a0, 0x0000018400c577b8]
Event: 33.984 Thread 0x000001847f4fe080 3398       1       java.util.stream.Collectors$CollectorImpl::supplier (5 bytes)
Event: 33.984 Thread 0x000001847f4fe080 nmethod 3398 0x0000018407c78310 code [0x0000018407c784a0, 0x0000018407c78578]
Event: 33.984 Thread 0x000001847f4fe080 3399       1       java.util.stream.Collectors$CollectorImpl::accumulator (5 bytes)
Event: 33.984 Thread 0x000001847f4fe080 nmethod 3399 0x0000018407c78610 code [0x0000018407c787a0, 0x0000018407c78878]
Event: 33.984 Thread 0x000001847f4fe080 3400       1       java.util.stream.Collectors$CollectorImpl::combiner (5 bytes)
Event: 33.984 Thread 0x000001847f4fe080 nmethod 3400 0x0000018407c78910 code [0x0000018407c78aa0, 0x0000018407c78b78]
Event: 34.021 Thread 0x000001847f4fd6a0 nmethod 3391 0x0000018407c78c10 code [0x0000018407c78e60, 0x0000018407c7adf0]
Event: 34.021 Thread 0x000001847f4fd6a0 3396       4       java.util.WeakHashMap::maskNull (12 bytes)
Event: 34.021 Thread 0x000001847f4fd6a0 nmethod 3396 0x0000018407c7be10 code [0x0000018407c7bf80, 0x0000018407c7bff8]
Event: 34.102 Thread 0x000001847f4fe080 3403       3       java.util.Properties::loadConvert (540 bytes)
Event: 34.104 Thread 0x000001847f4fe080 nmethod 3403 0x0000018400c57a10 code [0x0000018400c57d00, 0x0000018400c59138]
Event: 34.109 Thread 0x000001847f4fd6a0 3404       4       java.util.zip.ZipEntry::<init> (84 bytes)
Event: 34.112 Thread 0x000001847f4fd6a0 nmethod 3404 0x0000018407c7c110 code [0x0000018407c7c280, 0x0000018407c7c458]

GC Heap History (8 events):
Event: 6.569 GC heap before
{Heap before GC invocations=0 (full 0):
 garbage-first heap   total 129024K, used 26624K [0x0000000080000000, 0x0000000100000000)
  region size 1024K, 23 young (23552K), 0 survivors (0K)
 Metaspace       used 2993K, committed 3136K, reserved 487424K
  class space    used 375K, committed 448K, reserved 421888K
}
Event: 6.701 GC heap after
{Heap after GC invocations=1 (full 0):
 garbage-first heap   total 129024K, used 10085K [0x0000000080000000, 0x0000000100000000)
  region size 1024K, 3 young (3072K), 3 survivors (3072K)
 Metaspace       used 2993K, committed 3136K, reserved 487424K
  class space    used 375K, committed 448K, reserved 421888K
}
Event: 10.313 GC heap before
{Heap before GC invocations=1 (full 0):
 garbage-first heap   total 129024K, used 33637K [0x0000000080000000, 0x0000000100000000)
  region size 1024K, 26 young (26624K), 3 survivors (3072K)
 Metaspace       used 3897K, committed 4096K, reserved 487424K
  class space    used 473K, committed 576K, reserved 421888K
}
Event: 10.328 GC heap after
{Heap after GC invocations=2 (full 0):
 garbage-first heap   total 129024K, used 11134K [0x0000000080000000, 0x0000000100000000)
  region size 1024K, 1 young (1024K), 1 survivors (1024K)
 Metaspace       used 3897K, committed 4096K, reserved 487424K
  class space    used 473K, committed 576K, reserved 421888K
}
Event: 27.545 GC heap before
{Heap before GC invocations=2 (full 0):
 garbage-first heap   total 129024K, used 53118K [0x0000000080000000, 0x0000000100000000)
  region size 1024K, 42 young (43008K), 1 survivors (1024K)
 Metaspace       used 11463K, committed 11776K, reserved 487424K
  class space    used 1550K, committed 1664K, reserved 421888K
}
Event: 27.733 GC heap after
{Heap after GC invocations=3 (full 0):
 garbage-first heap   total 129024K, used 18969K [0x0000000080000000, 0x0000000100000000)
  region size 1024K, 6 young (6144K), 6 survivors (6144K)
 Metaspace       used 11463K, committed 11776K, reserved 487424K
  class space    used 1550K, committed 1664K, reserved 421888K
}
Event: 31.149 GC heap before
{Heap before GC invocations=3 (full 0):
 garbage-first heap   total 129024K, used 80409K [0x0000000080000000, 0x0000000100000000)
  region size 1024K, 67 young (68608K), 6 survivors (6144K)
 Metaspace       used 20800K, committed 21504K, reserved 487424K
  class space    used 3058K, committed 3392K, reserved 421888K
}
Event: 31.165 GC heap after
{Heap after GC invocations=4 (full 0):
 garbage-first heap   total 129024K, used 22870K [0x0000000080000000, 0x0000000100000000)
  region size 1024K, 4 young (4096K), 4 survivors (4096K)
 Metaspace       used 20800K, committed 21504K, reserved 487424K
  class space    used 3058K, committed 3392K, reserved 421888K
}

Deoptimization events (20 events):
Event: 33.265 Thread 0x000001847f734670 Uncommon trap: trap_request=0xffffff45 fr.pc=0x0000018407c02e68 relative=0x0000000000000608
Event: 33.265 Thread 0x000001847f734670 Uncommon trap: reason=unstable_if action=reinterpret pc=0x0000018407c02e68 method=jdk.internal.org.objectweb.asm.MethodWriter.visitVarInsn(II)V @ 108 c2
Event: 33.265 Thread 0x000001847f734670 DEOPT PACKING pc=0x0000018407c02e68 sp=0x0000001c04af1ef0
Event: 33.265 Thread 0x000001847f734670 DEOPT UNPACKING pc=0x00000184000523a3 sp=0x0000001c04af1eb8 mode 2
Event: 33.265 Thread 0x000001847f734670 Uncommon trap: trap_request=0xffffff45 fr.pc=0x0000018407c4a27c relative=0x000000000000091c
Event: 33.265 Thread 0x000001847f734670 Uncommon trap: reason=unstable_if action=reinterpret pc=0x0000018407c4a27c method=jdk.internal.org.objectweb.asm.MethodWriter.visitInsn(I)V @ 24 c2
Event: 33.265 Thread 0x000001847f734670 DEOPT PACKING pc=0x0000018407c4a27c sp=0x0000001c04af1ee0
Event: 33.265 Thread 0x000001847f734670 DEOPT UNPACKING pc=0x00000184000523a3 sp=0x0000001c04af1ec8 mode 2
Event: 33.275 Thread 0x000001847f734670 Uncommon trap: trap_request=0xffffff45 fr.pc=0x0000018407bf6094 relative=0x0000000000000c14
Event: 33.279 Thread 0x000001847f734670 Uncommon trap: reason=unstable_if action=reinterpret pc=0x0000018407bf6094 method=java.lang.invoke.LambdaForm.useCount(Ljava/lang/invoke/LambdaForm$Name;)I @ 8 c2
Event: 33.281 Thread 0x000001847f734670 DEOPT PACKING pc=0x0000018407bf6094 sp=0x0000001c04af64b0
Event: 33.281 Thread 0x000001847f734670 DEOPT UNPACKING pc=0x00000184000523a3 sp=0x0000001c04af6380 mode 2
Event: 33.416 Thread 0x000001847f734670 Uncommon trap: trap_request=0xffffffbe fr.pc=0x0000018407c6d284 relative=0x0000000000001084
Event: 33.416 Thread 0x000001847f734670 Uncommon trap: reason=profile_predicate action=maybe_recompile pc=0x0000018407c6d284 method=java.lang.invoke.InvokerBytecodeGenerator.<init>(Ljava/lang/String;Ljava/lang/String;Ljava/lang/invoke/LambdaForm;Ljava/lang/invoke/MethodType;)V @ 33 c2
Event: 33.416 Thread 0x000001847f734670 DEOPT PACKING pc=0x0000018407c6d284 sp=0x0000001c04af5850
Event: 33.416 Thread 0x000001847f734670 DEOPT UNPACKING pc=0x00000184000523a3 sp=0x0000001c04af5800 mode 2
Event: 34.102 Thread 0x000001847f734670 Uncommon trap: trap_request=0xffffff45 fr.pc=0x0000018407b3b970 relative=0x0000000000000650
Event: 34.102 Thread 0x000001847f734670 Uncommon trap: reason=unstable_if action=reinterpret pc=0x0000018407b3b970 method=java.util.Properties$LineReader.readLine()I @ 95 c2
Event: 34.102 Thread 0x000001847f734670 DEOPT PACKING pc=0x0000018407b3b970 sp=0x0000001c04af8ea0
Event: 34.102 Thread 0x000001847f734670 DEOPT UNPACKING pc=0x00000184000523a3 sp=0x0000001c04af8e50 mode 2

Classes loaded (20 events):
Event: 33.667 Loading class java/util/OptionalLong
Event: 33.670 Loading class java/util/OptionalLong done
Event: 33.670 Loading class java/util/stream/LongStream
Event: 33.672 Loading class java/util/stream/LongStream done
Event: 33.673 Loading class java/util/stream/DoubleStream
Event: 33.676 Loading class java/util/stream/DoubleStream done
Event: 33.676 Loading class java/util/function/LongPredicate
Event: 33.677 Loading class java/util/function/LongPredicate done
Event: 33.677 Loading class java/util/function/DoublePredicate
Event: 33.677 Loading class java/util/function/DoublePredicate done
Event: 33.677 Loading class java/util/function/DoubleFunction
Event: 33.677 Loading class java/util/function/DoubleFunction done
Event: 33.677 Loading class java/util/function/LongFunction
Event: 33.678 Loading class java/util/function/LongFunction done
Event: 33.687 Loading class java/lang/Enum$EnumDesc
Event: 33.688 Loading class java/lang/Enum$EnumDesc done
Event: 33.694 Loading class java/util/ResourceBundle$CacheKey
Event: 33.695 Loading class java/util/ResourceBundle$CacheKey done
Event: 33.704 Loading class java/lang/UnsupportedClassVersionError
Event: 33.704 Loading class java/lang/UnsupportedClassVersionError done

Classes unloaded (0 events):
No events

Classes redefined (0 events):
No events

Internal exceptions (20 events):
Event: 32.729 Thread 0x000001847f734670 Exception <a 'java/lang/NoSuchMethodError'{0x0000000083c05c98}: 'java.lang.Object java.lang.invoke.DirectMethodHandle$Holder.invokeVirtual(java.lang.Object, java.lang.Object, java.lang.Object, java.lang.Object, java.lang.Object, java.lang.Object, java.lang.Object, java.lang.Object, java.lang.Object, java.lang.Object, java.lang.Object, java.lang.Object, java.lang.Object, java.lang.Object, java.lang.Object)'> (0x0000000083c05c98) 
thrown [s\open\src\hotspot\share\interpreter\linkResolver.cpp, line 759]
Event: 32.730 Thread 0x000001847f734670 Exception <a 'java/lang/NoSuchMethodError'{0x0000000083c0ba88}: 'java.lang.Object java.lang.invoke.DirectMethodHandle$Holder.invokeSpecial(java.lang.Object, java.lang.Object, java.lang.Object, java.lang.Object, java.lang.Object, java.lang.Object, java.lang.Object, java.lang.Object, java.lang.Object, java.lang.Object, java.lang.Object, java.lang.Object, java.lang.Object, java.lang.Object, java.lang.Object, java.lang.Object)'> (0x0000000083c0ba88) 
thrown [s\open\src\hotspot\share\interpreter\linkResolver.cp
Event: 32.771 Thread 0x000001847f734670 Exception <a 'java/lang/NoSuchMethodError'{0x0000000083b31c58}: 'java.lang.Object java.lang.invoke.DirectMethodHandle$Holder.invokeVirtual(java.lang.Object, java.lang.Object, java.lang.Object, java.lang.Object, java.lang.Object, java.lang.Object, java.lang.Object, java.lang.Object, java.lang.Object, java.lang.Object, java.lang.Object, java.lang.Object, java.lang.Object, java.lang.Object, java.lang.Object, java.lang.Object, java.lang.Object, java.lang.Object, java.lang.Object, java.lang.Object, java.lang.Ob
Event: 32.772 Thread 0x000001847f734670 Exception <a 'java/lang/NoSuchMethodError'{0x0000000083b384e8}: 'java.lang.Object java.lang.invoke.DirectMethodHandle$Holder.invokeSpecial(java.lang.Object, java.lang.Object, java.lang.Object, java.lang.Object, java.lang.Object, java.lang.Object, java.lang.Object, java.lang.Object, java.lang.Object, java.lang.Object, java.lang.Object, java.lang.Object, java.lang.Object, java.lang.Object, java.lang.Object, java.lang.Object, java.lang.Object, java.lang.Object, java.lang.Object, java.lang.Object, java.lang.Ob
Event: 32.772 Thread 0x000001847f734670 Exception <a 'java/lang/NoSuchMethodError'{0x0000000083b3e478}: 'java.lang.Object java.lang.invoke.DelegatingMethodHandle$Holder.reinvoke_L(java.lang.Object, java.lang.Object, java.lang.Object, java.lang.Object, java.lang.Object, java.lang.Object, java.lang.Object, java.lang.Object, java.lang.Object, java.lang.Object, java.lang.Object, java.lang.Object, java.lang.Object, java.lang.Object, java.lang.Object, java.lang.Object, java.lang.Object, java.lang.Object, java.lang.Object, java.lang.Object, java.lang.O
Event: 32.826 Thread 0x000001847f734670 Exception <a 'java/lang/NoSuchMethodError'{0x0000000083673e08}: 'java.lang.Object java.lang.invoke.DirectMethodHandle$Holder.invokeVirtual(java.lang.Object, java.lang.Object, java.lang.Object, java.lang.Object, java.lang.Object, java.lang.Object, java.lang.Object, java.lang.Object, java.lang.Object, java.lang.Object, java.lang.Object, java.lang.Object, java.lang.Object, java.lang.Object, java.lang.Object, java.lang.Object, java.lang.Object, java.lang.Object)'> (0x0000000083673e08) 
thrown [s\open\src\hotsp
Event: 32.826 Thread 0x000001847f734670 Exception <a 'java/lang/NoSuchMethodError'{0x0000000083679f18}: 'java.lang.Object java.lang.invoke.DirectMethodHandle$Holder.invokeSpecial(java.lang.Object, java.lang.Object, java.lang.Object, java.lang.Object, java.lang.Object, java.lang.Object, java.lang.Object, java.lang.Object, java.lang.Object, java.lang.Object, java.lang.Object, java.lang.Object, java.lang.Object, java.lang.Object, java.lang.Object, java.lang.Object, java.lang.Object, java.lang.Object, java.lang.Object)'> (0x0000000083679f18) 
thrown
Event: 32.826 Thread 0x000001847f734670 Exception <a 'java/lang/NoSuchMethodError'{0x000000008367f830}: 'java.lang.Object java.lang.invoke.DelegatingMethodHandle$Holder.reinvoke_L(java.lang.Object, java.lang.Object, java.lang.Object, java.lang.Object, java.lang.Object, java.lang.Object, java.lang.Object, java.lang.Object, java.lang.Object, java.lang.Object, java.lang.Object, java.lang.Object, java.lang.Object, java.lang.Object, java.lang.Object, java.lang.Object, java.lang.Object, java.lang.Object)'> (0x000000008367f830) 
thrown [s\open\src\hots
Event: 32.922 Thread 0x000001847f734670 Exception <a 'java/lang/NoSuchMethodError'{0x00000000834e6fc8}: 'java.lang.Object java.lang.invoke.DirectMethodHandle$Holder.newInvokeSpecial(java.lang.Object, java.lang.Object, java.lang.Object, java.lang.Object, java.lang.Object, java.lang.Object, java.lang.Object, java.lang.Object, java.lang.Object, java.lang.Object, java.lang.Object, java.lang.Object, java.lang.Object, java.lang.Object)'> (0x00000000834e6fc8) 
thrown [s\open\src\hotspot\share\interpreter\linkResolver.cpp, line 759]
Event: 32.995 Thread 0x000001847f734670 Exception <a 'java/lang/NoSuchMethodError'{0x000000008310bbd8}: 'java.lang.Object java.lang.invoke.DirectMethodHandle$Holder.newInvokeSpecial(java.lang.Object, java.lang.Object, int, int)'> (0x000000008310bbd8) 
thrown [s\open\src\hotspot\share\interpreter\linkResolver.cpp, line 759]
Event: 33.012 Thread 0x000001847f734670 Exception <a 'java/lang/NoSuchMethodError'{0x00000000831412d0}: 'void java.lang.invoke.DirectMethodHandle$Holder.invokeSpecial(java.lang.Object, java.lang.Object, int)'> (0x00000000831412d0) 
thrown [s\open\src\hotspot\share\interpreter\linkResolver.cpp, line 759]
Event: 33.012 Thread 0x000001847f734670 Exception <a 'java/lang/NoSuchMethodError'{0x0000000083145808}: 'void java.lang.invoke.Invokers$Holder.invokeExact_MT(java.lang.Object, int, java.lang.Object)'> (0x0000000083145808) 
thrown [s\open\src\hotspot\share\interpreter\linkResolver.cpp, line 759]
Event: 33.265 Thread 0x000001847f734670 Implicit null exception at 0x0000018407c02986 to 0x0000018407c02e5c
Event: 33.265 Thread 0x000001847f734670 Implicit null exception at 0x0000018407c499ed to 0x0000018407c4a268
Event: 33.266 Thread 0x000001847f734670 Exception <a 'java/lang/NoSuchMethodError'{0x0000000082d5e058}: 'java.lang.reflect.Method[] java.lang.Class.getDeclaredMethods(java.lang.Class)'> (0x0000000082d5e058) 
thrown [s\open\src\hotspot\share\interpreter\linkResolver.cpp, line 759]
Event: 33.362 Thread 0x000001847f734670 Exception <a 'java/lang/NoSuchMethodError'{0x0000000082c78248}: 'void java.lang.invoke.DirectMethodHandle$Holder.invokeStaticInit(java.lang.Object, java.lang.Object, java.lang.Object)'> (0x0000000082c78248) 
thrown [s\open\src\hotspot\share\interpreter\linkResolver.cpp, line 759]
Event: 33.363 Thread 0x000001847f734670 Exception <a 'java/lang/NoSuchMethodError'{0x0000000082c7f670}: 'void java.lang.invoke.DirectMethodHandle$Holder.invokeStaticInit(java.lang.Object, java.lang.Object, java.lang.Object, java.lang.Object)'> (0x0000000082c7f670) 
thrown [s\open\src\hotspot\share\interpreter\linkResolver.cpp, line 759]
Event: 33.368 Thread 0x000001847f734670 Exception <a 'java/lang/NoSuchMethodError'{0x0000000082ca1b60}: 'void java.lang.invoke.DirectMethodHandle$Holder.invokeStaticInit(java.lang.Object, java.lang.Object, java.lang.Object, java.lang.Object, java.lang.Object)'> (0x0000000082ca1b60) 
thrown [s\open\src\hotspot\share\interpreter\linkResolver.cpp, line 759]
Event: 33.369 Thread 0x000001847f734670 Exception <a 'java/lang/NoSuchMethodError'{0x0000000082ca98e8}: 'int java.lang.invoke.DirectMethodHandle$Holder.invokeStaticInit(java.lang.Object, java.lang.Object, java.lang.Object)'> (0x0000000082ca98e8) 
thrown [s\open\src\hotspot\share\interpreter\linkResolver.cpp, line 759]
Event: 33.416 Thread 0x000001847f734670 Exception <a 'java/lang/NoSuchMethodError'{0x0000000082b015f8}: 'int java.lang.invoke.DirectMethodHandle$Holder.invokeStaticInit(java.lang.Object, java.lang.Object, java.lang.Object, java.lang.Object)'> (0x0000000082b015f8) 
thrown [s\open\src\hotspot\share\interpreter\linkResolver.cpp, line 759]

VM Operations (20 events):
Event: 30.344 Executing VM operation: Cleanup
Event: 30.345 Executing VM operation: Cleanup done
Event: 30.572 Executing VM operation: HandshakeAllThreads
Event: 30.572 Executing VM operation: HandshakeAllThreads done
Event: 31.149 Executing VM operation: CollectForMetadataAllocation
Event: 31.166 Executing VM operation: CollectForMetadataAllocation done
Event: 31.187 Executing VM operation: G1Concurrent
Event: 31.194 Executing VM operation: G1Concurrent done
Event: 31.197 Executing VM operation: G1Concurrent
Event: 31.203 Executing VM operation: G1Concurrent done
Event: 31.337 Executing VM operation: HandshakeAllThreads
Event: 31.337 Executing VM operation: HandshakeAllThreads done
Event: 32.344 Executing VM operation: Cleanup
Event: 32.365 Executing VM operation: Cleanup done
Event: 32.615 Executing VM operation: HandshakeAllThreads
Event: 32.615 Executing VM operation: HandshakeAllThreads done
Event: 32.616 Executing VM operation: HandshakeAllThreads
Event: 32.616 Executing VM operation: HandshakeAllThreads done
Event: 33.230 Executing VM operation: HandshakeAllThreads
Event: 33.230 Executing VM operation: HandshakeAllThreads done

Events (20 events):
Event: 20.511 Thread 0x000001841366d520 Thread added: 0x000001841366d520
Event: 23.729 Thread 0x0000018413b9d140 Thread added: 0x0000018413b9d140
Event: 26.176 Thread 0x0000018413b3ba50 Thread added: 0x0000018413b3ba50
Event: 26.398 Thread 0x000001847f92ec30 Thread added: 0x000001847f92ec30
Event: 26.473 Thread 0x000001847f734670 Thread added: 0x000001847f734670
Event: 26.585 Thread 0x00000184148377c0 Thread added: 0x00000184148377c0
Event: 26.625 Thread 0x0000018413666430 Thread added: 0x0000018413666430
Event: 26.684 Thread 0x0000018413667770 Thread added: 0x0000018413667770
Event: 28.035 Thread 0x0000018413666900 Thread added: 0x0000018413666900
Event: 28.052 Thread 0x00000184136672a0 Thread added: 0x00000184136672a0
Event: 28.080 Thread 0x0000018413665f60 Thread added: 0x0000018413665f60
Event: 28.564 Thread 0x0000018413666dd0 Thread added: 0x0000018413666dd0
Event: 30.274 Thread 0x0000018413664c20 Thread added: 0x0000018413664c20
Event: 30.292 Thread 0x0000018413664280 Thread added: 0x0000018413664280
Event: 30.700 Thread 0x0000018413664750 Thread added: 0x0000018413664750
Event: 30.799 Thread 0x0000018413665a90 Thread added: 0x0000018413665a90
Event: 31.217 Thread 0x0000018414fc84b0 Thread added: 0x0000018414fc84b0
Event: 31.495 Thread 0x0000018414fc5490 Thread added: 0x0000018414fc5490
Event: 32.002 Thread 0x0000018414fc32e0 Thread added: 0x0000018414fc32e0
Event: 32.487 Thread 0x0000018414fc8e50 Thread added: 0x0000018414fc8e50


Dynamic libraries:
0x00007ff703370000 - 0x00007ff703380000 	C:\Program Files\Java\jdk-18.0.2.1\bin\java.exe
0x00007ffa89790000 - 0x00007ffa899a7000 	C:\WINDOWS\SYSTEM32\ntdll.dll
0x00007ffa88910000 - 0x00007ffa889d4000 	C:\WINDOWS\System32\KERNEL32.DLL
0x00007ffa86d70000 - 0x00007ffa87115000 	C:\WINDOWS\System32\KERNELBASE.dll
0x00007ffa86c50000 - 0x00007ffa86d61000 	C:\WINDOWS\System32\ucrtbase.dll
0x00007ff9f8250000 - 0x00007ff9f8268000 	C:\Program Files\Java\jdk-18.0.2.1\bin\jli.dll
0x00007ffa88c00000 - 0x00007ffa88cb1000 	C:\WINDOWS\System32\ADVAPI32.dll
0x00007ffa88d20000 - 0x00007ffa88dc7000 	C:\WINDOWS\System32\msvcrt.dll
0x00007ffa87ed0000 - 0x00007ffa87f76000 	C:\WINDOWS\System32\sechost.dll
0x00007ffa88e40000 - 0x00007ffa88f57000 	C:\WINDOWS\System32\RPCRT4.dll
0x00007ffa88a50000 - 0x00007ffa88bfe000 	C:\WINDOWS\System32\USER32.dll
0x00007ffa86c20000 - 0x00007ffa86c46000 	C:\WINDOWS\System32\win32u.dll
0x00007ffa888e0000 - 0x00007ffa88909000 	C:\WINDOWS\System32\GDI32.dll
0x00007ffa86b00000 - 0x00007ffa86c19000 	C:\WINDOWS\System32\gdi32full.dll
0x00007ffa87250000 - 0x00007ffa872ea000 	C:\WINDOWS\System32\msvcp_win.dll
0x00007ffa70620000 - 0x00007ffa708b3000 	C:\WINDOWS\WinSxS\amd64_microsoft.windows.common-controls_6595b64144ccf1df_6.0.22621.2506_none_270c5ae97388e100\COMCTL32.dll
0x00007ffa7eee0000 - 0x00007ffa7eeea000 	C:\WINDOWS\SYSTEM32\VERSION.dll
0x00007ff9f8230000 - 0x00007ff9f824a000 	C:\Program Files\Java\jdk-18.0.2.1\bin\VCRUNTIME140.dll
0x00007ffa896f0000 - 0x00007ffa89721000 	C:\WINDOWS\System32\IMM32.DLL
0x00007ffa50750000 - 0x00007ffa5075c000 	C:\Program Files\Java\jdk-18.0.2.1\bin\vcruntime140_1.dll
0x00007ff9f7d70000 - 0x00007ff9f7dfd000 	C:\Program Files\Java\jdk-18.0.2.1\bin\msvcp140.dll
0x00007ff9f1e00000 - 0x00007ff9f2a11000 	C:\Program Files\Java\jdk-18.0.2.1\bin\server\jvm.dll
0x00007ffa888d0000 - 0x00007ffa888d8000 	C:\WINDOWS\System32\PSAPI.DLL
0x00007ffa7ec90000 - 0x00007ffa7ecc4000 	C:\WINDOWS\SYSTEM32\WINMM.dll
0x00007ffa6b640000 - 0x00007ffa6b649000 	C:\WINDOWS\SYSTEM32\WSOCK32.dll
0x00007ffa87e50000 - 0x00007ffa87ec1000 	C:\WINDOWS\System32\WS2_32.dll
0x00007ffa85bf0000 - 0x00007ffa85c08000 	C:\WINDOWS\SYSTEM32\kernel.appcore.dll
0x00007ffa484e0000 - 0x00007ffa484ea000 	C:\Program Files\Java\jdk-18.0.2.1\bin\jimage.dll
0x00007ffa84460000 - 0x00007ffa84693000 	C:\WINDOWS\SYSTEM32\DBGHELP.DLL
0x00007ffa891c0000 - 0x00007ffa89549000 	C:\WINDOWS\System32\combase.dll
0x00007ffa88280000 - 0x00007ffa88357000 	C:\WINDOWS\System32\OLEAUT32.dll
0x00007ffa6e970000 - 0x00007ffa6e9a2000 	C:\WINDOWS\SYSTEM32\dbgcore.DLL
0x00007ffa872f0000 - 0x00007ffa8736a000 	C:\WINDOWS\System32\bcryptPrimitives.dll
0x00007ff9f8200000 - 0x00007ff9f8225000 	C:\Program Files\Java\jdk-18.0.2.1\bin\java.dll
0x00007ff9f1d20000 - 0x00007ff9f1df6000 	C:\Program Files\Java\jdk-18.0.2.1\bin\jsvml.dll
0x00007ffa875e0000 - 0x00007ffa87e39000 	C:\WINDOWS\System32\SHELL32.dll
0x00007ffa84a30000 - 0x00007ffa85324000 	C:\WINDOWS\SYSTEM32\windows.storage.dll
0x00007ffa848f0000 - 0x00007ffa84a2e000 	C:\WINDOWS\SYSTEM32\wintypes.dll
0x00007ffa874e0000 - 0x00007ffa875d3000 	C:\WINDOWS\System32\SHCORE.dll
0x00007ffa88cc0000 - 0x00007ffa88d1e000 	C:\WINDOWS\System32\shlwapi.dll
0x00007ffa86a30000 - 0x00007ffa86a56000 	C:\WINDOWS\SYSTEM32\profapi.dll
0x00007ff9f81e0000 - 0x00007ff9f81f3000 	C:\Program Files\Java\jdk-18.0.2.1\bin\net.dll
0x00007ffa7eb50000 - 0x00007ffa7ec87000 	C:\WINDOWS\SYSTEM32\WINHTTP.dll
0x00007ffa86070000 - 0x00007ffa860d9000 	C:\WINDOWS\system32\mswsock.dll
0x00007ff9f7d50000 - 0x00007ff9f7d66000 	C:\Program Files\Java\jdk-18.0.2.1\bin\nio.dll
0x00007ff9f5940000 - 0x00007ff9f5958000 	C:\Program Files\Java\jdk-18.0.2.1\bin\zip.dll
0x00007ffa825a0000 - 0x00007ffa825b0000 	C:\Program Files\Java\jdk-18.0.2.1\bin\verify.dll
0x00007ffa6b750000 - 0x00007ffa6b777000 	C:\Users\LENOVO ideapadGAMING\.gradle\native\68d5fa5c4cc2d200863cafc0d521ce42e7d3e7ee720ec0a83991735586a16f82\windows-amd64\native-platform.dll
0x00007ffa30310000 - 0x00007ffa30454000 	C:\Users\LENOVO ideapadGAMING\.gradle\native\e376f236ea51e6404a007f0833ffe2c6e607c4080706a723a18a27aeea778392\windows-amd64\native-platform-file-events.dll
0x00007ffa6b4f0000 - 0x00007ffa6b4f9000 	C:\Program Files\Java\jdk-18.0.2.1\bin\management.dll
0x00007ffa30460000 - 0x00007ffa3046b000 	C:\Program Files\Java\jdk-18.0.2.1\bin\management_ext.dll
0x00007ffa862c0000 - 0x00007ffa862db000 	C:\WINDOWS\SYSTEM32\CRYPTSP.dll
0x00007ffa85b50000 - 0x00007ffa85b85000 	C:\WINDOWS\system32\rsaenh.dll
0x00007ffa86160000 - 0x00007ffa8618c000 	C:\WINDOWS\SYSTEM32\USERENV.dll
0x00007ffa864b0000 - 0x00007ffa864d8000 	C:\WINDOWS\SYSTEM32\bcrypt.dll
0x00007ffa862e0000 - 0x00007ffa862ec000 	C:\WINDOWS\SYSTEM32\CRYPTBASE.dll
0x00007ffa85600000 - 0x00007ffa8562d000 	C:\WINDOWS\SYSTEM32\IPHLPAPI.DLL
0x00007ffa87e40000 - 0x00007ffa87e49000 	C:\WINDOWS\System32\NSI.dll
0x00007ffa7eef0000 - 0x00007ffa7ef09000 	C:\WINDOWS\SYSTEM32\dhcpcsvc6.DLL
0x00007ffa7ecd0000 - 0x00007ffa7ecef000 	C:\WINDOWS\SYSTEM32\dhcpcsvc.DLL
0x00007ffa85670000 - 0x00007ffa85769000 	C:\WINDOWS\SYSTEM32\DNSAPI.dll

dbghelp: loaded successfully - version: 4.0.5 - missing functions: none
symbol engine: initialized successfully - sym options: 0x614 - pdb path: .;C:\Program Files\Java\jdk-18.0.2.1\bin;C:\WINDOWS\SYSTEM32;C:\WINDOWS\WinSxS\amd64_microsoft.windows.common-controls_6595b64144ccf1df_6.0.22621.2506_none_270c5ae97388e100;C:\Program Files\Java\jdk-18.0.2.1\bin\server;C:\Users\LENOVO ideapadGAMING\.gradle\native\68d5fa5c4cc2d200863cafc0d521ce42e7d3e7ee720ec0a83991735586a16f82\windows-amd64;C:\Users\LENOVO ideapadGAMING\.gradle\native\e376f236ea51e6404a007f0833ffe2c6e607c4080706a723a18a27aeea778392\windows-amd64

VM Arguments:
jvm_args: -XX:MaxMetaspaceSize=512m --add-opens=java.base/java.util=ALL-UNNAMED --add-opens=java.base/java.lang=ALL-UNNAMED --add-opens=java.base/java.lang.invoke=ALL-UNNAMED --add-opens=java.prefs/java.util.prefs=ALL-UNNAMED --add-opens=java.base/java.nio.charset=ALL-UNNAMED --add-opens=java.base/java.net=ALL-UNNAMED --add-opens=java.base/java.util.concurrent.atomic=ALL-UNNAMED -Xmx2048m -Dfile.encoding=UTF-8 -Duser.country=US -Duser.language=en -Duser.variant 
java_command: org.gradle.launcher.daemon.bootstrap.GradleDaemon 8.0.1
java_class_path (initial): C:\Users\LENOVO ideapadGAMING\.gradle\wrapper\dists\gradle-8.0.1-all\aro4hu1c3oeioove7l0i4i14o\gradle-8.0.1\lib\gradle-launcher-8.0.1.jar
Launcher Type: SUN_STANDARD

[Global flags]
     intx CICompilerCount                          = 4                                         {product} {ergonomic}
   size_t CompressedClassSpaceSize                 = 432013312                                 {product} {ergonomic}
     uint ConcGCThreads                            = 3                                         {product} {ergonomic}
     uint G1ConcRefinementThreads                  = 10                                        {product} {ergonomic}
   size_t G1HeapRegionSize                         = 1048576                                   {product} {ergonomic}
    uintx GCDrainStackTargetSize                   = 64                                        {product} {ergonomic}
   size_t InitialHeapSize                          = 132120576                                 {product} {ergonomic}
   size_t MarkStackSize                            = 4194304                                   {product} {ergonomic}
   size_t MaxHeapSize                              = 2147483648                                {product} {command line}
   size_t MaxMetaspaceSize                         = 536870912                                 {product} {command line}
   size_t MaxNewSize                               = 1287651328                                {product} {ergonomic}
   size_t MinHeapDeltaBytes                        = 1048576                                   {product} {ergonomic}
   size_t MinHeapSize                              = 8388608                                   {product} {ergonomic}
    uintx NonNMethodCodeHeapSize                   = 5839372                                {pd product} {ergonomic}
    uintx NonProfiledCodeHeapSize                  = 122909434                              {pd product} {ergonomic}
    uintx ProfiledCodeHeapSize                     = 122909434                              {pd product} {ergonomic}
    uintx ReservedCodeCacheSize                    = 251658240                              {pd product} {ergonomic}
     bool SegmentedCodeCache                       = true                                      {product} {ergonomic}
   size_t SoftMaxHeapSize                          = 2147483648                             {manageable} {ergonomic}
     bool UseCompressedClassPointers               = true                           {product lp64_product} {ergonomic}
     bool UseCompressedOops                        = true                           {product lp64_product} {ergonomic}
     bool UseG1GC                                  = true                                      {product} {ergonomic}
     bool UseLargePagesIndividualAllocation        = false                                  {pd product} {ergonomic}

Logging:
Log output configuration:
 #0: stdout all=warning uptime,level,tags foldmultilines=false
 #1: stderr all=off uptime,level,tags foldmultilines=false

Environment Variables:
JAVA_HOME=C:\Program Files\Java\jdk-18.0.2.1
CLASSPATH=D:\KULIAH\SMT 5\PGPBL\Acara7\AwesomeProject\android\\gradle\wrapper\gradle-wrapper.jar
PATH=D:\KULIAH\SMT 5\PGPBL\Acara7\AwesomeProject\node_modules\.bin;D:\KULIAH\SMT 5\PGPBL\Acara7\AwesomeProject\node_modules\.bin;D:\KULIAH\SMT 5\PGPBL\Acara7\node_modules\.bin;D:\KULIAH\SMT 5\PGPBL\node_modules\.bin;D:\KULIAH\SMT 5\node_modules\.bin;D:\KULIAH\node_modules\.bin;D:\node_modules\.bin;C:\Program Files\nodejs\node_modules\npm\node_modules\@npmcli\run-script\lib\node-gyp-bin;D:\KULIAH\SMT 5\PGPBL\Acara7\AwesomeProject\node_modules\.bin;D:\KULIAH\SMT 5\PGPBL\Acara7\node_modules\.bin;D:\KULIAH\SMT 5\PGPBL\node_modules\.bin;D:\KULIAH\SMT 5\node_modules\.bin;D:\KULIAH\node_modules\.bin;D:\node_modules\.bin;C:\Program Files\nodejs\node_modules\npm\node_modules\@npmcli\run-script\lib\node-gyp-bin;C:\Program Files (x86)\Common Files\Intel\Shared Libraries\redist\intel64\compiler;C:\Python27;C:\PCI Geomatics\Geomatica 2015\exe;C:\Program Files\Common Files\Oracle\Java\javapath;C:\Program Files (x86)\Common Files\Oracle\Java\javapath;C:\Program Files (x86)\Common Files\Intel\Shared Files\cpp\bin\Intel64;C:\Windows\system32;C:\Windows;C:\Windows\System32\Wbem;C:\Windows\System32\WindowsPowerShell\v1.0\;C:\Windows\System32\OpenSSH\;C:\Program Files (x86)\NVIDIA Corporation\PhysX\Common;C:\Program Files\NVIDIA Corporation\NVIDIA NvDLISR;C:\WINDOWS\system32;C:\WINDOWS;C:\WINDOWS\System32\Wbem;C:\WINDOWS\System32\WindowsPowerShell\v1.0\;C:\WINDOWS\System32\OpenSSH\;C:\Anaconda3;C:\Anaconda3\Scripts;C:\Program Files\dotnet\;C:\dev\MapWinGIS;C:\ProgramData\ComposerSetup\bin;C:\xampp\php;C:\WINDOWS\system32;C:\WINDOWS;C:\WINDOWS\System32\Wbem;C:\WINDOWS\System32\WindowsPowerShell\v1.0\;C:\WINDOWS\System32\OpenSSH\;C:\Program Files\Git\cmd;C:\ProgramData\chocolatey\bin;C:\Program Files\nodejs\;C:\Users\LENOVO ideapadGAMING\AppData\Local\Programs\Python\Python39\;C:\Users\LENOVO ideapadGAMING\AppData\Local\Programs\Python\Python39\Scripts;C:\Program Files\MySQL\MySQL Shell 8.0\bin\;C:\Users\LENOVO ideapadGAMING\AppData\Local\Microsoft\WindowsApps;C:\Users\LENOVO ideapadGAMING\.dotnet\tools;C:\Users\LENOVO ideapadGAMING\AppData\Local\Programs\Microsoft VS Code\bin;C:\Users\LENOVO ideapadGAMING\AppData\Roaming\Composer\vendor\bin;C:\xampp\php;C:\Program Files\Git\bin\;C:\Program Files\Gitcmd\;C:\Users\LENOVO ideapadGAMING\AppData\Roaming\npm
USERNAME=LENOVO ideapadGAMING
LANG=en_US.UTF-8
OS=Windows_NT
PROCESSOR_IDENTIFIER=Intel64 Family 6 Model 165 Stepping 2, GenuineIntel



---------------  S Y S T E M  ---------------

OS:
 Windows 11 , 64 bit Build 22621 (10.0.22621.2506)
OS uptime: 0 days 11:22 hours

CPU: total 12 (initial active 12) (6 cores per cpu, 2 threads per core) family 6 model 165 stepping 2 microcode 0xe0, cx8, cmov, fxsr, ht, mmx, 3dnowpref, sse, sse2, sse3, ssse3, sse4.1, sse4.2, popcnt, lzcnt, tsc, tscinvbit, avx, avx2, aes, erms, clmul, bmi1, bmi2, adx, fma, vzeroupper, clflush, clflushopt

Memory: 4k page, system-wide physical 8060M (9M free)
TotalPageFile size 27119M (AvailPageFile size 5M)
current process WorkingSet (physical memory assigned to process): 82M, peak: 157M
current process commit charge ("private bytes"): 243M, peak: 291M

vm_info: Java HotSpot(TM) 64-Bit Server VM (18.0.2.1+1-1) for windows-amd64 JRE (18.0.2.1+1-1), built on Aug 16 2022 01:46:33 by "mach5one" with MS VC++ 16.8 / 16.9 (VS2019)

END.
