#
# There is insufficient memory for the Java Runtime Environment to continue.
# Native memory allocation (mmap) failed to map 65536 bytes for Failed to commit metaspace.
# Possible reasons:
#   The system is out of physical RAM or swap space
#   The process is running with CompressedOops enabled, and the Java Heap may be blocking the growth of the native heap
# Possible solutions:
#   Reduce memory load on the system
#   Increase physical memory or swap space
#   Check if swap backing store is full
#   Decrease Java heap size (-Xmx/-Xms)
#   Decrease number of Java threads
#   Decrease Java thread stack sizes (-Xss)
#   Set larger code cache with -XX:ReservedCodeCacheSize=
#   JVM is running with Unscaled Compressed Oops mode in which the Java heap is
#     placed in the first 4GB address space. The Java Heap base address is the
#     maximum limit for the native heap growth. Please use -XX:HeapBaseMinAddress
#     to set the Java Heap base and to place the Java Heap above 4GB virtual address.
# This output file may be truncated or incomplete.
#
#  Out of Memory Error (virtualSpaceNode.cpp:110), pid=25000, tid=20936
#
# JRE version: Java(TM) SE Runtime Environment (18.0.2.1+1) (build 18.0.2.1+1-1)
# Java VM: Java HotSpot(TM) 64-Bit Server VM (18.0.2.1+1-1, mixed mode, sharing, tiered, compressed oops, compressed class ptrs, g1 gc, windows-amd64)
# No core dump will be written. Minidumps are not enabled by default on client versions of Windows
#

---------------  S U M M A R Y ------------

Command Line: -Xmx64m -Xms64m -Dorg.gradle.appname=gradlew org.gradle.wrapper.GradleWrapperMain tasks

Host: Intel(R) Core(TM) i7-10750H CPU @ 2.60GHz, 12 cores, 7G,  Windows 11 , 64 bit Build 22621 (10.0.22621.2506)
Time: Mon Nov 27 09:38:05 2023 SE Asia Standard Time elapsed time: 8.657448 seconds (0d 0h 0m 8s)

---------------  T H R E A D  ---------------

Current thread (0x00000112d22c6430):  JavaThread "main" [_thread_in_vm, id=20936, stack(0x00000001d1400000,0x00000001d1500000)]

Stack: [0x00000001d1400000,0x00000001d1500000]
Native frames: (J=compiled Java code, j=interpreted, Vv=VM code, C=native code)
V  [jvm.dll+0x6993aa]
V  [jvm.dll+0x7f46dd]
V  [jvm.dll+0x7f5fee]
V  [jvm.dll+0x7f66a3]
V  [jvm.dll+0x25cf1f]
V  [jvm.dll+0x7f03eb]
V  [jvm.dll+0x63f526]
V  [jvm.dll+0x63f58a]
V  [jvm.dll+0x641e0e]
V  [jvm.dll+0x641cce]
V  [jvm.dll+0x63feee]
V  [jvm.dll+0x64a567]
V  [jvm.dll+0x202961]
V  [jvm.dll+0x202e95]
V  [jvm.dll+0x2038cf]
V  [jvm.dll+0x1f8d61]
V  [jvm.dll+0x55dc05]
V  [jvm.dll+0x209c17]
V  [jvm.dll+0x76dd8d]
V  [jvm.dll+0x76f0c6]
V  [jvm.dll+0x76f3f8]
V  [jvm.dll+0x255346]
V  [jvm.dll+0x64bd21]
V  [jvm.dll+0x6fc5b0]
V  [jvm.dll+0x19c160]
V  [jvm.dll+0x19bdd2]
C  0x00000112d9cea4d0

Java frames: (J=compiled Java code, j=interpreted, Vv=VM code)
v  ~RuntimeStub::handle_exception_from_callee Runtime1 stub
J 706 c1 java.net.URLClassLoader.findClass(Ljava/lang/String;)Ljava/lang/Class; java.base@18.0.2.1 (47 bytes) @ 0x00000112da2cfa1c [0x00000112da2cf880+0x000000000000019c]
J 677 c1 java.lang.ClassLoader.loadClass(Ljava/lang/String;Z)Ljava/lang/Class; java.base@18.0.2.1 (121 bytes) @ 0x00000112da2c34f4 [0x00000112da2c2f40+0x00000000000005b4]
J 713 c1 java.lang.ClassLoader.loadClass(Ljava/lang/String;)Ljava/lang/Class; java.base@18.0.2.1 (7 bytes) @ 0x00000112da2d274c [0x00000112da2d2640+0x000000000000010c]
v  ~StubRoutines::call_stub
j  org.gradle.launcher.cli.converter.LayoutToPropertiesConverter.maybeConfigureFrom(Ljava/io/File;Ljava/util/Map;)V+121
j  org.gradle.launcher.cli.converter.LayoutToPropertiesConverter.configureFromBuildDir(Lorg/gradle/launcher/configuration/BuildLayoutResult;Ljava/util/Map;)V+29
j  org.gradle.launcher.cli.converter.LayoutToPropertiesConverter.convert(Lorg/gradle/launcher/configuration/InitialProperties;Lorg/gradle/launcher/configuration/BuildLayoutResult;)Lorg/gradle/launcher/configuration/AllProperties;+22
j  org.gradle.launcher.cli.DefaultCommandLineActionFactory$WithLogging.execute(Lorg/gradle/launcher/bootstrap/ExecutionListener;)V+162
j  org.gradle.launcher.Main.doAction([Ljava/lang/String;Lorg/gradle/launcher/bootstrap/ExecutionListener;)V+14
j  org.gradle.launcher.bootstrap.EntryPoint.run([Ljava/lang/String;)V+12
j  java.lang.invoke.DirectMethodHandle$Holder.invokeVirtual(Ljava/lang/Object;Ljava/lang/Object;Ljava/lang/Object;)V+11 java.base@18.0.2.1
j  java.lang.invoke.LambdaForm$MH+0x0000000800c12800.invoke(Ljava/lang/Object;Ljava/lang/Object;Ljava/lang/Object;)Ljava/lang/Object;+52 java.base@18.0.2.1
j  java.lang.invoke.Invokers$Holder.invokeExact_MT(Ljava/lang/Object;Ljava/lang/Object;Ljava/lang/Object;Ljava/lang/Object;)Ljava/lang/Object;+20 java.base@18.0.2.1
j  jdk.internal.reflect.DirectMethodHandleAccessor.invokeImpl(Ljava/lang/Object;[Ljava/lang/Object;)Ljava/lang/Object;+55 java.base@18.0.2.1
j  jdk.internal.reflect.DirectMethodHandleAccessor.invoke(Ljava/lang/Object;[Ljava/lang/Object;)Ljava/lang/Object;+23 java.base@18.0.2.1
j  java.lang.reflect.Method.invoke(Ljava/lang/Object;[Ljava/lang/Object;)Ljava/lang/Object;+102 java.base@18.0.2.1
j  org.gradle.launcher.bootstrap.ProcessBootstrap.runNoExit(Ljava/lang/String;[Ljava/lang/String;)V+159
j  org.gradle.launcher.bootstrap.ProcessBootstrap.run(Ljava/lang/String;[Ljava/lang/String;)V+2
j  java.lang.invoke.LambdaForm$DMH+0x0000000800c08400.invokeStatic(Ljava/lang/Object;Ljava/lang/Object;Ljava/lang/Object;)V+11 java.base@18.0.2.1
j  java.lang.invoke.LambdaForm$MH+0x0000000800c09c00.invoke(Ljava/lang/Object;Ljava/lang/Object;Ljava/lang/Object;Ljava/lang/Object;)Ljava/lang/Object;+54 java.base@18.0.2.1
j  java.lang.invoke.LambdaForm$MH+0x0000000800c0a000.invokeExact_MT(Ljava/lang/Object;Ljava/lang/Object;Ljava/lang/Object;Ljava/lang/Object;Ljava/lang/Object;)Ljava/lang/Object;+22 java.base@18.0.2.1
j  jdk.internal.reflect.DirectMethodHandleAccessor.invokeImpl(Ljava/lang/Object;[Ljava/lang/Object;)Ljava/lang/Object;+72 java.base@18.0.2.1
j  jdk.internal.reflect.DirectMethodHandleAccessor.invoke(Ljava/lang/Object;[Ljava/lang/Object;)Ljava/lang/Object;+23 java.base@18.0.2.1
j  java.lang.reflect.Method.invoke(Ljava/lang/Object;[Ljava/lang/Object;)Ljava/lang/Object;+102 java.base@18.0.2.1
j  org.gradle.launcher.GradleMain.main([Ljava/lang/String;)V+100
j  java.lang.invoke.LambdaForm$DMH+0x0000000800c04400.invokeStatic(Ljava/lang/Object;Ljava/lang/Object;)V+10 java.base@18.0.2.1
j  java.lang.invoke.LambdaForm$MH+0x0000000800c08000.invoke(Ljava/lang/Object;Ljava/lang/Object;Ljava/lang/Object;)Ljava/lang/Object;+33 java.base@18.0.2.1
j  java.lang.invoke.Invokers$Holder.invokeExact_MT(Ljava/lang/Object;Ljava/lang/Object;Ljava/lang/Object;Ljava/lang/Object;)Ljava/lang/Object;+20 java.base@18.0.2.1
j  jdk.internal.reflect.DirectMethodHandleAccessor.invokeImpl(Ljava/lang/Object;[Ljava/lang/Object;)Ljava/lang/Object;+55 java.base@18.0.2.1
j  jdk.internal.reflect.DirectMethodHandleAccessor.invoke(Ljava/lang/Object;[Ljava/lang/Object;)Ljava/lang/Object;+23 java.base@18.0.2.1
j  java.lang.reflect.Method.invoke(Ljava/lang/Object;[Ljava/lang/Object;)Ljava/lang/Object;+102 java.base@18.0.2.1
j  org.gradle.wrapper.BootstrapMainStarter.start([Ljava/lang/String;Ljava/io/File;)V+105
j  org.gradle.wrapper.WrapperExecutor.execute([Ljava/lang/String;Lorg/gradle/wrapper/Install;Lorg/gradle/wrapper/BootstrapMainStarter;)V+14
j  org.gradle.wrapper.GradleWrapperMain.main([Ljava/lang/String;)V+206
v  ~StubRoutines::call_stub

---------------  P R O C E S S  ---------------

Threads class SMR info:
_java_thread_list=0x00000112f01262c0, length=12, elements={
0x00000112d22c6430, 0x00000112d235b400, 0x00000112d235c060, 0x00000112d2370cf0,
0x00000112d2371690, 0x00000112d2372030, 0x00000112d23729d0, 0x00000112ebf0dfa0,
0x00000112ebf0e590, 0x00000112ebf10f80, 0x00000112f0150970, 0x00000112f0154000
}

Java Threads: ( => current thread )
=>0x00000112d22c6430 JavaThread "main" [_thread_in_vm, id=20936, stack(0x00000001d1400000,0x00000001d1500000)]
  0x00000112d235b400 JavaThread "Reference Handler" daemon [_thread_blocked, id=1564, stack(0x00000001d1b00000,0x00000001d1c00000)]
  0x00000112d235c060 JavaThread "Finalizer" daemon [_thread_blocked, id=12508, stack(0x00000001d1c00000,0x00000001d1d00000)]
  0x00000112d2370cf0 JavaThread "Signal Dispatcher" daemon [_thread_blocked, id=30552, stack(0x00000001d1d00000,0x00000001d1e00000)]
  0x00000112d2371690 JavaThread "Attach Listener" daemon [_thread_blocked, id=21892, stack(0x00000001d1e00000,0x00000001d1f00000)]
  0x00000112d2372030 JavaThread "Service Thread" daemon [_thread_blocked, id=33296, stack(0x00000001d1f00000,0x00000001d2000000)]
  0x00000112d23729d0 JavaThread "Monitor Deflation Thread" daemon [_thread_blocked, id=32828, stack(0x00000001d2000000,0x00000001d2100000)]
  0x00000112ebf0dfa0 JavaThread "C2 CompilerThread0" daemon [_thread_blocked, id=24980, stack(0x00000001d2100000,0x00000001d2200000)]
  0x00000112ebf0e590 JavaThread "C1 CompilerThread0" daemon [_thread_in_vm, id=21548, stack(0x00000001d2200000,0x00000001d2300000)]
  0x00000112ebf10f80 JavaThread "Sweeper thread" daemon [_thread_blocked, id=26280, stack(0x00000001d2300000,0x00000001d2400000)]
  0x00000112f0150970 JavaThread "Notification Thread" daemon [_thread_blocked, id=32456, stack(0x00000001d2400000,0x00000001d2500000)]
  0x00000112f0154000 JavaThread "Common-Cleaner" daemon [_thread_blocked, id=30236, stack(0x00000001d2600000,0x00000001d2700000)]

Other Threads:
  0x00000112d2357a30 VMThread "VM Thread" [stack: 0x00000001d1a00000,0x00000001d1b00000] [id=25968]
  0x00000112ebfeecd0 WatcherThread "VM Periodic Task Thread" [stack: 0x00000001d2500000,0x00000001d2600000] [id=32932]
  0x00000112d22eab10 WorkerThread "GC Thread#0" [stack: 0x00000001d1500000,0x00000001d1600000] [id=16068]
  0x00000112d22ed250 ConcurrentGCThread "G1 Main Marker" [stack: 0x00000001d1600000,0x00000001d1700000] [id=26656]
  0x00000112d22edc40 WorkerThread "G1 Conc#0" [stack: 0x00000001d1700000,0x00000001d1800000] [id=25056]
  0x00000112d23316b0 ConcurrentGCThread "G1 Refine#0" [stack: 0x00000001d1800000,0x00000001d1900000] [id=30492]
  0x00000112d2331fd0 ConcurrentGCThread "G1 Service" [stack: 0x00000001d1900000,0x00000001d1a00000] [id=20840]

Threads with active compile tasks:
C1 CompilerThread0     8796  800       3       sun.net.www.protocol.jar.Handler::canonicalizeString (72 bytes)

VM state: not at safepoint (normal execution)

VM Mutex/Monitor currently owned by a thread:  ([mutex/lock_event])
[0x00000112d0019c50] Metaspace_lock - owner thread: 0x00000112d22c6430
[0x00000112d22c2690] MethodData_lock - owner thread: 0x00000112ebf0e590

OutOfMemory and StackOverflow Exception counts:
OutOfMemoryError java_heap_errors=1
LinkageErrors=5

Heap address: 0x00000000fc000000, size: 64 MB, Compressed Oops mode: 32-bit

CDS archive(s) mapped at: [0x0000000800000000-0x0000000800ba0000-0x0000000800ba0000), size 12189696, SharedBaseAddress: 0x0000000800000000, ArchiveRelocationMode: 0.
Compressed class space mapped at: 0x0000000800c00000-0x0000000840c00000, reserved size: 1073741824
Narrow klass base: 0x0000000800000000, Narrow klass shift: 0, Narrow klass range: 0x100000000

GC Precious Log:
 CardTable entry size: 512
 Card Set container configuration: InlinePtr #cards 5 size 8 Array Of Cards #cards 12 size 40 Howl #buckets 4 coarsen threshold 1843 Howl Bitmap #cards 512 size 80 coarsen threshold 460 Card regions per heap region 1 cards per card region 2048
 CPUs: 12 total, 12 available
 Memory: 8060M
 Large Page Support: Disabled
 NUMA Support: Disabled
 Compressed Oops: Enabled (32-bit)
 Heap Region Size: 1M
 Heap Min Capacity: 64M
 Heap Initial Capacity: 64M
 Heap Max Capacity: 64M
 Pre-touch: Disabled
 Parallel Workers: 10
 Concurrent Workers: 3
 Concurrent Refinement Workers: 10
 Periodic GC: Disabled

Heap:
 garbage-first heap   total 65536K, used 23552K [0x00000000fc000000, 0x0000000100000000)
  region size 1024K, 21 young (21504K), 0 survivors (0K)
 Metaspace       used 3201K, committed 3392K, reserved 1114112K
  class space    used 373K, committed 512K, reserved 1048576K

Heap Regions: E=young(eden), S=young(survivor), O=old, HS=humongous(starts), HC=humongous(continues), CS=collection set, F=free, OA=open archive, CA=closed archive, TAMS=top-at-mark-start (previous, next)
|   0|0x00000000fc000000, 0x00000000fc100000, 0x00000000fc100000|100%|HS|  |TAMS 0x00000000fc000000, 0x00000000fc000000| Complete 
|   1|0x00000000fc100000, 0x00000000fc200000, 0x00000000fc200000|100%|HC|  |TAMS 0x00000000fc100000, 0x00000000fc100000| Complete 
|   2|0x00000000fc200000, 0x00000000fc300000, 0x00000000fc300000|100%|HC|  |TAMS 0x00000000fc200000, 0x00000000fc200000| Complete 
|   3|0x00000000fc300000, 0x00000000fc400000, 0x00000000fc400000|100%|HC|  |TAMS 0x00000000fc300000, 0x00000000fc300000| Complete 
|   4|0x00000000fc400000, 0x00000000fc400000, 0x00000000fc500000|  0%| F|  |TAMS 0x00000000fc400000, 0x00000000fc400000| Untracked 
|   5|0x00000000fc500000, 0x00000000fc500000, 0x00000000fc600000|  0%| F|  |TAMS 0x00000000fc500000, 0x00000000fc500000| Untracked 
|   6|0x00000000fc600000, 0x00000000fc600000, 0x00000000fc700000|  0%| F|  |TAMS 0x00000000fc600000, 0x00000000fc600000| Untracked 
|   7|0x00000000fc700000, 0x00000000fc700000, 0x00000000fc800000|  0%| F|  |TAMS 0x00000000fc700000, 0x00000000fc700000| Untracked 
|   8|0x00000000fc800000, 0x00000000fc800000, 0x00000000fc900000|  0%| F|  |TAMS 0x00000000fc800000, 0x00000000fc800000| Untracked 
|   9|0x00000000fc900000, 0x00000000fc900000, 0x00000000fca00000|  0%| F|  |TAMS 0x00000000fc900000, 0x00000000fc900000| Untracked 
|  10|0x00000000fca00000, 0x00000000fca00000, 0x00000000fcb00000|  0%| F|  |TAMS 0x00000000fca00000, 0x00000000fca00000| Untracked 
|  11|0x00000000fcb00000, 0x00000000fcb00000, 0x00000000fcc00000|  0%| F|  |TAMS 0x00000000fcb00000, 0x00000000fcb00000| Untracked 
|  12|0x00000000fcc00000, 0x00000000fcc00000, 0x00000000fcd00000|  0%| F|  |TAMS 0x00000000fcc00000, 0x00000000fcc00000| Untracked 
|  13|0x00000000fcd00000, 0x00000000fcd00000, 0x00000000fce00000|  0%| F|  |TAMS 0x00000000fcd00000, 0x00000000fcd00000| Untracked 
|  14|0x00000000fce00000, 0x00000000fce00000, 0x00000000fcf00000|  0%| F|  |TAMS 0x00000000fce00000, 0x00000000fce00000| Untracked 
|  15|0x00000000fcf00000, 0x00000000fcf00000, 0x00000000fd000000|  0%| F|  |TAMS 0x00000000fcf00000, 0x00000000fcf00000| Untracked 
|  16|0x00000000fd000000, 0x00000000fd000000, 0x00000000fd100000|  0%| F|  |TAMS 0x00000000fd000000, 0x00000000fd000000| Untracked 
|  17|0x00000000fd100000, 0x00000000fd100000, 0x00000000fd200000|  0%| F|  |TAMS 0x00000000fd100000, 0x00000000fd100000| Untracked 
|  18|0x00000000fd200000, 0x00000000fd200000, 0x00000000fd300000|  0%| F|  |TAMS 0x00000000fd200000, 0x00000000fd200000| Untracked 
|  19|0x00000000fd300000, 0x00000000fd300000, 0x00000000fd400000|  0%| F|  |TAMS 0x00000000fd300000, 0x00000000fd300000| Untracked 
|  20|0x00000000fd400000, 0x00000000fd400000, 0x00000000fd500000|  0%| F|  |TAMS 0x00000000fd400000, 0x00000000fd400000| Untracked 
|  21|0x00000000fd500000, 0x00000000fd500000, 0x00000000fd600000|  0%| F|  |TAMS 0x00000000fd500000, 0x00000000fd500000| Untracked 
|  22|0x00000000fd600000, 0x00000000fd600000, 0x00000000fd700000|  0%| F|  |TAMS 0x00000000fd600000, 0x00000000fd600000| Untracked 
|  23|0x00000000fd700000, 0x00000000fd700000, 0x00000000fd800000|  0%| F|  |TAMS 0x00000000fd700000, 0x00000000fd700000| Untracked 
|  24|0x00000000fd800000, 0x00000000fd800000, 0x00000000fd900000|  0%| F|  |TAMS 0x00000000fd800000, 0x00000000fd800000| Untracked 
|  25|0x00000000fd900000, 0x00000000fd900000, 0x00000000fda00000|  0%| F|  |TAMS 0x00000000fd900000, 0x00000000fd900000| Untracked 
|  26|0x00000000fda00000, 0x00000000fda00000, 0x00000000fdb00000|  0%| F|  |TAMS 0x00000000fda00000, 0x00000000fda00000| Untracked 
|  27|0x00000000fdb00000, 0x00000000fdb00000, 0x00000000fdc00000|  0%| F|  |TAMS 0x00000000fdb00000, 0x00000000fdb00000| Untracked 
|  28|0x00000000fdc00000, 0x00000000fdc00000, 0x00000000fdd00000|  0%| F|  |TAMS 0x00000000fdc00000, 0x00000000fdc00000| Untracked 
|  29|0x00000000fdd00000, 0x00000000fdd00000, 0x00000000fde00000|  0%| F|  |TAMS 0x00000000fdd00000, 0x00000000fdd00000| Untracked 
|  30|0x00000000fde00000, 0x00000000fde00000, 0x00000000fdf00000|  0%| F|  |TAMS 0x00000000fde00000, 0x00000000fde00000| Untracked 
|  31|0x00000000fdf00000, 0x00000000fdf00000, 0x00000000fe000000|  0%| F|  |TAMS 0x00000000fdf00000, 0x00000000fdf00000| Untracked 
|  32|0x00000000fe000000, 0x00000000fe000000, 0x00000000fe100000|  0%| F|  |TAMS 0x00000000fe000000, 0x00000000fe000000| Untracked 
|  33|0x00000000fe100000, 0x00000000fe100000, 0x00000000fe200000|  0%| F|  |TAMS 0x00000000fe100000, 0x00000000fe100000| Untracked 
|  34|0x00000000fe200000, 0x00000000fe200000, 0x00000000fe300000|  0%| F|  |TAMS 0x00000000fe200000, 0x00000000fe200000| Untracked 
|  35|0x00000000fe300000, 0x00000000fe300000, 0x00000000fe400000|  0%| F|  |TAMS 0x00000000fe300000, 0x00000000fe300000| Untracked 
|  36|0x00000000fe400000, 0x00000000fe400000, 0x00000000fe500000|  0%| F|  |TAMS 0x00000000fe400000, 0x00000000fe400000| Untracked 
|  37|0x00000000fe500000, 0x00000000fe500000, 0x00000000fe600000|  0%| F|  |TAMS 0x00000000fe500000, 0x00000000fe500000| Untracked 
|  38|0x00000000fe600000, 0x00000000fe600000, 0x00000000fe700000|  0%| F|  |TAMS 0x00000000fe600000, 0x00000000fe600000| Untracked 
|  39|0x00000000fe700000, 0x00000000fe700000, 0x00000000fe800000|  0%| F|  |TAMS 0x00000000fe700000, 0x00000000fe700000| Untracked 
|  40|0x00000000fe800000, 0x00000000fe800000, 0x00000000fe900000|  0%| F|  |TAMS 0x00000000fe800000, 0x00000000fe800000| Untracked 
|  41|0x00000000fe900000, 0x00000000fe900000, 0x00000000fea00000|  0%| F|  |TAMS 0x00000000fe900000, 0x00000000fe900000| Untracked 
|  42|0x00000000fea00000, 0x00000000fea00000, 0x00000000feb00000|  0%| F|  |TAMS 0x00000000fea00000, 0x00000000fea00000| Untracked 
|  43|0x00000000feb00000, 0x00000000febec078, 0x00000000fec00000| 92%| E|  |TAMS 0x00000000feb00000, 0x00000000feb00000| Complete 
|  44|0x00000000fec00000, 0x00000000fed00000, 0x00000000fed00000|100%| E|CS|TAMS 0x00000000fec00000, 0x00000000fec00000| Complete 
|  45|0x00000000fed00000, 0x00000000fee00000, 0x00000000fee00000|100%| E|CS|TAMS 0x00000000fed00000, 0x00000000fed00000| Complete 
|  46|0x00000000fee00000, 0x00000000fef00000, 0x00000000fef00000|100%| E|CS|TAMS 0x00000000fee00000, 0x00000000fee00000| Complete 
|  47|0x00000000fef00000, 0x00000000ff000000, 0x00000000ff000000|100%| E|CS|TAMS 0x00000000fef00000, 0x00000000fef00000| Complete 
|  48|0x00000000ff000000, 0x00000000ff100000, 0x00000000ff100000|100%| E|  |TAMS 0x00000000ff000000, 0x00000000ff000000| Complete 
|  49|0x00000000ff100000, 0x00000000ff200000, 0x00000000ff200000|100%| E|CS|TAMS 0x00000000ff100000, 0x00000000ff100000| Complete 
|  50|0x00000000ff200000, 0x00000000ff300000, 0x00000000ff300000|100%| E|CS|TAMS 0x00000000ff200000, 0x00000000ff200000| Complete 
|  51|0x00000000ff300000, 0x00000000ff400000, 0x00000000ff400000|100%| E|CS|TAMS 0x00000000ff300000, 0x00000000ff300000| Complete 
|  52|0x00000000ff400000, 0x00000000ff500000, 0x00000000ff500000|100%| E|CS|TAMS 0x00000000ff400000, 0x00000000ff400000| Complete 
|  53|0x00000000ff500000, 0x00000000ff600000, 0x00000000ff600000|100%| E|CS|TAMS 0x00000000ff500000, 0x00000000ff500000| Complete 
|  54|0x00000000ff600000, 0x00000000ff700000, 0x00000000ff700000|100%| E|CS|TAMS 0x00000000ff600000, 0x00000000ff600000| Complete 
|  55|0x00000000ff700000, 0x00000000ff800000, 0x00000000ff800000|100%| E|CS|TAMS 0x00000000ff700000, 0x00000000ff700000| Complete 
|  56|0x00000000ff800000, 0x00000000ff900000, 0x00000000ff900000|100%| E|CS|TAMS 0x00000000ff800000, 0x00000000ff800000| Complete 
|  57|0x00000000ff900000, 0x00000000ffa00000, 0x00000000ffa00000|100%| E|CS|TAMS 0x00000000ff900000, 0x00000000ff900000| Complete 
|  58|0x00000000ffa00000, 0x00000000ffb00000, 0x00000000ffb00000|100%| E|CS|TAMS 0x00000000ffa00000, 0x00000000ffa00000| Complete 
|  59|0x00000000ffb00000, 0x00000000ffc00000, 0x00000000ffc00000|100%| E|CS|TAMS 0x00000000ffb00000, 0x00000000ffb00000| Complete 
|  60|0x00000000ffc00000, 0x00000000ffd00000, 0x00000000ffd00000|100%| E|CS|TAMS 0x00000000ffc00000, 0x00000000ffc00000| Complete 
|  61|0x00000000ffd00000, 0x00000000ffe00000, 0x00000000ffe00000|100%| E|CS|TAMS 0x00000000ffd00000, 0x00000000ffd00000| Complete 
|  62|0x00000000ffe00000, 0x00000000fff00000, 0x00000000fff00000|100%| E|CS|TAMS 0x00000000ffe00000, 0x00000000ffe00000| Complete 
|  63|0x00000000fff00000, 0x0000000100000000, 0x0000000100000000|100%| E|CS|TAMS 0x00000000fff00000, 0x00000000fff00000| Complete 

Card table byte_map: [0x00000112d21f0000,0x00000112d2210000] _byte_map_base: 0x00000112d1a10000

Marking Bits (Prev, Next): (CMBitMap*) 0x00000112d22ec120, (CMBitMap*) 0x00000112d22ec160
 Prev Bits: [0x00000112e9140000, 0x00000112e9240000)
 Next Bits: [0x00000112e9240000, 0x00000112e9340000)

Polling page: 0x00000112d0250000

Metaspace:

Usage:
  Non-class:      2.76 MB used.
      Class:    373.70 KB used.
       Both:      3.13 MB used.

Virtual space:
  Non-class space:       64.00 MB reserved,       2.81 MB (  4%) committed,  1 nodes.
      Class space:        1.00 GB reserved,     512.00 KB ( <1%) committed,  1 nodes.
             Both:        1.06 GB reserved,       3.31 MB ( <1%) committed. 

Chunk freelists:
   Non-Class:  2.88 MB
       Class:  3.48 MB
        Both:  6.36 MB

MaxMetaspaceSize: unlimited
CompressedClassSpaceSize: 1.00 GB
Initial GC threshold: 21.00 MB
Current GC threshold: 21.00 MB
CDS: on
MetaspaceReclaimPolicy: balanced
 - commit_granule_bytes: 65536.
 - commit_granule_words: 8192.
 - virtual_space_node_default_size: 8388608.
 - enlarge_chunks_in_place: 1.
 - new_chunks_are_fully_committed: 0.
 - uncommit_free_chunks: 1.
 - use_allocation_guard: 0.


Internal statistics:

num_allocs_failed_limit: 0.
num_arena_births: 50.
num_arena_deaths: 0.
num_vsnodes_births: 2.
num_vsnodes_deaths: 0.
num_space_committed: 53.
num_space_uncommitted: 0.
num_chunks_returned_to_freelist: 0.
num_chunks_taken_from_freelist: 133.
num_chunk_merges: 0.
num_chunk_splits: 77.
num_chunks_enlarged: 58.
num_inconsistent_stats: 0.

CodeHeap 'non-profiled nmethods': size=120000Kb used=301Kb max_used=301Kb free=119698Kb
 bounds [0x00000112e16c0000, 0x00000112e1930000, 0x00000112e8bf0000]
CodeHeap 'profiled nmethods': size=120000Kb used=1477Kb max_used=1477Kb free=118522Kb
 bounds [0x00000112da190000, 0x00000112da400000, 0x00000112e16c0000]
CodeHeap 'non-nmethods': size=5760Kb used=1136Kb max_used=1159Kb free=4623Kb
 bounds [0x00000112d9bf0000, 0x00000112d9e60000, 0x00000112da190000]
 total_blobs=1203 nmethods=794 adapters=322
 compilation: enabled
              stopped_count=0, restarted_count=0
 full_count=0

Compilation events (20 events):
Event: 8.605 Thread 0x00000112ebf0e590  788       3       java.util.regex.Matcher::reset (128 bytes)
Event: 8.605 Thread 0x00000112ebf0dfa0  789       4       java.util.regex.Matcher::match (154 bytes)
Event: 8.605 Thread 0x00000112ebf0e590 nmethod 788 0x00000112da2f8010 code [0x00000112da2f8200, 0x00000112da2f87b8]
Event: 8.605 Thread 0x00000112ebf0e590  790       3       java.util.regex.ASCII::isType (15 bytes)
Event: 8.605 Thread 0x00000112ebf0e590 nmethod 790 0x00000112da2f8a10 code [0x00000112da2f8bc0, 0x00000112da2f8df8]
Event: 8.605 Thread 0x00000112ebf0e590  791       3       java.util.regex.ASCII::getType (17 bytes)
Event: 8.605 Thread 0x00000112ebf0e590 nmethod 791 0x00000112da2f8f10 code [0x00000112da2f90c0, 0x00000112da2f9258]
Event: 8.608 Thread 0x00000112ebf0e590  792   !   3       java.net.URLClassLoader::defineClass (224 bytes)
Event: 8.633 Thread 0x00000112ebf0e590 nmethod 792 0x00000112da2f9310 code [0x00000112da2f97c0, 0x00000112da2fb8c8]
Event: 8.633 Thread 0x00000112ebf0e590  794       3       java.lang.invoke.MemberName::flagsMods (73 bytes)
Event: 8.633 Thread 0x00000112ebf0e590 nmethod 794 0x00000112da2fc790 code [0x00000112da2fc920, 0x00000112da2fca58]
Event: 8.633 Thread 0x00000112ebf0e590  795       3       java.lang.invoke.MemberName::init (67 bytes)
Event: 8.634 Thread 0x00000112ebf0e590 nmethod 795 0x00000112da2fcb10 code [0x00000112da2fccc0, 0x00000112da2fcef8]
Event: 8.637 Thread 0x00000112ebf0e590  797   !   3       java.lang.ClassLoader::addClass (27 bytes)
Event: 8.637 Thread 0x00000112ebf0e590 nmethod 797 0x00000112da2fcf90 code [0x00000112da2fd160, 0x00000112da2fd728]
Event: 8.637 Thread 0x00000112ebf0e590  798       3       sun.net.www.protocol.jar.Handler::parseContextSpec (150 bytes)
Event: 8.639 Thread 0x00000112ebf0dfa0 nmethod 789 0x00000112e170a310 code [0x00000112e170a4c0, 0x00000112e170a9d8]
Event: 8.639 Thread 0x00000112ebf0dfa0  793       4       jdk.internal.org.objectweb.asm.ByteVector::putUTF8 (144 bytes)
Event: 8.640 Thread 0x00000112ebf0e590 nmethod 798 0x00000112da2fda90 code [0x00000112da2fdf20, 0x00000112da2ffbf8]
Event: 8.640 Thread 0x00000112ebf0e590  799       3       sun.net.www.protocol.jar.Handler::indexOfBangSlash (52 bytes)

GC Heap History (0 events):
No events

Deoptimization events (20 events):
Event: 8.604 Thread 0x00000112d22c6430 Uncommon trap: trap_request=0xffffffde fr.pc=0x00000112e16e10bc relative=0x000000000000031c
Event: 8.604 Thread 0x00000112d22c6430 Uncommon trap: reason=class_check action=maybe_recompile pc=0x00000112e16e10bc method=java.util.regex.Matcher.match(II)Z @ 121 c2
Event: 8.604 Thread 0x00000112d22c6430 DEOPT PACKING pc=0x00000112e16e10bc sp=0x00000001d14fe4c0
Event: 8.604 Thread 0x00000112d22c6430 DEOPT UNPACKING pc=0x00000112d9c423a3 sp=0x00000001d14fe458 mode 2
Event: 8.604 Thread 0x00000112d22c6430 Uncommon trap: trap_request=0xffffffde fr.pc=0x00000112e16e10bc relative=0x000000000000031c
Event: 8.604 Thread 0x00000112d22c6430 Uncommon trap: reason=class_check action=maybe_recompile pc=0x00000112e16e10bc method=java.util.regex.Matcher.match(II)Z @ 121 c2
Event: 8.604 Thread 0x00000112d22c6430 DEOPT PACKING pc=0x00000112e16e10bc sp=0x00000001d14fe4c0
Event: 8.604 Thread 0x00000112d22c6430 DEOPT UNPACKING pc=0x00000112d9c423a3 sp=0x00000001d14fe458 mode 2
Event: 8.604 Thread 0x00000112d22c6430 Uncommon trap: trap_request=0xffffffde fr.pc=0x00000112e16e10bc relative=0x000000000000031c
Event: 8.604 Thread 0x00000112d22c6430 Uncommon trap: reason=class_check action=maybe_recompile pc=0x00000112e16e10bc method=java.util.regex.Matcher.match(II)Z @ 121 c2
Event: 8.604 Thread 0x00000112d22c6430 DEOPT PACKING pc=0x00000112e16e10bc sp=0x00000001d14fe350
Event: 8.604 Thread 0x00000112d22c6430 DEOPT UNPACKING pc=0x00000112d9c423a3 sp=0x00000001d14fe2e8 mode 2
Event: 8.604 Thread 0x00000112d22c6430 Uncommon trap: trap_request=0xffffffde fr.pc=0x00000112e16e10bc relative=0x000000000000031c
Event: 8.604 Thread 0x00000112d22c6430 Uncommon trap: reason=class_check action=maybe_recompile pc=0x00000112e16e10bc method=java.util.regex.Matcher.match(II)Z @ 121 c2
Event: 8.604 Thread 0x00000112d22c6430 DEOPT PACKING pc=0x00000112e16e10bc sp=0x00000001d14fe350
Event: 8.604 Thread 0x00000112d22c6430 DEOPT UNPACKING pc=0x00000112d9c423a3 sp=0x00000001d14fe2e8 mode 2
Event: 8.608 Thread 0x00000112d22c6430 Uncommon trap: trap_request=0xffffff45 fr.pc=0x00000112e16ccb58 relative=0x0000000000000058
Event: 8.608 Thread 0x00000112d22c6430 Uncommon trap: reason=unstable_if action=reinterpret pc=0x00000112e16ccb58 method=java.util.regex.Pattern.has(I)Z @ 6 c2
Event: 8.627 Thread 0x00000112d22c6430 DEOPT PACKING pc=0x00000112e16ccb58 sp=0x00000001d14fe130
Event: 8.627 Thread 0x00000112d22c6430 DEOPT UNPACKING pc=0x00000112d9c423a3 sp=0x00000001d14fe0c0 mode 2

Classes loaded (20 events):
Event: 8.029 Loading class java/util/AbstractSequentialList
Event: 8.030 Loading class java/util/AbstractSequentialList done
Event: 8.030 Loading class java/util/LinkedList done
Event: 8.078 Loading class java/util/LinkedList$Node
Event: 8.079 Loading class java/util/LinkedList$Node done
Event: 8.079 Loading class java/util/LinkedList$ListItr
Event: 8.080 Loading class java/util/LinkedList$ListItr done
Event: 8.086 Loading class java/util/concurrent/ConcurrentLinkedQueue
Event: 8.087 Loading class java/util/concurrent/ConcurrentLinkedQueue done
Event: 8.087 Loading class java/util/concurrent/ConcurrentLinkedQueue$Node
Event: 8.087 Loading class java/util/concurrent/ConcurrentLinkedQueue$Node done
Event: 8.091 Loading class java/lang/reflect/ParameterizedType
Event: 8.091 Loading class java/lang/reflect/ParameterizedType done
Event: 8.108 Loading class sun/nio/cs/UTF_8$Encoder
Event: 8.108 Loading class sun/nio/cs/UTF_8$Encoder done
Event: 8.417 Loading class java/lang/NumberFormatException
Event: 8.420 Loading class java/lang/NumberFormatException done
Event: 8.641 Loading class java/lang/ClassFormatError
Event: 8.642 Loading class java/lang/ClassFormatError done
Event: 8.642 Loading class java/security/PrivilegedActionException

Classes unloaded (0 events):
No events

Classes redefined (0 events):
No events

Internal exceptions (6 events):
Event: 1.168 Thread 0x00000112d22c6430 Exception <a 'java/lang/NoSuchMethodError'{0x00000000ffdb3cd8}: 'void java.lang.invoke.DirectMethodHandle$Holder.invokeStatic(java.lang.Object, java.lang.Object)'> (0x00000000ffdb3cd8) 
thrown [s\open\src\hotspot\share\interpreter\linkResolver.cpp, line 759]
Event: 1.169 Thread 0x00000112d22c6430 Exception <a 'java/lang/NoSuchMethodError'{0x00000000ffdb7b78}: 'void java.lang.invoke.DirectMethodHandle$Holder.invokeSpecial(java.lang.Object, java.lang.Object, java.lang.Object)'> (0x00000000ffdb7b78) 
thrown [s\open\src\hotspot\share\interpreter\linkResolver.cpp, line 759]
Event: 1.271 Thread 0x00000112d22c6430 Exception <a 'java/lang/NoSuchMethodError'{0x00000000ffc4f280}: 'void java.lang.invoke.DirectMethodHandle$Holder.invokeStatic(java.lang.Object, java.lang.Object, java.lang.Object)'> (0x00000000ffc4f280) 
thrown [s\open\src\hotspot\share\interpreter\linkResolver.cpp, line 759]
Event: 1.275 Thread 0x00000112d22c6430 Exception <a 'java/lang/NoSuchMethodError'{0x00000000ffc62c40}: 'java.lang.Object java.lang.invoke.Invokers$Holder.invokeExact_MT(java.lang.Object, java.lang.Object, java.lang.Object, java.lang.Object, java.lang.Object)'> (0x00000000ffc62c40) 
thrown [s\open\src\hotspot\share\interpreter\linkResolver.cpp, line 759]
Event: 1.364 Thread 0x00000112d22c6430 Exception <a 'java/lang/NoSuchMethodError'{0x00000000ffc93820}: 'int java.lang.invoke.DirectMethodHandle$Holder.invokeStaticInit(java.lang.Object, java.lang.Object)'> (0x00000000ffc93820) 
thrown [s\open\src\hotspot\share\interpreter\linkResolver.cpp, line 759]
Event: 8.641 Thread 0x00000112d22c6430 Exception <a 'java/lang/OutOfMemoryError'{0x00000000febbb348}> (0x00000000febbb348) 
thrown [s\open\src\hotspot\share\prims\jni.cpp, line 535]

VM Operations (14 events):
Event: 0.661 Executing VM operation: HandshakeAllThreads
Event: 0.661 Executing VM operation: HandshakeAllThreads done
Event: 1.675 Executing VM operation: Cleanup
Event: 1.676 Executing VM operation: Cleanup done
Event: 2.687 Executing VM operation: Cleanup
Event: 2.688 Executing VM operation: Cleanup done
Event: 4.704 Executing VM operation: Cleanup
Event: 4.708 Executing VM operation: Cleanup done
Event: 6.732 Executing VM operation: Cleanup
Event: 6.732 Executing VM operation: Cleanup done
Event: 7.735 Executing VM operation: Cleanup
Event: 7.736 Executing VM operation: Cleanup done
Event: 8.104 Executing VM operation: HandshakeAllThreads
Event: 8.104 Executing VM operation: HandshakeAllThreads done

Events (19 events):
Event: 0.070 Loaded shared library C:\Program Files\Java\jdk-18.0.2.1\bin\java.dll
Event: 0.272 Loaded shared library C:\Program Files\Java\jdk-18.0.2.1\bin\jsvml.dll
Event: 0.275 Thread 0x00000112d22c6430 Thread added: 0x00000112d22c6430
Event: 0.329 Thread 0x00000112d235b400 Thread added: 0x00000112d235b400
Event: 0.329 Thread 0x00000112d235c060 Thread added: 0x00000112d235c060
Event: 0.507 Thread 0x00000112d2370cf0 Thread added: 0x00000112d2370cf0
Event: 0.507 Thread 0x00000112d2371690 Thread added: 0x00000112d2371690
Event: 0.507 Thread 0x00000112d2372030 Thread added: 0x00000112d2372030
Event: 0.507 Thread 0x00000112d23729d0 Thread added: 0x00000112d23729d0
Event: 0.508 Thread 0x00000112ebf0dfa0 Thread added: 0x00000112ebf0dfa0
Event: 0.509 Thread 0x00000112ebf0e590 Thread added: 0x00000112ebf0e590
Event: 0.509 Thread 0x00000112ebf10f80 Thread added: 0x00000112ebf10f80
Event: 0.573 Thread 0x00000112f0150970 Thread added: 0x00000112f0150970
Event: 0.609 Thread 0x00000112f0154000 Thread added: 0x00000112f0154000
Event: 0.637 Loaded shared library C:\Program Files\Java\jdk-18.0.2.1\bin\net.dll
Event: 0.645 Loaded shared library C:\Program Files\Java\jdk-18.0.2.1\bin\nio.dll
Event: 0.658 Loaded shared library C:\Program Files\Java\jdk-18.0.2.1\bin\zip.dll
Event: 3.426 Loaded shared library C:\Program Files\Java\jdk-18.0.2.1\bin\jimage.dll
Event: 4.233 Loaded shared library C:\Program Files\Java\jdk-18.0.2.1\bin\verify.dll


Dynamic libraries:
0x00007ff703370000 - 0x00007ff703380000 	C:\Program Files\Java\jdk-18.0.2.1\bin\java.exe
0x00007ffa89790000 - 0x00007ffa899a7000 	C:\WINDOWS\SYSTEM32\ntdll.dll
0x00007ffa88910000 - 0x00007ffa889d4000 	C:\WINDOWS\System32\KERNEL32.DLL
0x00007ffa86d70000 - 0x00007ffa87115000 	C:\WINDOWS\System32\KERNELBASE.dll
0x00007ffa86c50000 - 0x00007ffa86d61000 	C:\WINDOWS\System32\ucrtbase.dll
0x00007ff9f8250000 - 0x00007ff9f8268000 	C:\Program Files\Java\jdk-18.0.2.1\bin\jli.dll
0x00007ff9f8230000 - 0x00007ff9f824a000 	C:\Program Files\Java\jdk-18.0.2.1\bin\VCRUNTIME140.dll
0x00007ffa88c00000 - 0x00007ffa88cb1000 	C:\WINDOWS\System32\ADVAPI32.dll
0x00007ffa88d20000 - 0x00007ffa88dc7000 	C:\WINDOWS\System32\msvcrt.dll
0x00007ffa87ed0000 - 0x00007ffa87f76000 	C:\WINDOWS\System32\sechost.dll
0x00007ffa88e40000 - 0x00007ffa88f57000 	C:\WINDOWS\System32\RPCRT4.dll
0x00007ffa88a50000 - 0x00007ffa88bfe000 	C:\WINDOWS\System32\USER32.dll
0x00007ffa70620000 - 0x00007ffa708b3000 	C:\WINDOWS\WinSxS\amd64_microsoft.windows.common-controls_6595b64144ccf1df_6.0.22621.2506_none_270c5ae97388e100\COMCTL32.dll
0x00007ffa86c20000 - 0x00007ffa86c46000 	C:\WINDOWS\System32\win32u.dll
0x00007ffa888e0000 - 0x00007ffa88909000 	C:\WINDOWS\System32\GDI32.dll
0x00007ffa86b00000 - 0x00007ffa86c19000 	C:\WINDOWS\System32\gdi32full.dll
0x00007ffa87250000 - 0x00007ffa872ea000 	C:\WINDOWS\System32\msvcp_win.dll
0x00007ffa7eee0000 - 0x00007ffa7eeea000 	C:\WINDOWS\SYSTEM32\VERSION.dll
0x00007ffa896f0000 - 0x00007ffa89721000 	C:\WINDOWS\System32\IMM32.DLL
0x00007ffa50750000 - 0x00007ffa5075c000 	C:\Program Files\Java\jdk-18.0.2.1\bin\vcruntime140_1.dll
0x00007ff9f7d70000 - 0x00007ff9f7dfd000 	C:\Program Files\Java\jdk-18.0.2.1\bin\msvcp140.dll
0x00007ff9f1e00000 - 0x00007ff9f2a11000 	C:\Program Files\Java\jdk-18.0.2.1\bin\server\jvm.dll
0x00007ffa888d0000 - 0x00007ffa888d8000 	C:\WINDOWS\System32\PSAPI.DLL
0x00007ffa6b640000 - 0x00007ffa6b649000 	C:\WINDOWS\SYSTEM32\WSOCK32.dll
0x00007ffa87e50000 - 0x00007ffa87ec1000 	C:\WINDOWS\System32\WS2_32.dll
0x00007ffa7ec90000 - 0x00007ffa7ecc4000 	C:\WINDOWS\SYSTEM32\WINMM.dll
0x00007ffa85bf0000 - 0x00007ffa85c08000 	C:\WINDOWS\SYSTEM32\kernel.appcore.dll
0x00007ffa484e0000 - 0x00007ffa484ea000 	C:\Program Files\Java\jdk-18.0.2.1\bin\jimage.dll
0x00007ffa84460000 - 0x00007ffa84693000 	C:\WINDOWS\SYSTEM32\DBGHELP.DLL
0x00007ffa891c0000 - 0x00007ffa89549000 	C:\WINDOWS\System32\combase.dll
0x00007ffa88280000 - 0x00007ffa88357000 	C:\WINDOWS\System32\OLEAUT32.dll
0x00007ffa6e970000 - 0x00007ffa6e9a2000 	C:\WINDOWS\SYSTEM32\dbgcore.DLL
0x00007ffa872f0000 - 0x00007ffa8736a000 	C:\WINDOWS\System32\bcryptPrimitives.dll
0x00007ff9f8200000 - 0x00007ff9f8225000 	C:\Program Files\Java\jdk-18.0.2.1\bin\java.dll
0x00007ff9f1d20000 - 0x00007ff9f1df6000 	C:\Program Files\Java\jdk-18.0.2.1\bin\jsvml.dll
0x00007ffa875e0000 - 0x00007ffa87e39000 	C:\WINDOWS\System32\SHELL32.dll
0x00007ffa84a30000 - 0x00007ffa85324000 	C:\WINDOWS\SYSTEM32\windows.storage.dll
0x00007ffa848f0000 - 0x00007ffa84a2e000 	C:\WINDOWS\SYSTEM32\wintypes.dll
0x00007ffa874e0000 - 0x00007ffa875d3000 	C:\WINDOWS\System32\SHCORE.dll
0x00007ffa88cc0000 - 0x00007ffa88d1e000 	C:\WINDOWS\System32\shlwapi.dll
0x00007ffa86a30000 - 0x00007ffa86a56000 	C:\WINDOWS\SYSTEM32\profapi.dll
0x00007ff9f81e0000 - 0x00007ff9f81f3000 	C:\Program Files\Java\jdk-18.0.2.1\bin\net.dll
0x00007ffa7eb50000 - 0x00007ffa7ec87000 	C:\WINDOWS\SYSTEM32\WINHTTP.dll
0x00007ffa86070000 - 0x00007ffa860d9000 	C:\WINDOWS\system32\mswsock.dll
0x00007ff9f7d50000 - 0x00007ff9f7d66000 	C:\Program Files\Java\jdk-18.0.2.1\bin\nio.dll
0x00007ff9f5940000 - 0x00007ff9f5958000 	C:\Program Files\Java\jdk-18.0.2.1\bin\zip.dll
0x00007ffa825a0000 - 0x00007ffa825b0000 	C:\Program Files\Java\jdk-18.0.2.1\bin\verify.dll

dbghelp: loaded successfully - version: 4.0.5 - missing functions: none
symbol engine: initialized successfully - sym options: 0x614 - pdb path: .;C:\Program Files\Java\jdk-18.0.2.1\bin;C:\WINDOWS\SYSTEM32;C:\WINDOWS\WinSxS\amd64_microsoft.windows.common-controls_6595b64144ccf1df_6.0.22621.2506_none_270c5ae97388e100;C:\Program Files\Java\jdk-18.0.2.1\bin\server

VM Arguments:
jvm_args: -Xmx64m -Xms64m -Dorg.gradle.appname=gradlew 
java_command: org.gradle.wrapper.GradleWrapperMain tasks
java_class_path (initial): D:\KULIAH\SMT 5\PGPBL\Acara7\AwesomeProject\android\\gradle\wrapper\gradle-wrapper.jar
Launcher Type: SUN_STANDARD

[Global flags]
     intx CICompilerCount                          = 4                                         {product} {ergonomic}
     uint ConcGCThreads                            = 3                                         {product} {ergonomic}
     uint G1ConcRefinementThreads                  = 10                                        {product} {ergonomic}
   size_t G1HeapRegionSize                         = 1048576                                   {product} {ergonomic}
    uintx GCDrainStackTargetSize                   = 64                                        {product} {ergonomic}
   size_t InitialHeapSize                          = 67108864                                  {product} {command line}
   size_t MarkStackSize                            = 4194304                                   {product} {ergonomic}
   size_t MaxHeapSize                              = 67108864                                  {product} {command line}
   size_t MaxNewSize                               = 39845888                                  {product} {ergonomic}
   size_t MinHeapDeltaBytes                        = 1048576                                   {product} {ergonomic}
   size_t MinHeapSize                              = 67108864                                  {product} {command line}
    uintx NonNMethodCodeHeapSize                   = 5839372                                {pd product} {ergonomic}
    uintx NonProfiledCodeHeapSize                  = 122909434                              {pd product} {ergonomic}
    uintx ProfiledCodeHeapSize                     = 122909434                              {pd product} {ergonomic}
    uintx ReservedCodeCacheSize                    = 251658240                              {pd product} {ergonomic}
     bool SegmentedCodeCache                       = true                                      {product} {ergonomic}
   size_t SoftMaxHeapSize                          = 67108864                               {manageable} {ergonomic}
     bool UseCompressedClassPointers               = true                           {product lp64_product} {ergonomic}
     bool UseCompressedOops                        = true                           {product lp64_product} {ergonomic}
     bool UseG1GC                                  = true                                      {product} {ergonomic}
     bool UseLargePagesIndividualAllocation        = false                                  {pd product} {ergonomic}

Logging:
Log output configuration:
 #0: stdout all=warning uptime,level,tags foldmultilines=false
 #1: stderr all=off uptime,level,tags foldmultilines=false

Environment Variables:
JAVA_HOME=C:\Program Files\Java\jdk-18.0.2.1
CLASSPATH=D:\KULIAH\SMT 5\PGPBL\Acara7\AwesomeProject\android\\gradle\wrapper\gradle-wrapper.jar
PATH=D:\KULIAH\SMT 5\PGPBL\Acara7\AwesomeProject\node_modules\.bin;D:\KULIAH\SMT 5\PGPBL\Acara7\AwesomeProject\node_modules\.bin;D:\KULIAH\SMT 5\PGPBL\Acara7\node_modules\.bin;D:\KULIAH\SMT 5\PGPBL\node_modules\.bin;D:\KULIAH\SMT 5\node_modules\.bin;D:\KULIAH\node_modules\.bin;D:\node_modules\.bin;C:\Program Files\nodejs\node_modules\npm\node_modules\@npmcli\run-script\lib\node-gyp-bin;D:\KULIAH\SMT 5\PGPBL\Acara7\AwesomeProject\node_modules\.bin;D:\KULIAH\SMT 5\PGPBL\Acara7\node_modules\.bin;D:\KULIAH\SMT 5\PGPBL\node_modules\.bin;D:\KULIAH\SMT 5\node_modules\.bin;D:\KULIAH\node_modules\.bin;D:\node_modules\.bin;C:\Program Files\nodejs\node_modules\npm\node_modules\@npmcli\run-script\lib\node-gyp-bin;C:\Program Files (x86)\Common Files\Intel\Shared Libraries\redist\intel64\compiler;C:\Python27;C:\PCI Geomatics\Geomatica 2015\exe;C:\Program Files\Common Files\Oracle\Java\javapath;C:\Program Files (x86)\Common Files\Oracle\Java\javapath;C:\Program Files (x86)\Common Files\Intel\Shared Files\cpp\bin\Intel64;C:\Windows\system32;C:\Windows;C:\Windows\System32\Wbem;C:\Windows\System32\WindowsPowerShell\v1.0\;C:\Windows\System32\OpenSSH\;C:\Program Files (x86)\NVIDIA Corporation\PhysX\Common;C:\Program Files\NVIDIA Corporation\NVIDIA NvDLISR;C:\WINDOWS\system32;C:\WINDOWS;C:\WINDOWS\System32\Wbem;C:\WINDOWS\System32\WindowsPowerShell\v1.0\;C:\WINDOWS\System32\OpenSSH\;C:\Anaconda3;C:\Anaconda3\Scripts;C:\Program Files\dotnet\;C:\dev\MapWinGIS;C:\ProgramData\ComposerSetup\bin;C:\xampp\php;C:\WINDOWS\system32;C:\WINDOWS;C:\WINDOWS\System32\Wbem;C:\WINDOWS\System32\WindowsPowerShell\v1.0\;C:\WINDOWS\System32\OpenSSH\;C:\Program Files\Git\cmd;C:\ProgramData\chocolatey\bin;C:\Program Files\nodejs\;C:\Users\LENOVO ideapadGAMING\AppData\Local\Programs\Python\Python39\;C:\Users\LENOVO ideapadGAMING\AppData\Local\Programs\Python\Python39\Scripts;C:\Program Files\MySQL\MySQL Shell 8.0\bin\;C:\Users\LENOVO ideapadGAMING\AppData\Local\Microsoft\WindowsApps;C:\Users\LENOVO ideapadGAMING\.dotnet\tools;C:\Users\LENOVO ideapadGAMING\AppData\Local\Programs\Microsoft VS Code\bin;C:\Users\LENOVO ideapadGAMING\AppData\Roaming\Composer\vendor\bin;C:\xampp\php;C:\Program Files\Git\bin\;C:\Program Files\Gitcmd\;C:\Users\LENOVO ideapadGAMING\AppData\Roaming\npm
USERNAME=LENOVO ideapadGAMING
LANG=en_US.UTF-8
OS=Windows_NT
PROCESSOR_IDENTIFIER=Intel64 Family 6 Model 165 Stepping 2, GenuineIntel



---------------  S Y S T E M  ---------------

OS:
 Windows 11 , 64 bit Build 22621 (10.0.22621.2506)
OS uptime: 0 days 11:21 hours

CPU: total 12 (initial active 12) (6 cores per cpu, 2 threads per core) family 6 model 165 stepping 2 microcode 0xe0, cx8, cmov, fxsr, ht, mmx, 3dnowpref, sse, sse2, sse3, ssse3, sse4.1, sse4.2, popcnt, lzcnt, tsc, tscinvbit, avx, avx2, aes, erms, clmul, bmi1, bmi2, adx, fma, vzeroupper, clflush, clflushopt

Memory: 4k page, system-wide physical 8060M (8M free)
TotalPageFile size 27119M (AvailPageFile size 0M)
current process WorkingSet (physical memory assigned to process): 56M, peak: 59M
current process commit charge ("private bytes"): 158M, peak: 158M

vm_info: Java HotSpot(TM) 64-Bit Server VM (18.0.2.1+1-1) for windows-amd64 JRE (18.0.2.1+1-1), built on Aug 16 2022 01:46:33 by "mach5one" with MS VC++ 16.8 / 16.9 (VS2019)

END.
